********************************************************************************
product = WebSphere Application Server 16.0.0.4 (wlp-1.0.15.cl160420161113-0206)
wlp.install.dir = /home/isaac/IdeaProjects/Blackjack/websphere/wlp/
java.home = /home/isaac/DevEnv/Java/jdk1.8.0_161/jre
java.version = 1.8.0_161
java.runtime = Java(TM) SE Runtime Environment (1.8.0_161-b12)
os = Linux (4.14.0-deepin2-amd64; amd64) (en_US)
process = 12709@Isaac-PC
********************************************************************************
[3/3/18 12:15:38:002 CST] 00000001 com.ibm.ws.kernel.launch.internal.FrameworkManager           A CWWKE0001I: The server WebSphereDefaultServer has been launched.
[3/3/18 12:15:38:013 CST] 00000001 com.ibm.ws.kernel.launch.internal.FrameworkManager           A CWWKE0100I: This product is licensed for development, and limited production use. The full license terms can be viewed here: https://public.dhe.ibm.com/ibmdl/export/pub/software/websphere/wasdev/license/base_ilan/ilan/16.0.0.4/lafiles/en.html
[3/3/18 12:15:38:802 CST] 00000001 com.ibm.ws.kernel.launch.internal.FrameworkManager           I CWWKE0002I: The kernel started after 0.93 seconds
[3/3/18 12:15:38:822 CST] 00000018 com.ibm.ws.kernel.feature.internal.FeatureManager            I CWWKF0007I: Feature update started.
[3/3/18 12:15:39:167 CST] 00000011 com.ibm.ws.app.manager.internal.monitor.DropinMonitor        A CWWKZ0058I: Monitoring dropins for applications. 
[3/3/18 12:15:39:175 CST] 0000001a com.ibm.ws.tcpchannel.internal.TCPChannel                    I CWWKO0219I: TCP Channel defaultHttpEndpoint has been started and is now listening for requests on host localhost  (IPv4: 127.0.0.1) port 9080.
[3/3/18 12:15:39:442 CST] 00000022 com.ibm.ws.app.manager.AppMessageHelper                      I CWWKZ0018I: Starting application Blackjack_war_exploded.
[3/3/18 12:15:39:442 CST] 00000023 com.ibm.ws.app.manager.AppMessageHelper                      I CWWKZ0018I: Starting application SpringTest.
[3/3/18 12:15:39:649 CST] 00000023 com.ibm.ws.session.WASSessionCore                            I SESN8501I: The session manager did not find a persistent storage location; HttpSession objects will be stored in the local application server's memory.
[3/3/18 12:15:39:664 CST] 00000023 com.ibm.ws.webcontainer.osgi.webapp.WebGroup                 I SRVE0169I: Loading Web Module: SpringTest.
[3/3/18 12:15:39:666 CST] 00000023 com.ibm.ws.webcontainer                                      I SRVE0250I: Web Module SpringTest has been bound to default_host.
[3/3/18 12:15:39:667 CST] 00000023 com.ibm.ws.http.internal.VirtualHostImpl                     A CWWKT0016I: Web application available (default_host): http://localhost:9080/SpringTest/
[3/3/18 12:15:39:671 CST] 00000023 com.ibm.ws.app.manager.AppMessageHelper                      A CWWKZ0001I: Application SpringTest started in 0.230 seconds.
[3/3/18 12:15:39:840 CST] 00000026 com.ibm.ws.webcontainer.osgi.mbeans.PluginGenerator          I SRVE9103I: A configuration file for a web server plugin was automatically generated for this server at /home/isaac/IdeaProjects/Blackjack/websphere/wlp/usr/servers/WebSphereDefaultServer/logs/state/plugin-cfg.xml.
[3/3/18 12:15:40:240 CST] 00000022 com.ibm.ws.webcontainer.osgi.webapp.WebGroup                 I SRVE0169I: Loading Web Module: Blackjack.
[3/3/18 12:15:40:240 CST] 00000022 com.ibm.ws.webcontainer                                      I SRVE0250I: Web Module Blackjack has been bound to default_host.
[3/3/18 12:15:40:240 CST] 00000022 com.ibm.ws.http.internal.VirtualHostImpl                     A CWWKT0016I: Web application available (default_host): http://localhost:9080/
[3/3/18 12:15:40:240 CST] 00000022 com.ibm.ws.app.manager.AppMessageHelper                      A CWWKZ0001I: Application Blackjack_war_exploded started in 0.799 seconds.
[3/3/18 12:15:40:244 CST] 00000018 com.ibm.ws.kernel.feature.internal.FeatureManager            A CWWKF0012I: The server installed the following features: [jsp-2.3, servlet-3.1, localConnector-1.0, el-3.0].
[3/3/18 12:15:40:244 CST] 00000018 com.ibm.ws.kernel.feature.internal.FeatureManager            I CWWKF0008I: Feature update completed in 1.442 seconds.
[3/3/18 12:15:40:244 CST] 00000018 com.ibm.ws.kernel.feature.internal.FeatureManager            A CWWKF0011I: The server WebSphereDefaultServer is ready to run a smarter planet.
[3/3/18 12:15:40:316 CST] 00000020 com.ibm.ws.webcontainer.osgi.mbeans.PluginGenerator          I SRVE9103I: A configuration file for a web server plugin was automatically generated for this server at /home/isaac/IdeaProjects/Blackjack/websphere/wlp/usr/servers/WebSphereDefaultServer/logs/state/plugin-cfg.xml.
[3/3/18 12:15:40:446 CST] 00000025 com.ibm.ws.config.xml.internal.ConfigRefresher               A CWWKG0016I: Starting server configuration update.
[3/3/18 12:15:40:456 CST] 00000025 com.ibm.ws.config.xml.internal.ConfigRefresher               A CWWKG0018I: The server configuration was not updated. No functional changes were detected.
[3/3/18 12:15:41:138 CST] 00000022 com.ibm.ws.session.WASSessionCore                            I SESN0176I: A new session context will be created for application key default_host/
[3/3/18 12:15:41:148 CST] 00000022 com.ibm.ws.util                                              I SESN0172I: The session manager is using the Java default SecureRandom implementation for session ID generation.
[3/3/18 12:15:41:187 CST] 00000022 com.ibm.ws.webcontainer.webapp                               I SRVE0292I: Servlet Message - [Blackjack_war_exploded]:.No Spring WebApplicationInitializer types detected on classpath
[3/3/18 12:15:41:326 CST] 00000022 com.ibm.ws.webcontainer.webapp                               I SRVE0292I: Servlet Message - [Blackjack_war_exploded]:.Initializing Spring FrameworkServlet 'dispatcherServlet'
[3/3/18 12:15:41:327 CST] 00000022 org.springframework.web.servlet.DispatcherServlet            I FrameworkServlet 'dispatcherServlet': initialization started
[3/3/18 12:15:41:351 CST] 00000022 springframework.web.context.support.XmlWebApplicationContext I Refreshing WebApplicationContext for namespace 'dispatcherServlet-servlet': startup date [Sat Mar 03 12:15:41 CST 2018]; root of context hierarchy
[3/3/18 12:15:41:398 CST] 00000022 rg.springframework.beans.factory.xml.XmlBeanDefinitionReader I Loading XML bean definitions from ServletContext resource [/WEB-INF/dispatcher-servlet.xml]
[3/3/18 12:15:41:788 CST] 00000022 .springframework.web.servlet.handler.SimpleUrlHandlerMapping I Mapped URL path [/*.jpg] onto handler 'org.springframework.web.servlet.resource.ResourceHttpRequestHandler#0'
[3/3/18 12:15:41:846 CST] 00000022 b.servlet.mvc.method.annotation.RequestMappingHandlerMapping I Mapped "{[/main]}" onto public org.springframework.web.servlet.ModelAndView controllers.SessionManager.mainMethod()
[3/3/18 12:15:41:848 CST] 00000022 b.servlet.mvc.method.annotation.RequestMappingHandlerMapping I Mapped "{[/string]}" onto public java.lang.String controllers.SessionManager.s()
[3/3/18 12:15:41:888 CST] 00000022 b.servlet.mvc.method.annotation.RequestMappingHandlerAdapter I Looking for @ControllerAdvice: WebApplicationContext for namespace 'dispatcherServlet-servlet': startup date [Sat Mar 03 12:15:41 CST 2018]; root of context hierarchy
[3/3/18 12:15:41:924 CST] 00000022 b.servlet.mvc.method.annotation.RequestMappingHandlerAdapter I Looking for @ControllerAdvice: WebApplicationContext for namespace 'dispatcherServlet-servlet': startup date [Sat Mar 03 12:15:41 CST 2018]; root of context hierarchy
[3/3/18 12:15:41:967 CST] 00000022 org.springframework.web.servlet.DispatcherServlet            I FrameworkServlet 'dispatcherServlet': initialization completed in 640 ms
[3/3/18 12:15:41:967 CST] 00000022 com.ibm.ws.webcontainer.servlet                              I SRVE0242I: [Blackjack_war_exploded] [/] [dispatcherServlet]: Initialization successful.
[3/3/18 12:15:42:013 CST] 00000022 org.springframework.web.servlet.PageNotFound                 W No mapping found for HTTP request with URI [/] in DispatcherServlet with name 'dispatcherServlet'
[3/3/18 12:15:42:022 CST] 00000030 org.springframework.web.servlet.PageNotFound                 W No mapping found for HTTP request with URI [/] in DispatcherServlet with name 'dispatcherServlet'
[3/3/18 12:15:42:431 CST] 00000020 org.springframework.web.servlet.PageNotFound                 W No mapping found for HTTP request with URI [/] in DispatcherServlet with name 'dispatcherServlet'
[3/3/18 12:15:45:839 CST] 0000001f SystemOut                                                    O ------- /main --------
[3/3/18 12:15:45:840 CST] 0000001f SystemOut                                                    O Serve sus: index
[3/3/18 12:15:45:900 CST] 0000001f com.ibm.ws.webcontainer.servlet                              I SRVE0242I: [Blackjack_war_exploded] [/] [/WEB-INF/views/index.jsp]: Initialization successful.
[3/3/18 12:15:55:998 CST] 00000018 com.ibm.ws.http.internal.VirtualHostImpl                     A CWWKT0017I: Web application removed (default_host): http://localhost:9080/
[3/3/18 12:15:55:999 CST] 00000018 com.ibm.ws.webcontainer.webapp                               I SRVE0292I: Servlet Message - [Blackjack_war_exploded]:.Destroying Spring FrameworkServlet 'dispatcherServlet'
[3/3/18 12:15:56:000 CST] 00000018 springframework.web.context.support.XmlWebApplicationContext I Closing WebApplicationContext for namespace 'dispatcherServlet-servlet': startup date [Sat Mar 03 12:15:41 CST 2018]; root of context hierarchy
[3/3/18 12:15:56:001 CST] 00000018 com.ibm.ws.webcontainer.servlet                              I SRVE0253I: [Blackjack_war_exploded] [/] [dispatcherServlet]: Destroy successful.
[3/3/18 12:15:56:002 CST] 00000018 com.ibm.ws.webcontainer.servlet                              I SRVE0253I: [Blackjack_war_exploded] [/] [/WEB-INF/views/index.jsp]: Destroy successful.
[3/3/18 12:15:56:008 CST] 00000018 com.ibm.ws.app.manager.AppMessageHelper                      A CWWKZ0009I: The application Blackjack_war_exploded has stopped successfully.
[3/3/18 12:15:56:011 CST] 00000018 com.ibm.ws.app.manager.AppMessageHelper                      I CWWKZ0018I: Starting application Blackjack_war_exploded.
[3/3/18 12:15:56:042 CST] 00000022 com.ibm.ws.webcontainer.osgi.mbeans.PluginGenerator          I SRVE9103I: A configuration file for a web server plugin was automatically generated for this server at /home/isaac/IdeaProjects/Blackjack/websphere/wlp/usr/servers/WebSphereDefaultServer/logs/state/plugin-cfg.xml.
[3/3/18 12:15:56:569 CST] 00000018 com.ibm.ws.webcontainer.osgi.webapp.WebGroup                 I SRVE0169I: Loading Web Module: Blackjack.
[3/3/18 12:15:56:569 CST] 00000018 com.ibm.ws.webcontainer                                      I SRVE0250I: Web Module Blackjack has been bound to default_host.
[3/3/18 12:15:56:569 CST] 00000018 com.ibm.ws.http.internal.VirtualHostImpl                     A CWWKT0016I: Web application available (default_host): http://localhost:9080/
[3/3/18 12:15:56:570 CST] 00000018 com.ibm.ws.app.manager.AppMessageHelper                      A CWWKZ0003I: The application Blackjack_war_exploded updated in 0.559 seconds.
[3/3/18 12:15:56:632 CST] 0000002c com.ibm.ws.webcontainer.osgi.mbeans.PluginGenerator          I SRVE9103I: A configuration file for a web server plugin was automatically generated for this server at /home/isaac/IdeaProjects/Blackjack/websphere/wlp/usr/servers/WebSphereDefaultServer/logs/state/plugin-cfg.xml.
[3/3/18 12:16:03:791 CST] 00000027 com.ibm.ws.session.WASSessionCore                            I SESN0176I: A new session context will be created for application key default_host/
[3/3/18 12:16:03:792 CST] 00000027 com.ibm.ws.util                                              I SESN0172I: The session manager is using the Java default SecureRandom implementation for session ID generation.
[3/3/18 12:16:03:804 CST] 00000027 com.ibm.ws.webcontainer.webapp                               I SRVE0292I: Servlet Message - [Blackjack_war_exploded]:.No Spring WebApplicationInitializer types detected on classpath
[3/3/18 12:16:03:896 CST] 00000027 com.ibm.ws.webcontainer.webapp                               I SRVE0292I: Servlet Message - [Blackjack_war_exploded]:.Initializing Spring FrameworkServlet 'dispatcherServlet'
[3/3/18 12:16:03:896 CST] 00000027 org.springframework.web.servlet.DispatcherServlet            I FrameworkServlet 'dispatcherServlet': initialization started
[3/3/18 12:16:03:919 CST] 00000027 springframework.web.context.support.XmlWebApplicationContext I Refreshing WebApplicationContext for namespace 'dispatcherServlet-servlet': startup date [Sat Mar 03 12:16:03 CST 2018]; root of context hierarchy
[3/3/18 12:16:03:952 CST] 00000027 rg.springframework.beans.factory.xml.XmlBeanDefinitionReader I Loading XML bean definitions from ServletContext resource [/WEB-INF/dispatcher-servlet.xml]
[3/3/18 12:16:04:265 CST] 00000027 .springframework.web.servlet.handler.SimpleUrlHandlerMapping I Mapped URL path [/*.jpg] onto handler 'org.springframework.web.servlet.resource.ResourceHttpRequestHandler#0'
[3/3/18 12:16:04:316 CST] 00000027 b.servlet.mvc.method.annotation.RequestMappingHandlerMapping I Mapped "{[/main]}" onto public org.springframework.web.servlet.ModelAndView controllers.SessionManager.mainMethod()
[3/3/18 12:16:04:317 CST] 00000027 b.servlet.mvc.method.annotation.RequestMappingHandlerMapping I Mapped "{[/string]}" onto public java.lang.String controllers.SessionManager.s()
[3/3/18 12:16:04:348 CST] 00000027 b.servlet.mvc.method.annotation.RequestMappingHandlerAdapter I Looking for @ControllerAdvice: WebApplicationContext for namespace 'dispatcherServlet-servlet': startup date [Sat Mar 03 12:16:03 CST 2018]; root of context hierarchy
[3/3/18 12:16:04:378 CST] 00000027 b.servlet.mvc.method.annotation.RequestMappingHandlerAdapter I Looking for @ControllerAdvice: WebApplicationContext for namespace 'dispatcherServlet-servlet': startup date [Sat Mar 03 12:16:03 CST 2018]; root of context hierarchy
[3/3/18 12:16:04:406 CST] 00000027 org.springframework.web.servlet.DispatcherServlet            I FrameworkServlet 'dispatcherServlet': initialization completed in 509 ms
[3/3/18 12:16:04:407 CST] 00000027 com.ibm.ws.webcontainer.servlet                              I SRVE0242I: [Blackjack_war_exploded] [/] [dispatcherServlet]: Initialization successful.
[3/3/18 12:16:04:431 CST] 00000027 SystemOut                                                    O ------- /main --------
[3/3/18 12:16:04:431 CST] 00000027 SystemOut                                                    O Serve sus: GeneralView
[3/3/18 12:16:04:862 CST] 00000027 com.ibm.ws.webcontainer.servlet                              I SRVE0242I: [Blackjack_war_exploded] [/] [/WEB-INF/views/GeneralView.jsp]: Initialization successful.
[3/3/18 12:16:12:704 CST] 0000000f com.ibm.ws.kernel.launch.internal.ServerCommandListener      A CWWKE0055I: Server shutdown requested on Saturday, March 3, 2018 at 12:16 PM. The server WebSphereDefaultServer is shutting down.
[3/3/18 12:16:12:707 CST] 00000038 com.ibm.ws.runtime.update.internal.RuntimeUpdateManagerImpl  A CWWKE1100I: Waiting for up to 30 seconds for the server to quiesce.
[3/3/18 12:16:12:710 CST] 00000039 com.ibm.ws.tcpchannel.internal.TCPChannel                    I CWWKO0220I: TCP Channel defaultHttpEndpoint has stopped listening for requests on host localhost  (IPv4: 127.0.0.1) port 9080.
[3/3/18 12:16:12:710 CST] 00000039 com.ibm.ws.http.internal.VirtualHostImpl                     A CWWKT0017I: Web application removed (default_host): http://localhost:9080/SpringTest/
[3/3/18 12:16:12:711 CST] 00000039 com.ibm.ws.http.internal.VirtualHostImpl                     A CWWKT0017I: Web application removed (default_host): http://localhost:9080/
[3/3/18 12:16:12:712 CST] 00000038 com.ibm.ws.runtime.update.internal.RuntimeUpdateManagerImpl  I CWWKE1101I: Server quiesce complete.
[3/3/18 12:16:12:726 CST] 00000020 com.ibm.ws.webcontainer.webapp                               I SRVE0292I: Servlet Message - [Blackjack_war_exploded]:.Destroying Spring FrameworkServlet 'dispatcherServlet'
[3/3/18 12:16:12:727 CST] 00000020 springframework.web.context.support.XmlWebApplicationContext I Closing WebApplicationContext for namespace 'dispatcherServlet-servlet': startup date [Sat Mar 03 12:16:03 CST 2018]; root of context hierarchy
[3/3/18 12:16:12:730 CST] 0000002f com.ibm.ws.app.manager.AppMessageHelper                      A CWWKZ0009I: The application SpringTest has stopped successfully.
[3/3/18 12:16:12:731 CST] 00000020 com.ibm.ws.webcontainer.servlet                              I SRVE0253I: [Blackjack_war_exploded] [/] [dispatcherServlet]: Destroy successful.
[3/3/18 12:16:12:732 CST] 00000020 com.ibm.ws.webcontainer.servlet                              I SRVE0253I: [Blackjack_war_exploded] [/] [/WEB-INF/views/GeneralView.jsp]: Destroy successful.
[3/3/18 12:16:12:735 CST] 00000020 com.ibm.ws.app.manager.AppMessageHelper                      A CWWKZ0009I: The application Blackjack_war_exploded has stopped successfully.
[3/3/18 12:16:12:933 CST] 00000001 com.ibm.ws.kernel.launch.internal.FrameworkManager           A CWWKE0036I: The server WebSphereDefaultServer stopped after 35.062 seconds.
