------Start of DE processing------ = [3/8/17 8:52:14:435 CST]
Exception = com.ibm.ws.container.service.metadata.MetaDataException
Source = com.ibm.ws.app.manager.module.internal.DeployedAppInfoBase
probeid = 365
Stack Dump = com.ibm.ws.container.service.metadata.MetaDataException: SRVE0303E: Nombre de servlet no encontrado al añadir la correlación de servlets; nombre de servlet=mo.joe.lab.web.MainHandlerServlet; patrón de URL=/*; módulo=WebsphereInstallTest; aplicación=WebsphereInstallTest
	at com.ibm.ws.webcontainer.webapp.WebAppConfiguration.addServletMapping(WebAppConfiguration.java:1233)
	at com.ibm.ws.webcontainer.osgi.container.config.WebAppConfiguratorHelper$ConfigurationWriter.addServletMapping(WebAppConfiguratorHelper.java:370)
	at com.ibm.ws.webcontainer.osgi.container.config.WebAppConfiguratorHelper.processServletMappingConfig(WebAppConfiguratorHelper.java:3056)
	at com.ibm.ws.webcontainer.osgi.container.config.WebAppConfiguratorHelper.configureServletMappings(WebAppConfiguratorHelper.java:2325)
	at com.ibm.ws.webcontainer.osgi.container.config.WebAppConfiguratorHelper.configureFromWebApp(WebAppConfiguratorHelper.java:721)
	at com.ibm.ws.webcontainer.osgi.container.config.WebAppConfigurator.configure(WebAppConfigurator.java:395)
	at com.ibm.ws.webcontainer.osgi.container.config.WebAppConfigurationAdapter.adapt(WebAppConfigurationAdapter.java:116)
	at com.ibm.ws.webcontainer.osgi.container.config.WebAppConfigurationAdapter.adapt(WebAppConfigurationAdapter.java:44)
	at com.ibm.ws.adaptable.module.internal.AdapterFactoryServiceImpl.adapt(AdapterFactoryServiceImpl.java:193)
	at com.ibm.ws.adaptable.module.internal.AdaptableContainerImpl.adapt(AdaptableContainerImpl.java:171)
	at com.ibm.ws.webcontainer.osgi.WebContainer.createModuleMetaData(WebContainer.java:744)
	at com.ibm.ws.app.manager.module.internal.ModuleHandlerBase.createModuleMetaData(ModuleHandlerBase.java:64)
	at com.ibm.ws.app.manager.module.internal.SimpleDeployedAppInfoBase$ModuleContainerInfoBase.createModuleMetaData(SimpleDeployedAppInfoBase.java:169)
	at com.ibm.ws.app.manager.module.internal.DeployedAppInfoBase.preDeployApp(DeployedAppInfoBase.java:364)
	at com.ibm.ws.app.manager.module.internal.DeployedAppInfoBase.deployApp(DeployedAppInfoBase.java:403)
	at com.ibm.ws.app.manager.war.internal.WARApplicationHandlerImpl.install(WARApplicationHandlerImpl.java:66)
	at com.ibm.ws.app.manager.internal.statemachine.StartAction.execute(StartAction.java:141)
	at com.ibm.ws.app.manager.internal.statemachine.ApplicationStateMachineImpl.enterState(ApplicationStateMachineImpl.java:1191)
	at com.ibm.ws.app.manager.internal.statemachine.ApplicationStateMachineImpl.performAction(ApplicationStateMachineImpl.java:1069)
	at com.ibm.ws.app.manager.internal.statemachine.ApplicationStateMachineImpl.run(ApplicationStateMachineImpl.java:812)
	at java.util.concurrent.ThreadPoolExecutor.runWorker(Unknown Source)
	at java.util.concurrent.ThreadPoolExecutor$Worker.run(Unknown Source)
	at java.lang.Thread.run(Unknown Source)

Dump of callerThis
Object type = com.ibm.ws.app.manager.war.internal.WARDeployedAppInfo
  CONTEXT_ROOT = "context-root"
  webModuleHandler = class com.ibm.ws.app.manager.web.internal.WebModuleHandlerImpl@203b2d52
    serialVersionUID = 4795602325763828210
    $$$tc$$$ = class com.ibm.websphere.ras.TraceComponent@571f6e49
      strings[0] = "TraceComponent[com.ibm.ws.app.manager.web.internal.WebModuleHandlerImpl,class com.ibm.ws.app.manager.web.internal.WebModuleHandlerImpl,[webcontainer, applications, app.manager],com.ibm.ws.app.manager.war.internal.resources.Messages,null]"
    futureMonitor = class com.ibm.ws.threading.internal.FutureMonitorImpl@3bf53984
    metaDataService = class com.ibm.ws.container.service.metadata.internal.MetaDataServiceImpl@1f2ee523
    stateChangeService = class com.ibm.ws.container.service.state.internal.StateChangeServiceImpl@3735936c
    moduleRuntimeContainer = class com.ibm.ws.webcontainer.osgi.WebContainer@58e177f4
      tc = class com.ibm.websphere.ras.TraceComponent@6f0c32d2
      CLASS_NAME = "com.ibm.ws.webcontainer.osgi.WebContainer"
      initialized = true
      eventService = class com.ibm.ws.event.internal.EventEngineImpl@6fe76269
      futureMonitor = class com.ibm.ws.threading.internal.FutureMonitorImpl@3bf53984
      classLoadingSRRef = class com.ibm.wsspi.kernel.service.utils.AtomicServiceReference@3cac0361
      sessionHelperSRRef = class com.ibm.wsspi.kernel.service.utils.AtomicServiceReference@21e714f4
      cacheManagerSRRef = class com.ibm.wsspi.kernel.service.utils.AtomicServiceReference@14129ded
      injectionEngineSRRef = class com.ibm.wsspi.kernel.service.utils.AtomicServiceReference@40b2412c
      managedObjectServiceSRRef = class com.ibm.wsspi.kernel.service.utils.AtomicServiceReference@1cd9f550
      REFERENCE_WEB_MBEAN_RUNTIME = "webMBeanRuntime"
      webMBeanRuntimeServiceRef = class com.ibm.wsspi.kernel.service.utils.AtomicServiceReference@500128b
      servletContainerInitializers = class com.ibm.wsspi.kernel.service.utils.ConcurrentServiceReferenceSet@57d1a33
      es = class com.ibm.ws.threading.internal.ExecutorServiceImpl@595dcbdc
      locationServiceRef = class java.util.concurrent.atomic.AtomicReference@57149091
      transferContextServiceRef = class com.ibm.wsspi.kernel.service.utils.ConcurrentServiceReferenceSet@4349c56
      encodingServiceRef = class java.util.concurrent.atomic.AtomicReference@1a54211
      instance = class java.util.concurrent.atomic.AtomicReference@6c646c94
      vhostManager = class com.ibm.ws.webcontainer.osgi.DynamicVirtualHostManager@1f07e991
      metaDataService = class com.ibm.ws.container.service.metadata.internal.MetaDataServiceImpl@1f2ee523
      j2eeNameFactory = class com.ibm.ws.container.service.metadata.internal.J2EENameFactoryImpl@3f71000b
      context = class org.apache.felix.scr.impl.manager.ComponentContextImpl@14ef783e
      contextRoots = class java.util.Collections$SynchronizedSet@5ba0b6fb
      pendingContextRoots = class java.util.HashMap@7b4b977f
      deployedModuleMap = class java.util.concurrent.ConcurrentHashMap@4c8da145
      connContextPool = class com.ibm.ws.webcontainer31.osgi.srt.SRTConnectionContextPool31Impl@23cc0e62
      DEFAULT_PORT = "*"
      DEFAULT_VHOST_NAME = "default_host"
      cachedServerInfo = "IBM WebSphere Liberty/16.0.0.4"
      lock = class com.ibm.ws.webcontainer.osgi.WebContainer$1@7d85738e
      webAppFactory = class com.ibm.ws.webcontainer31.osgi.webapp.WebAppFactoryImpl31@5ad2e32e
      requestFactory = class com.ibm.ws.webcontainer31.osgi.response.IRequestResponseFactory@7b74f6b8
      responseFactory = class com.ibm.ws.webcontainer31.osgi.response.IRequestResponseFactory@7b74f6b8
      asyncContextFactory = class com.ibm.ws.webcontainer31.async.AsyncContextFactory31Impl@388848aa
      DEFAULT_MAX_VERSION = 30
      versionRef = class org.eclipse.osgi.internal.serviceregistry.ServiceReferenceImpl@6ec74536
      SPEC_LEVEL_UNLOADED = -1
      SPEC_LEVEL_30 = 30
      SPEC_LEVEL_31 = 31
      DEFAULT_SPEC_LEVEL = 30
      loadedContainerSpecLevel = 31
      ISO = "ISO-8859-1"
      encoding = "UTF-8"
      decode = true
      wcconfig = class com.ibm.ws.webcontainer.osgi.WebContainerConfiguration@7fdce3b5
      applicationListeners = class java.util.ArrayList@5eb29fc
      servletListeners = class java.util.ArrayList@51d13282
      servletErrorListeners = class java.util.ArrayList@7a39f373
      servletInvocationListeners = class java.util.ArrayList@62e076ca
      filterInvocationListeners = class java.util.ArrayList@3e1817a3
      filterErrorListeners = class java.util.ArrayList@660577c0
      filterListeners = class java.util.ArrayList@5312b218
      servletRequestListeners = class java.util.ArrayList@3225d896
      servletRequestAttributeListeners = class java.util.ArrayList@4c7e647e
      servletContextListeners = class java.util.ArrayList@188a146
      servletContextAttributeListeners = class java.util.ArrayList@474c511d
      sessionListeners = class java.util.ArrayList@5b31d00a
      sessionIdListeners = class java.util.ArrayList@64d30286
      sessionAttributeListeners = class java.util.ArrayList@20151dcb
      DEFAULT_HOST = "default_host"
      _initialized = true
      logger = class com.ibm.ws.logging.internal.WsLogger@5f4646d
      CLASS_NAME = "com.ibm.ws.webcontainer.internal.WebContainer"
      nls = class com.ibm.ejs.ras.TraceNLS@50105559
      self = class java.util.concurrent.atomic.AtomicReference@2c2baaef
      _cipherToBit = class java.util.HashMap@245801e4
      cacheKeyStringBuilder = class com.ibm.ws.util.WSThreadLocal@229de0e
      listenersInitialized = true
      webConProperties = class java.util.Properties@5041e98f
      sessionRegistry = null
      isStopped = false
      readWriteLockForStopping = class java.util.concurrent.locks.ReentrantReadWriteLock@21cc4dba
      urlPrefix = ";jsessionid="
      extensionFactories = class java.util.ArrayList@457f2f46
      postInitExtensionFactories = null
      httpResponseListeners = class java.util.ArrayList@96a5049
      servletContainerInitializers = class java.util.ServiceLoader@5638dd7a
      invocationCacheSize = 500
      decodePlusSign = true
      _cacheMap = class java.util.concurrent.ConcurrentHashMap@155afb9a
      _cacheSize = class java.util.concurrent.atomic.AtomicInteger@29e3e368
      vHostCompatFlag = false
      platformHelper = class com.ibm.ws.webcontainer.PlatformHelper@72d00605
      isDefaultTempDir = true
      tempDir = null
      servletCachingInitNeeded = true
      appInstallBegun = true
      commands = class java.util.ArrayList@205777db
      requestMapper = class com.ibm.ws.webcontainer.util.VirtualHostContextRootMapper@1619381a
      parent = null
      name = "Was.webcontainer"
      isAlive = true
      subElements = class java.util.HashMap@1855dccd
      attributes = null
      config = null
      serialVersionUID = -8271459000149267764
      $$$tc$$$ = class com.ibm.websphere.ras.TraceComponent@58596d3b
    firstFailure = null
    serialVersionUID = -4563697739413190872
    $$$tc$$$ = class com.ibm.websphere.ras.TraceComponent@57e0ca2f
      strings[0] = "TraceComponent[com.ibm.ws.app.manager.module.internal.ModuleHandlerBase,class com.ibm.ws.app.manager.module.internal.ModuleHandlerBase,[applications, app.manager],,null]"
  webContainerModuleInfo = class com.ibm.ws.app.manager.module.internal.SimpleDeployedAppInfoBase$WebModuleContainerInfo@185b81c2
    contextRoot = null
    defaultContextRoot = "WebsphereInstallTest"
    serialVersionUID = -8158961796913348204
    $$$tc$$$ = class com.ibm.websphere.ras.TraceComponent@197d8d2d
      strings[0] = "TraceComponent[com.ibm.ws.app.manager.module.internal.SimpleDeployedAppInfoBase$WebModuleContainerInfo,class com.ibm.ws.app.manager.module.internal.SimpleDeployedAppInfoBase$WebModuleContainerInfo,[applications, app.manager],,null]"
    moduleHandler = class com.ibm.ws.app.manager.web.internal.WebModuleHandlerImpl@203b2d52
    moduleMetaDataExtenders = class java.util.concurrent.CopyOnWriteArrayList@5a4aa63f
      serialVersionUID = 8673264195747942595
      lock = class java.util.concurrent.locks.ReentrantLock@2e60c3b3
      array = class java.lang.Object[0]
      UNSAFE = class sun.misc.Unsafe@3c8e793b
      lockOffset = 12
    nestedModuleMetaDataFactories = class java.util.concurrent.CopyOnWriteArrayList@3f33577c
      serialVersionUID = 8673264195747942595
      lock = class java.util.concurrent.locks.ReentrantLock@1bd909bf
      array = class java.lang.Object[0]
      UNSAFE = class sun.misc.Unsafe@3c8e793b
      lockOffset = 12
    nestedModules = null
    moduleName = "WebsphereInstallTest"
    moduleDD = class com.ibm.ws.javaee.ddmodel.web.common.WebAppType@1eae907a
      version = class com.ibm.ws.javaee.ddmodel.TokenType@a5c0763
      metadata_complete = null
      module_name = null
      absolute_ordering = null
      serialVersionUID = 4092807504738198665
      $$$tc$$$ = class com.ibm.websphere.ras.TraceComponent@16e43dd8
      description = null
      display_name = class com.ibm.ws.javaee.ddmodel.common.DisplayNameType$ListType@493be138
      icon = null
      distributable = null
      context_param = null
      filter = null
      filter_mapping = null
      listener = null
      servlet = null
      servlet_mapping = class com.ibm.ws.javaee.ddmodel.web.common.ServletMappingType$ListType@3b78e6d5
      session_config = null
      mime_mapping = null
      welcome_file_list = class com.ibm.ws.javaee.ddmodel.web.common.WelcomeFileListType@4f8438a0
      error_page = null
      jsp_config = null
      security_constraint = null
      deny_uncovered_http_methods = null
      login_config = null
      security_role = null
      message_destination = null
      locale_encoding_mapping_list = null
      servletNameToServletMap = null
      filterNameToFilterMap = null
      ejbRefNameToEJBLocalRefMap = null
      ejbRefNameToEJBRefMap = null
      resourceEnvRefNameToResourceEnvRefMap = null
      messageDestinationRefNameToMessageDestinationRefMap = null
      resRefNameToResourceRefMap = null
      envEntryNameToEnvEntryMap = null
      roleNameToSecurityRoleMap = null
      roleLinkToSecurityRoleRefMap = null
      handlerNameToHandlerMap = null
      path = "WEB-INF/web.xml"
      idMap = class com.ibm.ws.javaee.ddmodel.DDParser$ComponentIDMap@2509492c
      serialVersionUID = -9198110745419802975
      $$$tc$$$ = class com.ibm.websphere.ras.TraceComponent@7b3ef167
      post_construct = null
      pre_destroy = null
      serialVersionUID = 1102064201943992836
      $$$tc$$$ = class com.ibm.websphere.ras.TraceComponent@799284bc
      env_entry = null
      ejb_ref = null
      ejb_local_ref = null
      resource_ref = null
      resource_env_ref = null
      message_destination_ref = null
      persistence_context_ref = null
      persistence_unit_ref = null
      data_source = null
      jms_connection_factory = null
      jms_destination = null
      mail_session = null
      connection_factory = null
      administered_object = null
      serialVersionUID = 8931982405528922228
      $$$tc$$$ = class com.ibm.websphere.ras.TraceComponent@140271b5
      service_ref = null
      serialVersionUID = -6199862059825607270
      $$$tc$$$ = class com.ibm.websphere.ras.TraceComponent@21e98293
      nilled = false
      serialVersionUID = -2826386306561723362
      $$$tc$$$ = class com.ibm.websphere.ras.TraceComponent@424d9924
    moduleInfo = class com.ibm.ws.app.manager.module.internal.WebModuleInfoImpl@16f8c0f4
      contextRoot = "/WebsphereInstallTest"
      serialVersionUID = 4357952575365007841
      $$$tc$$$ = class com.ibm.websphere.ras.TraceComponent@7e5586a6
      tc = class com.ibm.websphere.ras.TraceComponent@16fdf68b
      appInfo = class com.ibm.ws.container.service.app.deploy.internal.ApplicationInfoImpl@77b4581c
      moduleName = "WebsphereInstallTest"
      path = "WebsphereInstallTest.war"
      moduleContainer = class com.ibm.ws.adaptable.module.internal.AdaptableContainerImpl@30a50223
      altDDEntry = null
      moduleClassesContainers = class java.util.ArrayList@7926becb
      classLoaderFactory = class com.ibm.ws.app.manager.war.internal.WARDeployedAppInfo@7feac12
      containerInfoType = class com.ibm.ws.container.service.app.deploy.ContainerInfo$Type@50b39258
      classLoader = class com.ibm.ws.classloading.internal.AppClassLoader@5d6287e9
      moduleMetaData = null
      nestedModuleMetaDataTypes = null
      nestedModuleMetaDataValues = null
      serialVersionUID = 3986734351620206554
    serialVersionUID = 8693907776607441911
    $$$tc$$$ = class com.ibm.websphere.ras.TraceComponent@5a6b41d7
      strings[0] = "TraceComponent[com.ibm.ws.app.manager.module.internal.SimpleDeployedAppInfoBase$ModuleContainerInfoBase,class com.ibm.ws.app.manager.module.internal.SimpleDeployedAppInfoBase$ModuleContainerInfoBase,[applications, app.manager],,null]"
    type = class com.ibm.ws.container.service.app.deploy.ContainerInfo$Type@50b39258
      MANIFEST_CLASSPATH = class com.ibm.ws.container.service.app.deploy.ContainerInfo$Type@4e2c3b1a
      WEB_INF_CLASSES = class com.ibm.ws.container.service.app.deploy.ContainerInfo$Type@a434e1f
      WEB_INF_LIB = class com.ibm.ws.container.service.app.deploy.ContainerInfo$Type@25c0feec
      EAR_LIB = class com.ibm.ws.container.service.app.deploy.ContainerInfo$Type@1b7b6e80
      WEB_MODULE = class com.ibm.ws.container.service.app.deploy.ContainerInfo$Type@50b39258
      EJB_MODULE = class com.ibm.ws.container.service.app.deploy.ContainerInfo$Type@34a0621e
      CLIENT_MODULE = class com.ibm.ws.container.service.app.deploy.ContainerInfo$Type@2483f123
      RAR_MODULE = class com.ibm.ws.container.service.app.deploy.ContainerInfo$Type@6164cc1
      JAR_MODULE = class com.ibm.ws.container.service.app.deploy.ContainerInfo$Type@46592ded
      SHARED_LIB = class com.ibm.ws.container.service.app.deploy.ContainerInfo$Type@715e07aa
      $VALUES = class com.ibm.ws.container.service.app.deploy.ContainerInfo$Type[10]
      serialVersionUID = -3226393626317575807
      $$$tc$$$ = class com.ibm.websphere.ras.TraceComponent@394bf8d8
      name = "WEB_MODULE"
      ordinal = 4
    name = "WebsphereInstallTest.war"
    container = class com.ibm.ws.adaptable.module.internal.AdaptableContainerImpl@30a50223
    altDDEntry = null
    classesContainerInfo = class java.util.ArrayList@7926becb
      serialVersionUID = 8683452581122892189
      DEFAULT_CAPACITY = 10
      EMPTY_ELEMENTDATA = class java.lang.Object[0]
      DEFAULTCAPACITY_EMPTY_ELEMENTDATA = class java.lang.Object[0]
      elementData = class java.lang.Object[10]
      size = 2
      MAX_ARRAY_SIZE = 2147483639
      modCount = 3
      MAX_ARRAY_SIZE = 2147483639
    serialVersionUID = 7427332431485745589
    $$$tc$$$ = class com.ibm.websphere.ras.TraceComponent@14d54b79
      strings[0] = "TraceComponent[com.ibm.ws.app.manager.module.internal.SimpleDeployedAppInfoBase$ExtendedContainerInfo,class com.ibm.ws.app.manager.module.internal.SimpleDeployedAppInfoBase$ExtendedContainerInfo,[applications, app.manager],,null]"
  DYNAMIC_IMPORT_PACKAGE_LIST = class java.util.Collections$UnmodifiableRandomAccessList@5af0b382
    serialVersionUID = -2542308836966382001
    serialVersionUID = -283967356065247728
    list = class java.util.Arrays$ArrayList@1e1803fa
      serialVersionUID = -2764017481108945198
      a = class java.lang.String[1]
      modCount = 0
      MAX_ARRAY_SIZE = 2147483639
    serialVersionUID = 1820017752578914078
    c = class java.util.Arrays$ArrayList@1e1803fa
  serialVersionUID = -6153587016903242961
  $$$tc$$$ = class com.ibm.websphere.ras.TraceComponent@4082f8ef
    strings[0] = "TraceComponent[com.ibm.ws.app.manager.war.internal.WARDeployedAppInfo,class com.ibm.ws.app.manager.war.internal.WARDeployedAppInfo,[webcontainer, applications, app.manager],com.ibm.ws.app.manager.war.internal.resources.Messages,null]"
  _tc = class com.ibm.websphere.ras.TraceComponent@6a824d71
    strings[0] = "TraceComponent[com.ibm.ws.app.manager.module.internal.DeployedAppInfoBase,class com.ibm.ws.app.manager.module.internal.DeployedAppInfoBase,[app.manager],com.ibm.ws.app.manager.module.internal.resources.Messages,null]"
  PERMISSION_XML = "permissions.xml"
  applicationInformation = class com.ibm.ws.app.manager.internal.ApplicationInstallInfo@41f8f374
    _config = class com.ibm.ws.app.manager.internal.ApplicationConfig@54752a8d
      _configPid = "com.ibm.ws.app.manager_8"
      _config = class com.ibm.ws.config.admin.ConfigurationDictionary@119a5181
      _location = "WebsphereInstallTest.war"
      _type = "war"
      _name = "WebsphereInstallTest"
      _notificationBroadcasterSupport = class javax.management.NotificationBroadcasterSupport@6767c044
    _handlerInfo = class java.util.concurrent.atomic.AtomicReference@1e50ea0d
      serialVersionUID = -1848883965231344442
      unsafe = class sun.misc.Unsafe@3c8e793b
      valueOffset = 12
      value = class com.ibm.ws.app.manager.war.internal.WARDeployedAppInfo@7feac12
    _container = class java.util.concurrent.atomic.AtomicReference@f745ecd
      serialVersionUID = -1848883965231344442
      unsafe = class sun.misc.Unsafe@3c8e793b
      valueOffset = 12
      value = class com.ibm.ws.adaptable.module.internal.AdaptableContainerImpl@30a50223
    _resolvedLocation = class java.util.concurrent.atomic.AtomicReference@2db4bd56
      serialVersionUID = -1848883965231344442
      unsafe = class sun.misc.Unsafe@3c8e793b
      valueOffset = 12
      value = class com.ibm.ws.kernel.service.location.internal.LocalFileResource@332d4e94
    _handler = class com.ibm.ws.app.manager.war.internal.WARApplicationHandlerImpl@39d152d5
      futureMonitor = class com.ibm.ws.threading.internal.FutureMonitorImpl@3bf53984
      deployedAppFactory = class com.ibm.ws.app.manager.war.internal.WARDeployedAppInfoFactoryImpl@67d84726
      serialVersionUID = 4622845147410944782
      $$$tc$$$ = class com.ibm.websphere.ras.TraceComponent@20d412db
    _ami = class java.util.concurrent.atomic.AtomicReference@2a98a52d
      serialVersionUID = -1848883965231344442
      unsafe = class sun.misc.Unsafe@3c8e793b
      valueOffset = 12
      value = class com.ibm.wsspi.application.handler.DefaultApplicationMonitoringInformation@357edb53
    _updateHandler = class com.ibm.ws.app.manager.internal.statemachine.ApplicationStateMachineImpl@2d9dff17
      _tc = class com.ibm.websphere.ras.TraceComponent@db7a99a
      EMPTY_FUTURE_ARRAY = interface java.util.concurrent.Future[0]
      asmSequenceNumber = class java.util.concurrent.atomic.AtomicLong@35719333
      _qscaCounter = class java.util.concurrent.atomic.AtomicInteger@3605cc1b
      _failedThrowable = class com.ibm.ws.container.service.metadata.MetaDataException@105bdeca
      _interruptibleLock = class com.ibm.ws.app.manager.internal.statemachine.ApplicationStateMachineImpl$2@329b7427
      _interruptible = false
      _performingQueuedActions = true
      _queuedActions = class java.util.concurrent.ConcurrentLinkedQueue@2538538c
      _callbackState = class java.util.concurrent.atomic.AtomicReference@1ce9b413
      blockAppStartingFutures = class java.util.Collections$SetFromMap@494c681
      waitingForAppHandlerFuture = class java.util.concurrent.atomic.AtomicReference@6d47b078
      waitingForExplicitStartFuture = class java.util.concurrent.atomic.AtomicReference@a043a6f
      completionListener = class java.util.concurrent.atomic.AtomicReference@5b1c5e10
      _notifyAppStopped = class java.util.concurrent.ConcurrentLinkedQueue@791e3b3c
      _notifyAppStarting = class java.util.concurrent.ConcurrentLinkedQueue@290a9017
      _notifyAppInstallCalled = class java.util.concurrent.ConcurrentLinkedQueue@2f6001b
      _notifyAppStarted = class java.util.concurrent.ConcurrentLinkedQueue@3ba3328b
      _notifyAppRemoved = class java.util.concurrent.ConcurrentLinkedQueue@336c3918
      _stateLock = class com.ibm.ws.app.manager.internal.statemachine.ApplicationStateMachineImpl$3@4e9b8d4a
      _internalState = class java.util.concurrent.atomic.AtomicReference@7cdfba5a
      _currentAction = class java.util.concurrent.atomic.AtomicReference@5e4ae820
      _rfa = class java.util.concurrent.atomic.AtomicReference@c3cae08
      _appInstallInfo = class java.util.concurrent.atomic.AtomicReference@1edf8318
      _update = class java.util.concurrent.atomic.AtomicBoolean@1f53e7f3
      _appConfig = class java.util.concurrent.atomic.AtomicReference@16d117d1
      _nextAppConfig = class java.util.concurrent.atomic.AtomicReference@7f74b7ed
      _appContainer = class java.util.concurrent.atomic.AtomicReference@1d512c58
      _resolvedLocation = class java.util.concurrent.atomic.AtomicReference@1d3d3c7e
      _handler = class java.util.concurrent.atomic.AtomicReference@3cccf97
      _asmSeqNo = 0
      _ctx = class org.eclipse.osgi.internal.framework.BundleContextImpl@6dc666e4
      _locAdmin = class com.ibm.ws.kernel.service.location.internal.WsLocationAdminImpl@171c5067
      _futureMonitor = class com.ibm.ws.threading.internal.FutureMonitorImpl@3bf53984
      _artifactFactory = class com.ibm.ws.artifact.internal.ArtifactContainerFactoryService@1e28fd89
      _moduleFactory = class com.ibm.ws.adaptable.module.internal.AdaptableModuleFactoryImpl@14a4dcc4
      _executorService = class com.ibm.ws.threading.internal.ExecutorServiceImpl@595dcbdc
      _scheduledExecutorService = class com.ibm.ws.threading.internal.ScheduledExecutorImpl@323a7728
      _asmHelper = class com.ibm.ws.app.manager.internal.ApplicationConfigurator$NamedApplication@d519cf4
      _appMonitor = class com.ibm.ws.app.manager.internal.monitor.ApplicationMonitor@4dfa0f43
      enterStateCalled = class java.util.concurrent.atomic.AtomicBoolean@39d0144e
      serialVersionUID = -1399093980790866556
      serialVersionUID = 5501066335104962649
      $$$tc$$$ = class com.ibm.websphere.ras.TraceComponent@79e76344
    serialVersionUID = 3995013949638210907
    $$$tc$$$ = class com.ibm.websphere.ras.TraceComponent@1b7a1dd
      strings[0] = "TraceComponent[com.ibm.ws.app.manager.internal.ApplicationInstallInfo,class com.ibm.ws.app.manager.internal.ApplicationInstallInfo,[applications, app.manager],com.ibm.ws.app.manager.internal.resources.AppManagerMessages,null]"
  location = "C:\Servers\websphere\wlp\usr\servers\WebSphereDefaultServer\apps\WebsphereInstallTest.war.xml"
  classLoadingService = class com.ibm.ws.classloading.internal.ClassLoadingServiceImpl@5a9a7d2f
    tc = class com.ibm.websphere.ras.TraceComponent@75a7cf07
      strings[0] = "TraceComponent[com.ibm.ws.classloading.internal.ClassLoadingServiceImpl,class com.ibm.ws.classloading.internal.ClassLoadingServiceImpl,[ClassLoadingService],com.ibm.ws.classloading.internal.resources.ClassLoadingServiceMessages,null]"
    TCCL_LOCK_WAIT = 15000
    REFERENCE_GENERATORS = "generators"
    bundleContext = class org.eclipse.osgi.internal.framework.BundleContextImpl@129b7ad8
    aclStore = class com.ibm.ws.classloading.internal.util.CanonicalStore@35e1492d
      map = class java.util.concurrent.ConcurrentHashMap@7ba7dde7
      q = class com.ibm.ws.classloading.internal.util.RefQueue@15ab787
      serialVersionUID = 6715157558227169968
      $$$tc$$$ = class com.ibm.websphere.ras.TraceComponent@553fbd3c
    tcclStore = class com.ibm.ws.classloading.internal.util.CanonicalStore@22190def
      map = class java.util.concurrent.ConcurrentHashMap@415e804d
      q = class com.ibm.ws.classloading.internal.util.RefQueue@6869ee0e
      serialVersionUID = 6715157558227169968
      $$$tc$$$ = class com.ibm.websphere.ras.TraceComponent@553fbd3c
    tcclStoreLock = class java.util.concurrent.locks.ReentrantLock@5ac97af8
      serialVersionUID = 7373984872572414699
      sync = class java.util.concurrent.locks.ReentrantLock$NonfairSync@3ac9f9ae
    digraph = class org.eclipse.equinox.internal.region.StandardRegionDigraph@505e752e
      EMPTY_EDGE_SET = class java.util.Collections$UnmodifiableSet@70907af6
      monitor = class java.lang.Object@6f45d6b9
      regions = class java.util.HashMap@5841faea
      bundleIdToRegionMapping = class org.eclipse.equinox.internal.region.StandardBundleIdToRegionMapping@70571d1d
      edges = class java.util.HashMap@3e39e2b
      bundleContext = class org.eclipse.osgi.internal.framework.BundleContextImpl@481a996b
      threadLocal = class java.lang.ThreadLocal@42d260f0
      subgraphTraverser = class org.eclipse.equinox.internal.region.SubgraphTraverser@159354ea
      bundleCollisionHook = class org.eclipse.equinox.internal.region.hook.RegionBundleCollisionHook@5de40cb0
      bundleEventHook = class org.eclipse.equinox.internal.region.hook.RegionBundleEventHook@4269d3e1
      bundleFindHook = class org.eclipse.equinox.internal.region.hook.RegionBundleFindHook@136dfebc
      serviceEventHook = class org.eclipse.equinox.internal.region.hook.RegionServiceEventHook@1c56cc3f
      serviceFindHook = class org.eclipse.equinox.internal.region.hook.RegionServiceFindHook@61aac289
      resolverHookFactory = class org.eclipse.equinox.internal.region.hook.RegionResolverHookFactory@6dd0e386
      origin = null
      originUpdateCount = -1
      updateCount = class java.util.concurrent.atomic.AtomicLong@1134789e
      defaultRegion = null
    redefiner = class com.ibm.ws.classloading.internal.util.ClassRedefiner@6f49e629
      tc = class com.ibm.websphere.ras.TraceComponent@597d8d03
      LS = "
"
      inst = class com.ibm.ws.kernel.launch.internal.TraceInstrumentation@514a3b18
      serialVersionUID = 2420101865139508526
    listener = class com.ibm.ws.classloading.internal.ClassLoadingServiceImpl$1@555e85a
      this$0 = class com.ibm.ws.classloading.internal.ClassLoadingServiceImpl@5a9a7d2f
      serialVersionUID = -9159707349812113172
      $$$tc$$$ = class com.ibm.websphere.ras.TraceComponent@9ba17d4
    classloaders = class java.util.Collections$SynchronizedMap@145a4cb2
      serialVersionUID = 1978198479659022715
      m = class java.util.HashMap@c291561
      mutex = class java.util.Collections$SynchronizedMap@145a4cb2
      keySet = null
      entrySet = null
      values = null
    resourceProviders = class com.ibm.ws.classloading.internal.CompositeResourceProvider@378ebc12
      lockFactory = class java.util.concurrent.locks.ReentrantReadWriteLock@207bfe75
      providerMap = class com.ibm.ws.classloading.internal.util.MultiMap@5a7017c2
      serialVersionUID = -6866398128968222400
      $$$tc$$$ = class com.ibm.websphere.ras.TraceComponent@60f86424
    rememberedBundles = class java.util.concurrent.ConcurrentHashMap@17d66c64
      serialVersionUID = 7249069246763182397
      MAXIMUM_CAPACITY = 1073741824
      DEFAULT_CAPACITY = 16
      MAX_ARRAY_SIZE = 2147483639
      DEFAULT_CONCURRENCY_LEVEL = 16
      LOAD_FACTOR = 0.75
      TREEIFY_THRESHOLD = 8
      UNTREEIFY_THRESHOLD = 6
      MIN_TREEIFY_CAPACITY = 64
      MIN_TRANSFER_STRIDE = 16
      RESIZE_STAMP_BITS = 16
      MAX_RESIZERS = 65535
      RESIZE_STAMP_SHIFT = 16
      MOVED = -1
      TREEBIN = -2
      RESERVED = -3
      HASH_BITS = 2147483647
      NCPU = 8
      serialPersistentFields = class java.io.ObjectStreamField[3]
      table = class java.util.concurrent.ConcurrentHashMap$Node[16]
      nextTable = null
      baseCount = 1
      sizeCtl = 12
      transferIndex = 0
      cellsBusy = 0
      counterCells = null
      keySet = null
      values = null
      entrySet = null
      U = class sun.misc.Unsafe@3c8e793b
      SIZECTL = 20
      TRANSFERINDEX = 32
      BASECOUNT = 24
      CELLSBUSY = 36
      CELLVALUE = 144
      ABASE = 16
      ASHIFT = 2
      keySet = null
      values = null
    collectedBundles = class java.lang.ref.ReferenceQueue@3d6b41fc
      NULL = class java.lang.ref.ReferenceQueue$Null@5ca1a835
      ENQUEUED = class java.lang.ref.ReferenceQueue$Null@67b67b37
      lock = class java.lang.ref.ReferenceQueue$Lock@51b370b8
      head = null
      queueLength = 0
      $assertionsDisabled = true
    generatorRefs = class com.ibm.wsspi.kernel.service.utils.ConcurrentServiceReferenceSet@7b92b53f
      referenceName = "generators"
      contextRef = class java.util.concurrent.atomic.AtomicReference@7df99366
      elementMap = class java.util.LinkedHashMap@37356b51
      elementSet = class java.util.concurrent.ConcurrentSkipListSet@5d6ab440
      elementSetUnsorted = false
      serialVersionUID = 756240983881166148
      $$$tc$$$ = class com.ibm.websphere.ras.TraceComponent@7ebcbe11
    generatorManager = class com.ibm.ws.classloading.internal.ClassGeneratorManager@39bef873
      tc = class com.ibm.websphere.ras.TraceComponent@241f8971
      generatorRefs = class com.ibm.wsspi.kernel.service.utils.ConcurrentServiceReferenceSet@7b92b53f
      serialVersionUID = 4152663586056483310
    protectionDomainMap = class java.util.HashMap@1daf066c
      serialVersionUID = 362498820763181265
      DEFAULT_INITIAL_CAPACITY = 16
      MAXIMUM_CAPACITY = 1073741824
      DEFAULT_LOAD_FACTOR = 0.75
      TREEIFY_THRESHOLD = 8
      UNTREEIFY_THRESHOLD = 6
      MIN_TREEIFY_CAPACITY = 64
      table = null
      entrySet = null
      size = 0
      modCount = 0
      threshold = 0
      loadFactor = 0.75
      keySet = null
      values = null
    metadataIdentifierService = class com.ibm.ws.container.service.metadata.internal.MetaDataServiceImpl@1f2ee523
    serialVersionUID = -6576157393173485176
  globalSharedLibrary = class com.ibm.ws.library.internal.SharedLibraryImpl@529a95d
    tc = class com.ibm.websphere.ras.TraceComponent@c11f394
      strings[0] = "TraceComponent[com.ibm.ws.library.internal.SharedLibraryImpl,class com.ibm.ws.library.internal.SharedLibraryImpl,[SharedLibrary],com.ibm.ws.classloading.internal.resources.ClassLoadingServiceMessages,null]"
    EMPTY_LIBRARY_LISTENERS = interface com.ibm.wsspi.library.LibraryChangeListener[0]
    deleted = false
    libraryListenersTracker = class org.osgi.util.tracker.ServiceTracker@36ca3b87
      DEBUG = false
      context = class org.eclipse.osgi.internal.framework.BundleContextImpl@129b7ad8
      filter = class org.osgi.framework.FrameworkUtil$FilterImpl@47d6baa0
      customizer = class org.osgi.util.tracker.ServiceTracker@36ca3b87
      listenerFilter = "(&(objectClass=com.ibm.wsspi.library.LibraryChangeListener)(|(library=global)(libraryRef=*com.ibm.ws.classloading.sharedlibrary_9*)))"
      trackClass = null
      trackReference = null
      tracked = class org.osgi.util.tracker.ServiceTracker$Tracked@25b1f58
      cachedReference = null
      cachedService = null
    libraryReg = class org.eclipse.osgi.internal.serviceregistry.ServiceRegistrationImpl@38b4182
      registry = class org.eclipse.osgi.internal.serviceregistry.ServiceRegistry@20881bf0
      context = class org.eclipse.osgi.internal.framework.BundleContextImpl@129b7ad8
      bundle = class org.eclipse.osgi.internal.framework.EquinoxBundle@3ea09dae
      clazzes = class java.lang.String[1]
      service = class com.ibm.ws.library.internal.SharedLibraryImpl@529a95d
      reference = class org.eclipse.osgi.internal.serviceregistry.ServiceReferenceImpl@741952f
      contextsUsing = class java.util.ArrayList@5031a855
      properties = class org.eclipse.osgi.internal.serviceregistry.ServiceProperties@30067e38
      serviceid = 174
      serviceranking = 0
      registrationLock = class java.lang.Object@63bce4d8
      state = 0
      REGISTERED = 0
      UNREGISTERING = 1
      UNREGISTERED = 2
      $assertionsDisabled = true
    ctx = class org.eclipse.osgi.internal.framework.BundleContextImpl@129b7ad8
      findHookName = "org.osgi.framework.hooks.bundle.FindHook"
      valid = true
      bundle = class org.eclipse.osgi.internal.framework.EquinoxBundle@3ea09dae
      container = class org.eclipse.osgi.internal.framework.EquinoxContainer@51631aac
      debug = class org.eclipse.osgi.internal.debug.Debug@41328320
      servicesInUse = class java.util.HashMap@54027fbd
      activator = null
      contextLock = class java.lang.Object@5a03e159
    classLoadingService = class com.ibm.ws.classloading.internal.ClassLoadingServiceImpl@5a9a7d2f
    configAdmin = class com.ibm.ws.config.admin.internal.ConfigurationAdminImpl@aae06b1
      bundle = class org.eclipse.osgi.internal.framework.EquinoxBundle@3ea09dae
      caFactory = class com.ibm.ws.config.admin.internal.ConfigAdminServiceFactory@3385e76f
      serialVersionUID = -3783880043350273893
      $$$tc$$$ = class com.ibm.websphere.ras.TraceComponent@c22c738
    resolvedBasePath = "C:/Servers/websphere/wlp/usr/servers/WebSphereDefaultServer/"
    generationLock = class com.ibm.ws.library.internal.SharedLibraryImpl$1@9d77ab3
      this$0 = class com.ibm.ws.library.internal.SharedLibraryImpl@529a95d
      serialVersionUID = 2483639803450672373
      $$$tc$$$ = class com.ibm.websphere.ras.TraceComponent@28fde0d9
    currentGeneration = class com.ibm.ws.library.internal.LibraryGeneration@1ac1a5c3
      tc = class com.ibm.websphere.ras.TraceComponent@3a870a02
      nextInt = class java.util.concurrent.atomic.AtomicInteger@7dfd70d1
      libraryId = "global"
      genId = 0
      libraryProps = class java.util.Hashtable@7754768a
      filesetRefs = class java.util.Collections$UnmodifiableRandomAccessList@6b764990
      apiTypeVisibility = class java.util.RegularEnumSet@66ab091
      files = class java.util.Collections$EmptyList@1a913469
      folders = class java.util.ArrayList@10072375
      fileAndFolderContainers = class java.util.Collections$EmptyList@1a913469
      filesets = class java.util.concurrent.ArrayBlockingQueue@44b3f7d9
      filesetListenerRegs = class java.util.concurrent.ConcurrentLinkedQueue@1d501c16
      cancelled = false
      library = class com.ibm.ws.library.internal.SharedLibraryImpl@529a95d
      serialVersionUID = 6965220007121905717
    nextGeneration = class com.ibm.ws.library.internal.LibraryGeneration@1ac1a5c3
    artifactContainerFactory = class com.ibm.ws.library.internal.SharedLibraryFactory$1@7db0b31f
      this$0 = class com.ibm.ws.library.internal.SharedLibraryFactory@26ba71cb
      serialVersionUID = 7730244564205089330
      $$$tc$$$ = class com.ibm.websphere.ras.TraceComponent@33b872d7
    packageExporter = class com.ibm.ws.library.internal.LibraryPackageExporter@751a996
      EXPORTER_POSTFIX = "_library_exporter"
      REGION_EXPORT_TO_LIBERTY = "liberty.library.export.to.liberty"
      REGION_EXPORT_TO_OSGI_APPS = "liberty.library.export.to.osgi.app"
      REGION_KERNEL = "org.eclipse.equinox.region.kernel"
      counter = class java.util.concurrent.atomic.AtomicLong@19616b77
      context = class org.eclipse.osgi.internal.framework.BundleContextImpl@129b7ad8
      digraph = class org.eclipse.equinox.internal.region.StandardRegionDigraph@505e752e
      bundleToLibrary = class java.util.concurrent.ConcurrentHashMap@5e590071
      libraryToVisibility = class java.util.concurrent.ConcurrentHashMap@1b153bca
      serialVersionUID = 8074378969667956573
      $$$tc$$$ = class com.ibm.websphere.ras.TraceComponent@7fbc829a
    serialVersionUID = 6288237618632180389
  sharedLibDeploymentInfo = class com.ibm.ws.app.manager.module.internal.DeployedAppInfoBase$SharedLibDeploymentInfo@41c9202c
    bundleContext = class org.eclipse.osgi.internal.framework.BundleContextImpl@cb13d15
      findHookName = "org.osgi.framework.hooks.bundle.FindHook"
      valid = true
      bundle = class org.eclipse.osgi.internal.framework.EquinoxBundle@3fa2eb2a
      container = class org.eclipse.osgi.internal.framework.EquinoxContainer@51631aac
      debug = class org.eclipse.osgi.internal.debug.Debug@41328320
      servicesInUse = class java.util.HashMap@22f9b089
      activator = null
      contextLock = class java.lang.Object@23cd3979
    locAdmin = class com.ibm.ws.kernel.service.location.internal.WsLocationAdminImpl@171c5067
      tc = class com.ibm.websphere.ras.TraceComponent@6ca9c545
      LOC_INTERNAL_LIB_DIR = "wlp.lib.dir"
      LOC_AREA_NAME_APPS = "shared/apps/"
      LOC_AREA_NAME_CONFIG = "shared/config/"
      LOC_AREA_NAME_RESC = "shared/resources/"
      LOC_AREA_NAME_STATE = "logs/state/"
      LOC_AREA_NAME_SERVERS = "servers/"
      LOC_AREA_NAME_CLIENTS = "clients/"
      LOC_AREA_NAME_WORKING = "workarea/"
      LOC_AREA_NAME_EXTENSION = "extension/"
      instance = class com.ibm.ws.kernel.service.location.internal.WsLocationAdminImpl@171c5067
      installRoot = class com.ibm.ws.kernel.service.location.internal.SymbolicRootResource@567e3c2a
      installParentRoot = class com.ibm.ws.kernel.service.location.internal.SymbolicRootResource@152b793d
      userRoot = class com.ibm.ws.kernel.service.location.internal.SymbolicRootResource@4c17fe3c
      usrExtensionRoot = class com.ibm.ws.kernel.service.location.internal.SymbolicRootResource@2441ee72
      serverConfigDir = class com.ibm.ws.kernel.service.location.internal.SymbolicRootResource@37909bc
      serverOutputDir = class com.ibm.ws.kernel.service.location.internal.SymbolicRootResource@37909bc
      bootstrapLib = class com.ibm.ws.kernel.service.location.internal.LocalFileResource@4dd57a7f
      serverWorkarea = class com.ibm.ws.kernel.service.location.internal.LocalFileResource@3ec08be7
      serverState = class com.ibm.ws.kernel.service.location.internal.LocalFileResource@1559d033
      sharedAppsRoot = class com.ibm.ws.kernel.service.location.internal.SymbolicRootResource@5ea60fcd
      sharedConfigRoot = class com.ibm.ws.kernel.service.location.internal.SymbolicRootResource@384690e4
      sharedResourceRoot = class com.ibm.ws.kernel.service.location.internal.SymbolicRootResource@263bbb8
      tmpRoot = class com.ibm.ws.kernel.service.location.internal.SymbolicRootResource@59603b8f
      serverName = "WebSphereDefaultServer"
      resourcePaths = class java.util.ArrayList@37568f09
      resourceGroups = class java.util.HashMap@3b9be8b7
      commonRoot = class com.ibm.ws.kernel.service.location.internal.VirtualRootResource@24ba3a07
      serialVersionUID = 7766352982799267432
    artifactFactory = class com.ibm.ws.artifact.internal.ArtifactContainerFactoryService@1e28fd89
      CATEGORY_PROP_NAME = "category"
      ENTRY_KEY = "com.ibm.wsspi.artifact.ArtifactEntry"
      helperMap = class com.ibm.wsspi.kernel.service.utils.ConcurrentServiceReferenceSetMap@4aceed2c
      contributorMap = class com.ibm.wsspi.kernel.service.utils.ConcurrentServiceReferenceSetMap@f823058
      helperCategoryMap = class com.ibm.wsspi.kernel.service.utils.ConcurrentServiceReferenceSetMap@f866049
      contributorCategoryMap = class com.ibm.wsspi.kernel.service.utils.ConcurrentServiceReferenceSetMap@4eaa3afd
      categories = class java.util.Collections$SynchronizedSet@73b00989
      baseProperties = class org.apache.felix.scr.impl.helper.ReadOnlyDictionary@6d2ef757
      serialVersionUID = -3101641399269402013
      $$$tc$$$ = class com.ibm.websphere.ras.TraceComponent@7294e6bd
    moduleFactory = class com.ibm.ws.adaptable.module.internal.AdaptableModuleFactoryImpl@14a4dcc4
      adapterFactoryService = class com.ibm.ws.adaptable.module.internal.AdapterFactoryServiceImpl@7cb7517d
      containerFactory = class com.ibm.ws.artifact.internal.ArtifactContainerFactoryService@1e28fd89
      overlayContainerFactory = class com.ibm.ws.artifact.overlay.internal.OverlayContainerFactoryImpl@6b3a7d61
      serialVersionUID = 4200251809856292987
      $$$tc$$$ = class com.ibm.websphere.ras.TraceComponent@1bff6bc8
    classesContainerInfo = class java.util.ArrayList@49c66603
      serialVersionUID = 8683452581122892189
      DEFAULT_CAPACITY = 10
      EMPTY_ELEMENTDATA = class java.lang.Object[0]
      DEFAULTCAPACITY_EMPTY_ELEMENTDATA = class java.lang.Object[0]
      elementData = class java.lang.Object[0]
      size = 0
      MAX_ARRAY_SIZE = 2147483639
      modCount = 0
      MAX_ARRAY_SIZE = 2147483639
    serialVersionUID = -9033256786848720484
    $$$tc$$$ = class com.ibm.websphere.ras.TraceComponent@579bfca0
      strings[0] = "TraceComponent[com.ibm.ws.app.manager.module.internal.DeployedAppInfoBase$SharedLibDeploymentInfo,class com.ibm.ws.app.manager.module.internal.DeployedAppInfoBase$SharedLibDeploymentInfo,[applications, app.manager],,null]"
  futureMonitor = class com.ibm.ws.threading.internal.FutureMonitorImpl@3bf53984
    _monitor = class java.util.concurrent.ConcurrentLinkedQueue@1000fab3
      serialVersionUID = 196745693267521676
      head = class java.util.concurrent.ConcurrentLinkedQueue$Node@14556720
      tail = class java.util.concurrent.ConcurrentLinkedQueue$Node@14556720
      UNSAFE = class sun.misc.Unsafe@3c8e793b
      headOffset = 12
      tailOffset = 16
      MAX_ARRAY_SIZE = 2147483639
    _executor = class com.ibm.ws.threading.internal.ScheduledExecutorImpl@323a7728
      threadGroupName = "Scheduled Executor Thread Group"
      executor = class com.ibm.ws.threading.internal.ExecutorServiceImpl@595dcbdc
      serialVersionUID = -9110693807503469597
      $$$tc$$$ = class com.ibm.websphere.ras.TraceComponent@d2b9f8b
      continueExistingPeriodicTasksAfterShutdown = false
      executeExistingDelayedTasksAfterShutdown = true
      removeOnCancel = false
      sequencer = class java.util.concurrent.atomic.AtomicLong@3e06c29f
      ctl = class java.util.concurrent.atomic.AtomicInteger@6ff54055
      COUNT_BITS = 29
      CAPACITY = 536870911
      RUNNING = -536870912
      SHUTDOWN = 0
      STOP = 536870912
      TIDYING = 1073741824
      TERMINATED = 1610612736
      workQueue = class java.util.concurrent.ScheduledThreadPoolExecutor$DelayedWorkQueue@2bdc7465
      mainLock = class java.util.concurrent.locks.ReentrantLock@11a7fab3
      workers = class java.util.HashSet@19bdd022
      termination = class java.util.concurrent.locks.AbstractQueuedSynchronizer$ConditionObject@5c8fcca8
      largestPoolSize = 1
      completedTaskCount = 0
      threadFactory = class com.ibm.ws.threading.internal.ThreadFactoryImpl@1438f400
      handler = class java.util.concurrent.ThreadPoolExecutor$AbortPolicy@3a64e656
      keepAliveTime = 0
      allowCoreThreadTimeOut = false
      corePoolSize = 1
      maximumPoolSize = 2147483647
      defaultHandler = class java.util.concurrent.ThreadPoolExecutor$AbortPolicy@3a64e656
      shutdownPerm = class java.lang.RuntimePermission@4daf1df8
      ONLY_ONE = true
      $assertionsDisabled = true
    _threadRunning = class java.util.concurrent.atomic.AtomicBoolean@499d247
      serialVersionUID = 4654671469794556979
      unsafe = class sun.misc.Unsafe@3c8e793b
      valueOffset = 12
      value = 0
    _thread = class com.ibm.ws.threading.internal.FutureMonitorImpl$1@2279f9fa
      this$0 = class com.ibm.ws.threading.internal.FutureMonitorImpl@3bf53984
      serialVersionUID = 2422512430832938099
      $$$tc$$$ = class com.ibm.websphere.ras.TraceComponent@2c2b6aed
    serialVersionUID = 2765238413969174390
    $$$tc$$$ = class com.ibm.websphere.ras.TraceComponent@69e06ba0
      strings[0] = "TraceComponent[com.ibm.ws.threading.internal.FutureMonitorImpl,class com.ibm.ws.threading.internal.FutureMonitorImpl,[Threading],com.ibm.ws.threading.internal.resources.ThreadingMessages,null]"
  configAdmin = class com.ibm.ws.config.admin.internal.ConfigurationAdminImpl@328f58d0
    bundle = class org.eclipse.osgi.internal.framework.EquinoxBundle@3fa2eb2a
      equinoxContainer = class org.eclipse.osgi.internal.framework.EquinoxContainer@51631aac
      module = class org.eclipse.osgi.internal.framework.EquinoxBundle$EquinoxModule@61e71662
      monitor = class java.lang.Object@5015d5f7
      context = class org.eclipse.osgi.internal.framework.BundleContextImpl@cb13d15
      signerInfos = null
      $SWITCH_TABLE$org$eclipse$osgi$container$Module$State = {1,2,3,4,5,6,7} /* array length = 7*/
    caFactory = class com.ibm.ws.config.admin.internal.ConfigAdminServiceFactory@3385e76f
      tc = class com.ibm.websphere.ras.TraceComponent@e439a76
      configurationPermission = class org.osgi.service.cm.ConfigurationPermission@7a4576a4
      INDEX_DICTIONARY = 0
      INDEX_LOCATION = 1
      INDEX_METATYPE_PROCESSED = 2
      INDEX_IN_OVERRIDES_FILE = 3
      INDEX_REFERENCES = 4
      INDEX_UNIQUES = 5
      bundleContext = class org.eclipse.osgi.internal.framework.BundleContextImpl@5fd0b830
      msTracker = class com.ibm.ws.config.admin.internal.ManagedServiceTracker@540f8c1b
      msfTracker = class com.ibm.ws.config.admin.internal.ManagedServiceFactoryTracker@63a741ac
      pluginManager = class com.ibm.ws.config.admin.internal.PluginManager@3b894ab4
      configurationStore = class com.ibm.ws.config.admin.internal.ConfigurationStore@6aa8fb37
      updateQueue = class com.ibm.ws.config.admin.internal.UpdateQueue@426fcd2d
      ced = class com.ibm.ws.config.admin.internal.ConfigEventDispatcher@1b9c5eed
      idMap = class java.util.Collections$SynchronizedMap@6ab17bc0
      referenceMap = class java.util.Collections$SynchronizedMap@47ed44e2
      variableRegistryTracker = class org.osgi.util.tracker.ServiceTracker@7b57ef97
      variableRegistry = class com.ibm.ws.kernel.service.location.internal.VariableRegistryHelper@245ad26
      configurationAdminRef = class org.eclipse.osgi.internal.serviceregistry.ServiceRegistrationImpl@cd502a0
      serialVersionUID = 6695202270027014725
    serialVersionUID = -3783880043350273893
    $$$tc$$$ = class com.ibm.websphere.ras.TraceComponent@c22c738
      strings[0] = "TraceComponent[com.ibm.ws.config.admin.internal.ConfigurationAdminImpl,class com.ibm.ws.config.admin.internal.ConfigurationAdminImpl,[config],com.ibm.ws.config.internal.resources.ConfigMessages,null]"
  libraryConfigHelper = class com.ibm.ws.classloading.ClassLoaderConfigHelper@33a58a3b
    tc = class com.ibm.websphere.ras.TraceComponent@7a2e5669
      strings[0] = "TraceComponent[com.ibm.ws.classloading.ClassLoaderConfigHelper,class com.ibm.ws.classloading.ClassLoaderConfigHelper,[ClassLoadingService],com.ibm.ws.classloading.internal.resources.ClassLoadingServiceMessages,null]"
    DEFAULT_API_TYPES = class java.util.RegularEnumSet@655e3a9f
      serialVersionUID = 3411599620347842686
      elements = 7
      elementType = class java.lang.Class@7f4d90f0
      universe = class com.ibm.wsspi.classloading.ApiType[4]
      ZERO_LENGTH_ENUM_ARRAY = class java.lang.Enum[0]
      MAX_ARRAY_SIZE = 2147483639
    sharedLibraries = class java.util.Collections$EmptyList@1a913469
      serialVersionUID = 8842843931221139166
      modCount = 0
      MAX_ARRAY_SIZE = 2147483639
    commonLibraries = class java.util.Collections$EmptyList@1a913469
    classProviders = class java.util.Collections$EmptyList@1a913469
    sharedLibrariesPids = null
    commonLibrariesPids = null
    isDelegateLast = false
    apiTypes = class java.util.RegularEnumSet@655e3a9f
    classLoaderConfigProps = null
    serialVersionUID = -4461331051796146154
  isDelegateLast = false
  permissionManager = class com.ibm.ws.security.java2sec.PermissionManager@572e052c
    tc = class com.ibm.websphere.ras.TraceComponent@3174aed2
      strings[0] = "TraceComponent[com.ibm.ws.security.java2sec.PermissionManager,class com.ibm.ws.security.java2sec.PermissionManager,[Java2SecurityUtil],com.ibm.ws.security.java2sec.resources.Java2SecurityUtilMessages,null]"
    classLoadingService = class com.ibm.ws.classloading.internal.ClassLoadingServiceImpl@5a9a7d2f
    DEFAULT_SERVER_RESTRICTABLE_PERMISSIONS = class java.security.Permission[4]
      DEFAULT_SERVER_RESTRICTABLE_PERMISSIONS[0] = class java.lang.RuntimePermission@682d500b
      DEFAULT_SERVER_RESTRICTABLE_PERMISSIONS[1] = class java.lang.RuntimePermission@1dec40ec
      DEFAULT_SERVER_RESTRICTABLE_PERMISSIONS[2] = class java.security.SecurityPermission@689dde76
      DEFAULT_SERVER_RESTRICTABLE_PERMISSIONS[3] = class javax.security.auth.AuthPermission@16fac0fc
    DEFAULT_CLIENT_RESTRICTABLE_PERMISSIONS = class java.security.Permission[3]
      DEFAULT_CLIENT_RESTRICTABLE_PERMISSIONS[0] = class java.lang.RuntimePermission@6928a3de
      DEFAULT_CLIENT_RESTRICTABLE_PERMISSIONS[1] = class java.security.SecurityPermission@33d3d07c
      DEFAULT_CLIENT_RESTRICTABLE_PERMISSIONS[2] = class javax.security.auth.AuthPermission@2e9731a3
    isServer = true
    wsjarUrlStreamHandlerAvailable = true
    restrictablePermissions = class java.util.ArrayList@4ee872c8
      serialVersionUID = 8683452581122892189
      DEFAULT_CAPACITY = 10
      EMPTY_ELEMENTDATA = class java.lang.Object[0]
      DEFAULTCAPACITY_EMPTY_ELEMENTDATA = class java.lang.Object[0]
      elementData = class java.lang.Object[10]
      size = 4
      MAX_ARRAY_SIZE = 2147483639
      modCount = 4
      MAX_ARRAY_SIZE = 2147483639
    grantedPermissions = class java.util.ArrayList@7ee8210c
      serialVersionUID = 8683452581122892189
      DEFAULT_CAPACITY = 10
      EMPTY_ELEMENTDATA = class java.lang.Object[0]
      DEFAULTCAPACITY_EMPTY_ELEMENTDATA = class java.lang.Object[0]
      elementData = class java.lang.Object[0]
      size = 0
      MAX_ARRAY_SIZE = 2147483639
      modCount = 0
      MAX_ARRAY_SIZE = 2147483639
    KEY_PERMISSION = "permission"
    INCORRECT_PERMISSION_CONFIGURATION = "INCORRECT_PERMISSION_CONFIGURATION"
    SERVER_XML = "server.xml"
    CLIENT_XML = "client.xml"
    originationFile = "server.xml"
    permissions = class com.ibm.wsspi.kernel.service.utils.ConcurrentServiceReferenceSet@73cb37d2
      referenceName = "permission"
      contextRef = class java.util.concurrent.atomic.AtomicReference@3fd7fcd5
      elementMap = class java.util.LinkedHashMap@6b6c57db
      elementSet = class java.util.concurrent.ConcurrentSkipListSet@2110ccbe
      elementSetUnsorted = false
      serialVersionUID = 756240983881166148
      $$$tc$$$ = class com.ibm.websphere.ras.TraceComponent@7ebcbe11
    codeBasePermissionMap = class java.util.HashMap@6acd9bed
      serialVersionUID = 362498820763181265
      DEFAULT_INITIAL_CAPACITY = 16
      MAXIMUM_CAPACITY = 1073741824
      DEFAULT_LOAD_FACTOR = 0.75
      TREEIFY_THRESHOLD = 8
      UNTREEIFY_THRESHOLD = 6
      MIN_TREEIFY_CAPACITY = 64
      table = null
      entrySet = null
      size = 0
      modCount = 0
      threshold = 0
      loadFactor = 0.75
      keySet = class java.util.HashMap$KeySet@6fade524
      values = null
    permissionXMLPermissionMap = class java.util.HashMap@67beda4e
      serialVersionUID = 362498820763181265
      DEFAULT_INITIAL_CAPACITY = 16
      MAXIMUM_CAPACITY = 1073741824
      DEFAULT_LOAD_FACTOR = 0.75
      TREEIFY_THRESHOLD = 8
      UNTREEIFY_THRESHOLD = 6
      MIN_TREEIFY_CAPACITY = 64
      table = null
      entrySet = null
      size = 0
      modCount = 0
      threshold = 0
      loadFactor = 0.75
      keySet = null
      values = null
    serialVersionUID = -1314772785255050069
  permissionsConfig = null
  serialVersionUID = -6908382869835671687
  appInfo = class com.ibm.ws.container.service.app.deploy.internal.ApplicationInfoImpl@77b4581c
    appName = "WebsphereInstallTest"
    appMetaData = class com.ibm.ws.container.service.app.deploy.internal.ApplicationMetaDataImpl@3f25d218
      j2eeName = class com.ibm.ws.container.service.metadata.internal.J2EENameImpl@268a8765
      serialVersionUID = -7906531148367236579
      $$$tc$$$ = class com.ibm.websphere.ras.TraceComponent@1ffed215
      tc = class com.ibm.websphere.ras.TraceComponent@5eb97b0d
      NUM_STATIC_SLOTS = 4
      ID_UNINITIALIZED = -1
      id = 0
      metaDataInterface = class java.lang.Class@3d34a922
      staticSlots = class java.lang.Object[4]
      dynamicSlots = null
    appContainer = class com.ibm.ws.adaptable.module.internal.AdaptableContainerImpl@30a50223
      root = class com.ibm.ws.adaptable.module.internal.AdaptableContainerImpl@30a50223
      rootOverlay = class com.ibm.ws.artifact.overlay.internal.DirectoryBasedOverlayContainerImpl@29cd68ef
      factoryHolder = class com.ibm.ws.adaptable.module.internal.AdaptableModuleFactoryImpl@14a4dcc4
      delegate = class com.ibm.ws.artifact.overlay.internal.DirectoryBasedOverlayContainerImpl@29cd68ef
      notifier = class com.ibm.ws.adaptable.module.internal.NotifierImpl@79e2e242
      serialVersionUID = -5621513278641113667
      $$$tc$$$ = class com.ibm.websphere.ras.TraceComponent@2860cf42
    configHelper = class com.ibm.ws.app.manager.module.ApplicationNestedConfigHelper@b2528f5
      appInfo = class com.ibm.ws.app.manager.internal.ApplicationInstallInfo@41f8f374
      serialVersionUID = -3174031738676705046
      $$$tc$$$ = class com.ibm.websphere.ras.TraceComponent@4813883d
    serialVersionUID = 7091777744534637201
    $$$tc$$$ = class com.ibm.websphere.ras.TraceComponent@6ee5fc6b
      strings[0] = "TraceComponent[com.ibm.ws.container.service.app.deploy.internal.ApplicationInfoImpl,class com.ibm.ws.container.service.app.deploy.internal.ApplicationInfoImpl,[container.service],com.ibm.ws.container.service.resources.Messages,null]"
  modulesDeployed = class java.util.ArrayList@715176cd
    serialVersionUID = 8683452581122892189
    DEFAULT_CAPACITY = 10
    EMPTY_ELEMENTDATA = class java.lang.Object[0]
    DEFAULTCAPACITY_EMPTY_ELEMENTDATA = class java.lang.Object[0]
    elementData = class java.lang.Object[0]
    size = 0
    MAX_ARRAY_SIZE = 2147483639
    modCount = 0
    MAX_ARRAY_SIZE = 2147483639
  starting = false
  started = false
  appInfoFactory = class com.ibm.ws.container.service.app.deploy.internal.ApplicationInfoFactoryImpl@733d8b8f
    j2eeNameFactory = class com.ibm.wsspi.kernel.service.utils.AtomicServiceReference@1c44038c
      referenceName = "j2eeNameFactory"
      tuple = class java.util.concurrent.atomic.AtomicReference@6369e912
      serialVersionUID = 2226592364007985000
      $$$tc$$$ = class com.ibm.websphere.ras.TraceComponent@57c1f515
    names = class java.util.HashSet@7408750
      serialVersionUID = -5024744406713321676
      map = class java.util.HashMap@849849a
      PRESENT = class java.lang.Object@2dd2f267
      MAX_ARRAY_SIZE = 2147483639
    serialVersionUID = 6232436640731165768
    $$$tc$$$ = class com.ibm.websphere.ras.TraceComponent@5f9d8ccb
      strings[0] = "TraceComponent[com.ibm.ws.container.service.app.deploy.internal.ApplicationInfoFactoryImpl,class com.ibm.ws.container.service.app.deploy.internal.ApplicationInfoFactoryImpl,[container.service],com.ibm.ws.container.service.resources.Messages,null]"
  metaDataService = class com.ibm.ws.container.service.metadata.internal.MetaDataServiceImpl@1f2ee523
    applicationMetaDataManager = class com.ibm.ws.container.service.metadata.internal.ApplicationMetaDataManager@723ebe9d
      serialVersionUID = 1843747281024490904
      $$$tc$$$ = class com.ibm.websphere.ras.TraceComponent@53172d5e
      listeners = class com.ibm.wsspi.kernel.service.utils.ConcurrentServiceReferenceSet@3d7b4788
      metaDataIDs = class com.ibm.ws.container.service.metadata.internal.IndexList@27758b3f
      metaDatas = class java.util.ArrayList@44b4f39c
      slotIDs = class com.ibm.ws.container.service.metadata.internal.IndexList@2db59007
      serialVersionUID = 5464421863354792977
      $$$tc$$$ = class com.ibm.websphere.ras.TraceComponent@441879c9
    moduleMetaDataManager = class com.ibm.ws.container.service.metadata.internal.ModuleMetaDataManager@742a51c4
      serialVersionUID = 2513574389899327209
      $$$tc$$$ = class com.ibm.websphere.ras.TraceComponent@31fd36dd
      listeners = class com.ibm.wsspi.kernel.service.utils.ConcurrentServiceReferenceSet@70f09131
      metaDataIDs = class com.ibm.ws.container.service.metadata.internal.IndexList@45f800c6
      metaDatas = class java.util.ArrayList@654f40b5
      slotIDs = class com.ibm.ws.container.service.metadata.internal.IndexList@166cab9
      serialVersionUID = 5464421863354792977
      $$$tc$$$ = class com.ibm.websphere.ras.TraceComponent@441879c9
    componentMetaDataManager = class com.ibm.ws.container.service.metadata.internal.ComponentMetaDataManager@65d799a5
      serialVersionUID = 8629793739641703882
      $$$tc$$$ = class com.ibm.websphere.ras.TraceComponent@2d2f1696
      listeners = class com.ibm.wsspi.kernel.service.utils.ConcurrentServiceReferenceSet@c205ac5
      metaDataIDs = class com.ibm.ws.container.service.metadata.internal.IndexList@66864414
      metaDatas = class java.util.ArrayList@544430d2
      slotIDs = class com.ibm.ws.container.service.metadata.internal.IndexList@24d02f18
      serialVersionUID = 5464421863354792977
      $$$tc$$$ = class com.ibm.websphere.ras.TraceComponent@441879c9
    methodMetaDataManager = class com.ibm.ws.container.service.metadata.internal.MethodMetaDataManager@365a0c3c
      serialVersionUID = -3308748211841563417
      $$$tc$$$ = class com.ibm.websphere.ras.TraceComponent@2a9933fe
      listeners = class com.ibm.wsspi.kernel.service.utils.ConcurrentServiceReferenceSet@6a9d52ef
      metaDataIDs = class com.ibm.ws.container.service.metadata.internal.IndexList@1ef1c7ac
      metaDatas = class java.util.ArrayList@79476e79
      slotIDs = class com.ibm.ws.container.service.metadata.internal.IndexList@ca32430
      serialVersionUID = 5464421863354792977
      $$$tc$$$ = class com.ibm.websphere.ras.TraceComponent@441879c9
    appModuleNameToModuleContainer = class java.util.concurrent.ConcurrentHashMap@3117963c
      serialVersionUID = 7249069246763182397
      MAXIMUM_CAPACITY = 1073741824
      DEFAULT_CAPACITY = 16
      MAX_ARRAY_SIZE = 2147483639
      DEFAULT_CONCURRENCY_LEVEL = 16
      LOAD_FACTOR = 0.75
      TREEIFY_THRESHOLD = 8
      UNTREEIFY_THRESHOLD = 6
      MIN_TREEIFY_CAPACITY = 64
      MIN_TRANSFER_STRIDE = 16
      RESIZE_STAMP_BITS = 16
      MAX_RESIZERS = 65535
      RESIZE_STAMP_SHIFT = 16
      MOVED = -1
      TREEBIN = -2
      RESERVED = -3
      HASH_BITS = 2147483647
      NCPU = 8
      serialPersistentFields = class java.io.ObjectStreamField[3]
      table = class java.util.concurrent.ConcurrentHashMap$Node[16]
      nextTable = null
      baseCount = 0
      sizeCtl = 12
      transferIndex = 0
      cellsBusy = 0
      counterCells = null
      keySet = null
      values = null
      entrySet = null
      U = class sun.misc.Unsafe@3c8e793b
      SIZECTL = 20
      TRANSFERINDEX = 32
      BASECOUNT = 24
      CELLSBUSY = 36
      CELLVALUE = 144
      ABASE = 16
      ASHIFT = 2
      keySet = null
      values = null
    jeeNameToComponentMetaData = class java.util.concurrent.ConcurrentHashMap@179555ab
      serialVersionUID = 7249069246763182397
      MAXIMUM_CAPACITY = 1073741824
      DEFAULT_CAPACITY = 16
      MAX_ARRAY_SIZE = 2147483639
      DEFAULT_CONCURRENCY_LEVEL = 16
      LOAD_FACTOR = 0.75
      TREEIFY_THRESHOLD = 8
      UNTREEIFY_THRESHOLD = 6
      MIN_TREEIFY_CAPACITY = 64
      MIN_TRANSFER_STRIDE = 16
      RESIZE_STAMP_BITS = 16
      MAX_RESIZERS = 65535
      RESIZE_STAMP_SHIFT = 16
      MOVED = -1
      TREEBIN = -2
      RESERVED = -3
      HASH_BITS = 2147483647
      NCPU = 8
      serialPersistentFields = class java.io.ObjectStreamField[3]
      table = class java.util.concurrent.ConcurrentHashMap$Node[16]
      nextTable = null
      baseCount = 0
      sizeCtl = 12
      transferIndex = 0
      cellsBusy = 0
      counterCells = null
      keySet = null
      values = null
      entrySet = null
      U = class sun.misc.Unsafe@3c8e793b
      SIZECTL = 20
      TRANSFERINDEX = 32
      BASECOUNT = 24
      CELLSBUSY = 36
      CELLVALUE = 144
      ABASE = 16
      ASHIFT = 2
      keySet = null
      values = null
    deferredMetaDataFactories = class com.ibm.wsspi.kernel.service.utils.ConcurrentServiceReferenceSet@4ed6ec4d
      referenceName = "deferredMetaDataFactory"
      contextRef = class java.util.concurrent.atomic.AtomicReference@7f21d641
      elementMap = class java.util.LinkedHashMap@7f90bc24
      elementSet = class java.util.concurrent.ConcurrentSkipListSet@76cbfe82
      elementSetUnsorted = false
      serialVersionUID = 756240983881166148
      $$$tc$$$ = class com.ibm.websphere.ras.TraceComponent@7ebcbe11
    deferredMetaDataInitializers = class com.ibm.wsspi.kernel.service.utils.ConcurrentServiceReferenceMap@280b2247
      referenceName = "deferredMetaDataFactory"
      context = class org.apache.felix.scr.impl.manager.ComponentContextImpl@58144266
      elementMap = class java.util.concurrent.ConcurrentHashMap@4c78b66
      serialVersionUID = 6980924785166233786
      $$$tc$$$ = class com.ibm.websphere.ras.TraceComponent@2848832a
    serialVersionUID = -2494605732980966097
    $$$tc$$$ = class com.ibm.websphere.ras.TraceComponent@5fbd2591
      strings[0] = "TraceComponent[com.ibm.ws.container.service.metadata.internal.MetaDataServiceImpl,class com.ibm.ws.container.service.metadata.internal.MetaDataServiceImpl,[Runtime],,null]"
  stateChangeService = class com.ibm.ws.container.service.state.internal.StateChangeServiceImpl@3735936c
    applicationStateManager = class com.ibm.ws.container.service.state.internal.ApplicationStateManager@42696a9f
      serialVersionUID = -6685368059484454124
      $$$tc$$$ = class com.ibm.websphere.ras.TraceComponent@3484af2d
      listeners = class com.ibm.wsspi.kernel.service.utils.ConcurrentServiceReferenceSet@35c8787e
      serialVersionUID = 2284273176985484160
      $$$tc$$$ = class com.ibm.websphere.ras.TraceComponent@6d30e849
    moduleStateManager = class com.ibm.ws.container.service.state.internal.ModuleStateManager@102344ac
      serialVersionUID = -5540260902341249963
      $$$tc$$$ = class com.ibm.websphere.ras.TraceComponent@9b45b4d
      listeners = class com.ibm.wsspi.kernel.service.utils.ConcurrentServiceReferenceSet@bdb4f2d
      serialVersionUID = 2284273176985484160
      $$$tc$$$ = class com.ibm.websphere.ras.TraceComponent@6d30e849
    serialVersionUID = -537917915330350560
    $$$tc$$$ = class com.ibm.websphere.ras.TraceComponent@3b60a678
      strings[0] = "TraceComponent[com.ibm.ws.container.service.state.internal.StateChangeServiceImpl,class com.ibm.ws.container.service.state.internal.StateChangeServiceImpl,[Runtime],,null]"
  moduleClassesInfo = class com.ibm.ws.app.manager.module.internal.SimpleDeployedAppInfoBase$ModuleClassesInfoProvider@7991f08b
    entryContainerInfosMap = class java.util.HashMap@438a1da4
      serialVersionUID = 362498820763181265
      DEFAULT_INITIAL_CAPACITY = 16
      MAXIMUM_CAPACITY = 1073741824
      DEFAULT_LOAD_FACTOR = 0.75
      TREEIFY_THRESHOLD = 8
      UNTREEIFY_THRESHOLD = 6
      MIN_TREEIFY_CAPACITY = 64
      table = null
      entrySet = null
      size = 0
      modCount = 0
      threshold = 0
      loadFactor = 0.75
      keySet = null
      values = null
    serialVersionUID = -70332790531324534
    $$$tc$$$ = class com.ibm.websphere.ras.TraceComponent@10d28ef
      strings[0] = "TraceComponent[com.ibm.ws.app.manager.module.internal.SimpleDeployedAppInfoBase$ModuleClassesInfoProvider,class com.ibm.ws.app.manager.module.internal.SimpleDeployedAppInfoBase$ModuleClassesInfoProvider,[applications, app.manager],,null]"
  moduleContainerInfos = class java.util.ArrayList@66fa59d0
    serialVersionUID = 8683452581122892189
    DEFAULT_CAPACITY = 10
    EMPTY_ELEMENTDATA = class java.lang.Object[0]
    DEFAULTCAPACITY_EMPTY_ELEMENTDATA = class java.lang.Object[0]
    elementData = class java.lang.Object[10]
      elementData[0] = class com.ibm.ws.app.manager.module.internal.SimpleDeployedAppInfoBase$WebModuleContainerInfo@185b81c2
      elementData[1] = null
      elementData[2] = null
      elementData[3] = null
      elementData[4] = null
      elementData[5] = null
      elementData[6] = null
      elementData[7] = null
      elementData[8] = null
      elementData[9] = null
    size = 1
    MAX_ARRAY_SIZE = 2147483639
    modCount = 1
    MAX_ARRAY_SIZE = 2147483639
  activeModuleHandlers = class java.util.IdentityHashMap@33db89ab
    DEFAULT_CAPACITY = 32
    MINIMUM_CAPACITY = 4
    MAXIMUM_CAPACITY = 536870912
    table = class java.lang.Object[16]
      table[0] = null
      table[1] = null
      table[2] = null
      table[3] = null
      table[4] = null
      table[5] = null
      table[6] = null
      table[7] = null
      table[8] = null
      table[9] = null
      table[10] = null
      table[11] = null
      table[12] = null
      table[13] = null
      table[14] = null
      table[15] = null
    size = 0
    modCount = 0
    NULL_KEY = class java.lang.Object@b2772f3
    entrySet = null
    serialVersionUID = 8188218128353913216
    keySet = null
    values = null
  serialVersionUID = 7078125893012250887
  $$$tc$$$ = class com.ibm.websphere.ras.TraceComponent@428b086
    strings[0] = "TraceComponent[com.ibm.ws.app.manager.module.internal.SimpleDeployedAppInfoBase,class com.ibm.ws.app.manager.module.internal.SimpleDeployedAppInfoBase,[applications, app.manager],,null]"

Dump of objectArray[0]
Object type = com.ibm.ws.threading.internal.NonCancelableResultFuture
  _done = false
  _result = null
  _failure = null
  _listeners = class java.util.concurrent.ConcurrentLinkedQueue@61033e94
    serialVersionUID = 196745693267521676
    head = class java.util.concurrent.ConcurrentLinkedQueue$Node@228d7462
      item = null
      next = null
      UNSAFE = class sun.misc.Unsafe@3c8e793b
      itemOffset = 12
      nextOffset = 16
    tail = class java.util.concurrent.ConcurrentLinkedQueue$Node@228d7462
    UNSAFE = class sun.misc.Unsafe@3c8e793b
    headOffset = 12
    tailOffset = 16
    MAX_ARRAY_SIZE = 2147483639
  _notifiedListeners = class java.util.concurrent.atomic.AtomicBoolean@35e96dd8
    serialVersionUID = 4654671469794556979
    unsafe = class sun.misc.Unsafe@3c8e793b
      theUnsafe = class sun.misc.Unsafe@3c8e793b
      INVALID_FIELD_OFFSET = -1
      ARRAY_BOOLEAN_BASE_OFFSET = 16
      ARRAY_BYTE_BASE_OFFSET = 16
      ARRAY_SHORT_BASE_OFFSET = 16
      ARRAY_CHAR_BASE_OFFSET = 16
      ARRAY_INT_BASE_OFFSET = 16
      ARRAY_LONG_BASE_OFFSET = 16
      ARRAY_FLOAT_BASE_OFFSET = 16
      ARRAY_DOUBLE_BASE_OFFSET = 16
      ARRAY_OBJECT_BASE_OFFSET = 16
      ARRAY_BOOLEAN_INDEX_SCALE = 1
      ARRAY_BYTE_INDEX_SCALE = 1
      ARRAY_SHORT_INDEX_SCALE = 2
      ARRAY_CHAR_INDEX_SCALE = 2
      ARRAY_INT_INDEX_SCALE = 4
      ARRAY_LONG_INDEX_SCALE = 8
      ARRAY_FLOAT_INDEX_SCALE = 4
      ARRAY_DOUBLE_INDEX_SCALE = 8
      ARRAY_OBJECT_INDEX_SCALE = 4
      ADDRESS_SIZE = 8
    valueOffset = 12
    value = 0
  serialVersionUID = -296387658814354272
  $$$tc$$$ = class com.ibm.websphere.ras.TraceComponent@3e6ed19d
    strings[0] = "TraceComponent[com.ibm.ws.threading.internal.NonCancelableResultFuture,class com.ibm.ws.threading.internal.NonCancelableResultFuture,[Threading],com.ibm.ws.threading.internal.resources.ThreadingMessages,null]"

