------Start of DE processing------ = [3/8/17 17:40:48:972 CST]
Exception = org.springframework.beans.factory.BeanCreationException
Source = com.ibm.ws.webcontainer.servlet.ServletWrapper.init
probeid = 181
Stack Dump = org.springframework.beans.factory.BeanCreationException: Error creating bean with name 'mainHandler': Injection of autowired dependencies failed; nested exception is org.springframework.beans.factory.BeanCreationException: Could not autowire method: public void mx.org.joe.web.MainHandler.setUserInfoBean(mx.org.joe.web.UserInfoBean); nested exception is org.springframework.beans.factory.BeanCreationException: Error creating bean with name 'userInfoBean': Scope 'request' is not active for the current thread; consider defining a scoped proxy for this bean if you intend to refer to it from a singleton; nested exception is java.lang.IllegalStateException: No thread-bound request found: Are you referring to request attributes outside of an actual web request, or processing a request outside of the originally receiving thread? If you are actually operating within a web request and still receive this message, your code is probably running outside of DispatcherServlet/DispatcherPortlet: In this case, use RequestContextListener or RequestContextFilter to expose the current request.
	at org.springframework.beans.factory.annotation.AutowiredAnnotationBeanPostProcessor.postProcessPropertyValues(AutowiredAnnotationBeanPostProcessor.java:334)
	at org.springframework.beans.factory.support.AbstractAutowireCapableBeanFactory.populateBean(AbstractAutowireCapableBeanFactory.java:1214)
	at org.springframework.beans.factory.support.AbstractAutowireCapableBeanFactory.doCreateBean(AbstractAutowireCapableBeanFactory.java:543)
	at org.springframework.beans.factory.support.AbstractAutowireCapableBeanFactory.createBean(AbstractAutowireCapableBeanFactory.java:482)
	at org.springframework.beans.factory.support.AbstractBeanFactory$1.getObject(AbstractBeanFactory.java:306)
	at org.springframework.beans.factory.support.DefaultSingletonBeanRegistry.getSingleton(DefaultSingletonBeanRegistry.java:230)
	at org.springframework.beans.factory.support.AbstractBeanFactory.doGetBean(AbstractBeanFactory.java:302)
	at org.springframework.beans.factory.support.AbstractBeanFactory.getBean(AbstractBeanFactory.java:197)
	at org.springframework.beans.factory.support.DefaultListableBeanFactory.preInstantiateSingletons(DefaultListableBeanFactory.java:772)
	at org.springframework.context.support.AbstractApplicationContext.finishBeanFactoryInitialization(AbstractApplicationContext.java:838)
	at org.springframework.context.support.AbstractApplicationContext.refresh(AbstractApplicationContext.java:537)
	at org.springframework.web.servlet.FrameworkServlet.configureAndRefreshWebApplicationContext(FrameworkServlet.java:667)
	at org.springframework.web.servlet.FrameworkServlet.createWebApplicationContext(FrameworkServlet.java:633)
	at org.springframework.web.servlet.FrameworkServlet.createWebApplicationContext(FrameworkServlet.java:681)
	at org.springframework.web.servlet.FrameworkServlet.initWebApplicationContext(FrameworkServlet.java:552)
	at org.springframework.web.servlet.FrameworkServlet.initServletBean(FrameworkServlet.java:493)
	at org.springframework.web.servlet.HttpServletBean.init(HttpServletBean.java:136)
	at javax.servlet.GenericServlet.init(GenericServlet.java:244)
	at com.ibm.ws.webcontainer.servlet.ServletWrapper.init(ServletWrapper.java:332)
	at com.ibm.ws.webcontainer.servlet.ServletWrapper.loadOnStartupCheck(ServletWrapper.java:1428)
	at com.ibm.ws.webcontainer.webapp.WebApp.doLoadOnStartupActions(WebApp.java:1197)
	at com.ibm.ws.webcontainer.webapp.WebApp.commonInitializationFinally(WebApp.java:1165)
	at com.ibm.ws.webcontainer.webapp.WebApp.initialize(WebApp.java:1074)
	at com.ibm.ws.webcontainer.webapp.WebApp.initialize(WebApp.java:6562)
	at com.ibm.ws.webcontainer.osgi.DynamicVirtualHost.startWebApp(DynamicVirtualHost.java:468)
	at com.ibm.ws.webcontainer.osgi.DynamicVirtualHost.createRunnableHandler(DynamicVirtualHost.java:266)
	at com.ibm.ws.webcontainer.osgi.DynamicVirtualHost.createRunnableHandler(DynamicVirtualHost.java:331)
	at com.ibm.ws.http.internal.VirtualHostImpl.discriminate(VirtualHostImpl.java:251)
	at com.ibm.ws.http.dispatcher.internal.channel.HttpDispatcherLink.ready(HttpDispatcherLink.java:301)
	at com.ibm.ws.http.channel.internal.inbound.HttpInboundLink.handleDiscrimination(HttpInboundLink.java:471)
	at com.ibm.ws.http.channel.internal.inbound.HttpInboundLink.handleNewRequest(HttpInboundLink.java:405)
	at com.ibm.ws.http.channel.internal.inbound.HttpInboundLink.processRequest(HttpInboundLink.java:285)
	at com.ibm.ws.http.channel.internal.inbound.HttpICLReadCallback.complete(HttpICLReadCallback.java:66)
	at com.ibm.ws.tcpchannel.internal.WorkQueueManager.requestComplete(WorkQueueManager.java:504)
	at com.ibm.ws.tcpchannel.internal.WorkQueueManager.attemptIO(WorkQueueManager.java:574)
	at com.ibm.ws.tcpchannel.internal.WorkQueueManager.workerRun(WorkQueueManager.java:929)
	at com.ibm.ws.tcpchannel.internal.WorkQueueManager$Worker.run(WorkQueueManager.java:1018)
	at java.util.concurrent.ThreadPoolExecutor.runWorker(Unknown Source)
	at java.util.concurrent.ThreadPoolExecutor$Worker.run(Unknown Source)
	at java.lang.Thread.run(Unknown Source)
Caused by: org.springframework.beans.factory.BeanCreationException: Could not autowire method: public void mx.org.joe.web.MainHandler.setUserInfoBean(mx.org.joe.web.UserInfoBean); nested exception is org.springframework.beans.factory.BeanCreationException: Error creating bean with name 'userInfoBean': Scope 'request' is not active for the current thread; consider defining a scoped proxy for this bean if you intend to refer to it from a singleton; nested exception is java.lang.IllegalStateException: No thread-bound request found: Are you referring to request attributes outside of an actual web request, or processing a request outside of the originally receiving thread? If you are actually operating within a web request and still receive this message, your code is probably running outside of DispatcherServlet/DispatcherPortlet: In this case, use RequestContextListener or RequestContextFilter to expose the current request.
	at org.springframework.beans.factory.annotation.AutowiredAnnotationBeanPostProcessor$AutowiredMethodElement.inject(AutowiredAnnotationBeanPostProcessor.java:661)
	at org.springframework.beans.factory.annotation.InjectionMetadata.inject(InjectionMetadata.java:88)
	at org.springframework.beans.factory.annotation.AutowiredAnnotationBeanPostProcessor.postProcessPropertyValues(AutowiredAnnotationBeanPostProcessor.java:331)
	... 39 more
Caused by: org.springframework.beans.factory.BeanCreationException: Error creating bean with name 'userInfoBean': Scope 'request' is not active for the current thread; consider defining a scoped proxy for this bean if you intend to refer to it from a singleton; nested exception is java.lang.IllegalStateException: No thread-bound request found: Are you referring to request attributes outside of an actual web request, or processing a request outside of the originally receiving thread? If you are actually operating within a web request and still receive this message, your code is probably running outside of DispatcherServlet/DispatcherPortlet: In this case, use RequestContextListener or RequestContextFilter to expose the current request.
	at org.springframework.beans.factory.support.AbstractBeanFactory.doGetBean(AbstractBeanFactory.java:355)
	at org.springframework.beans.factory.support.AbstractBeanFactory.getBean(AbstractBeanFactory.java:197)
	at org.springframework.beans.factory.support.DefaultListableBeanFactory.findAutowireCandidates(DefaultListableBeanFactory.java:1192)
	at org.springframework.beans.factory.support.DefaultListableBeanFactory.doResolveDependency(DefaultListableBeanFactory.java:1116)
	at org.springframework.beans.factory.support.DefaultListableBeanFactory.resolveDependency(DefaultListableBeanFactory.java:1014)
	at org.springframework.beans.factory.annotation.AutowiredAnnotationBeanPostProcessor$AutowiredMethodElement.inject(AutowiredAnnotationBeanPostProcessor.java:618)
	... 41 more
Caused by: java.lang.IllegalStateException: No thread-bound request found: Are you referring to request attributes outside of an actual web request, or processing a request outside of the originally receiving thread? If you are actually operating within a web request and still receive this message, your code is probably running outside of DispatcherServlet/DispatcherPortlet: In this case, use RequestContextListener or RequestContextFilter to expose the current request.
	at org.springframework.web.context.request.RequestContextHolder.currentRequestAttributes(RequestContextHolder.java:131)
	at org.springframework.web.context.request.AbstractRequestAttributesScope.get(AbstractRequestAttributesScope.java:41)
	at org.springframework.beans.factory.support.AbstractBeanFactory.doGetBean(AbstractBeanFactory.java:340)
	... 46 more

Dump of callerThis
Object type = com.ibm.ws.webcontainer.osgi.servlet.ServletWrapper
  serialVersionUID = 1
  _mo = class com.ibm.ws.managedobject.internal.ManagedObjectImpl@720b84a
    object = "<sensitive org.springframework.web.servlet.DispatcherServlet@49432ee7>"
    serialVersionUID = -5603642874755101089
    $$$tc$$$ = class com.ibm.websphere.ras.TraceComponent@3c13d510
      strings[0] = "TraceComponent[com.ibm.ws.managedobject.internal.ManagedObjectImpl,class com.ibm.ws.managedobject.internal.ManagedObjectImpl,[],null,null]"
  serialVersionUID = -4479626085298397598
  notifyInvocationListeners = false
  UNINITIALIZED_STATE = -1
  AVAILABLE_STATE = 0
  UNAVAILABLE_STATE = 1
  UNAVAILABLE_PERMANENTLY_STATE = 2
  collabHelper = class com.ibm.ws.webcontainer.osgi.collaborator.CollaboratorHelperImpl@25fc9aad
    webAppInvCollabs = class java.util.Collections$UnmodifiableSet@4f46cde5
      serialVersionUID = -9215047833775013803
      serialVersionUID = 1820017752578914078
      c = class java.util.concurrent.CopyOnWriteArraySet@2ec08773
    securityDomainForApp = null
    logger = class com.ibm.ws.logging.internal.WsLogger@722629f9
    staticDefaultSecurityCollaborator = class com.ibm.ws.webcontainer.collaborator.WebAppSecurityCollaborator@13deb2f5
    logger = class com.ibm.ws.logging.internal.WsLogger@400f34cf
      tc = class com.ibm.websphere.ras.TraceComponent@5ca1ec2d
      ivCachedResourceBundleName = null
      ivCachedResourceBundle = null
      ivComponent = null
      ivOrganization = null
      ivProduct = null
      ivMinimumLocalizationLevelIntValue = 625
      ivTC = class com.ibm.websphere.ras.TraceComponent@4b980082
      loggerRegistrationComponent = class java.lang.ThreadLocal@33b6e726
      emptyHandlers = class java.util.logging.Handler[0]
      offValue = 2147483647
      SYSTEM_LOGGER_RB_NAME = "sun.util.logging.resources.logging"
      SYSTEM_BUNDLE = class java.util.logging.Logger$LoggerBundle@1acb9326
      NO_RESOURCE_BUNDLE = class java.util.logging.Logger$LoggerBundle@39c0e70e
      manager = class com.ibm.ws.kernel.boot.logging.WsLogManager@3d4bb8c7
      name = "com.ibm.wsspi.webcontainer.collaborator"
      handlers = class java.util.concurrent.CopyOnWriteArrayList@191ccc9f
      loggerBundle = class java.util.logging.Logger$LoggerBundle@15fba447
      useParentHandlers = true
      filter = null
      anonymous = false
      catalog = class com.ibm.ws.webcontainer.resources.Messages_es@30699beb
      catalogName = "com.ibm.ws.webcontainer.resources.Messages"
      catalogLocale = class java.util.Locale@2dd3ff82
      treeLock = class java.lang.Object@4d3ee77f
      parent = class com.ibm.ws.logging.internal.WsLogger@782842ca
      kids = null
      levelObject = class java.util.logging.Level@2c12f2db
      levelValue = 800
      callersClassLoaderRef = class java.lang.ref.WeakReference@7af0164
      isSystemLogger = false
      GLOBAL_LOGGER_NAME = "global"
      global = class java.util.logging.Logger@24302e95
      $assertionsDisabled = true
    CLASS_NAME = "com.ibm.wsspi.webcontainer.collaborator.CollaboratorHelper"
    webApp = class com.ibm.ws.webcontainer31.osgi.webapp.WebApp31@6622de3
    securityCollaborator = class com.ibm.ws.webcontainer.collaborator.WebAppSecurityCollaborator@13deb2f5
    nameSpaceCollaborator = class com.ibm.ws.webcontainer.osgi.collaborator.WebAppNameSpaceCollaboratorImpl@ab46b97
    transactionCollaborator = class com.ibm.ws.webcontainer.collaborator.WebAppTransactionCollaborator@5ad05830
    connectionCollaborator = class com.ibm.ws.webcontainer.collaborator.ConnectionCollaborator@d48f086
    allCollabEnum = class java.util.RegularEnumSet@3a5b4d6
      serialVersionUID = 3411599620347842686
      elements = 511
      elementType = class java.lang.Class@930a087
      universe = class com.ibm.wsspi.webcontainer.collaborator.CollaboratorInvocationEnum[9]
      ZERO_LENGTH_ENUM_ARRAY = class java.lang.Enum[0]
      MAX_ARRAY_SIZE = 2147483639
    servlet_23_or_greater = true
    DEFER_SERVLET_REQUEST_LISTENER_DESTROY_ON_ERROR = false
  nServicing = class java.util.concurrent.atomic.AtomicInteger@fa05b6
    serialVersionUID = 6214790243416807050
    unsafe = class sun.misc.Unsafe@1be7720b
      theUnsafe = class sun.misc.Unsafe@1be7720b
      INVALID_FIELD_OFFSET = -1
      ARRAY_BOOLEAN_BASE_OFFSET = 16
      ARRAY_BYTE_BASE_OFFSET = 16
      ARRAY_SHORT_BASE_OFFSET = 16
      ARRAY_CHAR_BASE_OFFSET = 16
      ARRAY_INT_BASE_OFFSET = 16
      ARRAY_LONG_BASE_OFFSET = 16
      ARRAY_FLOAT_BASE_OFFSET = 16
      ARRAY_DOUBLE_BASE_OFFSET = 16
      ARRAY_OBJECT_BASE_OFFSET = 16
      ARRAY_BOOLEAN_INDEX_SCALE = 1
      ARRAY_BYTE_INDEX_SCALE = 1
      ARRAY_SHORT_INDEX_SCALE = 2
      ARRAY_CHAR_INDEX_SCALE = 2
      ARRAY_INT_INDEX_SCALE = 4
      ARRAY_LONG_INDEX_SCALE = 8
      ARRAY_FLOAT_INDEX_SCALE = 4
      ARRAY_DOUBLE_INDEX_SCALE = 8
      ARRAY_OBJECT_INDEX_SCALE = 4
      ADDRESS_SIZE = 8
    valueOffset = 12
    value = 0
    serialVersionUID = -8742448824652078965
  lastAccessTime = 1489016448274
  state = -1
  logger = class com.ibm.ws.logging.internal.WsLogger@469a5b76
    tc = class com.ibm.websphere.ras.TraceComponent@5ca1ec2d
      strings[0] = "TraceComponent[com.ibm.ws.logging.internal.WsLogger,class com.ibm.ws.logging.internal.WsLogger,[logging],com.ibm.ws.logging.internal.resources.LoggingMessages,null]"
    ivCachedResourceBundleName = "com.ibm.ws.webcontainer.resources.Messages"
    ivCachedResourceBundle = class com.ibm.ws.webcontainer.resources.Messages_es@a553fbe
      resources = class [Ljava.lang.Object;[332]
      lookup = class java.util.HashMap@74424b72
      INITIAL_CACHE_SIZE = 32
      NONEXISTENT_BUNDLE = class java.util.ResourceBundle$1@15fd2485
      cacheList = class java.util.concurrent.ConcurrentHashMap@277f09e8
      referenceQueue = class java.lang.ref.ReferenceQueue@23343310
      parent = class com.ibm.ws.webcontainer.resources.Messages@25a5df1a
      locale = class java.util.Locale@17c72a7b
      name = "com.ibm.ws.webcontainer.resources.Messages"
      expired = false
      cacheKey = class java.util.ResourceBundle$CacheKey@156e7114
      keySet = null
      providers = null
      $assertionsDisabled = true
    ivComponent = null
    ivOrganization = null
    ivProduct = null
    ivMinimumLocalizationLevelIntValue = 625
    ivTC = class com.ibm.websphere.ras.TraceComponent@7297dea6
      strings[0] = "TraceComponent[com.ibm.ws.webcontainer.servlet,class com.ibm.wsspi.webcontainer.logging.LoggerFactory$1,[com.ibm.ws.webcontainer.servlet],null,null]"
    loggerRegistrationComponent = class java.lang.ThreadLocal@33b6e726
      threadLocalHashCode = -978983473
      nextHashCode = class java.util.concurrent.atomic.AtomicInteger@351e3117
      HASH_INCREMENT = 1640531527
    emptyHandlers = class java.util.logging.Handler[0]
    offValue = 2147483647
    SYSTEM_LOGGER_RB_NAME = "sun.util.logging.resources.logging"
    SYSTEM_BUNDLE = class java.util.logging.Logger$LoggerBundle@1acb9326
      resourceBundleName = "sun.util.logging.resources.logging"
      userBundle = null
    NO_RESOURCE_BUNDLE = class java.util.logging.Logger$LoggerBundle@39c0e70e
      resourceBundleName = null
      userBundle = null
    manager = class com.ibm.ws.kernel.boot.logging.WsLogManager@3d4bb8c7
      CLASS_NAME = "com.ibm.ws.kernel.boot.logging.WsLogManager"
      CONFIGURE_BY_SERVER_PROPERTY_NAME = "java.util.logging.configureByServer"
      CONFIGURE_BY_LOGGING_PROPERTIES_FILE = "java.util.logging.configureByLoggingPropertiesFile"
      configureByServer = true
      configureByLoggingProperties = false
      wsLogger = class java.lang.reflect.Constructor@6ccda43c
      resetEnabled = true
      manager = class com.ibm.ws.kernel.boot.logging.WsLogManager@3d4bb8c7
      props = class java.util.Properties@e9f59a8
      defaultLevel = class java.util.logging.Level@2c12f2db
      listenerMap = class java.util.HashMap@3b2f8422
      systemContext = class java.util.logging.LogManager$SystemLoggerContext@3ac22b3f
      userContext = class java.util.logging.LogManager$LoggerContext@6b97e97b
      rootLogger = class java.util.logging.LogManager$RootLogger@1f31bfb8
      readPrimordialConfiguration = true
      initializedGlobalHandlers = true
      deathImminent = false
      initializedCalled = true
      initializationDone = true
      contextsMap = null
      loggerRefQueue = class java.lang.ref.ReferenceQueue@587826e8
      MAX_ITERATIONS = 400
      controlPermission = class java.util.logging.LoggingPermission@73c8650b
      loggingMXBean = null
      LOGGING_MXBEAN_NAME = "java.util.logging:type=Logging"
      $assertionsDisabled = true
    name = "com.ibm.ws.webcontainer.servlet"
    handlers = class java.util.concurrent.CopyOnWriteArrayList@5581794c
      serialVersionUID = 8673264195747942595
      lock = class java.util.concurrent.locks.ReentrantLock@4beeba9
      array = class java.lang.Object[0]
      UNSAFE = class sun.misc.Unsafe@1be7720b
      lockOffset = 12
    loggerBundle = class java.util.logging.Logger$LoggerBundle@13158279
      resourceBundleName = "com.ibm.ws.webcontainer.resources.Messages"
      userBundle = null
    useParentHandlers = true
    filter = null
    anonymous = false
    catalog = class com.ibm.ws.webcontainer.resources.Messages_es@a553fbe
    catalogName = "com.ibm.ws.webcontainer.resources.Messages"
    catalogLocale = class java.util.Locale@2dd3ff82
      LOCALECACHE = class java.util.Locale$Cache@191c27b
      ENGLISH = class java.util.Locale@6d7c7545
      FRENCH = class java.util.Locale@4b245a0a
      GERMAN = class java.util.Locale@21d5562c
      ITALIAN = class java.util.Locale@2ed8da77
      JAPANESE = class java.util.Locale@208054b4
      KOREAN = class java.util.Locale@499dbea4
      CHINESE = class java.util.Locale@42f2e58d
      SIMPLIFIED_CHINESE = class java.util.Locale@2a1184c6
      TRADITIONAL_CHINESE = class java.util.Locale@89640c4
      FRANCE = class java.util.Locale@2c5ab7ec
      GERMANY = class java.util.Locale@7951f167
      ITALY = class java.util.Locale@5f407d3f
      JAPAN = class java.util.Locale@656a8673
      KOREA = class java.util.Locale@1cf6a8e5
      CHINA = class java.util.Locale@2a1184c6
      PRC = class java.util.Locale@2a1184c6
      TAIWAN = class java.util.Locale@89640c4
      UK = class java.util.Locale@6adaa8d5
      US = class java.util.Locale@362f8934
      CANADA = class java.util.Locale@7c7c89c
      CANADA_FRENCH = class java.util.Locale@2e5fe901
      ROOT = class java.util.Locale@19ff0a97
      PRIVATE_USE_EXTENSION = x
      UNICODE_LOCALE_EXTENSION = u
      serialVersionUID = 9149081749638150636
      DISPLAY_LANGUAGE = 0
      DISPLAY_COUNTRY = 1
      DISPLAY_VARIANT = 2
      DISPLAY_SCRIPT = 3
      baseLocale = class sun.util.locale.BaseLocale@117c601f
      localeExtensions = null
      hashCodeValue = 96770468
      defaultLocale = class java.util.Locale@2dd3ff82
      defaultDisplayLocale = null
      defaultFormatLocale = class java.util.Locale@362f8934
      languageTag = "es-ES"
      serialPersistentFields = class java.io.ObjectStreamField[6]
      isoLanguages = null
      isoCountries = null
      $assertionsDisabled = true
    treeLock = class java.lang.Object@4d3ee77f
    parent = class com.ibm.ws.logging.internal.WsLogger@132bac8d
      tc = class com.ibm.websphere.ras.TraceComponent@5ca1ec2d
      ivCachedResourceBundleName = "com.ibm.ws.webcontainer.resources.Messages"
      ivCachedResourceBundle = class com.ibm.ws.webcontainer.resources.Messages_es@a553fbe
      ivComponent = null
      ivOrganization = null
      ivProduct = null
      ivMinimumLocalizationLevelIntValue = 625
      ivTC = class com.ibm.websphere.ras.TraceComponent@4a7d12de
      loggerRegistrationComponent = class java.lang.ThreadLocal@33b6e726
      emptyHandlers = class java.util.logging.Handler[0]
      offValue = 2147483647
      SYSTEM_LOGGER_RB_NAME = "sun.util.logging.resources.logging"
      SYSTEM_BUNDLE = class java.util.logging.Logger$LoggerBundle@1acb9326
      NO_RESOURCE_BUNDLE = class java.util.logging.Logger$LoggerBundle@39c0e70e
      manager = class com.ibm.ws.kernel.boot.logging.WsLogManager@3d4bb8c7
      name = "com.ibm.ws.webcontainer"
      handlers = class java.util.concurrent.CopyOnWriteArrayList@bcf7351
      loggerBundle = class java.util.logging.Logger$LoggerBundle@d17a258
      useParentHandlers = true
      filter = null
      anonymous = false
      catalog = class com.ibm.ws.webcontainer.resources.Messages_es@a553fbe
      catalogName = "com.ibm.ws.webcontainer.resources.Messages"
      catalogLocale = class java.util.Locale@2dd3ff82
      treeLock = class java.lang.Object@4d3ee77f
      parent = class java.util.logging.Logger@6810cb9
      kids = class java.util.ArrayList@3fd9387
      levelObject = class java.util.logging.Level@2c12f2db
      levelValue = 800
      callersClassLoaderRef = class java.lang.ref.WeakReference@2e7a9666
      isSystemLogger = false
      GLOBAL_LOGGER_NAME = "global"
      global = class java.util.logging.Logger@24302e95
      $assertionsDisabled = true
    kids = null
    levelObject = class java.util.logging.Level@2c12f2db
      defaultBundle = "sun.util.logging.resources.logging"
      name = "INFO"
      value = 800
      resourceBundleName = "sun.util.logging.resources.logging"
      localizedLevelName = "INFORMACIÓN"
      cachedLocale = class java.util.Locale@2dd3ff82
      OFF = class java.util.logging.Level@49369f1a
      SEVERE = class java.util.logging.Level@c2a8843
      WARNING = class java.util.logging.Level@3a58a60f
      INFO = class java.util.logging.Level@2c12f2db
      CONFIG = class java.util.logging.Level@66386df
      FINE = class java.util.logging.Level@7bd00746
      FINER = class java.util.logging.Level@23e0f0ef
      FINEST = class java.util.logging.Level@5c774242
      ALL = class java.util.logging.Level@4638726d
      serialVersionUID = -8176160795706313070
    levelValue = 800
    callersClassLoaderRef = class java.lang.ref.WeakReference@1e0f2734
      referent = class org.eclipse.osgi.internal.loader.EquinoxClassLoader@7bbd8b2b
      queue = class java.lang.ref.ReferenceQueue$Null@687b6b86
      next = null
      discovered = null
      lock = class java.lang.ref.Reference$Lock@45d01d6e
      pending = null
    isSystemLogger = false
    GLOBAL_LOGGER_NAME = "global"
    global = class java.util.logging.Logger@24302e95
      emptyHandlers = class java.util.logging.Handler[0]
      offValue = 2147483647
      SYSTEM_LOGGER_RB_NAME = "sun.util.logging.resources.logging"
      SYSTEM_BUNDLE = class java.util.logging.Logger$LoggerBundle@1acb9326
      NO_RESOURCE_BUNDLE = class java.util.logging.Logger$LoggerBundle@39c0e70e
      manager = class com.ibm.ws.kernel.boot.logging.WsLogManager@3d4bb8c7
      name = "global"
      handlers = class java.util.concurrent.CopyOnWriteArrayList@4da97efe
      loggerBundle = class java.util.logging.Logger$LoggerBundle@39c0e70e
      useParentHandlers = true
      filter = null
      anonymous = false
      catalog = null
      catalogName = null
      catalogLocale = null
      treeLock = class java.lang.Object@4d3ee77f
      parent = class java.util.logging.Logger@6810cb9
      kids = null
      levelObject = null
      levelValue = 800
      callersClassLoaderRef = null
      isSystemLogger = true
      GLOBAL_LOGGER_NAME = "global"
      global = class java.util.logging.Logger@24302e95
      $assertionsDisabled = true
    $assertionsDisabled = true
  CLASS_NAME = "com.ibm.ws.webcontainer.servlet.ServletWrapper"
  nls = class com.ibm.ejs.ras.TraceNLS@3d87b201
    resolver = class com.ibm.ws.logging.internal.TraceNLSResolver@18ff3cd4
      tc = class com.ibm.websphere.ras.TraceComponent@1edf1c96
      DEBUG_TRACE_NLS_PROPERTY = "com.ibm.ejs.ras.debugTraceNLSResolver"
      debugTraceNLSResolver = false
      makeNoise = false
      nullKey = "null"
      svNullBundleName = "Resource Bundle name is null, key = {0}"
      svBundleNotLoaded = "Unable to load ResourceBundle {0}"
      svNullKeyMessage = "Null key passed while using ResourceBundle {0}"
      svMalformedMessage = "No message text associated with key {0} in bundle {1}"
    finder = null
    ivBundleName = "com.ibm.ws.webcontainer.resources.Messages"
    caller = class java.lang.Class@231b1fa3
      ANNOTATION = 8192
      ENUM = 16384
      SYNTHETIC = 4096
      cachedConstructor = null
      newInstanceCallerCache = null
      name = null
      allPermDomain = class java.security.ProtectionDomain@57e0a0dc
      useCaches = true
      reflectionData = class java.lang.ref.SoftReference@281646a8
      classRedefinedCount = 0
      genericInfo = null
      serialVersionUID = 3206093459760846163
      serialPersistentFields = class java.io.ObjectStreamField[0]
      reflectionFactory = class sun.reflect.ReflectionFactory@1c18d695
      initted = true
      enumConstants = null
      enumConstantDirectory = null
      annotationData = class java.lang.Class$AnnotationData@6702442e
      annotationType = null
      classValueMap = null
  servletConfig = class com.ibm.ws.webcontainer.servlet.ServletConfig@4b233d21
    logger = class com.ibm.ws.logging.internal.WsLogger@469a5b76
    CLASS_NAME = "com.ibm.ws.webcontainer.servlet.ServletConfig"
    nls = class com.ibm.ejs.ras.TraceNLS@2a887d96
      resolver = class com.ibm.ws.logging.internal.TraceNLSResolver@18ff3cd4
      finder = null
      ivBundleName = "com.ibm.ws.webcontainer.resources.Messages"
      caller = class java.lang.Class@193b7270
    liberty_nls = class com.ibm.ejs.ras.TraceNLS@646276ba
      resolver = class com.ibm.ws.logging.internal.TraceNLSResolver@18ff3cd4
      finder = null
      ivBundleName = "com.ibm.ws.webcontainer.resources.LShimMessages"
      caller = class java.lang.Class@193b7270
    enabled = true
    servletName = "mvc-dispatcher"
    className = "org.springframework.web.servlet.DispatcherServlet"
    mappings = class java.util.ArrayList@740c99ff
      serialVersionUID = 8683452581122892189
      DEFAULT_CAPACITY = 10
      EMPTY_ELEMENTDATA = class java.lang.Object[0]
      DEFAULTCAPACITY_EMPTY_ELEMENTDATA = class java.lang.Object[0]
      elementData = class java.lang.Object[10]
      size = 5
      MAX_ARRAY_SIZE = 2147483639
      modCount = 5
      MAX_ARRAY_SIZE = 2147483639
    startUpWeight = 1
    DEFAULT_STARTUP = -1
    isCachingEnabled = true
    isStatisticsEnabled = true
    isInternal = false
    metaData = class com.ibm.ws.webcontainer.osgi.metadata.WebComponentMetaDataImpl@3df7ed04
      j2eeName = class com.ibm.ws.container.service.metadata.internal.J2EENameImpl@2052c35
      webModuleMetaData = class com.ibm.ws.webcontainer.osgi.metadata.WebModuleMetaDataImpl@65f19c7f
      mBeanServiceReg = null
      tc = class com.ibm.websphere.ras.TraceComponent@4cbb4ca3
      NUM_STATIC_SLOTS = 4
      ID_UNINITIALIZED = -1
      id = 2
      metaDataInterface = class java.lang.Class@74e243f9
      staticSlots = class java.lang.Object[4]
      dynamicSlots = null
    singleThreadModelServlet = false
    isJsp = false
    webAppConfig = class com.ibm.ws.webcontainer.osgi.webapp.WebAppConfiguration@31249e96
    servletWrapper = class com.ibm.ws.webcontainer.osgi.servlet.ServletWrapper@52c32a32
    servletClass = null
    servlet = null
    addedToLoadOnStartup = true
    previousWeight = null
    multipartConfig = null
    multipartConfigBaseLocation = null
    runAsRole = null
    servletSecurityElement = null
    declareRolesAnnotation = null
    logger = class com.ibm.ws.logging.internal.WsLogger@469a5b76
    CLASS_NAME = "com.ibm.ws.webcontainer.servlet.TargetConfig"
    initParams = class java.util.HashMap@174d94e7
      serialVersionUID = 362498820763181265
      DEFAULT_INITIAL_CAPACITY = 16
      MAXIMUM_CAPACITY = 1073741824
      DEFAULT_LOAD_FACTOR = 0.75
      TREEIFY_THRESHOLD = 8
      UNTREEIFY_THRESHOLD = 6
      MIN_TREEIFY_CAPACITY = 64
      table = class java.util.HashMap$Node[16]
      entrySet = null
      size = 1
      modCount = 1
      threshold = 12
      loadFactor = 0.75
      keySet = class java.util.HashMap$KeySet@692dee2e
      values = null
    fileName = null
    displayName = null
    name = "mvc-dispatcher"
    description = null
    smallIcon = null
    largeIcon = null
    context = class com.ibm.ws.webcontainer31.facade.ServletContextFacade31@aaa7d51
    className = null
    asyncSupported = false
    _id = "ServletGeneratedId1"
    _attributes = null
    serialVersionUID = 7511545662945734886
    $$$tc$$$ = class com.ibm.websphere.ras.TraceComponent@1410a322
      strings[0] = "TraceComponent[com.ibm.ws.container.BaseConfiguration,class com.ibm.ws.container.BaseConfiguration,[],null,null]"
  context = class com.ibm.ws.webcontainer31.osgi.webapp.WebApp31@6622de3
    tc = class com.ibm.websphere.ras.TraceComponent@2d8db139
      strings[0] = "TraceComponent[com.ibm.ws.webcontainer31.osgi.webapp.WebApp31,class com.ibm.ws.webcontainer31.osgi.webapp.WebApp31,[webcontainer],com.ibm.ws.webcontainer31.resources.Messages,null]"
    CLASS_NAME = "com.ibm.ws.webcontainer31.osgi.webapp.WebApp31"
    servlet31NLS = class com.ibm.ejs.ras.TraceNLS@6a59db27
      resolver = class com.ibm.ws.logging.internal.TraceNLSResolver@18ff3cd4
      finder = null
      ivBundleName = "com.ibm.ws.webcontainer31.resources.Messages"
      caller = class java.lang.Class@5951bfe8
    validListenerClasses = class java.lang.Class[7]
      validListenerClasses[0] = class java.lang.Class@1fe1e8fc
      validListenerClasses[1] = class java.lang.Class@6a9b018
      validListenerClasses[2] = class java.lang.Class@1a71cef1
      validListenerClasses[3] = class java.lang.Class@17a667f2
      validListenerClasses[4] = class java.lang.Class@790dbf2
      validListenerClasses[5] = class java.lang.Class@4cf28268
      validListenerClasses[6] = class java.lang.Class@5860cb41
    wsocServHandler = null
    tc = class com.ibm.websphere.ras.TraceComponent@7ac4df28
      strings[0] = "TraceComponent[com.ibm.ws.webcontainer.osgi.webapp.WebApp,class com.ibm.ws.webcontainer.osgi.webapp.WebApp,[webcontainer],com.ibm.ws.webcontainer.resources.LShimMessages,null]"
    CLASS_NAME = "com.ibm.ws.webcontainer.osgi.webapp.WebApp"
    metaDataService = class com.ibm.ws.container.service.metadata.internal.MetaDataServiceImpl@4c384210
      applicationMetaDataManager = class com.ibm.ws.container.service.metadata.internal.ApplicationMetaDataManager@16c577
      moduleMetaDataManager = class com.ibm.ws.container.service.metadata.internal.ModuleMetaDataManager@2f706da3
      componentMetaDataManager = class com.ibm.ws.container.service.metadata.internal.ComponentMetaDataManager@1c62616d
      methodMetaDataManager = class com.ibm.ws.container.service.metadata.internal.MethodMetaDataManager@3a38e144
      appModuleNameToModuleContainer = class java.util.concurrent.ConcurrentHashMap@cb3b609
      jeeNameToComponentMetaData = class java.util.concurrent.ConcurrentHashMap@2002df49
      deferredMetaDataFactories = class com.ibm.wsspi.kernel.service.utils.ConcurrentServiceReferenceSet@2f64ab2d
      deferredMetaDataInitializers = class com.ibm.wsspi.kernel.service.utils.ConcurrentServiceReferenceMap@522b4d44
      serialVersionUID = -2494605732980966097
      $$$tc$$$ = class com.ibm.websphere.ras.TraceComponent@51942c0
    namespacePopulated = false
    referenceContext = class com.ibm.ws.injectionengine.osgi.internal.OSGiReferenceContextImpl@15e46ac
      scopeData = class com.ibm.ws.injectionengine.osgi.internal.OSGiInjectionScopeData@52dca4a2
      serialVersionUID = 521511923892134915
      $$$tc$$$ = class com.ibm.websphere.ras.TraceComponent@454f638c
      CLASS_NAME = "com.ibm.ws.injectionengine.ReferenceContextImpl"
      tc = class com.ibm.ejs.ras.TraceComponent@12744253
      ivInjectionEngine = class com.ibm.ws.injectionengine.osgi.internal.OSGiInjectionEngineImpl@9701233
      ivProviders = class java.util.ArrayList@129c8cf1
      ivComponentJavaContext = null
      ivComponentNameSpace = null
      ivJavaColonCompEnvMap = class java.util.LinkedHashMap@9f62882
      ivEjbContext10 = class java.util.Properties@6cf85535
      ivResourceRefConfigList = null
      isAlreadyProcessed = true
      ivProcessFailure = null
      ivInjectionTargetMap = class java.util.concurrent.ConcurrentHashMap@7b6d565f
      ivDeclaredInjectionTargets = class java.util.HashMap@de0b6c7
      ivProcessedInjectionClasses = class java.util.HashSet@356a2dc1
      ivProcessedInjectionBindings = class java.util.ArrayList@1b9597a4
      ivAnyProcessDynamic = false
      ivCheckAppConfig = false
    j2eeNameFactory = class com.ibm.ws.container.service.metadata.internal.J2EENameFactoryImpl@681c2853
      serialVersionUID = 3486344295038028821
      $$$tc$$$ = class com.ibm.websphere.ras.TraceComponent@386ee224
    moduleLoader = class com.ibm.ws.classloading.internal.AppClassLoader@77cbef8a
      tc = class com.ibm.websphere.ras.TraceComponent@67ee13a6
      PARENT_FIRST_SEARCH_ORDER = class java.util.Collections$UnmodifiableRandomAccessList@722caa16
      CLASS_LOADING_TRACE_PREFIX = "com.ibm.ws.class.load."
      DEFAULT_PACKAGE = "default.package"
      perPackageClassLoadingTraceComponents = class java.util.concurrent.ConcurrentHashMap@4b76483b
      config = class com.ibm.ws.classloading.internal.ClassLoaderConfigurationImpl@58d78d0a
      privateLibraries = null
      delegateLoaders = class com.ibm.ws.classloading.internal.util.CompositeIterable@3cf8f085
      nativeLibraryFiles = class java.util.ArrayList@25892e87
      transformers = class java.util.ArrayList@5c478d9d
      apiAccess = class com.ibm.ws.classloading.internal.GatewayClassLoader@140e5e66
      generator = class com.ibm.ws.classloading.internal.ClassGeneratorManager@166a112b
      protectionDomains = class java.util.concurrent.ConcurrentHashMap@389cf4c2
      parent = class com.ibm.ws.classloading.internal.GatewayClassLoader@140e5e66
      serialVersionUID = -2240525179349384666
      tc = class com.ibm.websphere.ras.TraceComponent@44b77f44
      EMPTY_URL_ARRAY = class java.net.URL[0]
      smartClassPath = class com.ibm.ws.classloading.internal.ContainerClassLoader$SmartClassPathImpl@439b478c
      nativeLibraryContainers = class java.util.ArrayList@2f0ab46e
      redefiner = class com.ibm.ws.classloading.internal.util.ClassRedefiner@129ffce6
      mapCreationQueue = class java.util.concurrent.Executors$FinalizableDelegatedExecutorService@1066ef53
      serialVersionUID = 7249739282446266343
      serialVersionUID = -7411549862368381758
      $$$tc$$$ = class com.ibm.websphere.ras.TraceComponent@380f15a8
      serialVersionUID = -4868702105808481416
      $$$tc$$$ = class com.ibm.websphere.ras.TraceComponent@7bafd869
      serialVersionUID = 2596921220292114344
      $$$tc$$$ = class com.ibm.websphere.ras.TraceComponent@38e09e0e
      initialized = true
      pdcache = class java.util.HashMap@4fc1ef77
      debug = null
      parent = class com.ibm.ws.classloading.internal.GatewayClassLoader@140e5e66
      parallelLockMap = null
      package2certs = class java.util.Hashtable@10a438a9
      nocerts = class java.security.cert.Certificate[0]
      classes = class java.util.Vector@91aba16
      defaultDomain = class java.security.ProtectionDomain@7349d69f
      domains = class java.util.HashSet@33b325d6
      packages = class java.util.HashMap@2e32279
      scl = class sun.misc.Launcher$AppClassLoader@18b4aac2
      sclSet = true
      loadedLibraryNames = class java.util.Vector@702e6b51
      systemNativeLibraries = class java.util.Vector@357227e9
      nativeLibraries = class java.util.Vector@5ef5f239
      nativeLibraryContext = class java.util.Stack@438c4580
      usr_paths = class java.lang.String[41]
      sys_paths = class java.lang.String[1]
      assertionLock = class com.ibm.ws.classloading.internal.AppClassLoader@77cbef8a
      defaultAssertionStatus = false
      packageAssertionStatus = null
      classAssertionStatus = null
    webAppConfig = class com.ibm.ws.webcontainer.osgi.webapp.WebAppConfiguration@31249e96
      webModuleMetaData = class com.ibm.ws.webcontainer.osgi.metadata.WebModuleMetaDataImpl@65f19c7f
      webComponentMetaData = class com.ibm.ws.webcontainer.osgi.metadata.WebComponentMetaDataImpl@60d0a615
      dVirtualHost = class com.ibm.ws.webcontainer.osgi.DynamicVirtualHost@2564379b
      orderedLibPaths = class java.util.Collections$UnmodifiableRandomAccessList@40ac6902
      bundleHeaders = null
      cdiEnabled = false
      CLASS_NAME = "com.ibm.ws.webcontainer.webapp.WebAppConfiguration"
      logger = class com.ibm.ws.logging.internal.WsLogger@678132c3
      tc = class com.ibm.websphere.ras.TraceComponent@2f8c3308
      nls = class com.ibm.ejs.ras.TraceNLS@6a703a8a
      version = 31
      contextRoot = "/SpringTest"
      sessionTimeout = 0
      moduleSessionTimeoutSet = false
      moduleSessionTrackingModeSet = false
      sessionCookieConfig = class com.ibm.ws.session.SessionCookieConfigImpl@b17b28b
      hasProgrammaticCookieConfig = false
      sessionDefaultTrackingModeSet = class java.util.RegularEnumSet@30ed08c2
      sessionManagerConfig = class com.ibm.ws.session.SessionManagerConfig@d931b48
      displayName = "Spring2Project"
      description = null
      reloadInterval = 0
      distributable = false
      denyUncoveredHttpMethods = false
      reloadingEnabled = false
      serveServletsByClassnameEnabled = null
      defaultErrorPage = null
      additionalClassPath = null
      fileServingEnabled = null
      directoryBrowsingEnabled = null
      autoRequestEncoding = false
      autoResponseEncoding = false
      autoLoadFilters = false
      requestListeners = null
      requestAttributeListeners = null
      sessionListeners = null
      localeMap = null
      moduleName = "SpringTest"
      j2eeModuleName = "SpringTest.war"
      moduleId = null
      isSyncToThreadEnabled = false
      encodeDispatchedRequestURI = false
      isSystemApp = false
      ardEnabled = false
      ardDispatchType = null
      listeners = class java.util.ArrayList@591678c4
      welcomeFileList = class java.util.ArrayList@3c938dfd
      servletMappings = class java.util.HashMap@aa6f30e
      lastIndexBeforeDeclaredFilters = 0
      filterMappings = class java.util.ArrayList@52554180
      servletInfo = class java.util.HashMap@38efc356
      filterInfo = class java.util.HashMap@18335dd3
      mimeMappings = class java.util.HashMap@2530e358
      mimeFilters = null
      isMimeFilteringEnabled = false
      theWebGroup = null
      jspAttributes = class java.util.HashMap@5d91ff3f
      fileServingAttributes = class java.util.HashMap@1b2262a8
      invokerAttributes = class java.util.HashMap@197d69da
      contextParams = class java.util.HashMap@3bf5638e
      virtualHost = "default_host"
      exceptionErrorPages = class java.util.HashMap@69cf1bc8
      codeErrorPages = class java.util.HashMap@6170137b
      tagLibList = null
      precompileJsps = false
      webApp = class com.ibm.ws.webcontainer31.osgi.webapp.WebApp31@6622de3
      virtualHostList = class java.util.Collections$EmptyList@59c63ded
      appStartupWeight = 0
      moduleStartupWeight = 0
      metaDataComplete = false
      classesToScan = class java.util.ArrayList@13b19536
      uriFilterMappingInfos = null
      servletFilterMappingInfos = null
      dynamicServletRegistrationMap = null
      applicationName = "SpringTest"
      libBinPathList = null
      webXmlDefinedListeners = class java.util.HashSet@3487ddd
      allRefs = class java.util.EnumMap@12c82727
      allRefBindings = class java.util.EnumMap@73c205ce
      envEntryValues = class java.util.HashMap@6cc526a5
      resourceRefConfigList = null
      disallowAllFileServingProp = "false"
      disallowServeServletsByClassnameProp = "true"
      disableStaticMappingCache = false
      jspCachedLocations = class java.util.HashMap@2ca30875
      primedSTSHeader = "NoValue"
      _id = "WebAppGeneratedId34"
      _attributes = null
      serialVersionUID = 7511545662945734886
      $$$tc$$$ = class com.ibm.websphere.ras.TraceComponent@1410a322
    extensionProcessingDisabled = false
    managedObjectService = class com.ibm.ws.managedobject.internal.ManagedObjectServiceImpl@f528f89
      serialVersionUID = 2287241231190391755
      $$$tc$$$ = class com.ibm.websphere.ras.TraceComponent@640bc388
    GenPluginCfgMB = null
    internalServletMetaData = interface com.ibm.wsspi.webcontainer.metadata.WebComponentMetaData[2]
      internalServletMetaData[0] = null
      internalServletMetaData[1] = null
    loginProcessor = null
    logoutProcessor = null
    collabHelper = class com.ibm.ws.webcontainer.osgi.collaborator.CollaboratorHelperImpl@25fc9aad
    envObject = class com.ibm.ws.util.WSThreadLocal@26f6df5d
      tc = class com.ibm.ejs.ras.TraceComponent@21a16d36
      count = 6
      index = 1
      SUSPECTED_MISUSAGE_THRESHOLD = 200
      threadLocalHashCode = 596801571
      nextHashCode = class java.util.concurrent.atomic.AtomicInteger@351e3117
      HASH_INCREMENT = 1640531527
    orderedLibPaths = class java.util.Collections$UnmodifiableRandomAccessList@40ac6902
      serialVersionUID = -2542308836966382001
      serialVersionUID = -283967356065247728
      list = class java.util.ArrayList@36eef1bd
      serialVersionUID = 1820017752578914078
      c = class java.util.ArrayList@36eef1bd
    perm = class com.ibm.websphere.security.WebSphereRuntimePermission@1d8122a3
      serialVersionUID = -3306242789188168337
      $$$tc$$$ = class com.ibm.websphere.ras.TraceComponent@6967cf36
      serialVersionUID = 6279438298436773498
      wildcard = false
      path = "accessServletContext"
      exitVM = false
      serialVersionUID = -5636570222231596674
      name = "accessServletContext"
    WELCOME_FILE_LIST = "com.ibm.ws.webcontainer.config.WelcomeFileList"
    DIR_BROWSING_MAPPING = "__dirBrowsing__1489013754967"
    FILTER_PROXY_MAPPING = "/__filterProxy__1489013754967"
    logger = class com.ibm.ws.logging.internal.WsLogger@678132c3
      tc = class com.ibm.websphere.ras.TraceComponent@5ca1ec2d
      ivCachedResourceBundleName = "com.ibm.ws.webcontainer.resources.Messages"
      ivCachedResourceBundle = class com.ibm.ws.webcontainer.resources.Messages_es@a553fbe
      ivComponent = null
      ivOrganization = null
      ivProduct = null
      ivMinimumLocalizationLevelIntValue = 625
      ivTC = class com.ibm.websphere.ras.TraceComponent@379e7faa
      loggerRegistrationComponent = class java.lang.ThreadLocal@33b6e726
      emptyHandlers = class java.util.logging.Handler[0]
      offValue = 2147483647
      SYSTEM_LOGGER_RB_NAME = "sun.util.logging.resources.logging"
      SYSTEM_BUNDLE = class java.util.logging.Logger$LoggerBundle@1acb9326
      NO_RESOURCE_BUNDLE = class java.util.logging.Logger$LoggerBundle@39c0e70e
      manager = class com.ibm.ws.kernel.boot.logging.WsLogManager@3d4bb8c7
      name = "com.ibm.ws.webcontainer.webapp"
      handlers = class java.util.concurrent.CopyOnWriteArrayList@89319fd
      loggerBundle = class java.util.logging.Logger$LoggerBundle@368124db
      useParentHandlers = true
      filter = null
      anonymous = false
      catalog = class com.ibm.ws.webcontainer.resources.Messages_es@a553fbe
      catalogName = "com.ibm.ws.webcontainer.resources.Messages"
      catalogLocale = class java.util.Locale@2dd3ff82
      treeLock = class java.lang.Object@4d3ee77f
      parent = class com.ibm.ws.logging.internal.WsLogger@132bac8d
      kids = null
      levelObject = class java.util.logging.Level@2c12f2db
      levelValue = 800
      callersClassLoaderRef = class java.lang.ref.WeakReference@73ff6408
      isSystemLogger = false
      GLOBAL_LOGGER_NAME = "global"
      global = class java.util.logging.Logger@24302e95
      $assertionsDisabled = true
    CLASS_NAME = "com.ibm.ws.webcontainer.webapp.WebApp"
    loader = class com.ibm.ws.classloading.internal.ThreadContextClassLoader@2ca7d202
    facade = class com.ibm.ws.webcontainer31.facade.ServletContextFacade31@aaa7d51
      context = class com.ibm.ws.webcontainer31.osgi.webapp.WebApp31@6622de3
    features = class java.util.ArrayList@1fef82bc
      serialVersionUID = 8683452581122892189
      DEFAULT_CAPACITY = 10
      EMPTY_ELEMENTDATA = class java.lang.Object[0]
      DEFAULTCAPACITY_EMPTY_ELEMENTDATA = class java.lang.Object[0]
      elementData = class java.lang.Object[0]
      size = 0
      MAX_ARRAY_SIZE = 2147483639
      modCount = 0
      MAX_ARRAY_SIZE = 2147483639
    applicationName = "SpringTest"
    config = class com.ibm.ws.webcontainer.osgi.webapp.WebAppConfiguration@31249e96
    securityEnabledForApp = null
    webExtensionProcessor = class com.ibm.ws.webcontainer.osgi.extension.WebExtensionProcessor@2a20e8b4
      webApp = class com.ibm.ws.webcontainer31.osgi.webapp.WebApp31@6622de3
      extensionContext = class com.ibm.ws.webcontainer31.osgi.webapp.WebApp31@6622de3
    production = true
    isServlet23 = true
    contextPath = "/SpringTest"
    internalServletList = class [Ljava.lang.String;[2]
      internalServletList[0] = class java.lang.String[2]
      internalServletList[1] = class java.lang.String[2]
    BY_NAME_ONLY = "/_1489016444845_/"
    filterManager = null
    documentRoot = null
    SERVLET_API_VERSION = "Servlet 2.5"
    disableServletAuditLogging = 0
    serverInfo = "IBM WebSphere Liberty/16.0.0.4"
    sessionCtx = class com.ibm.ws.webcontainer31.session.impl.HttpSessionContext31Impl@507ed403
      methodClassName = "HttpSessionContextImpl"
      _smc = class com.ibm.ws.session.SessionManagerConfig@d931b48
      sessionStoreService = null
      _sap = class com.ibm.ws.session.SessionApplicationParameters@18c48414
      _coreHttpSessionManager = class com.ibm.ws.session.SessionManager@146c900f
      _coreHttpAppSessionManager = null
      _sam = class com.ibm.ws.webcontainer.session.impl.SessionAffinityManagerImpl@6c88b1e9
      isSIPApplication = false
      sessionAttributeListener = false
      sessionListener = false
      mHttpSessionAttributeListeners = class java.util.ArrayList@79d4be6b
      mHttpSessionListeners = class java.util.ArrayList@458c6161
      mHttpSessionIdListeners = class java.util.ArrayList@35906d37
      mHttpSessionAttributeListenersJ2eeNames = class java.util.ArrayList@1c3e8595
      mHttpSessionListenersJ2eeNames = class java.util.ArrayList@4045479f
      mHttpSessionIdListenersJ2eeNames = class java.util.ArrayList@66e4a19f
      mLocalHost = null
      _refCount = 1
      currentThreadSacHashtable = null
      methodClassName = "SessionContext"
      ANONYMOUS_USER = "anonymous"
      wasHttpSessionObserver = class com.ibm.ws.session.WasHttpSessionObserver@502b81a1
      wasHttpSessionAttributeObserver = null
      _invalidator = class com.ibm.ws.session.SessionInvalidatorWithThreadPool@38d1b41c
      _storer = class com.ibm.ws.session.EOSSessionStorer@52c26526
      wasHttpAppSessionObserver = null
      mHttpAppSessionListeners = null
      cmvcInfo = "CMVC Version 1.9 6/24/07 11:12:24"
      _loggedVersion = true
      CREATE_CORE_SESSION_MANAGER = 0
      GET_REQUESTED_SESSION_ID = 1
      GET_IHTTP_SESSION = 2
      SESSION_PRE_INVOKE = 3
      SESSION_POST_INVOKE = 4
      STOP = 5
      STOP_LISTENERS = 6
      IS_VALID = 7
      ENCODE_URL = 8
      SHOULD_ENCODE_URL = 9
      IS_PROTOCOL_SWITCH = 10
      GET_LOCAL_HOST = 11
      ADD_HTTP_SESSION_ATTRIBUTE_LISTENER = 12
      ADD_HTTP_SESSION_LISTENER = 13
      GET_SESSION_AFFINITY_CONTEXT = 14
      CHECK_SECURITY = 15
      INVALIDATE = 16
      CHECK_SESSSIONID_IS_RIGHT_LENGTH = 17
      LOCK_SESSION = 18
      UNLOCK_SESSION = 19
      ADD_HTTP_SESSION_ID_LISTENER = 20
      methodNames = class java.lang.String[21]
    eventSource = class com.ibm.ws.webcontainer.webapp.WebAppEventSource@82bfc90
    nls = class com.ibm.ejs.ras.TraceNLS@7719fdb5
      resolver = class com.ibm.ws.logging.internal.TraceNLSResolver@18ff3cd4
      finder = null
      ivBundleName = "com.ibm.ws.webcontainer.resources.Messages"
      caller = class java.lang.Class@63f32139
    liberty_nls = class com.ibm.ejs.ras.TraceNLS@21d956a2
      resolver = class com.ibm.ws.logging.internal.TraceNLSResolver@18ff3cd4
      finder = null
      ivBundleName = "com.ibm.ws.webcontainer.resources.LShimMessages"
      caller = class java.lang.Class@63f32139
    error_nls = class com.ibm.ejs.ras.TraceNLS@66ee3d91
      resolver = class com.ibm.ws.logging.internal.TraceNLSResolver@18ff3cd4
      finder = null
      ivBundleName = "com.ibm.ws.webcontainer.resources.ErrorPage"
      caller = class java.lang.Class@63f32139
    sessionListeners = class java.util.ArrayList@336756d2
      serialVersionUID = 8683452581122892189
      DEFAULT_CAPACITY = 10
      EMPTY_ELEMENTDATA = class java.lang.Object[0]
      DEFAULTCAPACITY_EMPTY_ELEMENTDATA = class java.lang.Object[0]
      elementData = class java.lang.Object[0]
      size = 0
      MAX_ARRAY_SIZE = 2147483639
      modCount = 1
      MAX_ARRAY_SIZE = 2147483639
    sessionIdListeners = class java.util.ArrayList@1e2f7d42
      serialVersionUID = 8683452581122892189
      DEFAULT_CAPACITY = 10
      EMPTY_ELEMENTDATA = class java.lang.Object[0]
      DEFAULTCAPACITY_EMPTY_ELEMENTDATA = class java.lang.Object[0]
      elementData = class java.lang.Object[0]
      size = 0
      MAX_ARRAY_SIZE = 2147483639
      modCount = 0
      MAX_ARRAY_SIZE = 2147483639
    sessionAttrListeners = class java.util.ArrayList@2c7eb524
      serialVersionUID = 8683452581122892189
      DEFAULT_CAPACITY = 10
      EMPTY_ELEMENTDATA = class java.lang.Object[0]
      DEFAULTCAPACITY_EMPTY_ELEMENTDATA = class java.lang.Object[0]
      elementData = class java.lang.Object[0]
      size = 0
      MAX_ARRAY_SIZE = 2147483639
      modCount = 1
      MAX_ARRAY_SIZE = 2147483639
    addedSessionListeners = class java.util.ArrayList@a86b264
      serialVersionUID = 8683452581122892189
      DEFAULT_CAPACITY = 10
      EMPTY_ELEMENTDATA = class java.lang.Object[0]
      DEFAULTCAPACITY_EMPTY_ELEMENTDATA = class java.lang.Object[0]
      elementData = class java.lang.Object[0]
      size = 0
      MAX_ARRAY_SIZE = 2147483639
      modCount = 0
      MAX_ARRAY_SIZE = 2147483639
    addedSessionAttrListeners = class java.util.ArrayList@35eb420
      serialVersionUID = 8683452581122892189
      DEFAULT_CAPACITY = 10
      EMPTY_ELEMENTDATA = class java.lang.Object[0]
      DEFAULTCAPACITY_EMPTY_ELEMENTDATA = class java.lang.Object[0]
      elementData = class java.lang.Object[0]
      size = 0
      MAX_ARRAY_SIZE = 2147483639
      modCount = 0
      MAX_ARRAY_SIZE = 2147483639
    servletContextListeners = class java.util.ArrayList@66fe0c64
      serialVersionUID = 8683452581122892189
      DEFAULT_CAPACITY = 10
      EMPTY_ELEMENTDATA = class java.lang.Object[0]
      DEFAULTCAPACITY_EMPTY_ELEMENTDATA = class java.lang.Object[0]
      elementData = class java.lang.Object[10]
      size = 1
      MAX_ARRAY_SIZE = 2147483639
      modCount = 2
      MAX_ARRAY_SIZE = 2147483639
    servletContextLAttrListeners = class java.util.ArrayList@3f70520a
      serialVersionUID = 8683452581122892189
      DEFAULT_CAPACITY = 10
      EMPTY_ELEMENTDATA = class java.lang.Object[0]
      DEFAULTCAPACITY_EMPTY_ELEMENTDATA = class java.lang.Object[0]
      elementData = class java.lang.Object[0]
      size = 0
      MAX_ARRAY_SIZE = 2147483639
      modCount = 1
      MAX_ARRAY_SIZE = 2147483639
    servletRequestListeners = class java.util.ArrayList@dac212
      serialVersionUID = 8683452581122892189
      DEFAULT_CAPACITY = 10
      EMPTY_ELEMENTDATA = class java.lang.Object[0]
      DEFAULTCAPACITY_EMPTY_ELEMENTDATA = class java.lang.Object[0]
      elementData = class java.lang.Object[0]
      size = 0
      MAX_ARRAY_SIZE = 2147483639
      modCount = 1
      MAX_ARRAY_SIZE = 2147483639
    servletRequestLAttrListeners = class java.util.ArrayList@7653899d
      serialVersionUID = 8683452581122892189
      DEFAULT_CAPACITY = 10
      EMPTY_ELEMENTDATA = class java.lang.Object[0]
      DEFAULTCAPACITY_EMPTY_ELEMENTDATA = class java.lang.Object[0]
      elementData = class java.lang.Object[0]
      size = 0
      MAX_ARRAY_SIZE = 2147483639
      modCount = 1
      MAX_ARRAY_SIZE = 2147483639
    prependSlashToResource = false
    destroyed = false
    webAppNameSpaceCollab = class com.ibm.ws.webcontainer.osgi.collaborator.WebAppNameSpaceCollaboratorImpl@ab46b97
    txCollab = class com.ibm.ws.webcontainer.collaborator.WebAppTransactionCollaborator@5ad05830
    sessionActivationListeners = class java.util.ArrayList@60d8361f
      serialVersionUID = 8683452581122892189
      DEFAULT_CAPACITY = 10
      EMPTY_ELEMENTDATA = class java.lang.Object[0]
      DEFAULTCAPACITY_EMPTY_ELEMENTDATA = class java.lang.Object[0]
      elementData = class java.lang.Object[0]
      size = 0
      MAX_ARRAY_SIZE = 2147483639
      modCount = 1
      MAX_ARRAY_SIZE = 2147483639
    sessionBindingListeners = class java.util.ArrayList@5d05d80c
      serialVersionUID = 8683452581122892189
      DEFAULT_CAPACITY = 10
      EMPTY_ELEMENTDATA = class java.lang.Object[0]
      DEFAULTCAPACITY_EMPTY_ELEMENTDATA = class java.lang.Object[0]
      elementData = class java.lang.Object[0]
      size = 0
      MAX_ARRAY_SIZE = 2147483639
      modCount = 1
      MAX_ARRAY_SIZE = 2147483639
    scratchdir = null
    jspClassLoaderLimit = 0
    jspClassLoaderExclusionList = null
    jspClassLoadersMap = null
    jspClassLoaderLimitTrackIF = false
    defaultExtProc = null
    directoryBrowsingServlet = null
    cdiContexts = class java.util.concurrent.ConcurrentHashMap@b194bec
      serialVersionUID = 7249069246763182397
      MAXIMUM_CAPACITY = 1073741824
      DEFAULT_CAPACITY = 16
      MAX_ARRAY_SIZE = 2147483639
      DEFAULT_CONCURRENCY_LEVEL = 16
      LOAD_FACTOR = 0.75
      TREEIFY_THRESHOLD = 8
      UNTREEIFY_THRESHOLD = 6
      MIN_TREEIFY_CAPACITY = 64
      MIN_TRANSFER_STRIDE = 16
      RESIZE_STAMP_BITS = 16
      MAX_RESIZERS = 65535
      RESIZE_STAMP_SHIFT = 16
      MOVED = -1
      TREEBIN = -2
      RESERVED = -3
      HASH_BITS = 2147483647
      NCPU = 8
      serialPersistentFields = class java.io.ObjectStreamField[3]
      table = null
      nextTable = null
      baseCount = 0
      sizeCtl = 0
      transferIndex = 0
      cellsBusy = 0
      counterCells = null
      keySet = null
      values = null
      entrySet = null
      U = class sun.misc.Unsafe@1be7720b
      SIZECTL = 20
      TRANSFERINDEX = 32
      BASECOUNT = 24
      CELLSBUSY = 36
      CELLVALUE = 144
      ABASE = 16
      ASHIFT = 2
      keySet = null
      values = null
    moduleConfig = class com.ibm.ws.webcontainer.osgi.container.DeployedModule@61ec2473
      tc = class com.ibm.websphere.ras.TraceComponent@86d6cc1
      loader = class com.ibm.ws.classloading.internal.ThreadContextClassLoader@2ca7d202
      webApp = class com.ibm.ws.webcontainer31.osgi.webapp.WebApp31@6622de3
      webAppConfig = class com.ibm.ws.webcontainer.osgi.webapp.WebAppConfiguration@31249e96
      contextRootAdded = null
      properContextRoot = "/SpringTest"
      mappingContextRoot = "/SpringTest/*"
      serialVersionUID = -2104814060051592457
      $$$tc$$$ = class com.ibm.websphere.ras.TraceComponent@43a67125
    extensionFactories = class java.util.ArrayList@67941f42
      serialVersionUID = 8683452581122892189
      DEFAULT_CAPACITY = 10
      EMPTY_ELEMENTDATA = class java.lang.Object[0]
      DEFAULTCAPACITY_EMPTY_ELEMENTDATA = class java.lang.Object[0]
      elementData = class java.lang.Object[10]
      size = 1
      MAX_ARRAY_SIZE = 2147483639
      modCount = 1
      MAX_ARRAY_SIZE = 2147483639
    initialized = false
    lock = class com.ibm.ws.webcontainer.webapp.WebApp$1@40258e9f
      this$0 = class com.ibm.ws.webcontainer31.osgi.webapp.WebApp31@6622de3
    afterServletContextCreated = false
    redirectContextRoot = false
    errorExceptionTypeFirst = false
    initFilterBeforeServletInit = false
    sortedServletConfigs = class java.util.ArrayList@3393eb2f
      serialVersionUID = 8683452581122892189
      DEFAULT_CAPACITY = 10
      EMPTY_ELEMENTDATA = class java.lang.Object[0]
      DEFAULTCAPACITY_EMPTY_ELEMENTDATA = class java.lang.Object[0]
      elementData = class java.lang.Object[10]
      size = 1
      MAX_ARRAY_SIZE = 2147483639
      modCount = 1
      MAX_ARRAY_SIZE = 2147483639
    effectiveMajorVersion = 3
    effectiveMinorVersion = 1
    canAddServletContextListener = true
    withinContextInitOfProgAddListener = false
    lastProgAddListenerInitialized = "com.ibm.ws.jsp.runtime.ContextListener"
    webInfLibClassloader = null
    metaInfCache = class com.ibm.ws.webcontainer.webapp.WebApp$2@7294909a
      this$0 = class com.ibm.ws.webcontainer31.osgi.webapp.WebApp31@6622de3
      serialVersionUID = 3801124242820219131
      head = null
      tail = null
      accessOrder = true
      serialVersionUID = 362498820763181265
      DEFAULT_INITIAL_CAPACITY = 16
      MAXIMUM_CAPACITY = 1073741824
      DEFAULT_LOAD_FACTOR = 0.75
      TREEIFY_THRESHOLD = 8
      UNTREEIFY_THRESHOLD = 6
      MIN_TREEIFY_CAPACITY = 64
      table = null
      entrySet = null
      size = 0
      modCount = 0
      threshold = 32
      loadFactor = 1.0
      keySet = null
      values = null
    useMetaInfCache = true
    SUN_CONFIGURE_LISTENER_CLASSNAME = "com.sun.faces.config.ConfigureListener"
    MYFACES_LIFECYCLE_LISTENER_CLASSNAME = "org.apache.myfaces.webapp.StartupServletContextListener"
    JSF_IMPL_ENABLED_PARAM = "com.ibm.ws.jsf.JSF_IMPL_ENABLED"
    JSF_IMPL_ENABLED_CUSTOM = "Custom"
    JSF_IMPL_ENABLED_NONE = "None"
    staticDocRoot = class com.ibm.ws.webcontainer.util.DocumentRootUtils@725bfd07
      logger = class com.ibm.ws.logging.internal.WsLogger@187d7265
      CLASS_NAME = "com.ibm.ws.webcontainer.util.DocumentRootUtils"
      useContentLength = false
      matchedFile = null
      matchedZipFile = null
      matchedEntry = null
      matchedURL = null
      edrRoot = null
      pfedrRoot = null
      ctxt = class com.ibm.ws.webcontainer31.osgi.webapp.WebApp31@6622de3
      baseDir = null
      edr = null
      pfedr = null
      metaInfRes = null
      searchpfEDR = true
      searchEDR = true
      searchMetaInfRes = true
      matchFromEDR = false
      matchFromMetaInfRes = false
      matchIsADirectory = false
      appConfig = class com.ibm.ws.webcontainer.osgi.webapp.WebAppConfiguration@31249e96
      attributeType = "staticFile"
      STATIC_FILE = "staticFile"
      JSP = "jsp"
      PFEDR = "preFragmentExtendedDocumentRoot"
      EDR = "extendedDocumentRoot"
    jspDocRoot = class com.ibm.ws.webcontainer.util.DocumentRootUtils@1ee6c4a5
      logger = class com.ibm.ws.logging.internal.WsLogger@187d7265
      CLASS_NAME = "com.ibm.ws.webcontainer.util.DocumentRootUtils"
      useContentLength = false
      matchedFile = null
      matchedZipFile = null
      matchedEntry = null
      matchedURL = null
      edrRoot = null
      pfedrRoot = null
      ctxt = class com.ibm.ws.webcontainer31.osgi.webapp.WebApp31@6622de3
      baseDir = null
      edr = null
      pfedr = null
      metaInfRes = null
      searchpfEDR = true
      searchEDR = true
      searchMetaInfRes = true
      matchFromEDR = false
      matchFromMetaInfRes = false
      matchIsADirectory = false
      appConfig = class com.ibm.ws.webcontainer.osgi.webapp.WebAppConfiguration@31249e96
      attributeType = "jsp"
      STATIC_FILE = "staticFile"
      JSP = "jsp"
      PFEDR = "preFragmentExtendedDocumentRoot"
      EDR = "extendedDocumentRoot"
    container = class com.ibm.ws.adaptable.module.internal.AdaptableContainerImpl@5ef8dc49
      root = class com.ibm.ws.adaptable.module.internal.AdaptableContainerImpl@5ef8dc49
      rootOverlay = class com.ibm.ws.artifact.overlay.internal.DirectoryBasedOverlayContainerImpl@30b6a246
      factoryHolder = class com.ibm.ws.adaptable.module.internal.AdaptableModuleFactoryImpl@515aa45e
      delegate = class com.ibm.ws.artifact.overlay.internal.DirectoryBasedOverlayContainerImpl@30b6a246
      notifier = class com.ibm.ws.adaptable.module.internal.NotifierImpl@220924a0
      serialVersionUID = -5621513278641113667
      $$$tc$$$ = class com.ibm.websphere.ras.TraceComponent@5db3f4cb
    metaInfResourceFinder = class com.ibm.ws.webcontainer.util.MetaInfResourceFinder@32009ec5
      jarResourceContainers = class java.util.ArrayList@22fc2934
      container = class com.ibm.ws.adaptable.module.internal.AdaptableContainerImpl@5ef8dc49
    postConstructMethods = class com.ibm.ws.webcontainer.webapp.WebApp$AnnotatedMethods@6446c85f
      annotationClass = class java.lang.Class@2034c71f
      noOpClassNames = class java.util.HashSet@5326edb8
      annotatedMethodNames = class java.util.concurrent.ConcurrentHashMap@37e5c1bc
      EMPTY_METHODS = class java.lang.reflect.Method[0]
    preDestroyMethods = class com.ibm.ws.webcontainer.webapp.WebApp$AnnotatedMethods@49d8b215
      annotationClass = class java.lang.Class@21e128bd
      noOpClassNames = class java.util.HashSet@45bdc5e1
      annotatedMethodNames = class java.util.concurrent.ConcurrentHashMap@6c8effe7
      EMPTY_METHODS = class java.lang.reflect.Method[0]
    OBJ_EMPTY = class java.lang.Object[0]
    CLASS_EMPTY = class java.lang.Class[0]
    DEFAULT_JSP_EXTENSIONS = class java.util.ArrayList@6303f7f7
      serialVersionUID = 8683452581122892189
      DEFAULT_CAPACITY = 10
      EMPTY_ELEMENTDATA = class java.lang.Object[0]
      DEFAULTCAPACITY_EMPTY_ELEMENTDATA = class java.lang.Object[0]
      elementData = class java.lang.Object[10]
      size = 4
      MAX_ARRAY_SIZE = 2147483639
      modCount = 4
      MAX_ARRAY_SIZE = 2147483639
    DEFER_SERVLET_REQUEST_LISTENER_DESTROY_ON_ERROR = false
    DO_ACCEPT_PARTIAL = true
    DO_NOT_ACCEPT_PARTIAL = false
    DO_ACCEPT_EXCLUDED = true
    DO_NOT_ACCEPT_EXCLUDED = false
    commands = class java.util.ArrayList@61339467
      serialVersionUID = 8683452581122892189
      DEFAULT_CAPACITY = 10
      EMPTY_ELEMENTDATA = class java.lang.Object[0]
      DEFAULTCAPACITY_EMPTY_ELEMENTDATA = class java.lang.Object[0]
      elementData = class java.lang.Object[3]
      size = 0
      MAX_ARRAY_SIZE = 2147483639
      modCount = 0
      MAX_ARRAY_SIZE = 2147483639
    requestMapper = class com.ibm.wsspi.webcontainer.util.URIMapper@57f3d832
      matcher = class com.ibm.wsspi.webcontainer.util.URIMatcher@653e7eb6
    parent = class com.ibm.ws.webcontainer.osgi.webapp.WebGroup@5a5e6a3
      tc = class com.ibm.websphere.ras.TraceComponent@9ca496e
      logger = class com.ibm.ws.logging.internal.WsLogger@678132c3
      CLASS_NAME = "com.ibm.ws.webcontainer.webapp.WebGroup"
      sessUrlRewritePrefix = ";jsessionid="
      qMark = "?"
      config = class com.ibm.ws.webcontainer.osgi.webapp.WebGroupConfiguration@46c0961
      webApp = class com.ibm.ws.webcontainer31.osgi.webapp.WebApp31@6622de3
      commands = class java.util.ArrayList@212ba88b
      requestMapper = null
      parent = class com.ibm.ws.webcontainer.osgi.DynamicVirtualHost@2564379b
      name = "/SpringTest/*"
      isAlive = true
      subElements = class java.util.HashMap@2c87f6a1
      attributes = null
      config = null
      serialVersionUID = -8271459000149267764
      $$$tc$$$ = class com.ibm.websphere.ras.TraceComponent@163db5a3
    name = "SpringTest"
    isAlive = true
    subElements = null
    attributes = class java.util.Collections$SynchronizedMap@961b418
      serialVersionUID = 1978198479659022715
      m = class java.util.HashMap@ba3dc22
      mutex = class java.util.Collections$SynchronizedMap@961b418
      keySet = null
      entrySet = class java.util.Collections$SynchronizedSet@41b9a3a0
      values = null
    config = null
    serialVersionUID = -8271459000149267764
    $$$tc$$$ = class com.ibm.websphere.ras.TraceComponent@163db5a3
      strings[0] = "TraceComponent[com.ibm.ws.container.AbstractContainer,class com.ibm.ws.container.AbstractContainer,[],null,null]"
  target = class org.springframework.web.servlet.DispatcherServlet@49432ee7
    MULTIPART_RESOLVER_BEAN_NAME = "multipartResolver"
    LOCALE_RESOLVER_BEAN_NAME = "localeResolver"
    THEME_RESOLVER_BEAN_NAME = "themeResolver"
    HANDLER_MAPPING_BEAN_NAME = "handlerMapping"
    HANDLER_ADAPTER_BEAN_NAME = "handlerAdapter"
    HANDLER_EXCEPTION_RESOLVER_BEAN_NAME = "handlerExceptionResolver"
    REQUEST_TO_VIEW_NAME_TRANSLATOR_BEAN_NAME = "viewNameTranslator"
    VIEW_RESOLVER_BEAN_NAME = "viewResolver"
    FLASH_MAP_MANAGER_BEAN_NAME = "flashMapManager"
    WEB_APPLICATION_CONTEXT_ATTRIBUTE = "org.springframework.web.servlet.DispatcherServlet.CONTEXT"
    LOCALE_RESOLVER_ATTRIBUTE = "org.springframework.web.servlet.DispatcherServlet.LOCALE_RESOLVER"
    THEME_RESOLVER_ATTRIBUTE = "org.springframework.web.servlet.DispatcherServlet.THEME_RESOLVER"
    THEME_SOURCE_ATTRIBUTE = "org.springframework.web.servlet.DispatcherServlet.THEME_SOURCE"
    INPUT_FLASH_MAP_ATTRIBUTE = "org.springframework.web.servlet.DispatcherServlet.INPUT_FLASH_MAP"
    OUTPUT_FLASH_MAP_ATTRIBUTE = "org.springframework.web.servlet.DispatcherServlet.OUTPUT_FLASH_MAP"
    FLASH_MAP_MANAGER_ATTRIBUTE = "org.springframework.web.servlet.DispatcherServlet.FLASH_MAP_MANAGER"
    EXCEPTION_ATTRIBUTE = "org.springframework.web.servlet.DispatcherServlet.EXCEPTION"
    PAGE_NOT_FOUND_LOG_CATEGORY = "org.springframework.web.servlet.PageNotFound"
    DEFAULT_STRATEGIES_PATH = "DispatcherServlet.properties"
    pageNotFoundLogger = class org.apache.commons.logging.impl.Jdk14Logger@13083362
      logger = class com.ibm.ws.logging.internal.WsLogger@171065b7
      name = "org.springframework.web.servlet.PageNotFound"
    defaultStrategies = class java.util.Properties@3db939d
      serialVersionUID = 4112578634029874840
      defaults = null
      hexDigit = {0123456789ABCDEF} /* array length = 16*/
      table = class java.util.Hashtable$Entry[11]
      count = 8
      threshold = 8
      loadFactor = 0.75
      modCount = 8
      serialVersionUID = 1421746759512286392
      MAX_ARRAY_SIZE = 2147483639
      keySet = null
      entrySet = null
      values = null
      KEYS = 0
      VALUES = 1
      ENTRIES = 2
    detectAllHandlerMappings = true
    detectAllHandlerAdapters = true
    detectAllHandlerExceptionResolvers = true
    detectAllViewResolvers = true
    throwExceptionIfNoHandlerFound = false
    cleanupAfterInclude = true
    multipartResolver = null
    localeResolver = null
    themeResolver = null
    handlerMappings = null
    handlerAdapters = null
    handlerExceptionResolvers = null
    viewNameTranslator = null
    flashMapManager = null
    viewResolvers = null
    DEFAULT_NAMESPACE_SUFFIX = "-servlet"
    DEFAULT_CONTEXT_CLASS = class java.lang.Class@146c12f
      ANNOTATION = 8192
      ENUM = 16384
      SYNTHETIC = 4096
      cachedConstructor = null
      newInstanceCallerCache = null
      name = "org.springframework.web.context.support.XmlWebApplicationContext"
      allPermDomain = class java.security.ProtectionDomain@57e0a0dc
      useCaches = true
      reflectionData = class java.lang.ref.SoftReference@3fa24a91
      classRedefinedCount = 0
      genericInfo = null
      serialVersionUID = 3206093459760846163
      serialPersistentFields = class java.io.ObjectStreamField[0]
      reflectionFactory = class sun.reflect.ReflectionFactory@1c18d695
      initted = true
      enumConstants = null
      enumConstantDirectory = null
      annotationData = null
      annotationType = null
      classValueMap = null
    SERVLET_CONTEXT_PREFIX = "org.springframework.web.servlet.FrameworkServlet.CONTEXT."
    INIT_PARAM_DELIMITERS = ",; 	
"
    responseGetStatusAvailable = true
    contextAttribute = null
    contextClass = class java.lang.Class@146c12f
    contextId = null
    namespace = null
    contextConfigLocation = "/WEB-INF/springMvc.xml"
    contextInitializers = class java.util.ArrayList@7a57874c
      serialVersionUID = 8683452581122892189
      DEFAULT_CAPACITY = 10
      EMPTY_ELEMENTDATA = class java.lang.Object[0]
      DEFAULTCAPACITY_EMPTY_ELEMENTDATA = class java.lang.Object[0]
      elementData = class java.lang.Object[0]
      size = 0
      MAX_ARRAY_SIZE = 2147483639
      modCount = 0
      MAX_ARRAY_SIZE = 2147483639
    contextInitializerClasses = null
    publishContext = true
    publishEvents = true
    threadContextInheritable = false
    dispatchOptionsRequest = false
    dispatchTraceRequest = false
    webApplicationContext = null
    webApplicationContextInjected = false
    refreshEventReceived = false
    logger = class org.apache.commons.logging.impl.Jdk14Logger@28962847
      logger = class com.ibm.ws.logging.internal.WsLogger@69187b6b
      name = "org.springframework.web.servlet.DispatcherServlet"
    requiredProperties = class java.util.HashSet@770e01b3
      serialVersionUID = -5024744406713321676
      map = class java.util.HashMap@7e1af009
      PRESENT = class java.lang.Object@286e0376
      MAX_ARRAY_SIZE = 2147483639
    environment = class org.springframework.web.context.support.StandardServletEnvironment@4076f9c4
      SERVLET_CONTEXT_PROPERTY_SOURCE_NAME = "servletContextInitParams"
      SERVLET_CONFIG_PROPERTY_SOURCE_NAME = "servletConfigInitParams"
      JNDI_PROPERTY_SOURCE_NAME = "jndiProperties"
      SYSTEM_ENVIRONMENT_PROPERTY_SOURCE_NAME = "systemEnvironment"
      SYSTEM_PROPERTIES_PROPERTY_SOURCE_NAME = "systemProperties"
      IGNORE_GETENV_PROPERTY_NAME = "spring.getenv.ignore"
      ACTIVE_PROFILES_PROPERTY_NAME = "spring.profiles.active"
      DEFAULT_PROFILES_PROPERTY_NAME = "spring.profiles.default"
      RESERVED_DEFAULT_PROFILE_NAME = "default"
      logger = class org.apache.commons.logging.impl.Jdk14Logger@593b98a8
      activeProfiles = class java.util.LinkedHashSet@6defd35a
      defaultProfiles = class java.util.LinkedHashSet@1d80ea15
      propertySources = class org.springframework.core.env.MutablePropertySources@72cd2e42
      propertyResolver = class org.springframework.core.env.PropertySourcesPropertyResolver@77b6166b
    METHOD_DELETE = "DELETE"
    METHOD_HEAD = "HEAD"
    METHOD_GET = "GET"
    METHOD_OPTIONS = "OPTIONS"
    METHOD_POST = "POST"
    METHOD_PUT = "PUT"
    METHOD_TRACE = "TRACE"
    HEADER_IFMODSINCE = "If-Modified-Since"
    HEADER_LASTMOD = "Last-Modified"
    LSTRING_FILE = "javax.servlet.http.LocalStrings"
    lStrings = class java.util.PropertyResourceBundle@22f93a64
      lookup = class java.util.HashMap@8fed94d
      INITIAL_CACHE_SIZE = 32
      NONEXISTENT_BUNDLE = class java.util.ResourceBundle$1@15fd2485
      cacheList = class java.util.concurrent.ConcurrentHashMap@277f09e8
      referenceQueue = class java.lang.ref.ReferenceQueue@23343310
      parent = class java.util.PropertyResourceBundle@5d52cbd2
      locale = class java.util.Locale@17c72a7b
      name = "javax.servlet.http.LocalStrings"
      expired = false
      cacheKey = class java.util.ResourceBundle$CacheKey@7c2d95d6
      keySet = null
      providers = null
      $assertionsDisabled = true
    LSTRING_FILE = "javax.servlet.LocalStrings"
    lStrings = class java.util.PropertyResourceBundle@3535081d
    config = class com.ibm.ws.webcontainer.servlet.ServletConfig@4b233d21
  cacheWrappers = null
  targetLoader = class com.ibm.ws.classloading.internal.ThreadContextClassLoader@2ca7d202
    tc = class com.ibm.websphere.ras.TraceComponent@6d0c820b
      strings[0] = "TraceComponent[com.ibm.ws.classloading.internal.ThreadContextClassLoader,class com.ibm.ws.classloading.internal.ThreadContextClassLoader,[ClassLoadingService],com.ibm.ws.classloading.internal.resources.ClassLoadingServiceMessages,null]"
    bundle = class java.util.concurrent.atomic.AtomicReference@65d7b61
      serialVersionUID = -1848883965231344442
      unsafe = class sun.misc.Unsafe@1be7720b
      valueOffset = 12
      value = class org.eclipse.osgi.internal.framework.EquinoxBundle@6de356c0
    key = "WebModule:SpringTest#SpringTest.war"
    refCount = class java.util.concurrent.atomic.AtomicInteger@1f90bffd
      serialVersionUID = 6214790243416807050
      unsafe = class sun.misc.Unsafe@1be7720b
      valueOffset = 12
      value = 1
      serialVersionUID = -8742448824652078965
    appLoader = class com.ibm.ws.classloading.internal.AppClassLoader@77cbef8a
    serialVersionUID = 7093379526360135425
    followOnClassLoaders = class java.util.ArrayList@18942625
      serialVersionUID = 8683452581122892189
      DEFAULT_CAPACITY = 10
      EMPTY_ELEMENTDATA = class java.lang.Object[0]
      DEFAULTCAPACITY_EMPTY_ELEMENTDATA = class java.lang.Object[0]
      elementData = class java.lang.Object[10]
      size = 1
      MAX_ARRAY_SIZE = 2147483639
      modCount = 1
      MAX_ARRAY_SIZE = 2147483639
    serialVersionUID = -5107316606107305512
    $$$tc$$$ = class com.ibm.websphere.ras.TraceComponent@ae82d15
      strings[0] = "TraceComponent[com.ibm.ws.classloading.internal.UnifiedClassLoader,class com.ibm.ws.classloading.internal.UnifiedClassLoader,[ClassLoadingService],com.ibm.ws.classloading.internal.resources.ClassLoadingServiceMessages,null]"
    serialVersionUID = -4868702105808481416
    $$$tc$$$ = class com.ibm.websphere.ras.TraceComponent@7bafd869
      strings[0] = "TraceComponent[com.ibm.ws.classloading.internal.LibertyLoader,class com.ibm.ws.classloading.internal.LibertyLoader,[ClassLoadingService],com.ibm.ws.classloading.internal.resources.ClassLoadingServiceMessages,null]"
    serialVersionUID = 2596921220292114344
    $$$tc$$$ = class com.ibm.websphere.ras.TraceComponent@38e09e0e
      strings[0] = "TraceComponent[com.ibm.ws.classloading.LibertyClassLoader,class com.ibm.ws.classloading.LibertyClassLoader,[ClassLoadingService],com.ibm.ws.classloading.internal.resources.ClassLoadingServiceMessages,null]"
    initialized = true
    pdcache = class java.util.HashMap@6fdb442a
      serialVersionUID = 362498820763181265
      DEFAULT_INITIAL_CAPACITY = 16
      MAXIMUM_CAPACITY = 1073741824
      DEFAULT_LOAD_FACTOR = 0.75
      TREEIFY_THRESHOLD = 8
      UNTREEIFY_THRESHOLD = 6
      MIN_TREEIFY_CAPACITY = 64
      table = null
      entrySet = null
      size = 0
      modCount = 0
      threshold = 16
      loadFactor = 0.75
      keySet = null
      values = null
    debug = null
    parent = class com.ibm.ws.classloading.internal.GatewayClassLoader@5c6e7c0c
      config = class com.ibm.ws.classloading.internal.GatewayConfigurationImpl@3178ca42
      wiringMonitor = class com.ibm.ws.classloading.internal.GatewayClassLoader$1@2ae4f600
      bundle = class org.eclipse.osgi.internal.framework.EquinoxBundle@6de356c0
      wiring = class org.eclipse.osgi.container.ModuleWiring@6a14da5b
      bundleLoader = class org.eclipse.osgi.internal.loader.EquinoxClassLoader@b25ef5c
      resourceProviders = class com.ibm.ws.classloading.internal.CompositeResourceProvider@a202252
      serialVersionUID = -4256474098847905153
      $$$tc$$$ = class com.ibm.websphere.ras.TraceComponent@ec4dd20
      parent = class sun.misc.Launcher$AppClassLoader@18b4aac2
      parallelLockMap = null
      package2certs = class java.util.Hashtable@7cf81ea0
      nocerts = class java.security.cert.Certificate[0]
      classes = class java.util.Vector@71a1a3c9
      defaultDomain = class java.security.ProtectionDomain@3dab79a4
      domains = class java.util.HashSet@19d02e42
      packages = class java.util.HashMap@25e13ec6
      scl = class sun.misc.Launcher$AppClassLoader@18b4aac2
      sclSet = true
      loadedLibraryNames = class java.util.Vector@702e6b51
      systemNativeLibraries = class java.util.Vector@357227e9
      nativeLibraries = class java.util.Vector@59a26e58
      nativeLibraryContext = class java.util.Stack@438c4580
      usr_paths = class java.lang.String[41]
      sys_paths = class java.lang.String[1]
      assertionLock = class com.ibm.ws.classloading.internal.GatewayClassLoader@5c6e7c0c
      defaultAssertionStatus = false
      packageAssertionStatus = null
      classAssertionStatus = null
    parallelLockMap = null
    package2certs = class java.util.Hashtable@2b0acc3
      table = class java.util.Hashtable$Entry[11]
      count = 0
      threshold = 8
      loadFactor = 0.75
      modCount = 0
      serialVersionUID = 1421746759512286392
      MAX_ARRAY_SIZE = 2147483639
      keySet = null
      entrySet = null
      values = null
      KEYS = 0
      VALUES = 1
      ENTRIES = 2
    nocerts = class java.security.cert.Certificate[0]
    classes = class java.util.Vector@1845943f
      elementData = class java.lang.Object[10]
      elementCount = 0
      capacityIncrement = 0
      serialVersionUID = -2767605614048989439
      MAX_ARRAY_SIZE = 2147483639
      modCount = 0
      MAX_ARRAY_SIZE = 2147483639
    defaultDomain = class java.security.ProtectionDomain@21592c1c
      codesource = class java.security.CodeSource@63b52a56
      classloader = class com.ibm.ws.classloading.internal.ThreadContextClassLoader@2ca7d202
      principals = interface java.security.Principal[0]
      permissions = null
      hasAllPerm = false
      staticPermissions = false
      key = class java.security.ProtectionDomain$Key@49023e63
      debug = null
    domains = class java.util.HashSet@1496c609
      serialVersionUID = -5024744406713321676
      map = class java.util.HashMap@1d4373bd
      PRESENT = class java.lang.Object@286e0376
      MAX_ARRAY_SIZE = 2147483639
    packages = class java.util.HashMap@13c7a6ec
      serialVersionUID = 362498820763181265
      DEFAULT_INITIAL_CAPACITY = 16
      MAXIMUM_CAPACITY = 1073741824
      DEFAULT_LOAD_FACTOR = 0.75
      TREEIFY_THRESHOLD = 8
      UNTREEIFY_THRESHOLD = 6
      MIN_TREEIFY_CAPACITY = 64
      table = null
      entrySet = null
      size = 0
      modCount = 0
      threshold = 0
      loadFactor = 0.75
      keySet = null
      values = null
    scl = class sun.misc.Launcher$AppClassLoader@18b4aac2
      ucp = class sun.misc.URLClassPath@58b5777a
      $assertionsDisabled = true
      ucp = class sun.misc.URLClassPath@58b5777a
      acc = class java.security.AccessControlContext@18aaa9
      closeables = class java.util.WeakHashMap@19febcb9
      initialized = true
      pdcache = class java.util.HashMap@618165db
      debug = null
      parent = class sun.misc.Launcher$ExtClassLoader@17c8d2b4
      parallelLockMap = class java.util.concurrent.ConcurrentHashMap@12fcc036
      package2certs = class java.util.concurrent.ConcurrentHashMap@57746d22
      nocerts = class java.security.cert.Certificate[0]
      classes = class java.util.Vector@3b031801
      defaultDomain = class java.security.ProtectionDomain@51c61d07
      domains = class java.util.Collections$SynchronizedSet@25cf8a79
      packages = class java.util.HashMap@51a6ee9f
      scl = class sun.misc.Launcher$AppClassLoader@18b4aac2
      sclSet = true
      loadedLibraryNames = class java.util.Vector@702e6b51
      systemNativeLibraries = class java.util.Vector@357227e9
      nativeLibraries = class java.util.Vector@72c637ba
      nativeLibraryContext = class java.util.Stack@438c4580
      usr_paths = class java.lang.String[41]
      sys_paths = class java.lang.String[1]
      assertionLock = class java.lang.Object@130922c0
      defaultAssertionStatus = false
      packageAssertionStatus = null
      classAssertionStatus = null
    sclSet = true
    loadedLibraryNames = class java.util.Vector@702e6b51
      elementData = class java.lang.Object[10]
      elementCount = 5
      capacityIncrement = 0
      serialVersionUID = -2767605614048989439
      MAX_ARRAY_SIZE = 2147483639
      modCount = 5
      MAX_ARRAY_SIZE = 2147483639
    systemNativeLibraries = class java.util.Vector@357227e9
      elementData = class java.lang.Object[10]
      elementCount = 5
      capacityIncrement = 0
      serialVersionUID = -2767605614048989439
      MAX_ARRAY_SIZE = 2147483639
      modCount = 5
      MAX_ARRAY_SIZE = 2147483639
    nativeLibraries = class java.util.Vector@27973cc7
      elementData = class java.lang.Object[10]
      elementCount = 0
      capacityIncrement = 0
      serialVersionUID = -2767605614048989439
      MAX_ARRAY_SIZE = 2147483639
      modCount = 0
      MAX_ARRAY_SIZE = 2147483639
    nativeLibraryContext = class java.util.Stack@438c4580
      serialVersionUID = 1224463164541339165
      elementData = class java.lang.Object[10]
      elementCount = 0
      capacityIncrement = 0
      serialVersionUID = -2767605614048989439
      MAX_ARRAY_SIZE = 2147483639
      modCount = 10
      MAX_ARRAY_SIZE = 2147483639
    usr_paths = class java.lang.String[41]
      usr_paths[0] = "C:\Program Files\Java\jre1.8.0_112\bin"
      usr_paths[1] = "C:\WINDOWS\Sun\Java\bin"
      usr_paths[2] = "C:\WINDOWS\system32"
      usr_paths[3] = "C:\WINDOWS"
      usr_paths[4] = "C:/Program Files/Java/jre1.8.0_112/bin/server"
      usr_paths[5] = "C:/Program Files/Java/jre1.8.0_112/bin"
      usr_paths[6] = "C:/Program Files/Java/jre1.8.0_112/lib/amd64"
      usr_paths[7] = "C:\Program Files\Oculus\Support\oculus-runtime"
      usr_paths[8] = "C:\ProgramData\Oracle\Java\javapath"
      usr_paths[9] = "C:\Program Files (x86)\Intel\iCLS Client\"
      usr_paths[10] = "C:\Program Files\Intel\iCLS Client\"
      usr_paths[11] = "C:\Windows\system32"
      usr_paths[12] = "C:\Windows"
      usr_paths[13] = "C:\Windows\System32\Wbem"
      usr_paths[14] = "C:\Windows\System32\WindowsPowerShell\v1.0\"
      usr_paths[15] = "C:\Program Files (x86)\Common Files\lenovo\easyplussdk\bin"
      usr_paths[16] = "C:\Program Files (x86)\NVIDIA Corporation\PhysX\Common"
      usr_paths[17] = "C:\Program Files (x86)\Intel\Intel(R) Management Engine Components\DAL"
      usr_paths[18] = "C:\Program Files\Intel\Intel(R) Management Engine Components\DAL"
      usr_paths[19] = "C:\Program Files (x86)\Intel\Intel(R) Management Engine Components\IPT"
      usr_paths[20] = "C:\Program Files\Intel\Intel(R) Management Engine Components\IPT"
      usr_paths[21] = "C:\Program Files\Intel\WiFi\bin\"
      usr_paths[22] = "C:\Program Files\Common Files\Intel\WirelessCommon\"
      usr_paths[23] = "C:\Program Files (x86)\Windows Kits\8.1\Windows Performance Toolkit\"
      usr_paths[24] = "C:\Program Files (x86)\GtkSharp\2.12\bin"
      usr_paths[25] = "C:\Program Files\Java\jdk1.8.0_102\bin"
      usr_paths[26] = "C:\Program Files (x86)\Skype\Phone\"
      usr_paths[27] = "C:\WINDOWS\system32"
      usr_paths[28] = "C:\WINDOWS"
      usr_paths[29] = "C:\WINDOWS\System32\Wbem"
      usr_paths[30] = "C:\WINDOWS\System32\WindowsPowerShell\v1.0\"
      usr_paths[31] = "C:\OpenSSL-Win64\bin"
      usr_paths[32] = "C:\Servers\Node\"
      usr_paths[33] = "C:\Program Files (x86)\PuTTY\"
      usr_paths[34] = "C:\Program Files (x86)\Brackets\command"
      usr_paths[35] = "C:\Program Files\MongoDB\Server\3.4\bin"
      usr_paths[36] = "C:\Users\Joe\AppData\Local\Microsoft\WindowsApps"
      usr_paths[37] = "C:\Users\Joe\AppData\Roaming\npm"
      usr_paths[38] = "C:\Servers\WebsphereSDK\eclipse"
      usr_paths[39] = "."
      usr_paths[40] = "."
    sys_paths = class java.lang.String[1]
      sys_paths[0] = "C:\Program Files\Java\jre1.8.0_112\bin"
    assertionLock = class com.ibm.ws.classloading.internal.ThreadContextClassLoader@2ca7d202
    defaultAssertionStatus = false
    packageAssertionStatus = null
    classAssertionStatus = null
  evtSource = class com.ibm.ws.webcontainer.webapp.WebAppEventSource@82bfc90
    _invocationListeners = class com.ibm.ws.webcontainer.util.EventListeners@6d42fc8a
      EMPTY_LISTENERS = interface java.util.EventListener[0]
      logger = class com.ibm.ws.logging.internal.WsLogger@187d7265
      CLASS_NAME = "com.ibm.ws.webcontainer.util.EventListeners"
      listeners = interface java.util.EventListener[0]
    _servletListeners = class com.ibm.ws.webcontainer.util.EventListeners@431cc708
      EMPTY_LISTENERS = interface java.util.EventListener[0]
      logger = class com.ibm.ws.logging.internal.WsLogger@187d7265
      CLASS_NAME = "com.ibm.ws.webcontainer.util.EventListeners"
      listeners = interface java.util.EventListener[0]
    _errorListeners = class com.ibm.ws.webcontainer.util.EventListeners@5df3aaa8
      EMPTY_LISTENERS = interface java.util.EventListener[0]
      logger = class com.ibm.ws.logging.internal.WsLogger@187d7265
      CLASS_NAME = "com.ibm.ws.webcontainer.util.EventListeners"
      listeners = interface java.util.EventListener[0]
    _applicationListeners = class com.ibm.ws.webcontainer.util.EventListeners@24236d16
      EMPTY_LISTENERS = interface java.util.EventListener[0]
      logger = class com.ibm.ws.logging.internal.WsLogger@187d7265
      CLASS_NAME = "com.ibm.ws.webcontainer.util.EventListeners"
      listeners = interface java.util.EventListener[0]
    _filterInvocationListeners = class com.ibm.ws.webcontainer.util.EventListeners@5eff73b4
      EMPTY_LISTENERS = interface java.util.EventListener[0]
      logger = class com.ibm.ws.logging.internal.WsLogger@187d7265
      CLASS_NAME = "com.ibm.ws.webcontainer.util.EventListeners"
      listeners = interface java.util.EventListener[0]
    _filterListeners = class com.ibm.ws.webcontainer.util.EventListeners@7bfecbe4
      EMPTY_LISTENERS = interface java.util.EventListener[0]
      logger = class com.ibm.ws.logging.internal.WsLogger@187d7265
      CLASS_NAME = "com.ibm.ws.webcontainer.util.EventListeners"
      listeners = interface java.util.EventListener[0]
    _filterErrorListeners = class com.ibm.ws.webcontainer.util.EventListeners@3b9898d9
      EMPTY_LISTENERS = interface java.util.EventListener[0]
      logger = class com.ibm.ws.logging.internal.WsLogger@187d7265
      CLASS_NAME = "com.ibm.ws.webcontainer.util.EventListeners"
      listeners = interface java.util.EventListener[0]
  event = class com.ibm.websphere.servlet.event.ServletEvent@58ac9f96
    serialVersionUID = 3906650803920713522
    _servletName = "mvc-dispatcher"
    _servletClassName = "org.springframework.web.servlet.DispatcherServlet"
    $$$tc$$$ = class com.ibm.websphere.ras.TraceComponent@6ab7d86a
      strings[0] = "TraceComponent[com.ibm.websphere.servlet.event.ServletEvent,class com.ibm.websphere.servlet.event.ServletEvent,[],null,null]"
    serialVersionUID = 3546927969739289392
    _context = class com.ibm.ws.webcontainer31.facade.ServletContextFacade31@aaa7d51
    _servletNames = class com.ibm.ws.webcontainer.util.EmptyEnumeration@64e89374
      serialVersionUID = 3546642126931963953
      _instance = class com.ibm.ws.webcontainer.util.EmptyEnumeration@64e89374
    $$$tc$$$ = class com.ibm.websphere.ras.TraceComponent@644da041
      strings[0] = "TraceComponent[com.ibm.websphere.servlet.event.ApplicationEvent,class com.ibm.websphere.servlet.event.ApplicationEvent,[],null,null]"
    serialVersionUID = 5516075349620653480
    source = class com.ibm.ws.webcontainer.osgi.servlet.ServletWrapper@52c32a32
  unavailableMessage = null
  unavailableUntil = -1
  isSTM = false
  internalServlet = false
  webAppInvocationCollaborators = null
  platformHelper = class com.ibm.ws.webcontainer.PlatformHelper@d2b1c72
  webAppNameSpaceCollab = class com.ibm.ws.webcontainer.osgi.collaborator.WebAppNameSpaceCollaboratorImpl@ab46b97
    cmdai = class com.ibm.ws.threadContext.ComponentMetaDataAccessorImpl@39000b51
      tc = class com.ibm.websphere.ras.TraceComponent@6f1fb956
      cmdai = class com.ibm.ws.threadContext.ComponentMetaDataAccessorImpl@39000b51
      threadContext = class com.ibm.ws.threadContext.ThreadContextImpl@5edeecc
      defaultCMD = null
  txCollab = class com.ibm.ws.webcontainer.collaborator.WebAppTransactionCollaborator@5ad05830
    logger = class com.ibm.ws.logging.internal.WsLogger@722629f9
      tc = class com.ibm.websphere.ras.TraceComponent@5ca1ec2d
      ivCachedResourceBundleName = null
      ivCachedResourceBundle = null
      ivComponent = null
      ivOrganization = null
      ivProduct = null
      ivMinimumLocalizationLevelIntValue = 625
      ivTC = class com.ibm.websphere.ras.TraceComponent@7caea809
      loggerRegistrationComponent = class java.lang.ThreadLocal@33b6e726
      emptyHandlers = class java.util.logging.Handler[0]
      offValue = 2147483647
      SYSTEM_LOGGER_RB_NAME = "sun.util.logging.resources.logging"
      SYSTEM_BUNDLE = class java.util.logging.Logger$LoggerBundle@1acb9326
      NO_RESOURCE_BUNDLE = class java.util.logging.Logger$LoggerBundle@39c0e70e
      manager = class com.ibm.ws.kernel.boot.logging.WsLogManager@3d4bb8c7
      name = "com.ibm.ws.webcontainer.collaborator"
      handlers = class java.util.concurrent.CopyOnWriteArrayList@5887f005
      loggerBundle = class java.util.logging.Logger$LoggerBundle@14e7a210
      useParentHandlers = true
      filter = null
      anonymous = false
      catalog = class com.ibm.ws.webcontainer.resources.Messages_es@30699beb
      catalogName = "com.ibm.ws.webcontainer.resources.Messages"
      catalogLocale = class java.util.Locale@2dd3ff82
      treeLock = class java.lang.Object@4d3ee77f
      parent = class com.ibm.ws.logging.internal.WsLogger@132bac8d
      kids = null
      levelObject = class java.util.logging.Level@2c12f2db
      levelValue = 800
      callersClassLoaderRef = class java.lang.ref.WeakReference@36bbefc7
      isSystemLogger = false
      GLOBAL_LOGGER_NAME = "global"
      global = class java.util.logging.Logger@24302e95
      $assertionsDisabled = true
    CLASS_NAME = "com.ibm.ws.webcontainer.collaborator.WebAppTransactionCollaborator"
  connCollab = class com.ibm.ws.webcontainer.collaborator.ConnectionCollaborator@d48f086
  suppressServletExceptionLogging = false
  throwExceptionEnum = class java.util.RegularEnumSet@a074fd
    serialVersionUID = 3411599620347842686
    elements = 256
    elementType = class java.lang.Class@930a087
      ANNOTATION = 8192
      ENUM = 16384
      SYNTHETIC = 4096
      cachedConstructor = null
      newInstanceCallerCache = null
      name = "com.ibm.wsspi.webcontainer.collaborator.CollaboratorInvocationEnum"
      allPermDomain = class java.security.ProtectionDomain@57e0a0dc
      useCaches = true
      reflectionData = class java.lang.ref.SoftReference@2245c458
      classRedefinedCount = 0
      genericInfo = null
      serialVersionUID = 3206093459760846163
      serialPersistentFields = class java.io.ObjectStreamField[0]
      reflectionFactory = class sun.reflect.ReflectionFactory@1c18d695
      initted = true
      enumConstants = class com.ibm.wsspi.webcontainer.collaborator.CollaboratorInvocationEnum[9]
      enumConstantDirectory = null
      annotationData = class java.lang.Class$AnnotationData@547dfa08
      annotationType = null
      classValueMap = null
    universe = class com.ibm.wsspi.webcontainer.collaborator.CollaboratorInvocationEnum[9]
      universe[0] = class com.ibm.wsspi.webcontainer.collaborator.CollaboratorInvocationEnum@3f4ae268
      universe[1] = class com.ibm.wsspi.webcontainer.collaborator.CollaboratorInvocationEnum@7b98fa1f
      universe[2] = class com.ibm.wsspi.webcontainer.collaborator.CollaboratorInvocationEnum@174d9288
      universe[3] = class com.ibm.wsspi.webcontainer.collaborator.CollaboratorInvocationEnum@4d3b428a
      universe[4] = class com.ibm.wsspi.webcontainer.collaborator.CollaboratorInvocationEnum@250aa0e7
      universe[5] = class com.ibm.wsspi.webcontainer.collaborator.CollaboratorInvocationEnum@19fefe5b
      universe[6] = class com.ibm.wsspi.webcontainer.collaborator.CollaboratorInvocationEnum@625cf63e
      universe[7] = class com.ibm.wsspi.webcontainer.collaborator.CollaboratorInvocationEnum@7564c7ed
      universe[8] = class com.ibm.wsspi.webcontainer.collaborator.CollaboratorInvocationEnum@5995c3e
    ZERO_LENGTH_ENUM_ARRAY = class java.lang.Enum[0]
    MAX_ARRAY_SIZE = 2147483639
  discernUnavailableServlet = false
  reInitServletonInitUnavailableException = true
  destroyServletonServiceUnavailableException = false
  servlet23 = true
  PARAMS_HEAD_TRACE = class java.lang.Class[2]
    PARAMS_HEAD_TRACE[0] = class java.lang.Class@4ae4f63
      ANNOTATION = 8192
      ENUM = 16384
      SYNTHETIC = 4096
      cachedConstructor = null
      newInstanceCallerCache = null
      name = "javax.servlet.http.HttpServletRequest"
      allPermDomain = class java.security.ProtectionDomain@57e0a0dc
      useCaches = true
      reflectionData = null
      classRedefinedCount = 0
      genericInfo = null
      serialVersionUID = 3206093459760846163
      serialPersistentFields = class java.io.ObjectStreamField[0]
      reflectionFactory = class sun.reflect.ReflectionFactory@1c18d695
      initted = true
      enumConstants = null
      enumConstantDirectory = null
      annotationData = null
      annotationType = null
      classValueMap = null
    PARAMS_HEAD_TRACE[1] = class java.lang.Class@4f6fa1fb
      ANNOTATION = 8192
      ENUM = 16384
      SYNTHETIC = 4096
      cachedConstructor = null
      newInstanceCallerCache = null
      name = "javax.servlet.http.HttpServletResponse"
      allPermDomain = class java.security.ProtectionDomain@57e0a0dc
      useCaches = true
      reflectionData = class java.lang.ref.SoftReference@2cc80e3a
      classRedefinedCount = 0
      genericInfo = null
      serialVersionUID = 3206093459760846163
      serialPersistentFields = class java.io.ObjectStreamField[0]
      reflectionFactory = class sun.reflect.ReflectionFactory@1c18d695
      initted = true
      enumConstants = null
      enumConstantDirectory = null
      annotationData = null
      annotationType = null
      classValueMap = null
  defaultHeadMethodInUse = false
  defaultTraceMethodInUse = false
  checkedForDefaultMethods = null
  defaultTraceRequestBehavior = false
  defaultHeadRequestBehavior = false
  useOriginalRequestState = false
  warningStatusSet = false
  LSTRING_FILE = "javax.servlet.LocalStrings"
  lStrings = class java.util.PropertyResourceBundle@3535081d
    lookup = class java.util.HashMap@2c0c1e6
      serialVersionUID = 362498820763181265
      DEFAULT_INITIAL_CAPACITY = 16
      MAXIMUM_CAPACITY = 1073741824
      DEFAULT_LOAD_FACTOR = 0.75
      TREEIFY_THRESHOLD = 8
      UNTREEIFY_THRESHOLD = 6
      MIN_TREEIFY_CAPACITY = 64
      table = class java.util.HashMap$Node[8]
      entrySet = null
      size = 4
      modCount = 4
      threshold = 6
      loadFactor = 0.75
      keySet = null
      values = null
    INITIAL_CACHE_SIZE = 32
    NONEXISTENT_BUNDLE = class java.util.ResourceBundle$1@15fd2485
      INITIAL_CACHE_SIZE = 32
      NONEXISTENT_BUNDLE = class java.util.ResourceBundle$1@15fd2485
      cacheList = class java.util.concurrent.ConcurrentHashMap@277f09e8
      referenceQueue = class java.lang.ref.ReferenceQueue@23343310
      parent = null
      locale = null
      name = null
      expired = false
      cacheKey = class java.util.ResourceBundle$CacheKey@6b7d376a
      keySet = null
      providers = null
      $assertionsDisabled = true
    cacheList = class java.util.concurrent.ConcurrentHashMap@277f09e8
      serialVersionUID = 7249069246763182397
      MAXIMUM_CAPACITY = 1073741824
      DEFAULT_CAPACITY = 16
      MAX_ARRAY_SIZE = 2147483639
      DEFAULT_CONCURRENCY_LEVEL = 16
      LOAD_FACTOR = 0.75
      TREEIFY_THRESHOLD = 8
      UNTREEIFY_THRESHOLD = 6
      MIN_TREEIFY_CAPACITY = 64
      MIN_TRANSFER_STRIDE = 16
      RESIZE_STAMP_BITS = 16
      MAX_RESIZERS = 65535
      RESIZE_STAMP_SHIFT = 16
      MOVED = -1
      TREEBIN = -2
      RESERVED = -3
      HASH_BITS = 2147483647
      NCPU = 8
      serialPersistentFields = class java.io.ObjectStreamField[3]
      table = class java.util.concurrent.ConcurrentHashMap$Node[128]
      nextTable = null
      baseCount = 67
      sizeCtl = 96
      transferIndex = 0
      cellsBusy = 0
      counterCells = null
      keySet = null
      values = null
      entrySet = null
      U = class sun.misc.Unsafe@1be7720b
      SIZECTL = 20
      TRANSFERINDEX = 32
      BASECOUNT = 24
      CELLSBUSY = 36
      CELLVALUE = 144
      ABASE = 16
      ASHIFT = 2
      keySet = null
      values = null
    referenceQueue = class java.lang.ref.ReferenceQueue@23343310
      NULL = class java.lang.ref.ReferenceQueue$Null@687b6b86
      ENQUEUED = class java.lang.ref.ReferenceQueue$Null@2d805937
      lock = class java.lang.ref.ReferenceQueue$Lock@38616808
      head = null
      queueLength = 0
      $assertionsDisabled = true
    parent = null
    locale = class java.util.Locale@19ff0a97
      LOCALECACHE = class java.util.Locale$Cache@191c27b
      ENGLISH = class java.util.Locale@6d7c7545
      FRENCH = class java.util.Locale@4b245a0a
      GERMAN = class java.util.Locale@21d5562c
      ITALIAN = class java.util.Locale@2ed8da77
      JAPANESE = class java.util.Locale@208054b4
      KOREAN = class java.util.Locale@499dbea4
      CHINESE = class java.util.Locale@42f2e58d
      SIMPLIFIED_CHINESE = class java.util.Locale@2a1184c6
      TRADITIONAL_CHINESE = class java.util.Locale@89640c4
      FRANCE = class java.util.Locale@2c5ab7ec
      GERMANY = class java.util.Locale@7951f167
      ITALY = class java.util.Locale@5f407d3f
      JAPAN = class java.util.Locale@656a8673
      KOREA = class java.util.Locale@1cf6a8e5
      CHINA = class java.util.Locale@2a1184c6
      PRC = class java.util.Locale@2a1184c6
      TAIWAN = class java.util.Locale@89640c4
      UK = class java.util.Locale@6adaa8d5
      US = class java.util.Locale@362f8934
      CANADA = class java.util.Locale@7c7c89c
      CANADA_FRENCH = class java.util.Locale@2e5fe901
      ROOT = class java.util.Locale@19ff0a97
      PRIVATE_USE_EXTENSION = x
      UNICODE_LOCALE_EXTENSION = u
      serialVersionUID = 9149081749638150636
      DISPLAY_LANGUAGE = 0
      DISPLAY_COUNTRY = 1
      DISPLAY_VARIANT = 2
      DISPLAY_SCRIPT = 3
      baseLocale = class sun.util.locale.BaseLocale@3cb4b97a
      localeExtensions = null
      hashCodeValue = 0
      defaultLocale = class java.util.Locale@2dd3ff82
      defaultDisplayLocale = null
      defaultFormatLocale = class java.util.Locale@362f8934
      languageTag = null
      serialPersistentFields = class java.io.ObjectStreamField[6]
      isoLanguages = null
      isoCountries = null
      $assertionsDisabled = true
    name = "javax.servlet.LocalStrings"
    expired = false
    cacheKey = class java.util.ResourceBundle$CacheKey@65dacc21
      name = "javax.servlet.LocalStrings"
      locale = class java.util.Locale@19ff0a97
      loaderRef = class java.util.ResourceBundle$LoaderReference@ed64dd4
      format = "java.properties"
      loadTime = 0
      expirationTime = -2
      cause = null
      hashCodeCache = -237329021
    keySet = null
    providers = null
    $assertionsDisabled = true
  config = null

