------Start of DE processing------ = [3/17/17 21:18:56:042 CST]
Exception = org.springframework.beans.factory.UnsatisfiedDependencyException
Source = com.ibm.ws.webcontainer.servlet.ServletWrapper.init
probeid = 181
Stack Dump = org.springframework.beans.factory.UnsatisfiedDependencyException: Error creating bean with name 'martUserController' defined in file [C:\Servers\WebsphereApps\SpringTest\WebContent\WEB-INF\classes\mx\org\joe\web\database\MartUserController.class]: Unsatisfied dependency expressed through constructor argument with index 0 of type [mx.org.joe.web.database.MartDao]: : Cannot find class [org.apache.commons.dbcp.BasicDataSource] for bean with name 'dataSource' defined in ServletContext resource [/WEB-INF/springMvc.xml]; nested exception is java.lang.ClassNotFoundException: org.apache.commons.dbcp.BasicDataSource; nested exception is org.springframework.beans.factory.CannotLoadBeanClassException: Cannot find class [org.apache.commons.dbcp.BasicDataSource] for bean with name 'dataSource' defined in ServletContext resource [/WEB-INF/springMvc.xml]; nested exception is java.lang.ClassNotFoundException: org.apache.commons.dbcp.BasicDataSource
	at org.springframework.beans.factory.support.ConstructorResolver.createArgumentArray(ConstructorResolver.java:749)
	at org.springframework.beans.factory.support.ConstructorResolver.autowireConstructor(ConstructorResolver.java:185)
	at org.springframework.beans.factory.support.AbstractAutowireCapableBeanFactory.autowireConstructor(AbstractAutowireCapableBeanFactory.java:1143)
	at org.springframework.beans.factory.support.AbstractAutowireCapableBeanFactory.createBeanInstance(AbstractAutowireCapableBeanFactory.java:1046)
	at org.springframework.beans.factory.support.AbstractAutowireCapableBeanFactory.doCreateBean(AbstractAutowireCapableBeanFactory.java:510)
	at org.springframework.beans.factory.support.AbstractAutowireCapableBeanFactory.createBean(AbstractAutowireCapableBeanFactory.java:482)
	at org.springframework.beans.factory.support.AbstractBeanFactory$1.getObject(AbstractBeanFactory.java:306)
	at org.springframework.beans.factory.support.DefaultSingletonBeanRegistry.getSingleton(DefaultSingletonBeanRegistry.java:230)
	at org.springframework.beans.factory.support.AbstractBeanFactory.doGetBean(AbstractBeanFactory.java:302)
	at org.springframework.beans.factory.support.AbstractBeanFactory.getBean(AbstractBeanFactory.java:197)
	at org.springframework.beans.factory.support.DefaultListableBeanFactory.preInstantiateSingletons(DefaultListableBeanFactory.java:772)
	at org.springframework.context.support.AbstractApplicationContext.finishBeanFactoryInitialization(AbstractApplicationContext.java:838)
	at org.springframework.context.support.AbstractApplicationContext.refresh(AbstractApplicationContext.java:537)
	at org.springframework.web.servlet.FrameworkServlet.configureAndRefreshWebApplicationContext(FrameworkServlet.java:667)
	at org.springframework.web.servlet.FrameworkServlet.createWebApplicationContext(FrameworkServlet.java:633)
	at org.springframework.web.servlet.FrameworkServlet.createWebApplicationContext(FrameworkServlet.java:681)
	at org.springframework.web.servlet.FrameworkServlet.initWebApplicationContext(FrameworkServlet.java:552)
	at org.springframework.web.servlet.FrameworkServlet.initServletBean(FrameworkServlet.java:493)
	at org.springframework.web.servlet.HttpServletBean.init(HttpServletBean.java:136)
	at javax.servlet.GenericServlet.init(GenericServlet.java:244)
	at com.ibm.ws.webcontainer.servlet.ServletWrapper.init(ServletWrapper.java:332)
	at com.ibm.ws.webcontainer.servlet.ServletWrapper.loadOnStartupCheck(ServletWrapper.java:1428)
	at com.ibm.ws.webcontainer.webapp.WebApp.doLoadOnStartupActions(WebApp.java:1197)
	at com.ibm.ws.webcontainer.webapp.WebApp.commonInitializationFinally(WebApp.java:1165)
	at com.ibm.ws.webcontainer.webapp.WebApp.initialize(WebApp.java:1074)
	at com.ibm.ws.webcontainer.webapp.WebApp.initialize(WebApp.java:6562)
	at com.ibm.ws.webcontainer.osgi.DynamicVirtualHost.startWebApp(DynamicVirtualHost.java:468)
	at com.ibm.ws.webcontainer.osgi.DynamicVirtualHost.createRunnableHandler(DynamicVirtualHost.java:266)
	at com.ibm.ws.webcontainer.osgi.DynamicVirtualHost.createRunnableHandler(DynamicVirtualHost.java:331)
	at com.ibm.ws.http.internal.VirtualHostImpl.discriminate(VirtualHostImpl.java:251)
	at com.ibm.ws.http.dispatcher.internal.channel.HttpDispatcherLink.ready(HttpDispatcherLink.java:301)
	at com.ibm.ws.http.channel.internal.inbound.HttpInboundLink.handleDiscrimination(HttpInboundLink.java:471)
	at com.ibm.ws.http.channel.internal.inbound.HttpInboundLink.handleNewRequest(HttpInboundLink.java:405)
	at com.ibm.ws.http.channel.internal.inbound.HttpInboundLink.processRequest(HttpInboundLink.java:285)
	at com.ibm.ws.http.channel.internal.inbound.HttpInboundLink.ready(HttpInboundLink.java:256)
	at com.ibm.ws.tcpchannel.internal.NewConnectionInitialReadCallback.sendToDiscriminators(NewConnectionInitialReadCallback.java:174)
	at com.ibm.ws.tcpchannel.internal.NewConnectionInitialReadCallback.complete(NewConnectionInitialReadCallback.java:83)
	at com.ibm.ws.tcpchannel.internal.WorkQueueManager.requestComplete(WorkQueueManager.java:504)
	at com.ibm.ws.tcpchannel.internal.WorkQueueManager.attemptIO(WorkQueueManager.java:574)
	at com.ibm.ws.tcpchannel.internal.WorkQueueManager.workerRun(WorkQueueManager.java:929)
	at com.ibm.ws.tcpchannel.internal.WorkQueueManager$Worker.run(WorkQueueManager.java:1018)
	at java.util.concurrent.ThreadPoolExecutor.runWorker(Unknown Source)
	at java.util.concurrent.ThreadPoolExecutor$Worker.run(Unknown Source)
	at java.lang.Thread.run(Unknown Source)
Caused by: org.springframework.beans.factory.CannotLoadBeanClassException: Cannot find class [org.apache.commons.dbcp.BasicDataSource] for bean with name 'dataSource' defined in ServletContext resource [/WEB-INF/springMvc.xml]; nested exception is java.lang.ClassNotFoundException: org.apache.commons.dbcp.BasicDataSource
	at org.springframework.beans.factory.support.AbstractBeanFactory.resolveBeanClass(AbstractBeanFactory.java:1352)
	at org.springframework.beans.factory.support.AbstractAutowireCapableBeanFactory.determineTargetType(AbstractAutowireCapableBeanFactory.java:628)
	at org.springframework.beans.factory.support.AbstractAutowireCapableBeanFactory.predictBeanType(AbstractAutowireCapableBeanFactory.java:597)
	at org.springframework.beans.factory.support.AbstractBeanFactory.isFactoryBean(AbstractBeanFactory.java:1445)
	at org.springframework.beans.factory.support.DefaultListableBeanFactory.doGetBeanNamesForType(DefaultListableBeanFactory.java:445)
	at org.springframework.beans.factory.support.DefaultListableBeanFactory.getBeanNamesForType(DefaultListableBeanFactory.java:423)
	at org.springframework.beans.factory.BeanFactoryUtils.beanNamesForTypeIncludingAncestors(BeanFactoryUtils.java:220)
	at org.springframework.beans.factory.support.DefaultListableBeanFactory.findAutowireCandidates(DefaultListableBeanFactory.java:1177)
	at org.springframework.beans.factory.support.DefaultListableBeanFactory.doResolveDependency(DefaultListableBeanFactory.java:1116)
	at org.springframework.beans.factory.support.DefaultListableBeanFactory.resolveDependency(DefaultListableBeanFactory.java:1014)
	at org.springframework.beans.factory.support.ConstructorResolver.resolveAutowiredArgument(ConstructorResolver.java:813)
	at org.springframework.beans.factory.support.ConstructorResolver.createArgumentArray(ConstructorResolver.java:741)
	... 43 more
Caused by: java.lang.ClassNotFoundException: org.apache.commons.dbcp.BasicDataSource
	at com.ibm.ws.classloading.internal.UnifiedClassLoader.findClass(UnifiedClassLoader.java:120)
	at java.lang.ClassLoader.loadClass(Unknown Source)
	at com.ibm.ws.classloading.internal.UnifiedClassLoader.loadClass0(UnifiedClassLoader.java:108)
	at com.ibm.ws.classloading.internal.UnifiedClassLoader$Delegation.loadClass(UnifiedClassLoader.java:79)
	at com.ibm.ws.classloading.internal.UnifiedClassLoader.loadClass(UnifiedClassLoader.java:103)
	at com.ibm.ws.classloading.internal.ThreadContextClassLoader.loadClass(ThreadContextClassLoader.java:112)
	at java.lang.ClassLoader.loadClass(Unknown Source)
	at org.springframework.util.ClassUtils.forName(ClassUtils.java:250)
	at org.springframework.beans.factory.support.AbstractBeanDefinition.resolveBeanClass(AbstractBeanDefinition.java:394)
	at org.springframework.beans.factory.support.AbstractBeanFactory.doResolveBeanClass(AbstractBeanFactory.java:1397)
	at org.springframework.beans.factory.support.AbstractBeanFactory.resolveBeanClass(AbstractBeanFactory.java:1344)
	... 54 more

Dump of callerThis
Object type = com.ibm.ws.webcontainer.osgi.servlet.ServletWrapper
  serialVersionUID = 1
  _mo = class com.ibm.ws.managedobject.internal.ManagedObjectImpl@71dba84e
    object = "<sensitive org.springframework.web.servlet.DispatcherServlet@6a45846b>"
    serialVersionUID = -5603642874755101089
    $$$tc$$$ = class com.ibm.websphere.ras.TraceComponent@2337f784
      strings[0] = "TraceComponent[com.ibm.ws.managedobject.internal.ManagedObjectImpl,class com.ibm.ws.managedobject.internal.ManagedObjectImpl,[],null,null]"
  serialVersionUID = -4479626085298397598
  notifyInvocationListeners = false
  UNINITIALIZED_STATE = -1
  AVAILABLE_STATE = 0
  UNAVAILABLE_STATE = 1
  UNAVAILABLE_PERMANENTLY_STATE = 2
  collabHelper = class com.ibm.ws.webcontainer.osgi.collaborator.CollaboratorHelperImpl@2dd0a108
    webAppInvCollabs = class java.util.Collections$UnmodifiableSet@2ed79be7
      serialVersionUID = -9215047833775013803
      serialVersionUID = 1820017752578914078
      c = class java.util.concurrent.CopyOnWriteArraySet@278c854e
    securityDomainForApp = null
    logger = class com.ibm.ws.logging.internal.WsLogger@311a37f3
    staticDefaultSecurityCollaborator = class com.ibm.ws.webcontainer.collaborator.WebAppSecurityCollaborator@167360d1
    logger = class com.ibm.ws.logging.internal.WsLogger@34725346
      tc = class com.ibm.websphere.ras.TraceComponent@7bb62bcb
      ivCachedResourceBundleName = null
      ivCachedResourceBundle = null
      ivComponent = null
      ivOrganization = null
      ivProduct = null
      ivMinimumLocalizationLevelIntValue = 625
      ivTC = class com.ibm.websphere.ras.TraceComponent@6915e218
      loggerRegistrationComponent = class java.lang.ThreadLocal@397effb6
      emptyHandlers = class java.util.logging.Handler[0]
      offValue = 2147483647
      SYSTEM_LOGGER_RB_NAME = "sun.util.logging.resources.logging"
      SYSTEM_BUNDLE = class java.util.logging.Logger$LoggerBundle@2ebe9708
      NO_RESOURCE_BUNDLE = class java.util.logging.Logger$LoggerBundle@542df229
      manager = class com.ibm.ws.kernel.boot.logging.WsLogManager@1ae03455
      name = "com.ibm.wsspi.webcontainer.collaborator"
      handlers = class java.util.concurrent.CopyOnWriteArrayList@2dc1ad60
      loggerBundle = class java.util.logging.Logger$LoggerBundle@335ccfe5
      useParentHandlers = true
      filter = null
      anonymous = false
      catalog = class com.ibm.ws.webcontainer.resources.Messages_es@79609b26
      catalogName = "com.ibm.ws.webcontainer.resources.Messages"
      catalogLocale = class java.util.Locale@2755cdde
      treeLock = class java.lang.Object@44a50a75
      parent = class java.util.logging.Logger@3a05c7b1
      kids = null
      levelObject = class java.util.logging.Level@479223e9
      levelValue = 800
      callersClassLoaderRef = class java.lang.ref.WeakReference@1a0fd73c
      isSystemLogger = false
      GLOBAL_LOGGER_NAME = "global"
      global = class java.util.logging.Logger@223a70fb
      $assertionsDisabled = true
    CLASS_NAME = "com.ibm.wsspi.webcontainer.collaborator.CollaboratorHelper"
    webApp = class com.ibm.ws.webcontainer31.osgi.webapp.WebApp31@584dc29
    securityCollaborator = class com.ibm.ws.webcontainer.collaborator.WebAppSecurityCollaborator@167360d1
    nameSpaceCollaborator = class com.ibm.ws.webcontainer.osgi.collaborator.WebAppNameSpaceCollaboratorImpl@48e2e554
    transactionCollaborator = class com.ibm.ws.webcontainer.collaborator.WebAppTransactionCollaborator@465dde0
    connectionCollaborator = class com.ibm.ws.webcontainer.collaborator.ConnectionCollaborator@16977734
    allCollabEnum = class java.util.RegularEnumSet@2668ee8c
      serialVersionUID = 3411599620347842686
      elements = 511
      elementType = class java.lang.Class@78dbab3d
      universe = class com.ibm.wsspi.webcontainer.collaborator.CollaboratorInvocationEnum[9]
      ZERO_LENGTH_ENUM_ARRAY = class java.lang.Enum[0]
      MAX_ARRAY_SIZE = 2147483639
    servlet_23_or_greater = true
    DEFER_SERVLET_REQUEST_LISTENER_DESTROY_ON_ERROR = false
  nServicing = class java.util.concurrent.atomic.AtomicInteger@526b3fda
    serialVersionUID = 6214790243416807050
    unsafe = class sun.misc.Unsafe@5c0a9e18
      theUnsafe = class sun.misc.Unsafe@5c0a9e18
      INVALID_FIELD_OFFSET = -1
      ARRAY_BOOLEAN_BASE_OFFSET = 16
      ARRAY_BYTE_BASE_OFFSET = 16
      ARRAY_SHORT_BASE_OFFSET = 16
      ARRAY_CHAR_BASE_OFFSET = 16
      ARRAY_INT_BASE_OFFSET = 16
      ARRAY_LONG_BASE_OFFSET = 16
      ARRAY_FLOAT_BASE_OFFSET = 16
      ARRAY_DOUBLE_BASE_OFFSET = 16
      ARRAY_OBJECT_BASE_OFFSET = 16
      ARRAY_BOOLEAN_INDEX_SCALE = 1
      ARRAY_BYTE_INDEX_SCALE = 1
      ARRAY_SHORT_INDEX_SCALE = 2
      ARRAY_CHAR_INDEX_SCALE = 2
      ARRAY_INT_INDEX_SCALE = 4
      ARRAY_LONG_INDEX_SCALE = 8
      ARRAY_FLOAT_INDEX_SCALE = 4
      ARRAY_DOUBLE_INDEX_SCALE = 8
      ARRAY_OBJECT_INDEX_SCALE = 4
      ADDRESS_SIZE = 8
    valueOffset = 12
    value = 0
    serialVersionUID = -8742448824652078965
  lastAccessTime = 1489807134765
  state = -1
  logger = class com.ibm.ws.logging.internal.WsLogger@67654e17
    tc = class com.ibm.websphere.ras.TraceComponent@7bb62bcb
      strings[0] = "TraceComponent[com.ibm.ws.logging.internal.WsLogger,class com.ibm.ws.logging.internal.WsLogger,[logging],com.ibm.ws.logging.internal.resources.LoggingMessages,null]"
    ivCachedResourceBundleName = null
    ivCachedResourceBundle = null
    ivComponent = null
    ivOrganization = null
    ivProduct = null
    ivMinimumLocalizationLevelIntValue = 625
    ivTC = class com.ibm.websphere.ras.TraceComponent@5d0f75b3
      strings[0] = "TraceComponent[com.ibm.ws.webcontainer.servlet,class com.ibm.wsspi.webcontainer.logging.LoggerFactory$1,[com.ibm.ws.webcontainer.servlet],null,null]"
    loggerRegistrationComponent = class java.lang.ThreadLocal@397effb6
      threadLocalHashCode = -1992887715
      nextHashCode = class java.util.concurrent.atomic.AtomicInteger@fb2685d
      HASH_INCREMENT = 1640531527
    emptyHandlers = class java.util.logging.Handler[0]
    offValue = 2147483647
    SYSTEM_LOGGER_RB_NAME = "sun.util.logging.resources.logging"
    SYSTEM_BUNDLE = class java.util.logging.Logger$LoggerBundle@2ebe9708
      resourceBundleName = "sun.util.logging.resources.logging"
      userBundle = null
    NO_RESOURCE_BUNDLE = class java.util.logging.Logger$LoggerBundle@542df229
      resourceBundleName = null
      userBundle = null
    manager = class com.ibm.ws.kernel.boot.logging.WsLogManager@1ae03455
      CLASS_NAME = "com.ibm.ws.kernel.boot.logging.WsLogManager"
      CONFIGURE_BY_SERVER_PROPERTY_NAME = "java.util.logging.configureByServer"
      CONFIGURE_BY_LOGGING_PROPERTIES_FILE = "java.util.logging.configureByLoggingPropertiesFile"
      configureByServer = true
      configureByLoggingProperties = false
      wsLogger = class java.lang.reflect.Constructor@598f5bfd
      resetEnabled = true
      manager = class com.ibm.ws.kernel.boot.logging.WsLogManager@1ae03455
      props = class java.util.Properties@3943fad6
      defaultLevel = class java.util.logging.Level@479223e9
      listenerMap = class java.util.HashMap@1e50e3e6
      systemContext = class java.util.logging.LogManager$SystemLoggerContext@3d230362
      userContext = class java.util.logging.LogManager$LoggerContext@72825a3
      rootLogger = class java.util.logging.LogManager$RootLogger@211bfada
      readPrimordialConfiguration = true
      initializedGlobalHandlers = true
      deathImminent = false
      initializedCalled = true
      initializationDone = true
      contextsMap = null
      loggerRefQueue = class java.lang.ref.ReferenceQueue@38cd72cc
      MAX_ITERATIONS = 400
      controlPermission = class java.util.logging.LoggingPermission@1dd05ea4
      loggingMXBean = null
      LOGGING_MXBEAN_NAME = "java.util.logging:type=Logging"
      $assertionsDisabled = true
    name = "com.ibm.ws.webcontainer.servlet"
    handlers = class java.util.concurrent.CopyOnWriteArrayList@5d57c881
      serialVersionUID = 8673264195747942595
      lock = class java.util.concurrent.locks.ReentrantLock@47d8b92a
      array = class java.lang.Object[0]
      UNSAFE = class sun.misc.Unsafe@5c0a9e18
      lockOffset = 12
    loggerBundle = class java.util.logging.Logger$LoggerBundle@78b12f4
      resourceBundleName = "com.ibm.ws.webcontainer.resources.Messages"
      userBundle = null
    useParentHandlers = true
    filter = null
    anonymous = false
    catalog = class com.ibm.ws.webcontainer.resources.Messages_es@3c0c0496
      resources = class [Ljava.lang.Object;[332]
      lookup = class java.util.HashMap@17757432
      INITIAL_CACHE_SIZE = 32
      NONEXISTENT_BUNDLE = class java.util.ResourceBundle$1@6af8e11f
      cacheList = class java.util.concurrent.ConcurrentHashMap@229d6bb3
      referenceQueue = class java.lang.ref.ReferenceQueue@4e290847
      parent = class com.ibm.ws.webcontainer.resources.Messages@20db3574
      locale = class java.util.Locale@203374b7
      name = "com.ibm.ws.webcontainer.resources.Messages"
      expired = false
      cacheKey = class java.util.ResourceBundle$CacheKey@27696f80
      keySet = null
      providers = null
      $assertionsDisabled = true
    catalogName = "com.ibm.ws.webcontainer.resources.Messages"
    catalogLocale = class java.util.Locale@2755cdde
      LOCALECACHE = class java.util.Locale$Cache@2f575b3c
      ENGLISH = class java.util.Locale@128929f9
      FRENCH = class java.util.Locale@57cbbd5a
      GERMAN = class java.util.Locale@6f17a65c
      ITALIAN = class java.util.Locale@7a8c8e39
      JAPANESE = class java.util.Locale@2191b670
      KOREAN = class java.util.Locale@2bbafe75
      CHINESE = class java.util.Locale@79cd9818
      SIMPLIFIED_CHINESE = class java.util.Locale@67ae2c5e
      TRADITIONAL_CHINESE = class java.util.Locale@4b2024ed
      FRANCE = class java.util.Locale@379532aa
      GERMANY = class java.util.Locale@228d7118
      ITALY = class java.util.Locale@34d775cb
      JAPAN = class java.util.Locale@7e9a38f0
      KOREA = class java.util.Locale@608455eb
      CHINA = class java.util.Locale@67ae2c5e
      PRC = class java.util.Locale@67ae2c5e
      TAIWAN = class java.util.Locale@4b2024ed
      UK = class java.util.Locale@2948ed52
      US = class java.util.Locale@26beac9d
      CANADA = class java.util.Locale@94c4d02
      CANADA_FRENCH = class java.util.Locale@4b257acd
      ROOT = class java.util.Locale@49a73535
      PRIVATE_USE_EXTENSION = x
      UNICODE_LOCALE_EXTENSION = u
      serialVersionUID = 9149081749638150636
      DISPLAY_LANGUAGE = 0
      DISPLAY_COUNTRY = 1
      DISPLAY_VARIANT = 2
      DISPLAY_SCRIPT = 3
      baseLocale = class sun.util.locale.BaseLocale@25e93c86
      localeExtensions = null
      hashCodeValue = 96770468
      defaultLocale = class java.util.Locale@2755cdde
      defaultDisplayLocale = null
      defaultFormatLocale = class java.util.Locale@26beac9d
      languageTag = "es-ES"
      serialPersistentFields = class java.io.ObjectStreamField[6]
      isoLanguages = null
      isoCountries = null
      $assertionsDisabled = true
    treeLock = class java.lang.Object@44a50a75
    parent = class com.ibm.ws.logging.internal.WsLogger@1b66aca7
      tc = class com.ibm.websphere.ras.TraceComponent@7bb62bcb
      ivCachedResourceBundleName = "com.ibm.ws.webcontainer.resources.Messages"
      ivCachedResourceBundle = class com.ibm.ws.webcontainer.resources.Messages_es@3c0c0496
      ivComponent = null
      ivOrganization = null
      ivProduct = null
      ivMinimumLocalizationLevelIntValue = 625
      ivTC = class com.ibm.websphere.ras.TraceComponent@22159a71
      loggerRegistrationComponent = class java.lang.ThreadLocal@397effb6
      emptyHandlers = class java.util.logging.Handler[0]
      offValue = 2147483647
      SYSTEM_LOGGER_RB_NAME = "sun.util.logging.resources.logging"
      SYSTEM_BUNDLE = class java.util.logging.Logger$LoggerBundle@2ebe9708
      NO_RESOURCE_BUNDLE = class java.util.logging.Logger$LoggerBundle@542df229
      manager = class com.ibm.ws.kernel.boot.logging.WsLogManager@1ae03455
      name = "com.ibm.ws.webcontainer"
      handlers = class java.util.concurrent.CopyOnWriteArrayList@2b793ba2
      loggerBundle = class java.util.logging.Logger$LoggerBundle@6e409eef
      useParentHandlers = true
      filter = null
      anonymous = false
      catalog = class com.ibm.ws.webcontainer.resources.Messages_es@3c0c0496
      catalogName = "com.ibm.ws.webcontainer.resources.Messages"
      catalogLocale = class java.util.Locale@2755cdde
      treeLock = class java.lang.Object@44a50a75
      parent = class java.util.logging.Logger@3a05c7b1
      kids = class java.util.ArrayList@73fba687
      levelObject = class java.util.logging.Level@479223e9
      levelValue = 800
      callersClassLoaderRef = class java.lang.ref.WeakReference@71f2eecf
      isSystemLogger = false
      GLOBAL_LOGGER_NAME = "global"
      global = class java.util.logging.Logger@223a70fb
      $assertionsDisabled = true
    kids = null
    levelObject = class java.util.logging.Level@479223e9
      defaultBundle = "sun.util.logging.resources.logging"
      name = "INFO"
      value = 800
      resourceBundleName = "sun.util.logging.resources.logging"
      localizedLevelName = "INFORMACIÓN"
      cachedLocale = class java.util.Locale@2755cdde
      OFF = class java.util.logging.Level@36faf97e
      SEVERE = class java.util.logging.Level@15708afe
      WARNING = class java.util.logging.Level@63e57eb6
      INFO = class java.util.logging.Level@479223e9
      CONFIG = class java.util.logging.Level@59784407
      FINE = class java.util.logging.Level@3828675f
      FINER = class java.util.logging.Level@291e2dde
      FINEST = class java.util.logging.Level@61c6e685
      ALL = class java.util.logging.Level@7a85cec6
      serialVersionUID = -8176160795706313070
    levelValue = 800
    callersClassLoaderRef = class java.lang.ref.WeakReference@4ea02df8
      referent = class org.eclipse.osgi.internal.loader.EquinoxClassLoader@218aba61
      queue = class java.lang.ref.ReferenceQueue$Null@150e9540
      next = null
      discovered = null
      lock = class java.lang.ref.Reference$Lock@1ee0dc75
      pending = null
    isSystemLogger = false
    GLOBAL_LOGGER_NAME = "global"
    global = class java.util.logging.Logger@223a70fb
      emptyHandlers = class java.util.logging.Handler[0]
      offValue = 2147483647
      SYSTEM_LOGGER_RB_NAME = "sun.util.logging.resources.logging"
      SYSTEM_BUNDLE = class java.util.logging.Logger$LoggerBundle@2ebe9708
      NO_RESOURCE_BUNDLE = class java.util.logging.Logger$LoggerBundle@542df229
      manager = class com.ibm.ws.kernel.boot.logging.WsLogManager@1ae03455
      name = "global"
      handlers = class java.util.concurrent.CopyOnWriteArrayList@13b46f78
      loggerBundle = class java.util.logging.Logger$LoggerBundle@542df229
      useParentHandlers = true
      filter = null
      anonymous = false
      catalog = null
      catalogName = null
      catalogLocale = null
      treeLock = class java.lang.Object@44a50a75
      parent = class java.util.logging.Logger@3a05c7b1
      kids = null
      levelObject = null
      levelValue = 800
      callersClassLoaderRef = null
      isSystemLogger = true
      GLOBAL_LOGGER_NAME = "global"
      global = class java.util.logging.Logger@223a70fb
      $assertionsDisabled = true
    $assertionsDisabled = true
  CLASS_NAME = "com.ibm.ws.webcontainer.servlet.ServletWrapper"
  nls = class com.ibm.ejs.ras.TraceNLS@49abd2b9
    resolver = class com.ibm.ws.logging.internal.TraceNLSResolver@5acc149f
      tc = class com.ibm.websphere.ras.TraceComponent@1edf1c96
      DEBUG_TRACE_NLS_PROPERTY = "com.ibm.ejs.ras.debugTraceNLSResolver"
      debugTraceNLSResolver = false
      makeNoise = false
      nullKey = "null"
      svNullBundleName = "Resource Bundle name is null, key = {0}"
      svBundleNotLoaded = "Unable to load ResourceBundle {0}"
      svNullKeyMessage = "Null key passed while using ResourceBundle {0}"
      svMalformedMessage = "No message text associated with key {0} in bundle {1}"
    finder = null
    ivBundleName = "com.ibm.ws.webcontainer.resources.Messages"
    caller = class java.lang.Class@1e5f0a2
      ANNOTATION = 8192
      ENUM = 16384
      SYNTHETIC = 4096
      cachedConstructor = null
      newInstanceCallerCache = null
      name = null
      allPermDomain = class java.security.ProtectionDomain@37ec508b
      useCaches = true
      reflectionData = class java.lang.ref.SoftReference@49625619
      classRedefinedCount = 0
      genericInfo = null
      serialVersionUID = 3206093459760846163
      serialPersistentFields = class java.io.ObjectStreamField[0]
      reflectionFactory = class sun.reflect.ReflectionFactory@35df9037
      initted = true
      enumConstants = null
      enumConstantDirectory = null
      annotationData = class java.lang.Class$AnnotationData@38ccce0e
      annotationType = null
      classValueMap = null
  servletConfig = class com.ibm.ws.webcontainer.servlet.ServletConfig@61dbe265
    logger = class com.ibm.ws.logging.internal.WsLogger@67654e17
    CLASS_NAME = "com.ibm.ws.webcontainer.servlet.ServletConfig"
    nls = class com.ibm.ejs.ras.TraceNLS@1f7eb4cd
      resolver = class com.ibm.ws.logging.internal.TraceNLSResolver@5acc149f
      finder = null
      ivBundleName = "com.ibm.ws.webcontainer.resources.Messages"
      caller = class java.lang.Class@5963444f
    liberty_nls = class com.ibm.ejs.ras.TraceNLS@1ea9da1a
      resolver = class com.ibm.ws.logging.internal.TraceNLSResolver@5acc149f
      finder = null
      ivBundleName = "com.ibm.ws.webcontainer.resources.LShimMessages"
      caller = class java.lang.Class@5963444f
    enabled = true
    servletName = "mvc-dispatcher"
    className = "org.springframework.web.servlet.DispatcherServlet"
    mappings = class java.util.ArrayList@4d4b362e
      serialVersionUID = 8683452581122892189
      DEFAULT_CAPACITY = 10
      EMPTY_ELEMENTDATA = class java.lang.Object[0]
      DEFAULTCAPACITY_EMPTY_ELEMENTDATA = class java.lang.Object[0]
      elementData = class java.lang.Object[10]
      size = 5
      MAX_ARRAY_SIZE = 2147483639
      modCount = 5
      MAX_ARRAY_SIZE = 2147483639
    startUpWeight = 1
    DEFAULT_STARTUP = -1
    isCachingEnabled = true
    isStatisticsEnabled = true
    isInternal = false
    metaData = class com.ibm.ws.webcontainer.osgi.metadata.WebComponentMetaDataImpl@131f63ac
      j2eeName = class com.ibm.ws.container.service.metadata.internal.J2EENameImpl@2661c95a
      webModuleMetaData = class com.ibm.ws.webcontainer.osgi.metadata.WebModuleMetaDataImpl@5a7f4b64
      mBeanServiceReg = null
      tc = class com.ibm.websphere.ras.TraceComponent@6581d65b
      NUM_STATIC_SLOTS = 4
      ID_UNINITIALIZED = -1
      id = 2
      metaDataInterface = class java.lang.Class@5b15b3da
      staticSlots = class java.lang.Object[4]
      dynamicSlots = null
    singleThreadModelServlet = false
    isJsp = false
    webAppConfig = class com.ibm.ws.webcontainer.osgi.webapp.WebAppConfiguration@5150833c
    servletWrapper = class com.ibm.ws.webcontainer.osgi.servlet.ServletWrapper@67736970
    servletClass = null
    servlet = null
    addedToLoadOnStartup = true
    previousWeight = null
    multipartConfig = null
    multipartConfigBaseLocation = null
    runAsRole = null
    servletSecurityElement = null
    declareRolesAnnotation = null
    logger = class com.ibm.ws.logging.internal.WsLogger@67654e17
    CLASS_NAME = "com.ibm.ws.webcontainer.servlet.TargetConfig"
    initParams = class java.util.HashMap@298409eb
      serialVersionUID = 362498820763181265
      DEFAULT_INITIAL_CAPACITY = 16
      MAXIMUM_CAPACITY = 1073741824
      DEFAULT_LOAD_FACTOR = 0.75
      TREEIFY_THRESHOLD = 8
      UNTREEIFY_THRESHOLD = 6
      MIN_TREEIFY_CAPACITY = 64
      table = class java.util.HashMap$Node[16]
      entrySet = null
      size = 1
      modCount = 1
      threshold = 12
      loadFactor = 0.75
      keySet = class java.util.HashMap$KeySet@75c644e7
      values = null
    fileName = null
    displayName = null
    name = "mvc-dispatcher"
    description = null
    smallIcon = null
    largeIcon = null
    context = class com.ibm.ws.webcontainer31.facade.ServletContextFacade31@2837222d
    className = null
    asyncSupported = false
    _id = "ServletGeneratedId1"
    _attributes = null
    serialVersionUID = 7511545662945734886
    $$$tc$$$ = class com.ibm.websphere.ras.TraceComponent@5e62f845
      strings[0] = "TraceComponent[com.ibm.ws.container.BaseConfiguration,class com.ibm.ws.container.BaseConfiguration,[],null,null]"
  context = class com.ibm.ws.webcontainer31.osgi.webapp.WebApp31@584dc29
    tc = class com.ibm.websphere.ras.TraceComponent@791c30e9
      strings[0] = "TraceComponent[com.ibm.ws.webcontainer31.osgi.webapp.WebApp31,class com.ibm.ws.webcontainer31.osgi.webapp.WebApp31,[webcontainer],com.ibm.ws.webcontainer31.resources.Messages,null]"
    CLASS_NAME = "com.ibm.ws.webcontainer31.osgi.webapp.WebApp31"
    servlet31NLS = class com.ibm.ejs.ras.TraceNLS@6900065c
      resolver = class com.ibm.ws.logging.internal.TraceNLSResolver@5acc149f
      finder = null
      ivBundleName = "com.ibm.ws.webcontainer31.resources.Messages"
      caller = class java.lang.Class@5b6022da
    validListenerClasses = class java.lang.Class[7]
      validListenerClasses[0] = class java.lang.Class@1c660938
      validListenerClasses[1] = class java.lang.Class@1230a328
      validListenerClasses[2] = class java.lang.Class@2c5df205
      validListenerClasses[3] = class java.lang.Class@3ea9b3f2
      validListenerClasses[4] = class java.lang.Class@12aa42d6
      validListenerClasses[5] = class java.lang.Class@5949a48
      validListenerClasses[6] = class java.lang.Class@461a9d25
    wsocServHandler = null
    tc = class com.ibm.websphere.ras.TraceComponent@425b0a3
      strings[0] = "TraceComponent[com.ibm.ws.webcontainer.osgi.webapp.WebApp,class com.ibm.ws.webcontainer.osgi.webapp.WebApp,[webcontainer],com.ibm.ws.webcontainer.resources.LShimMessages,null]"
    CLASS_NAME = "com.ibm.ws.webcontainer.osgi.webapp.WebApp"
    metaDataService = class com.ibm.ws.container.service.metadata.internal.MetaDataServiceImpl@5fdb19c7
      applicationMetaDataManager = class com.ibm.ws.container.service.metadata.internal.ApplicationMetaDataManager@643f979b
      moduleMetaDataManager = class com.ibm.ws.container.service.metadata.internal.ModuleMetaDataManager@12d9b1b8
      componentMetaDataManager = class com.ibm.ws.container.service.metadata.internal.ComponentMetaDataManager@7c269453
      methodMetaDataManager = class com.ibm.ws.container.service.metadata.internal.MethodMetaDataManager@604afb0a
      appModuleNameToModuleContainer = class java.util.concurrent.ConcurrentHashMap@78d13bd7
      jeeNameToComponentMetaData = class java.util.concurrent.ConcurrentHashMap@275a1104
      deferredMetaDataFactories = class com.ibm.wsspi.kernel.service.utils.ConcurrentServiceReferenceSet@6f168db0
      deferredMetaDataInitializers = class com.ibm.wsspi.kernel.service.utils.ConcurrentServiceReferenceMap@58b3b9f3
      serialVersionUID = -2494605732980966097
      $$$tc$$$ = class com.ibm.websphere.ras.TraceComponent@5d10941d
    namespacePopulated = false
    referenceContext = class com.ibm.ws.injectionengine.osgi.internal.OSGiReferenceContextImpl@7e5f9e21
      scopeData = class com.ibm.ws.injectionengine.osgi.internal.OSGiInjectionScopeData@4cd8c326
      serialVersionUID = 521511923892134915
      $$$tc$$$ = class com.ibm.websphere.ras.TraceComponent@76a91911
      CLASS_NAME = "com.ibm.ws.injectionengine.ReferenceContextImpl"
      tc = class com.ibm.ejs.ras.TraceComponent@4acc6ae4
      ivInjectionEngine = class com.ibm.ws.injectionengine.osgi.internal.OSGiInjectionEngineImpl@38aa231d
      ivProviders = class java.util.ArrayList@469bda41
      ivComponentJavaContext = null
      ivComponentNameSpace = null
      ivJavaColonCompEnvMap = class java.util.LinkedHashMap@4f429c87
      ivEjbContext10 = class java.util.Properties@2ab6b682
      ivResourceRefConfigList = null
      isAlreadyProcessed = true
      ivProcessFailure = null
      ivInjectionTargetMap = class java.util.concurrent.ConcurrentHashMap@436dda02
      ivDeclaredInjectionTargets = class java.util.HashMap@5b3c59fc
      ivProcessedInjectionClasses = class java.util.HashSet@c140b8
      ivProcessedInjectionBindings = class java.util.ArrayList@1fdcf484
      ivAnyProcessDynamic = false
      ivCheckAppConfig = false
    j2eeNameFactory = class com.ibm.ws.container.service.metadata.internal.J2EENameFactoryImpl@3680d686
      serialVersionUID = 3486344295038028821
      $$$tc$$$ = class com.ibm.websphere.ras.TraceComponent@3c5aa696
    moduleLoader = class com.ibm.ws.classloading.internal.AppClassLoader@4ce6e294
    webAppConfig = class com.ibm.ws.webcontainer.osgi.webapp.WebAppConfiguration@5150833c
      webModuleMetaData = class com.ibm.ws.webcontainer.osgi.metadata.WebModuleMetaDataImpl@5a7f4b64
      webComponentMetaData = class com.ibm.ws.webcontainer.osgi.metadata.WebComponentMetaDataImpl@505b9458
      dVirtualHost = class com.ibm.ws.webcontainer.osgi.DynamicVirtualHost@1dc999
      orderedLibPaths = class java.util.Collections$UnmodifiableRandomAccessList@2b3b0365
      bundleHeaders = null
      cdiEnabled = false
      CLASS_NAME = "com.ibm.ws.webcontainer.webapp.WebAppConfiguration"
      logger = class com.ibm.ws.logging.internal.WsLogger@7b236e4a
      tc = class com.ibm.websphere.ras.TraceComponent@60b62138
      nls = class com.ibm.ejs.ras.TraceNLS@7d70149f
      version = 31
      contextRoot = "/SpringTest"
      sessionTimeout = 0
      moduleSessionTimeoutSet = false
      moduleSessionTrackingModeSet = false
      sessionCookieConfig = class com.ibm.ws.session.SessionCookieConfigImpl@5d74443e
      hasProgrammaticCookieConfig = false
      sessionDefaultTrackingModeSet = class java.util.RegularEnumSet@5101f29c
      sessionManagerConfig = class com.ibm.ws.session.SessionManagerConfig@1af3b248
      displayName = "Spring2Project"
      description = null
      reloadInterval = 0
      distributable = false
      denyUncoveredHttpMethods = false
      reloadingEnabled = false
      serveServletsByClassnameEnabled = null
      defaultErrorPage = null
      additionalClassPath = null
      fileServingEnabled = null
      directoryBrowsingEnabled = null
      autoRequestEncoding = false
      autoResponseEncoding = false
      autoLoadFilters = false
      requestListeners = null
      requestAttributeListeners = null
      sessionListeners = null
      localeMap = null
      moduleName = "SpringTest"
      j2eeModuleName = "SpringTest.war"
      moduleId = null
      isSyncToThreadEnabled = false
      encodeDispatchedRequestURI = false
      isSystemApp = false
      ardEnabled = false
      ardDispatchType = null
      listeners = class java.util.ArrayList@675a9965
      welcomeFileList = class java.util.ArrayList@18706404
      servletMappings = class java.util.HashMap@46bbf084
      lastIndexBeforeDeclaredFilters = 0
      filterMappings = class java.util.ArrayList@41dd7be9
      servletInfo = class java.util.HashMap@727f4306
      filterInfo = class java.util.HashMap@69344909
      mimeMappings = class java.util.HashMap@7012bb7b
      mimeFilters = null
      isMimeFilteringEnabled = false
      theWebGroup = null
      jspAttributes = class java.util.HashMap@5a3a94a3
      fileServingAttributes = class java.util.HashMap@52559b91
      invokerAttributes = class java.util.HashMap@1962fcd3
      contextParams = class java.util.HashMap@7cce45e7
      virtualHost = "default_host"
      exceptionErrorPages = class java.util.HashMap@725f4951
      codeErrorPages = class java.util.HashMap@ca8cd98
      tagLibList = null
      precompileJsps = false
      webApp = class com.ibm.ws.webcontainer31.osgi.webapp.WebApp31@584dc29
      virtualHostList = class java.util.Collections$EmptyList@2a23cba
      appStartupWeight = 0
      moduleStartupWeight = 0
      metaDataComplete = false
      classesToScan = class java.util.ArrayList@ccda074
      uriFilterMappingInfos = null
      servletFilterMappingInfos = null
      dynamicServletRegistrationMap = null
      applicationName = "SpringTest"
      libBinPathList = null
      webXmlDefinedListeners = class java.util.HashSet@4d0657d
      allRefs = class java.util.EnumMap@4edebc72
      allRefBindings = class java.util.EnumMap@5d8a1eff
      envEntryValues = class java.util.HashMap@3ca5db3a
      resourceRefConfigList = null
      disallowAllFileServingProp = null
      disallowServeServletsByClassnameProp = null
      disableStaticMappingCache = false
      jspCachedLocations = class java.util.HashMap@3b59ba5e
      primedSTSHeader = "NoValue"
      _id = "WebAppGeneratedId1"
      _attributes = null
      serialVersionUID = 7511545662945734886
      $$$tc$$$ = class com.ibm.websphere.ras.TraceComponent@5e62f845
    extensionProcessingDisabled = false
    managedObjectService = class com.ibm.ws.managedobject.internal.ManagedObjectServiceImpl@687481c2
      serialVersionUID = 2287241231190391755
      $$$tc$$$ = class com.ibm.websphere.ras.TraceComponent@2ddc2e83
    GenPluginCfgMB = null
    internalServletMetaData = interface com.ibm.wsspi.webcontainer.metadata.WebComponentMetaData[2]
      internalServletMetaData[0] = null
      internalServletMetaData[1] = null
    loginProcessor = null
    logoutProcessor = null
    collabHelper = class com.ibm.ws.webcontainer.osgi.collaborator.CollaboratorHelperImpl@2dd0a108
    envObject = class com.ibm.ws.util.WSThreadLocal@2810da0a
      tc = class com.ibm.ejs.ras.TraceComponent@55af8939
      count = 4
      index = 1
      SUSPECTED_MISUSAGE_THRESHOLD = 200
      threadLocalHashCode = 596801571
      nextHashCode = class java.util.concurrent.atomic.AtomicInteger@fb2685d
      HASH_INCREMENT = 1640531527
    orderedLibPaths = class java.util.Collections$UnmodifiableRandomAccessList@2b3b0365
      serialVersionUID = -2542308836966382001
      serialVersionUID = -283967356065247728
      list = class java.util.ArrayList@16976a8f
      serialVersionUID = 1820017752578914078
      c = class java.util.ArrayList@16976a8f
    perm = class com.ibm.websphere.security.WebSphereRuntimePermission@1ce1106b
      serialVersionUID = -3306242789188168337
      $$$tc$$$ = class com.ibm.websphere.ras.TraceComponent@7d60148a
      serialVersionUID = 6279438298436773498
      wildcard = false
      path = "accessServletContext"
      exitVM = false
      serialVersionUID = -5636570222231596674
      name = "accessServletContext"
    WELCOME_FILE_LIST = "com.ibm.ws.webcontainer.config.WelcomeFileList"
    DIR_BROWSING_MAPPING = "__dirBrowsing__1489807132432"
    FILTER_PROXY_MAPPING = "/__filterProxy__1489807132432"
    logger = class com.ibm.ws.logging.internal.WsLogger@7b236e4a
      tc = class com.ibm.websphere.ras.TraceComponent@7bb62bcb
      ivCachedResourceBundleName = "com.ibm.ws.webcontainer.resources.Messages"
      ivCachedResourceBundle = class com.ibm.ws.webcontainer.resources.Messages_es@3c0c0496
      ivComponent = null
      ivOrganization = null
      ivProduct = null
      ivMinimumLocalizationLevelIntValue = 625
      ivTC = class com.ibm.websphere.ras.TraceComponent@1a8cf15b
      loggerRegistrationComponent = class java.lang.ThreadLocal@397effb6
      emptyHandlers = class java.util.logging.Handler[0]
      offValue = 2147483647
      SYSTEM_LOGGER_RB_NAME = "sun.util.logging.resources.logging"
      SYSTEM_BUNDLE = class java.util.logging.Logger$LoggerBundle@2ebe9708
      NO_RESOURCE_BUNDLE = class java.util.logging.Logger$LoggerBundle@542df229
      manager = class com.ibm.ws.kernel.boot.logging.WsLogManager@1ae03455
      name = "com.ibm.ws.webcontainer.webapp"
      handlers = class java.util.concurrent.CopyOnWriteArrayList@659e5d95
      loggerBundle = class java.util.logging.Logger$LoggerBundle@55ce8dd6
      useParentHandlers = true
      filter = null
      anonymous = false
      catalog = class com.ibm.ws.webcontainer.resources.Messages_es@3c0c0496
      catalogName = "com.ibm.ws.webcontainer.resources.Messages"
      catalogLocale = class java.util.Locale@2755cdde
      treeLock = class java.lang.Object@44a50a75
      parent = class com.ibm.ws.logging.internal.WsLogger@1b66aca7
      kids = null
      levelObject = class java.util.logging.Level@479223e9
      levelValue = 800
      callersClassLoaderRef = class java.lang.ref.WeakReference@3e85a67f
      isSystemLogger = false
      GLOBAL_LOGGER_NAME = "global"
      global = class java.util.logging.Logger@223a70fb
      $assertionsDisabled = true
    CLASS_NAME = "com.ibm.ws.webcontainer.webapp.WebApp"
    loader = class com.ibm.ws.classloading.internal.ThreadContextClassLoader@67753cb3
    facade = class com.ibm.ws.webcontainer31.facade.ServletContextFacade31@2837222d
    features = class java.util.ArrayList@554d2bae
      serialVersionUID = 8683452581122892189
      DEFAULT_CAPACITY = 10
      EMPTY_ELEMENTDATA = class java.lang.Object[0]
      DEFAULTCAPACITY_EMPTY_ELEMENTDATA = class java.lang.Object[0]
      elementData = class java.lang.Object[0]
      size = 0
      MAX_ARRAY_SIZE = 2147483639
      modCount = 0
      MAX_ARRAY_SIZE = 2147483639
    applicationName = "SpringTest"
    config = class com.ibm.ws.webcontainer.osgi.webapp.WebAppConfiguration@5150833c
    securityEnabledForApp = null
    webExtensionProcessor = class com.ibm.ws.webcontainer.osgi.extension.WebExtensionProcessor@261e3a49
      webApp = class com.ibm.ws.webcontainer31.osgi.webapp.WebApp31@584dc29
      extensionContext = class com.ibm.ws.webcontainer31.osgi.webapp.WebApp31@584dc29
    production = true
    isServlet23 = true
    contextPath = "/SpringTest"
    internalServletList = class [Ljava.lang.String;[2]
      internalServletList[0] = class java.lang.String[2]
      internalServletList[1] = class java.lang.String[2]
    BY_NAME_ONLY = "/_1489807132433_/"
    filterManager = null
    documentRoot = null
    SERVLET_API_VERSION = "Servlet 2.5"
    disableServletAuditLogging = 0
    serverInfo = "IBM WebSphere Liberty/16.0.0.4"
    sessionCtx = class com.ibm.ws.webcontainer31.session.impl.HttpSessionContext31Impl@52597d90
      methodClassName = "HttpSessionContextImpl"
      _smc = class com.ibm.ws.session.SessionManagerConfig@1af3b248
      sessionStoreService = null
      _sap = class com.ibm.ws.session.SessionApplicationParameters@6e2206bb
      _coreHttpSessionManager = class com.ibm.ws.session.SessionManager@3bd1ac2e
      _coreHttpAppSessionManager = null
      _sam = class com.ibm.ws.webcontainer.session.impl.SessionAffinityManagerImpl@11fbbfec
      isSIPApplication = false
      sessionAttributeListener = false
      sessionListener = false
      mHttpSessionAttributeListeners = class java.util.ArrayList@394fc506
      mHttpSessionListeners = class java.util.ArrayList@47261b4a
      mHttpSessionIdListeners = class java.util.ArrayList@71206f5c
      mHttpSessionAttributeListenersJ2eeNames = class java.util.ArrayList@3d68ba4b
      mHttpSessionListenersJ2eeNames = class java.util.ArrayList@7ac82f15
      mHttpSessionIdListenersJ2eeNames = class java.util.ArrayList@dc3874d
      mLocalHost = null
      _refCount = 1
      currentThreadSacHashtable = null
      methodClassName = "SessionContext"
      ANONYMOUS_USER = "anonymous"
      wasHttpSessionObserver = class com.ibm.ws.session.WasHttpSessionObserver@7feb5326
      wasHttpSessionAttributeObserver = null
      _invalidator = class com.ibm.ws.session.SessionInvalidatorWithThreadPool@7290472
      _storer = class com.ibm.ws.session.EOSSessionStorer@3c223305
      wasHttpAppSessionObserver = null
      mHttpAppSessionListeners = null
      cmvcInfo = "CMVC Version 1.9 6/24/07 11:12:24"
      _loggedVersion = true
      CREATE_CORE_SESSION_MANAGER = 0
      GET_REQUESTED_SESSION_ID = 1
      GET_IHTTP_SESSION = 2
      SESSION_PRE_INVOKE = 3
      SESSION_POST_INVOKE = 4
      STOP = 5
      STOP_LISTENERS = 6
      IS_VALID = 7
      ENCODE_URL = 8
      SHOULD_ENCODE_URL = 9
      IS_PROTOCOL_SWITCH = 10
      GET_LOCAL_HOST = 11
      ADD_HTTP_SESSION_ATTRIBUTE_LISTENER = 12
      ADD_HTTP_SESSION_LISTENER = 13
      GET_SESSION_AFFINITY_CONTEXT = 14
      CHECK_SECURITY = 15
      INVALIDATE = 16
      CHECK_SESSSIONID_IS_RIGHT_LENGTH = 17
      LOCK_SESSION = 18
      UNLOCK_SESSION = 19
      ADD_HTTP_SESSION_ID_LISTENER = 20
      methodNames = class java.lang.String[21]
    eventSource = class com.ibm.ws.webcontainer.webapp.WebAppEventSource@279d7ac2
    nls = class com.ibm.ejs.ras.TraceNLS@6ef52c2e
      resolver = class com.ibm.ws.logging.internal.TraceNLSResolver@5acc149f
      finder = null
      ivBundleName = "com.ibm.ws.webcontainer.resources.Messages"
      caller = class java.lang.Class@5026f065
    liberty_nls = class com.ibm.ejs.ras.TraceNLS@396e9fcb
      resolver = class com.ibm.ws.logging.internal.TraceNLSResolver@5acc149f
      finder = null
      ivBundleName = "com.ibm.ws.webcontainer.resources.LShimMessages"
      caller = class java.lang.Class@5026f065
    error_nls = class com.ibm.ejs.ras.TraceNLS@4bd19903
      resolver = class com.ibm.ws.logging.internal.TraceNLSResolver@5acc149f
      finder = null
      ivBundleName = "com.ibm.ws.webcontainer.resources.ErrorPage"
      caller = class java.lang.Class@5026f065
    sessionListeners = class java.util.ArrayList@527dc814
      serialVersionUID = 8683452581122892189
      DEFAULT_CAPACITY = 10
      EMPTY_ELEMENTDATA = class java.lang.Object[0]
      DEFAULTCAPACITY_EMPTY_ELEMENTDATA = class java.lang.Object[0]
      elementData = class java.lang.Object[0]
      size = 0
      MAX_ARRAY_SIZE = 2147483639
      modCount = 1
      MAX_ARRAY_SIZE = 2147483639
    sessionIdListeners = class java.util.ArrayList@152e1a29
      serialVersionUID = 8683452581122892189
      DEFAULT_CAPACITY = 10
      EMPTY_ELEMENTDATA = class java.lang.Object[0]
      DEFAULTCAPACITY_EMPTY_ELEMENTDATA = class java.lang.Object[0]
      elementData = class java.lang.Object[0]
      size = 0
      MAX_ARRAY_SIZE = 2147483639
      modCount = 0
      MAX_ARRAY_SIZE = 2147483639
    sessionAttrListeners = class java.util.ArrayList@58f34f80
      serialVersionUID = 8683452581122892189
      DEFAULT_CAPACITY = 10
      EMPTY_ELEMENTDATA = class java.lang.Object[0]
      DEFAULTCAPACITY_EMPTY_ELEMENTDATA = class java.lang.Object[0]
      elementData = class java.lang.Object[0]
      size = 0
      MAX_ARRAY_SIZE = 2147483639
      modCount = 1
      MAX_ARRAY_SIZE = 2147483639
    addedSessionListeners = class java.util.ArrayList@1faddc1c
      serialVersionUID = 8683452581122892189
      DEFAULT_CAPACITY = 10
      EMPTY_ELEMENTDATA = class java.lang.Object[0]
      DEFAULTCAPACITY_EMPTY_ELEMENTDATA = class java.lang.Object[0]
      elementData = class java.lang.Object[0]
      size = 0
      MAX_ARRAY_SIZE = 2147483639
      modCount = 0
      MAX_ARRAY_SIZE = 2147483639
    addedSessionAttrListeners = class java.util.ArrayList@23ac8a95
      serialVersionUID = 8683452581122892189
      DEFAULT_CAPACITY = 10
      EMPTY_ELEMENTDATA = class java.lang.Object[0]
      DEFAULTCAPACITY_EMPTY_ELEMENTDATA = class java.lang.Object[0]
      elementData = class java.lang.Object[0]
      size = 0
      MAX_ARRAY_SIZE = 2147483639
      modCount = 0
      MAX_ARRAY_SIZE = 2147483639
    servletContextListeners = class java.util.ArrayList@4636239b
      serialVersionUID = 8683452581122892189
      DEFAULT_CAPACITY = 10
      EMPTY_ELEMENTDATA = class java.lang.Object[0]
      DEFAULTCAPACITY_EMPTY_ELEMENTDATA = class java.lang.Object[0]
      elementData = class java.lang.Object[10]
      size = 1
      MAX_ARRAY_SIZE = 2147483639
      modCount = 2
      MAX_ARRAY_SIZE = 2147483639
    servletContextLAttrListeners = class java.util.ArrayList@47beb92
      serialVersionUID = 8683452581122892189
      DEFAULT_CAPACITY = 10
      EMPTY_ELEMENTDATA = class java.lang.Object[0]
      DEFAULTCAPACITY_EMPTY_ELEMENTDATA = class java.lang.Object[0]
      elementData = class java.lang.Object[0]
      size = 0
      MAX_ARRAY_SIZE = 2147483639
      modCount = 1
      MAX_ARRAY_SIZE = 2147483639
    servletRequestListeners = class java.util.ArrayList@75478a3d
      serialVersionUID = 8683452581122892189
      DEFAULT_CAPACITY = 10
      EMPTY_ELEMENTDATA = class java.lang.Object[0]
      DEFAULTCAPACITY_EMPTY_ELEMENTDATA = class java.lang.Object[0]
      elementData = class java.lang.Object[0]
      size = 0
      MAX_ARRAY_SIZE = 2147483639
      modCount = 1
      MAX_ARRAY_SIZE = 2147483639
    servletRequestLAttrListeners = class java.util.ArrayList@32f84e22
      serialVersionUID = 8683452581122892189
      DEFAULT_CAPACITY = 10
      EMPTY_ELEMENTDATA = class java.lang.Object[0]
      DEFAULTCAPACITY_EMPTY_ELEMENTDATA = class java.lang.Object[0]
      elementData = class java.lang.Object[0]
      size = 0
      MAX_ARRAY_SIZE = 2147483639
      modCount = 1
      MAX_ARRAY_SIZE = 2147483639
    prependSlashToResource = false
    destroyed = false
    webAppNameSpaceCollab = class com.ibm.ws.webcontainer.osgi.collaborator.WebAppNameSpaceCollaboratorImpl@48e2e554
    txCollab = class com.ibm.ws.webcontainer.collaborator.WebAppTransactionCollaborator@465dde0
    sessionActivationListeners = class java.util.ArrayList@4525891d
      serialVersionUID = 8683452581122892189
      DEFAULT_CAPACITY = 10
      EMPTY_ELEMENTDATA = class java.lang.Object[0]
      DEFAULTCAPACITY_EMPTY_ELEMENTDATA = class java.lang.Object[0]
      elementData = class java.lang.Object[0]
      size = 0
      MAX_ARRAY_SIZE = 2147483639
      modCount = 1
      MAX_ARRAY_SIZE = 2147483639
    sessionBindingListeners = class java.util.ArrayList@1e59dd50
      serialVersionUID = 8683452581122892189
      DEFAULT_CAPACITY = 10
      EMPTY_ELEMENTDATA = class java.lang.Object[0]
      DEFAULTCAPACITY_EMPTY_ELEMENTDATA = class java.lang.Object[0]
      elementData = class java.lang.Object[0]
      size = 0
      MAX_ARRAY_SIZE = 2147483639
      modCount = 1
      MAX_ARRAY_SIZE = 2147483639
    scratchdir = null
    jspClassLoaderLimit = 0
    jspClassLoaderExclusionList = null
    jspClassLoadersMap = null
    jspClassLoaderLimitTrackIF = false
    defaultExtProc = null
    directoryBrowsingServlet = null
    cdiContexts = class java.util.concurrent.ConcurrentHashMap@5786aac4
      serialVersionUID = 7249069246763182397
      MAXIMUM_CAPACITY = 1073741824
      DEFAULT_CAPACITY = 16
      MAX_ARRAY_SIZE = 2147483639
      DEFAULT_CONCURRENCY_LEVEL = 16
      LOAD_FACTOR = 0.75
      TREEIFY_THRESHOLD = 8
      UNTREEIFY_THRESHOLD = 6
      MIN_TREEIFY_CAPACITY = 64
      MIN_TRANSFER_STRIDE = 16
      RESIZE_STAMP_BITS = 16
      MAX_RESIZERS = 65535
      RESIZE_STAMP_SHIFT = 16
      MOVED = -1
      TREEBIN = -2
      RESERVED = -3
      HASH_BITS = 2147483647
      NCPU = 8
      serialPersistentFields = class java.io.ObjectStreamField[3]
      table = null
      nextTable = null
      baseCount = 0
      sizeCtl = 0
      transferIndex = 0
      cellsBusy = 0
      counterCells = null
      keySet = null
      values = null
      entrySet = null
      U = class sun.misc.Unsafe@5c0a9e18
      SIZECTL = 20
      TRANSFERINDEX = 32
      BASECOUNT = 24
      CELLSBUSY = 36
      CELLVALUE = 144
      ABASE = 16
      ASHIFT = 2
      keySet = null
      values = null
    moduleConfig = class com.ibm.ws.webcontainer.osgi.container.DeployedModule@277f6748
      tc = class com.ibm.websphere.ras.TraceComponent@efca8a7
      loader = class com.ibm.ws.classloading.internal.ThreadContextClassLoader@67753cb3
      webApp = class com.ibm.ws.webcontainer31.osgi.webapp.WebApp31@584dc29
      webAppConfig = class com.ibm.ws.webcontainer.osgi.webapp.WebAppConfiguration@5150833c
      contextRootAdded = null
      properContextRoot = "/SpringTest"
      mappingContextRoot = "/SpringTest/*"
      serialVersionUID = -2104814060051592457
      $$$tc$$$ = class com.ibm.websphere.ras.TraceComponent@38ee32f2
    extensionFactories = class java.util.ArrayList@4e7b7fdb
      serialVersionUID = 8683452581122892189
      DEFAULT_CAPACITY = 10
      EMPTY_ELEMENTDATA = class java.lang.Object[0]
      DEFAULTCAPACITY_EMPTY_ELEMENTDATA = class java.lang.Object[0]
      elementData = class java.lang.Object[10]
      size = 1
      MAX_ARRAY_SIZE = 2147483639
      modCount = 1
      MAX_ARRAY_SIZE = 2147483639
    initialized = false
    lock = class com.ibm.ws.webcontainer.webapp.WebApp$1@1e188819
      this$0 = class com.ibm.ws.webcontainer31.osgi.webapp.WebApp31@584dc29
    afterServletContextCreated = false
    redirectContextRoot = false
    errorExceptionTypeFirst = false
    initFilterBeforeServletInit = false
    sortedServletConfigs = class java.util.ArrayList@7c2ad194
      serialVersionUID = 8683452581122892189
      DEFAULT_CAPACITY = 10
      EMPTY_ELEMENTDATA = class java.lang.Object[0]
      DEFAULTCAPACITY_EMPTY_ELEMENTDATA = class java.lang.Object[0]
      elementData = class java.lang.Object[10]
      size = 1
      MAX_ARRAY_SIZE = 2147483639
      modCount = 1
      MAX_ARRAY_SIZE = 2147483639
    effectiveMajorVersion = 3
    effectiveMinorVersion = 1
    canAddServletContextListener = true
    withinContextInitOfProgAddListener = false
    lastProgAddListenerInitialized = "com.ibm.ws.jsp.runtime.ContextListener"
    webInfLibClassloader = null
    metaInfCache = class com.ibm.ws.webcontainer.webapp.WebApp$2@2033ac7e
      this$0 = class com.ibm.ws.webcontainer31.osgi.webapp.WebApp31@584dc29
      serialVersionUID = 3801124242820219131
      head = null
      tail = null
      accessOrder = true
      serialVersionUID = 362498820763181265
      DEFAULT_INITIAL_CAPACITY = 16
      MAXIMUM_CAPACITY = 1073741824
      DEFAULT_LOAD_FACTOR = 0.75
      TREEIFY_THRESHOLD = 8
      UNTREEIFY_THRESHOLD = 6
      MIN_TREEIFY_CAPACITY = 64
      table = null
      entrySet = null
      size = 0
      modCount = 0
      threshold = 32
      loadFactor = 1.0
      keySet = null
      values = null
    useMetaInfCache = true
    SUN_CONFIGURE_LISTENER_CLASSNAME = "com.sun.faces.config.ConfigureListener"
    MYFACES_LIFECYCLE_LISTENER_CLASSNAME = "org.apache.myfaces.webapp.StartupServletContextListener"
    JSF_IMPL_ENABLED_PARAM = "com.ibm.ws.jsf.JSF_IMPL_ENABLED"
    JSF_IMPL_ENABLED_CUSTOM = "Custom"
    JSF_IMPL_ENABLED_NONE = "None"
    staticDocRoot = class com.ibm.ws.webcontainer.util.DocumentRootUtils@35a39a04
      logger = class com.ibm.ws.logging.internal.WsLogger@361719ed
      CLASS_NAME = "com.ibm.ws.webcontainer.util.DocumentRootUtils"
      useContentLength = false
      matchedFile = null
      matchedZipFile = null
      matchedEntry = null
      matchedURL = null
      edrRoot = null
      pfedrRoot = null
      ctxt = class com.ibm.ws.webcontainer31.osgi.webapp.WebApp31@584dc29
      baseDir = null
      edr = null
      pfedr = null
      metaInfRes = null
      searchpfEDR = true
      searchEDR = true
      searchMetaInfRes = true
      matchFromEDR = false
      matchFromMetaInfRes = false
      matchIsADirectory = false
      appConfig = class com.ibm.ws.webcontainer.osgi.webapp.WebAppConfiguration@5150833c
      attributeType = "staticFile"
      STATIC_FILE = "staticFile"
      JSP = "jsp"
      PFEDR = "preFragmentExtendedDocumentRoot"
      EDR = "extendedDocumentRoot"
    jspDocRoot = class com.ibm.ws.webcontainer.util.DocumentRootUtils@6f2194e9
      logger = class com.ibm.ws.logging.internal.WsLogger@361719ed
      CLASS_NAME = "com.ibm.ws.webcontainer.util.DocumentRootUtils"
      useContentLength = false
      matchedFile = null
      matchedZipFile = null
      matchedEntry = null
      matchedURL = null
      edrRoot = null
      pfedrRoot = null
      ctxt = class com.ibm.ws.webcontainer31.osgi.webapp.WebApp31@584dc29
      baseDir = null
      edr = null
      pfedr = null
      metaInfRes = null
      searchpfEDR = true
      searchEDR = true
      searchMetaInfRes = true
      matchFromEDR = false
      matchFromMetaInfRes = false
      matchIsADirectory = false
      appConfig = class com.ibm.ws.webcontainer.osgi.webapp.WebAppConfiguration@5150833c
      attributeType = "jsp"
      STATIC_FILE = "staticFile"
      JSP = "jsp"
      PFEDR = "preFragmentExtendedDocumentRoot"
      EDR = "extendedDocumentRoot"
    container = class com.ibm.ws.adaptable.module.internal.AdaptableContainerImpl@23c7227a
      root = class com.ibm.ws.adaptable.module.internal.AdaptableContainerImpl@23c7227a
      rootOverlay = class com.ibm.ws.artifact.overlay.internal.DirectoryBasedOverlayContainerImpl@25208902
      factoryHolder = class com.ibm.ws.adaptable.module.internal.AdaptableModuleFactoryImpl@7628c478
      delegate = class com.ibm.ws.artifact.overlay.internal.DirectoryBasedOverlayContainerImpl@25208902
      notifier = class com.ibm.ws.adaptable.module.internal.NotifierImpl@69929167
      serialVersionUID = -5621513278641113667
      $$$tc$$$ = class com.ibm.websphere.ras.TraceComponent@31471cee
    metaInfResourceFinder = class com.ibm.ws.webcontainer.util.MetaInfResourceFinder@452d4ee8
      jarResourceContainers = class java.util.ArrayList@57887223
      container = class com.ibm.ws.adaptable.module.internal.AdaptableContainerImpl@23c7227a
    postConstructMethods = class com.ibm.ws.webcontainer.webapp.WebApp$AnnotatedMethods@78405a6f
      annotationClass = class java.lang.Class@89eeaf
      noOpClassNames = class java.util.HashSet@18bce3b3
      annotatedMethodNames = class java.util.concurrent.ConcurrentHashMap@589a5ba4
      EMPTY_METHODS = class java.lang.reflect.Method[0]
    preDestroyMethods = class com.ibm.ws.webcontainer.webapp.WebApp$AnnotatedMethods@519a8cd9
      annotationClass = class java.lang.Class@326866f5
      noOpClassNames = class java.util.HashSet@6f8d5f42
      annotatedMethodNames = class java.util.concurrent.ConcurrentHashMap@5928a4f4
      EMPTY_METHODS = class java.lang.reflect.Method[0]
    OBJ_EMPTY = class java.lang.Object[0]
    CLASS_EMPTY = class java.lang.Class[0]
    DEFAULT_JSP_EXTENSIONS = class java.util.ArrayList@327fdcdf
      serialVersionUID = 8683452581122892189
      DEFAULT_CAPACITY = 10
      EMPTY_ELEMENTDATA = class java.lang.Object[0]
      DEFAULTCAPACITY_EMPTY_ELEMENTDATA = class java.lang.Object[0]
      elementData = class java.lang.Object[10]
      size = 4
      MAX_ARRAY_SIZE = 2147483639
      modCount = 4
      MAX_ARRAY_SIZE = 2147483639
    DEFER_SERVLET_REQUEST_LISTENER_DESTROY_ON_ERROR = false
    DO_ACCEPT_PARTIAL = true
    DO_NOT_ACCEPT_PARTIAL = false
    DO_ACCEPT_EXCLUDED = true
    DO_NOT_ACCEPT_EXCLUDED = false
    commands = class java.util.ArrayList@67e32c8a
      serialVersionUID = 8683452581122892189
      DEFAULT_CAPACITY = 10
      EMPTY_ELEMENTDATA = class java.lang.Object[0]
      DEFAULTCAPACITY_EMPTY_ELEMENTDATA = class java.lang.Object[0]
      elementData = class java.lang.Object[3]
      size = 0
      MAX_ARRAY_SIZE = 2147483639
      modCount = 0
      MAX_ARRAY_SIZE = 2147483639
    requestMapper = class com.ibm.wsspi.webcontainer.util.URIMapper@629a98eb
      matcher = class com.ibm.wsspi.webcontainer.util.URIMatcher@b3077ab
    parent = class com.ibm.ws.webcontainer.osgi.webapp.WebGroup@2ecf3943
      tc = class com.ibm.websphere.ras.TraceComponent@3cf88386
      logger = class com.ibm.ws.logging.internal.WsLogger@7b236e4a
      CLASS_NAME = "com.ibm.ws.webcontainer.webapp.WebGroup"
      sessUrlRewritePrefix = ";jsessionid="
      qMark = "?"
      config = class com.ibm.ws.webcontainer.osgi.webapp.WebGroupConfiguration@115d3d36
      webApp = class com.ibm.ws.webcontainer31.osgi.webapp.WebApp31@584dc29
      commands = class java.util.ArrayList@62794e49
      requestMapper = null
      parent = class com.ibm.ws.webcontainer.osgi.DynamicVirtualHost@1dc999
      name = "/SpringTest/*"
      isAlive = true
      subElements = class java.util.HashMap@13eafae
      attributes = null
      config = null
      serialVersionUID = -8271459000149267764
      $$$tc$$$ = class com.ibm.websphere.ras.TraceComponent@3fd7bde6
    name = "SpringTest"
    isAlive = true
    subElements = null
    attributes = class java.util.Collections$SynchronizedMap@19061cdb
      serialVersionUID = 1978198479659022715
      m = class java.util.HashMap@6acf00cf
      mutex = class java.util.Collections$SynchronizedMap@19061cdb
      keySet = null
      entrySet = class java.util.Collections$SynchronizedSet@16687c9f
      values = null
    config = null
    serialVersionUID = -8271459000149267764
    $$$tc$$$ = class com.ibm.websphere.ras.TraceComponent@3fd7bde6
      strings[0] = "TraceComponent[com.ibm.ws.container.AbstractContainer,class com.ibm.ws.container.AbstractContainer,[],null,null]"
  target = class org.springframework.web.servlet.DispatcherServlet@6a45846b
    MULTIPART_RESOLVER_BEAN_NAME = "multipartResolver"
    LOCALE_RESOLVER_BEAN_NAME = "localeResolver"
    THEME_RESOLVER_BEAN_NAME = "themeResolver"
    HANDLER_MAPPING_BEAN_NAME = "handlerMapping"
    HANDLER_ADAPTER_BEAN_NAME = "handlerAdapter"
    HANDLER_EXCEPTION_RESOLVER_BEAN_NAME = "handlerExceptionResolver"
    REQUEST_TO_VIEW_NAME_TRANSLATOR_BEAN_NAME = "viewNameTranslator"
    VIEW_RESOLVER_BEAN_NAME = "viewResolver"
    FLASH_MAP_MANAGER_BEAN_NAME = "flashMapManager"
    WEB_APPLICATION_CONTEXT_ATTRIBUTE = "org.springframework.web.servlet.DispatcherServlet.CONTEXT"
    LOCALE_RESOLVER_ATTRIBUTE = "org.springframework.web.servlet.DispatcherServlet.LOCALE_RESOLVER"
    THEME_RESOLVER_ATTRIBUTE = "org.springframework.web.servlet.DispatcherServlet.THEME_RESOLVER"
    THEME_SOURCE_ATTRIBUTE = "org.springframework.web.servlet.DispatcherServlet.THEME_SOURCE"
    INPUT_FLASH_MAP_ATTRIBUTE = "org.springframework.web.servlet.DispatcherServlet.INPUT_FLASH_MAP"
    OUTPUT_FLASH_MAP_ATTRIBUTE = "org.springframework.web.servlet.DispatcherServlet.OUTPUT_FLASH_MAP"
    FLASH_MAP_MANAGER_ATTRIBUTE = "org.springframework.web.servlet.DispatcherServlet.FLASH_MAP_MANAGER"
    EXCEPTION_ATTRIBUTE = "org.springframework.web.servlet.DispatcherServlet.EXCEPTION"
    PAGE_NOT_FOUND_LOG_CATEGORY = "org.springframework.web.servlet.PageNotFound"
    DEFAULT_STRATEGIES_PATH = "DispatcherServlet.properties"
    pageNotFoundLogger = class org.apache.commons.logging.impl.Jdk14Logger@2f6d92d0
      logger = class com.ibm.ws.logging.internal.WsLogger@29ed56b0
      name = "org.springframework.web.servlet.PageNotFound"
    defaultStrategies = class java.util.Properties@783fa35f
      serialVersionUID = 4112578634029874840
      defaults = null
      hexDigit = {0123456789ABCDEF} /* array length = 16*/
      table = class java.util.Hashtable$Entry[11]
      count = 8
      threshold = 8
      loadFactor = 0.75
      modCount = 8
      serialVersionUID = 1421746759512286392
      MAX_ARRAY_SIZE = 2147483639
      keySet = null
      entrySet = null
      values = null
      KEYS = 0
      VALUES = 1
      ENTRIES = 2
    detectAllHandlerMappings = true
    detectAllHandlerAdapters = true
    detectAllHandlerExceptionResolvers = true
    detectAllViewResolvers = true
    throwExceptionIfNoHandlerFound = false
    cleanupAfterInclude = true
    multipartResolver = null
    localeResolver = null
    themeResolver = null
    handlerMappings = null
    handlerAdapters = null
    handlerExceptionResolvers = null
    viewNameTranslator = null
    flashMapManager = null
    viewResolvers = null
    DEFAULT_NAMESPACE_SUFFIX = "-servlet"
    DEFAULT_CONTEXT_CLASS = class java.lang.Class@6006f6e1
      ANNOTATION = 8192
      ENUM = 16384
      SYNTHETIC = 4096
      cachedConstructor = null
      newInstanceCallerCache = null
      name = "org.springframework.web.context.support.XmlWebApplicationContext"
      allPermDomain = class java.security.ProtectionDomain@37ec508b
      useCaches = true
      reflectionData = class java.lang.ref.SoftReference@32b3d693
      classRedefinedCount = 0
      genericInfo = null
      serialVersionUID = 3206093459760846163
      serialPersistentFields = class java.io.ObjectStreamField[0]
      reflectionFactory = class sun.reflect.ReflectionFactory@35df9037
      initted = true
      enumConstants = null
      enumConstantDirectory = null
      annotationData = null
      annotationType = null
      classValueMap = null
    SERVLET_CONTEXT_PREFIX = "org.springframework.web.servlet.FrameworkServlet.CONTEXT."
    INIT_PARAM_DELIMITERS = ",; 	
"
    responseGetStatusAvailable = true
    contextAttribute = null
    contextClass = class java.lang.Class@6006f6e1
    contextId = null
    namespace = null
    contextConfigLocation = "/WEB-INF/springMvc.xml"
    contextInitializers = class java.util.ArrayList@494fcefe
      serialVersionUID = 8683452581122892189
      DEFAULT_CAPACITY = 10
      EMPTY_ELEMENTDATA = class java.lang.Object[0]
      DEFAULTCAPACITY_EMPTY_ELEMENTDATA = class java.lang.Object[0]
      elementData = class java.lang.Object[0]
      size = 0
      MAX_ARRAY_SIZE = 2147483639
      modCount = 0
      MAX_ARRAY_SIZE = 2147483639
    contextInitializerClasses = null
    publishContext = true
    publishEvents = true
    threadContextInheritable = false
    dispatchOptionsRequest = false
    dispatchTraceRequest = false
    webApplicationContext = null
    webApplicationContextInjected = false
    refreshEventReceived = false
    logger = class org.apache.commons.logging.impl.Jdk14Logger@a772e15
      logger = class com.ibm.ws.logging.internal.WsLogger@f6c9981
      name = "org.springframework.web.servlet.DispatcherServlet"
    requiredProperties = class java.util.HashSet@f57415f
      serialVersionUID = -5024744406713321676
      map = class java.util.HashMap@3810c87b
      PRESENT = class java.lang.Object@14f0c2ce
      MAX_ARRAY_SIZE = 2147483639
    environment = class org.springframework.web.context.support.StandardServletEnvironment@58311faa
      SERVLET_CONTEXT_PROPERTY_SOURCE_NAME = "servletContextInitParams"
      SERVLET_CONFIG_PROPERTY_SOURCE_NAME = "servletConfigInitParams"
      JNDI_PROPERTY_SOURCE_NAME = "jndiProperties"
      SYSTEM_ENVIRONMENT_PROPERTY_SOURCE_NAME = "systemEnvironment"
      SYSTEM_PROPERTIES_PROPERTY_SOURCE_NAME = "systemProperties"
      IGNORE_GETENV_PROPERTY_NAME = "spring.getenv.ignore"
      ACTIVE_PROFILES_PROPERTY_NAME = "spring.profiles.active"
      DEFAULT_PROFILES_PROPERTY_NAME = "spring.profiles.default"
      RESERVED_DEFAULT_PROFILE_NAME = "default"
      logger = class org.apache.commons.logging.impl.Jdk14Logger@2deb1b81
      activeProfiles = class java.util.LinkedHashSet@411264d3
      defaultProfiles = class java.util.LinkedHashSet@7fefbecb
      propertySources = class org.springframework.core.env.MutablePropertySources@3c69605e
      propertyResolver = class org.springframework.core.env.PropertySourcesPropertyResolver@492b4341
    METHOD_DELETE = "DELETE"
    METHOD_HEAD = "HEAD"
    METHOD_GET = "GET"
    METHOD_OPTIONS = "OPTIONS"
    METHOD_POST = "POST"
    METHOD_PUT = "PUT"
    METHOD_TRACE = "TRACE"
    HEADER_IFMODSINCE = "If-Modified-Since"
    HEADER_LASTMOD = "Last-Modified"
    LSTRING_FILE = "javax.servlet.http.LocalStrings"
    lStrings = class java.util.PropertyResourceBundle@6f3e126c
      lookup = class java.util.HashMap@24c6a80b
      INITIAL_CACHE_SIZE = 32
      NONEXISTENT_BUNDLE = class java.util.ResourceBundle$1@6af8e11f
      cacheList = class java.util.concurrent.ConcurrentHashMap@229d6bb3
      referenceQueue = class java.lang.ref.ReferenceQueue@4e290847
      parent = class java.util.PropertyResourceBundle@6e3abbb8
      locale = class java.util.Locale@203374b7
      name = "javax.servlet.http.LocalStrings"
      expired = false
      cacheKey = class java.util.ResourceBundle$CacheKey@7fe72683
      keySet = null
      providers = null
      $assertionsDisabled = true
    LSTRING_FILE = "javax.servlet.LocalStrings"
    lStrings = class java.util.PropertyResourceBundle@7f8f1105
    config = class com.ibm.ws.webcontainer.servlet.ServletConfig@61dbe265
  cacheWrappers = null
  targetLoader = class com.ibm.ws.classloading.internal.ThreadContextClassLoader@67753cb3
    tc = class com.ibm.websphere.ras.TraceComponent@37f8bb8e
      strings[0] = "TraceComponent[com.ibm.ws.classloading.internal.ThreadContextClassLoader,class com.ibm.ws.classloading.internal.ThreadContextClassLoader,[ClassLoadingService],com.ibm.ws.classloading.internal.resources.ClassLoadingServiceMessages,null]"
    bundle = class java.util.concurrent.atomic.AtomicReference@39be267
      serialVersionUID = -1848883965231344442
      unsafe = class sun.misc.Unsafe@5c0a9e18
      valueOffset = 12
      value = class org.eclipse.osgi.internal.framework.EquinoxBundle@7c29edd3
    key = "WebModule:SpringTest#SpringTest.war"
    refCount = class java.util.concurrent.atomic.AtomicInteger@6bd5b7e2
      serialVersionUID = 6214790243416807050
      unsafe = class sun.misc.Unsafe@5c0a9e18
      valueOffset = 12
      value = 1
      serialVersionUID = -8742448824652078965
    appLoader = class com.ibm.ws.classloading.internal.AppClassLoader@4ce6e294
      tc = class com.ibm.websphere.ras.TraceComponent@7a0423c4
      PARENT_FIRST_SEARCH_ORDER = class java.util.Collections$UnmodifiableRandomAccessList@4c16fb56
      CLASS_LOADING_TRACE_PREFIX = "com.ibm.ws.class.load."
      DEFAULT_PACKAGE = "default.package"
      perPackageClassLoadingTraceComponents = class java.util.concurrent.ConcurrentHashMap@4b54ea4c
      config = class com.ibm.ws.classloading.internal.ClassLoaderConfigurationImpl@21991d
      privateLibraries = null
      delegateLoaders = class com.ibm.ws.classloading.internal.util.CompositeIterable@8a43b9d
      nativeLibraryFiles = class java.util.ArrayList@7393bd94
      transformers = class java.util.ArrayList@1ff92f20
      apiAccess = class com.ibm.ws.classloading.internal.GatewayClassLoader@f7f5c53
      generator = class com.ibm.ws.classloading.internal.ClassGeneratorManager@131ca4b3
      protectionDomains = class java.util.concurrent.ConcurrentHashMap@3a4d1d9e
      parent = class com.ibm.ws.classloading.internal.GatewayClassLoader@f7f5c53
      serialVersionUID = -2240525179349384666
      tc = class com.ibm.websphere.ras.TraceComponent@4de26d90
      EMPTY_URL_ARRAY = class java.net.URL[0]
      smartClassPath = class com.ibm.ws.classloading.internal.ContainerClassLoader$SmartClassPathImpl@28addda
      nativeLibraryContainers = class java.util.ArrayList@74c5c804
      redefiner = class com.ibm.ws.classloading.internal.util.ClassRedefiner@26b69aef
      mapCreationQueue = class java.util.concurrent.Executors$FinalizableDelegatedExecutorService@119f18ff
      serialVersionUID = 7249739282446266343
      serialVersionUID = -7411549862368381758
      $$$tc$$$ = class com.ibm.websphere.ras.TraceComponent@58d521d4
      serialVersionUID = -4868702105808481416
      $$$tc$$$ = class com.ibm.websphere.ras.TraceComponent@17a12243
      serialVersionUID = 2596921220292114344
      $$$tc$$$ = class com.ibm.websphere.ras.TraceComponent@6249679d
      initialized = true
      pdcache = class java.util.HashMap@1f700652
      debug = null
      parent = class com.ibm.ws.classloading.internal.GatewayClassLoader@f7f5c53
      parallelLockMap = null
      package2certs = class java.util.Hashtable@d8386b1
      nocerts = class java.security.cert.Certificate[0]
      classes = class java.util.Vector@64322f1e
      defaultDomain = class java.security.ProtectionDomain@5a3b3f28
      domains = class java.util.HashSet@45e6f0ab
      packages = class java.util.HashMap@54c140a8
      scl = class sun.misc.Launcher$AppClassLoader@18b4aac2
      sclSet = true
      loadedLibraryNames = class java.util.Vector@18f3ce3
      systemNativeLibraries = class java.util.Vector@5d6a893b
      nativeLibraries = class java.util.Vector@217ecff1
      nativeLibraryContext = class java.util.Stack@3b78703b
      usr_paths = class java.lang.String[41]
      sys_paths = class java.lang.String[1]
      assertionLock = class com.ibm.ws.classloading.internal.AppClassLoader@4ce6e294
      defaultAssertionStatus = false
      packageAssertionStatus = null
      classAssertionStatus = null
    serialVersionUID = 7093379526360135425
    followOnClassLoaders = class java.util.ArrayList@6d13ab35
      serialVersionUID = 8683452581122892189
      DEFAULT_CAPACITY = 10
      EMPTY_ELEMENTDATA = class java.lang.Object[0]
      DEFAULTCAPACITY_EMPTY_ELEMENTDATA = class java.lang.Object[0]
      elementData = class java.lang.Object[10]
      size = 1
      MAX_ARRAY_SIZE = 2147483639
      modCount = 1
      MAX_ARRAY_SIZE = 2147483639
    serialVersionUID = -5107316606107305512
    $$$tc$$$ = class com.ibm.websphere.ras.TraceComponent@4b2fb171
      strings[0] = "TraceComponent[com.ibm.ws.classloading.internal.UnifiedClassLoader,class com.ibm.ws.classloading.internal.UnifiedClassLoader,[ClassLoadingService],com.ibm.ws.classloading.internal.resources.ClassLoadingServiceMessages,null]"
    serialVersionUID = -4868702105808481416
    $$$tc$$$ = class com.ibm.websphere.ras.TraceComponent@17a12243
      strings[0] = "TraceComponent[com.ibm.ws.classloading.internal.LibertyLoader,class com.ibm.ws.classloading.internal.LibertyLoader,[ClassLoadingService],com.ibm.ws.classloading.internal.resources.ClassLoadingServiceMessages,null]"
    serialVersionUID = 2596921220292114344
    $$$tc$$$ = class com.ibm.websphere.ras.TraceComponent@6249679d
      strings[0] = "TraceComponent[com.ibm.ws.classloading.LibertyClassLoader,class com.ibm.ws.classloading.LibertyClassLoader,[ClassLoadingService],com.ibm.ws.classloading.internal.resources.ClassLoadingServiceMessages,null]"
    initialized = true
    pdcache = class java.util.HashMap@797337ee
      serialVersionUID = 362498820763181265
      DEFAULT_INITIAL_CAPACITY = 16
      MAXIMUM_CAPACITY = 1073741824
      DEFAULT_LOAD_FACTOR = 0.75
      TREEIFY_THRESHOLD = 8
      UNTREEIFY_THRESHOLD = 6
      MIN_TREEIFY_CAPACITY = 64
      table = null
      entrySet = null
      size = 0
      modCount = 0
      threshold = 16
      loadFactor = 0.75
      keySet = null
      values = null
    debug = null
    parent = class com.ibm.ws.classloading.internal.GatewayClassLoader@356a9219
      config = class com.ibm.ws.classloading.internal.GatewayConfigurationImpl@22bf7689
      wiringMonitor = class com.ibm.ws.classloading.internal.GatewayClassLoader$1@50aeb9dd
      bundle = class org.eclipse.osgi.internal.framework.EquinoxBundle@7c29edd3
      wiring = class org.eclipse.osgi.container.ModuleWiring@eb47760
      bundleLoader = class org.eclipse.osgi.internal.loader.EquinoxClassLoader@59622000
      resourceProviders = class com.ibm.ws.classloading.internal.CompositeResourceProvider@b01e9b
      serialVersionUID = -4256474098847905153
      $$$tc$$$ = class com.ibm.websphere.ras.TraceComponent@71236389
      parent = class sun.misc.Launcher$AppClassLoader@18b4aac2
      parallelLockMap = null
      package2certs = class java.util.Hashtable@25f53f01
      nocerts = class java.security.cert.Certificate[0]
      classes = class java.util.Vector@8d753a8
      defaultDomain = class java.security.ProtectionDomain@40fd0092
      domains = class java.util.HashSet@40b99ad0
      packages = class java.util.HashMap@4cb8b8f1
      scl = class sun.misc.Launcher$AppClassLoader@18b4aac2
      sclSet = true
      loadedLibraryNames = class java.util.Vector@18f3ce3
      systemNativeLibraries = class java.util.Vector@5d6a893b
      nativeLibraries = class java.util.Vector@7ec0f8dd
      nativeLibraryContext = class java.util.Stack@3b78703b
      usr_paths = class java.lang.String[41]
      sys_paths = class java.lang.String[1]
      assertionLock = class com.ibm.ws.classloading.internal.GatewayClassLoader@356a9219
      defaultAssertionStatus = false
      packageAssertionStatus = null
      classAssertionStatus = null
    parallelLockMap = null
    package2certs = class java.util.Hashtable@94961f6
      table = class java.util.Hashtable$Entry[11]
      count = 0
      threshold = 8
      loadFactor = 0.75
      modCount = 0
      serialVersionUID = 1421746759512286392
      MAX_ARRAY_SIZE = 2147483639
      keySet = null
      entrySet = null
      values = null
      KEYS = 0
      VALUES = 1
      ENTRIES = 2
    nocerts = class java.security.cert.Certificate[0]
    classes = class java.util.Vector@721a241
      elementData = class java.lang.Object[10]
      elementCount = 0
      capacityIncrement = 0
      serialVersionUID = -2767605614048989439
      MAX_ARRAY_SIZE = 2147483639
      modCount = 0
      MAX_ARRAY_SIZE = 2147483639
    defaultDomain = class java.security.ProtectionDomain@291eb4f5
      codesource = class java.security.CodeSource@6cfdc99f
      classloader = class com.ibm.ws.classloading.internal.ThreadContextClassLoader@67753cb3
      principals = interface java.security.Principal[0]
      permissions = null
      hasAllPerm = false
      staticPermissions = false
      key = class java.security.ProtectionDomain$Key@57059f6f
      debug = null
    domains = class java.util.HashSet@49b22a7f
      serialVersionUID = -5024744406713321676
      map = class java.util.HashMap@89d36df
      PRESENT = class java.lang.Object@14f0c2ce
      MAX_ARRAY_SIZE = 2147483639
    packages = class java.util.HashMap@b36a46e
      serialVersionUID = 362498820763181265
      DEFAULT_INITIAL_CAPACITY = 16
      MAXIMUM_CAPACITY = 1073741824
      DEFAULT_LOAD_FACTOR = 0.75
      TREEIFY_THRESHOLD = 8
      UNTREEIFY_THRESHOLD = 6
      MIN_TREEIFY_CAPACITY = 64
      table = null
      entrySet = null
      size = 0
      modCount = 0
      threshold = 0
      loadFactor = 0.75
      keySet = null
      values = null
    scl = class sun.misc.Launcher$AppClassLoader@18b4aac2
      ucp = class sun.misc.URLClassPath@56118e07
      $assertionsDisabled = true
      ucp = class sun.misc.URLClassPath@56118e07
      acc = class java.security.AccessControlContext@5a72e10f
      closeables = class java.util.WeakHashMap@5304b580
      initialized = true
      pdcache = class java.util.HashMap@2afbb92d
      debug = null
      parent = class sun.misc.Launcher$ExtClassLoader@1b9a8017
      parallelLockMap = class java.util.concurrent.ConcurrentHashMap@70c06bc3
      package2certs = class java.util.concurrent.ConcurrentHashMap@3df7864d
      nocerts = class java.security.cert.Certificate[0]
      classes = class java.util.Vector@4ba99cc6
      defaultDomain = class java.security.ProtectionDomain@3c6c664f
      domains = class java.util.Collections$SynchronizedSet@4f818c72
      packages = class java.util.HashMap@4ec5ae21
      scl = class sun.misc.Launcher$AppClassLoader@18b4aac2
      sclSet = true
      loadedLibraryNames = class java.util.Vector@18f3ce3
      systemNativeLibraries = class java.util.Vector@5d6a893b
      nativeLibraries = class java.util.Vector@490d5493
      nativeLibraryContext = class java.util.Stack@3b78703b
      usr_paths = class java.lang.String[41]
      sys_paths = class java.lang.String[1]
      assertionLock = class java.lang.Object@160c1de3
      defaultAssertionStatus = false
      packageAssertionStatus = null
      classAssertionStatus = null
    sclSet = true
    loadedLibraryNames = class java.util.Vector@18f3ce3
      elementData = class java.lang.Object[10]
      elementCount = 5
      capacityIncrement = 0
      serialVersionUID = -2767605614048989439
      MAX_ARRAY_SIZE = 2147483639
      modCount = 5
      MAX_ARRAY_SIZE = 2147483639
    systemNativeLibraries = class java.util.Vector@5d6a893b
      elementData = class java.lang.Object[10]
      elementCount = 5
      capacityIncrement = 0
      serialVersionUID = -2767605614048989439
      MAX_ARRAY_SIZE = 2147483639
      modCount = 5
      MAX_ARRAY_SIZE = 2147483639
    nativeLibraries = class java.util.Vector@5d3a13b
      elementData = class java.lang.Object[10]
      elementCount = 0
      capacityIncrement = 0
      serialVersionUID = -2767605614048989439
      MAX_ARRAY_SIZE = 2147483639
      modCount = 0
      MAX_ARRAY_SIZE = 2147483639
    nativeLibraryContext = class java.util.Stack@3b78703b
      serialVersionUID = 1224463164541339165
      elementData = class java.lang.Object[10]
      elementCount = 0
      capacityIncrement = 0
      serialVersionUID = -2767605614048989439
      MAX_ARRAY_SIZE = 2147483639
      modCount = 10
      MAX_ARRAY_SIZE = 2147483639
    usr_paths = class java.lang.String[41]
      usr_paths[0] = "C:\Program Files\Java\jre1.8.0_112\bin"
      usr_paths[1] = "C:\WINDOWS\Sun\Java\bin"
      usr_paths[2] = "C:\WINDOWS\system32"
      usr_paths[3] = "C:\WINDOWS"
      usr_paths[4] = "C:/Program Files/Java/jre1.8.0_112/bin/server"
      usr_paths[5] = "C:/Program Files/Java/jre1.8.0_112/bin"
      usr_paths[6] = "C:/Program Files/Java/jre1.8.0_112/lib/amd64"
      usr_paths[7] = "C:\Program Files\Oculus\Support\oculus-runtime"
      usr_paths[8] = "C:\ProgramData\Oracle\Java\javapath"
      usr_paths[9] = "C:\Program Files (x86)\Intel\iCLS Client\"
      usr_paths[10] = "C:\Program Files\Intel\iCLS Client\"
      usr_paths[11] = "C:\Windows\system32"
      usr_paths[12] = "C:\Windows"
      usr_paths[13] = "C:\Windows\System32\Wbem"
      usr_paths[14] = "C:\Windows\System32\WindowsPowerShell\v1.0\"
      usr_paths[15] = "C:\Program Files (x86)\Common Files\lenovo\easyplussdk\bin"
      usr_paths[16] = "C:\Program Files (x86)\NVIDIA Corporation\PhysX\Common"
      usr_paths[17] = "C:\Program Files (x86)\Intel\Intel(R) Management Engine Components\DAL"
      usr_paths[18] = "C:\Program Files\Intel\Intel(R) Management Engine Components\DAL"
      usr_paths[19] = "C:\Program Files (x86)\Intel\Intel(R) Management Engine Components\IPT"
      usr_paths[20] = "C:\Program Files\Intel\Intel(R) Management Engine Components\IPT"
      usr_paths[21] = "C:\Program Files\Intel\WiFi\bin\"
      usr_paths[22] = "C:\Program Files\Common Files\Intel\WirelessCommon\"
      usr_paths[23] = "C:\Program Files (x86)\Windows Kits\8.1\Windows Performance Toolkit\"
      usr_paths[24] = "C:\Program Files (x86)\GtkSharp\2.12\bin"
      usr_paths[25] = "C:\Program Files\Java\jdk1.8.0_102\bin"
      usr_paths[26] = "C:\Program Files (x86)\Skype\Phone\"
      usr_paths[27] = "C:\WINDOWS\system32"
      usr_paths[28] = "C:\WINDOWS"
      usr_paths[29] = "C:\WINDOWS\System32\Wbem"
      usr_paths[30] = "C:\WINDOWS\System32\WindowsPowerShell\v1.0\"
      usr_paths[31] = "C:\OpenSSL-Win64\bin"
      usr_paths[32] = "C:\Servers\Node\"
      usr_paths[33] = "C:\Program Files (x86)\PuTTY\"
      usr_paths[34] = "C:\Program Files (x86)\Brackets\command"
      usr_paths[35] = "C:\Program Files\MongoDB\Server\3.4\bin"
      usr_paths[36] = "C:\Users\Joe\AppData\Local\Microsoft\WindowsApps"
      usr_paths[37] = "C:\Users\Joe\AppData\Roaming\npm"
      usr_paths[38] = "C:\Servers\WebsphereSDK\eclipse"
      usr_paths[39] = "."
      usr_paths[40] = "."
    sys_paths = class java.lang.String[1]
      sys_paths[0] = "C:\Program Files\Java\jre1.8.0_112\bin"
    assertionLock = class com.ibm.ws.classloading.internal.ThreadContextClassLoader@67753cb3
    defaultAssertionStatus = false
    packageAssertionStatus = null
    classAssertionStatus = null
  evtSource = class com.ibm.ws.webcontainer.webapp.WebAppEventSource@279d7ac2
    _invocationListeners = class com.ibm.ws.webcontainer.util.EventListeners@4791aa4a
      EMPTY_LISTENERS = interface java.util.EventListener[0]
      logger = class com.ibm.ws.logging.internal.WsLogger@361719ed
      CLASS_NAME = "com.ibm.ws.webcontainer.util.EventListeners"
      listeners = interface java.util.EventListener[0]
    _servletListeners = class com.ibm.ws.webcontainer.util.EventListeners@4ed32802
      EMPTY_LISTENERS = interface java.util.EventListener[0]
      logger = class com.ibm.ws.logging.internal.WsLogger@361719ed
      CLASS_NAME = "com.ibm.ws.webcontainer.util.EventListeners"
      listeners = interface java.util.EventListener[0]
    _errorListeners = class com.ibm.ws.webcontainer.util.EventListeners@26547653
      EMPTY_LISTENERS = interface java.util.EventListener[0]
      logger = class com.ibm.ws.logging.internal.WsLogger@361719ed
      CLASS_NAME = "com.ibm.ws.webcontainer.util.EventListeners"
      listeners = interface java.util.EventListener[0]
    _applicationListeners = class com.ibm.ws.webcontainer.util.EventListeners@7631e916
      EMPTY_LISTENERS = interface java.util.EventListener[0]
      logger = class com.ibm.ws.logging.internal.WsLogger@361719ed
      CLASS_NAME = "com.ibm.ws.webcontainer.util.EventListeners"
      listeners = interface java.util.EventListener[0]
    _filterInvocationListeners = class com.ibm.ws.webcontainer.util.EventListeners@3cb8de60
      EMPTY_LISTENERS = interface java.util.EventListener[0]
      logger = class com.ibm.ws.logging.internal.WsLogger@361719ed
      CLASS_NAME = "com.ibm.ws.webcontainer.util.EventListeners"
      listeners = interface java.util.EventListener[0]
    _filterListeners = class com.ibm.ws.webcontainer.util.EventListeners@6bfc72cd
      EMPTY_LISTENERS = interface java.util.EventListener[0]
      logger = class com.ibm.ws.logging.internal.WsLogger@361719ed
      CLASS_NAME = "com.ibm.ws.webcontainer.util.EventListeners"
      listeners = interface java.util.EventListener[0]
    _filterErrorListeners = class com.ibm.ws.webcontainer.util.EventListeners@6e1f670f
      EMPTY_LISTENERS = interface java.util.EventListener[0]
      logger = class com.ibm.ws.logging.internal.WsLogger@361719ed
      CLASS_NAME = "com.ibm.ws.webcontainer.util.EventListeners"
      listeners = interface java.util.EventListener[0]
  event = class com.ibm.websphere.servlet.event.ServletEvent@30b45a92
    serialVersionUID = 3906650803920713522
    _servletName = "mvc-dispatcher"
    _servletClassName = "org.springframework.web.servlet.DispatcherServlet"
    $$$tc$$$ = class com.ibm.websphere.ras.TraceComponent@1026ba68
      strings[0] = "TraceComponent[com.ibm.websphere.servlet.event.ServletEvent,class com.ibm.websphere.servlet.event.ServletEvent,[],null,null]"
    serialVersionUID = 3546927969739289392
    _context = class com.ibm.ws.webcontainer31.facade.ServletContextFacade31@2837222d
      context = class com.ibm.ws.webcontainer31.osgi.webapp.WebApp31@584dc29
    _servletNames = class com.ibm.ws.webcontainer.util.EmptyEnumeration@70a198de
      serialVersionUID = 3546642126931963953
      _instance = class com.ibm.ws.webcontainer.util.EmptyEnumeration@70a198de
    $$$tc$$$ = class com.ibm.websphere.ras.TraceComponent@1ccaa212
      strings[0] = "TraceComponent[com.ibm.websphere.servlet.event.ApplicationEvent,class com.ibm.websphere.servlet.event.ApplicationEvent,[],null,null]"
    serialVersionUID = 5516075349620653480
    source = class com.ibm.ws.webcontainer.osgi.servlet.ServletWrapper@67736970
  unavailableMessage = null
  unavailableUntil = -1
  isSTM = false
  internalServlet = false
  webAppInvocationCollaborators = null
  platformHelper = class com.ibm.ws.webcontainer.PlatformHelper@e425e2b
  webAppNameSpaceCollab = class com.ibm.ws.webcontainer.osgi.collaborator.WebAppNameSpaceCollaboratorImpl@48e2e554
    cmdai = class com.ibm.ws.threadContext.ComponentMetaDataAccessorImpl@6a13ce7c
      tc = class com.ibm.websphere.ras.TraceComponent@6c7db55b
      cmdai = class com.ibm.ws.threadContext.ComponentMetaDataAccessorImpl@6a13ce7c
      threadContext = class com.ibm.ws.threadContext.ThreadContextImpl@147d46a9
      defaultCMD = null
  txCollab = class com.ibm.ws.webcontainer.collaborator.WebAppTransactionCollaborator@465dde0
    logger = class com.ibm.ws.logging.internal.WsLogger@311a37f3
      tc = class com.ibm.websphere.ras.TraceComponent@7bb62bcb
      ivCachedResourceBundleName = null
      ivCachedResourceBundle = null
      ivComponent = null
      ivOrganization = null
      ivProduct = null
      ivMinimumLocalizationLevelIntValue = 625
      ivTC = class com.ibm.websphere.ras.TraceComponent@4c1de4d6
      loggerRegistrationComponent = class java.lang.ThreadLocal@397effb6
      emptyHandlers = class java.util.logging.Handler[0]
      offValue = 2147483647
      SYSTEM_LOGGER_RB_NAME = "sun.util.logging.resources.logging"
      SYSTEM_BUNDLE = class java.util.logging.Logger$LoggerBundle@2ebe9708
      NO_RESOURCE_BUNDLE = class java.util.logging.Logger$LoggerBundle@542df229
      manager = class com.ibm.ws.kernel.boot.logging.WsLogManager@1ae03455
      name = "com.ibm.ws.webcontainer.collaborator"
      handlers = class java.util.concurrent.CopyOnWriteArrayList@2f0c3619
      loggerBundle = class java.util.logging.Logger$LoggerBundle@1e44b0e7
      useParentHandlers = true
      filter = null
      anonymous = false
      catalog = class com.ibm.ws.webcontainer.resources.Messages_es@79609b26
      catalogName = "com.ibm.ws.webcontainer.resources.Messages"
      catalogLocale = class java.util.Locale@2755cdde
      treeLock = class java.lang.Object@44a50a75
      parent = class com.ibm.ws.logging.internal.WsLogger@1b66aca7
      kids = null
      levelObject = class java.util.logging.Level@479223e9
      levelValue = 800
      callersClassLoaderRef = class java.lang.ref.WeakReference@32effaf2
      isSystemLogger = false
      GLOBAL_LOGGER_NAME = "global"
      global = class java.util.logging.Logger@223a70fb
      $assertionsDisabled = true
    CLASS_NAME = "com.ibm.ws.webcontainer.collaborator.WebAppTransactionCollaborator"
  connCollab = class com.ibm.ws.webcontainer.collaborator.ConnectionCollaborator@16977734
  suppressServletExceptionLogging = false
  throwExceptionEnum = class java.util.RegularEnumSet@a38d0cb
    serialVersionUID = 3411599620347842686
    elements = 256
    elementType = class java.lang.Class@78dbab3d
      ANNOTATION = 8192
      ENUM = 16384
      SYNTHETIC = 4096
      cachedConstructor = null
      newInstanceCallerCache = null
      name = "com.ibm.wsspi.webcontainer.collaborator.CollaboratorInvocationEnum"
      allPermDomain = class java.security.ProtectionDomain@37ec508b
      useCaches = true
      reflectionData = class java.lang.ref.SoftReference@77228b43
      classRedefinedCount = 0
      genericInfo = null
      serialVersionUID = 3206093459760846163
      serialPersistentFields = class java.io.ObjectStreamField[0]
      reflectionFactory = class sun.reflect.ReflectionFactory@35df9037
      initted = true
      enumConstants = class com.ibm.wsspi.webcontainer.collaborator.CollaboratorInvocationEnum[9]
      enumConstantDirectory = null
      annotationData = null
      annotationType = null
      classValueMap = null
    universe = class com.ibm.wsspi.webcontainer.collaborator.CollaboratorInvocationEnum[9]
      universe[0] = class com.ibm.wsspi.webcontainer.collaborator.CollaboratorInvocationEnum@654ca0bc
      universe[1] = class com.ibm.wsspi.webcontainer.collaborator.CollaboratorInvocationEnum@707e8405
      universe[2] = class com.ibm.wsspi.webcontainer.collaborator.CollaboratorInvocationEnum@1dd893cb
      universe[3] = class com.ibm.wsspi.webcontainer.collaborator.CollaboratorInvocationEnum@6036d03
      universe[4] = class com.ibm.wsspi.webcontainer.collaborator.CollaboratorInvocationEnum@6ca743f
      universe[5] = class com.ibm.wsspi.webcontainer.collaborator.CollaboratorInvocationEnum@290864f
      universe[6] = class com.ibm.wsspi.webcontainer.collaborator.CollaboratorInvocationEnum@5b0f0b1d
      universe[7] = class com.ibm.wsspi.webcontainer.collaborator.CollaboratorInvocationEnum@46f90e0a
      universe[8] = class com.ibm.wsspi.webcontainer.collaborator.CollaboratorInvocationEnum@13c7e166
    ZERO_LENGTH_ENUM_ARRAY = class java.lang.Enum[0]
    MAX_ARRAY_SIZE = 2147483639
  discernUnavailableServlet = false
  reInitServletonInitUnavailableException = true
  destroyServletonServiceUnavailableException = false
  servlet23 = true
  PARAMS_HEAD_TRACE = class java.lang.Class[2]
    PARAMS_HEAD_TRACE[0] = class java.lang.Class@4023482c
      ANNOTATION = 8192
      ENUM = 16384
      SYNTHETIC = 4096
      cachedConstructor = null
      newInstanceCallerCache = null
      name = null
      allPermDomain = class java.security.ProtectionDomain@37ec508b
      useCaches = true
      reflectionData = null
      classRedefinedCount = 0
      genericInfo = null
      serialVersionUID = 3206093459760846163
      serialPersistentFields = class java.io.ObjectStreamField[0]
      reflectionFactory = class sun.reflect.ReflectionFactory@35df9037
      initted = true
      enumConstants = null
      enumConstantDirectory = null
      annotationData = null
      annotationType = null
      classValueMap = null
    PARAMS_HEAD_TRACE[1] = class java.lang.Class@6686e473
      ANNOTATION = 8192
      ENUM = 16384
      SYNTHETIC = 4096
      cachedConstructor = null
      newInstanceCallerCache = null
      name = null
      allPermDomain = class java.security.ProtectionDomain@37ec508b
      useCaches = true
      reflectionData = class java.lang.ref.SoftReference@1af0d717
      classRedefinedCount = 0
      genericInfo = null
      serialVersionUID = 3206093459760846163
      serialPersistentFields = class java.io.ObjectStreamField[0]
      reflectionFactory = class sun.reflect.ReflectionFactory@35df9037
      initted = true
      enumConstants = null
      enumConstantDirectory = null
      annotationData = null
      annotationType = null
      classValueMap = null
  defaultHeadMethodInUse = false
  defaultTraceMethodInUse = false
  checkedForDefaultMethods = null
  defaultTraceRequestBehavior = false
  defaultHeadRequestBehavior = false
  useOriginalRequestState = false
  warningStatusSet = false
  LSTRING_FILE = "javax.servlet.LocalStrings"
  lStrings = class java.util.PropertyResourceBundle@7f8f1105
    lookup = class java.util.HashMap@6f207f18
      serialVersionUID = 362498820763181265
      DEFAULT_INITIAL_CAPACITY = 16
      MAXIMUM_CAPACITY = 1073741824
      DEFAULT_LOAD_FACTOR = 0.75
      TREEIFY_THRESHOLD = 8
      UNTREEIFY_THRESHOLD = 6
      MIN_TREEIFY_CAPACITY = 64
      table = class java.util.HashMap$Node[8]
      entrySet = null
      size = 4
      modCount = 4
      threshold = 6
      loadFactor = 0.75
      keySet = null
      values = null
    INITIAL_CACHE_SIZE = 32
    NONEXISTENT_BUNDLE = class java.util.ResourceBundle$1@6af8e11f
      INITIAL_CACHE_SIZE = 32
      NONEXISTENT_BUNDLE = class java.util.ResourceBundle$1@6af8e11f
      cacheList = class java.util.concurrent.ConcurrentHashMap@229d6bb3
      referenceQueue = class java.lang.ref.ReferenceQueue@4e290847
      parent = null
      locale = null
      name = null
      expired = false
      cacheKey = class java.util.ResourceBundle$CacheKey@67eac275
      keySet = null
      providers = null
      $assertionsDisabled = true
    cacheList = class java.util.concurrent.ConcurrentHashMap@229d6bb3
      serialVersionUID = 7249069246763182397
      MAXIMUM_CAPACITY = 1073741824
      DEFAULT_CAPACITY = 16
      MAX_ARRAY_SIZE = 2147483639
      DEFAULT_CONCURRENCY_LEVEL = 16
      LOAD_FACTOR = 0.75
      TREEIFY_THRESHOLD = 8
      UNTREEIFY_THRESHOLD = 6
      MIN_TREEIFY_CAPACITY = 64
      MIN_TRANSFER_STRIDE = 16
      RESIZE_STAMP_BITS = 16
      MAX_RESIZERS = 65535
      RESIZE_STAMP_SHIFT = 16
      MOVED = -1
      TREEBIN = -2
      RESERVED = -3
      HASH_BITS = 2147483647
      NCPU = 8
      serialPersistentFields = class java.io.ObjectStreamField[3]
      table = class java.util.concurrent.ConcurrentHashMap$Node[128]
      nextTable = null
      baseCount = 82
      sizeCtl = 96
      transferIndex = 0
      cellsBusy = 0
      counterCells = null
      keySet = null
      values = null
      entrySet = null
      U = class sun.misc.Unsafe@5c0a9e18
      SIZECTL = 20
      TRANSFERINDEX = 32
      BASECOUNT = 24
      CELLSBUSY = 36
      CELLVALUE = 144
      ABASE = 16
      ASHIFT = 2
      keySet = null
      values = null
    referenceQueue = class java.lang.ref.ReferenceQueue@4e290847
      NULL = class java.lang.ref.ReferenceQueue$Null@150e9540
      ENQUEUED = class java.lang.ref.ReferenceQueue$Null@daf2769
      lock = class java.lang.ref.ReferenceQueue$Lock@1f4151ed
      head = null
      queueLength = 0
      $assertionsDisabled = true
    parent = null
    locale = class java.util.Locale@49a73535
      LOCALECACHE = class java.util.Locale$Cache@2f575b3c
      ENGLISH = class java.util.Locale@128929f9
      FRENCH = class java.util.Locale@57cbbd5a
      GERMAN = class java.util.Locale@6f17a65c
      ITALIAN = class java.util.Locale@7a8c8e39
      JAPANESE = class java.util.Locale@2191b670
      KOREAN = class java.util.Locale@2bbafe75
      CHINESE = class java.util.Locale@79cd9818
      SIMPLIFIED_CHINESE = class java.util.Locale@67ae2c5e
      TRADITIONAL_CHINESE = class java.util.Locale@4b2024ed
      FRANCE = class java.util.Locale@379532aa
      GERMANY = class java.util.Locale@228d7118
      ITALY = class java.util.Locale@34d775cb
      JAPAN = class java.util.Locale@7e9a38f0
      KOREA = class java.util.Locale@608455eb
      CHINA = class java.util.Locale@67ae2c5e
      PRC = class java.util.Locale@67ae2c5e
      TAIWAN = class java.util.Locale@4b2024ed
      UK = class java.util.Locale@2948ed52
      US = class java.util.Locale@26beac9d
      CANADA = class java.util.Locale@94c4d02
      CANADA_FRENCH = class java.util.Locale@4b257acd
      ROOT = class java.util.Locale@49a73535
      PRIVATE_USE_EXTENSION = x
      UNICODE_LOCALE_EXTENSION = u
      serialVersionUID = 9149081749638150636
      DISPLAY_LANGUAGE = 0
      DISPLAY_COUNTRY = 1
      DISPLAY_VARIANT = 2
      DISPLAY_SCRIPT = 3
      baseLocale = class sun.util.locale.BaseLocale@1d067069
      localeExtensions = null
      hashCodeValue = 0
      defaultLocale = class java.util.Locale@2755cdde
      defaultDisplayLocale = null
      defaultFormatLocale = class java.util.Locale@26beac9d
      languageTag = null
      serialPersistentFields = class java.io.ObjectStreamField[6]
      isoLanguages = null
      isoCountries = null
      $assertionsDisabled = true
    name = "javax.servlet.LocalStrings"
    expired = false
    cacheKey = class java.util.ResourceBundle$CacheKey@647ad507
      name = "javax.servlet.LocalStrings"
      locale = class java.util.Locale@49a73535
      loaderRef = class java.util.ResourceBundle$LoaderReference@5944f178
      format = "java.properties"
      loadTime = 0
      expirationTime = -2
      cause = null
      hashCodeCache = -1580301435
    keySet = null
    providers = null
    $assertionsDisabled = true
  config = null

