------Start of DE processing------ = [3/8/17 11:15:01:728 CST]
Exception = org.springframework.beans.factory.BeanDefinitionStoreException
Source = com.ibm.ws.webcontainer.servlet.ServletWrapper.init
probeid = 181
Stack Dump = org.springframework.beans.factory.BeanDefinitionStoreException: IOException parsing XML document from ServletContext resource [/WEB-INF/mvc-dispatcher-servlet.xml]; nested exception is java.io.FileNotFoundException: Could not open ServletContext resource [/WEB-INF/mvc-dispatcher-servlet.xml]
	at org.springframework.beans.factory.xml.XmlBeanDefinitionReader.loadBeanDefinitions(XmlBeanDefinitionReader.java:344)
	at org.springframework.beans.factory.xml.XmlBeanDefinitionReader.loadBeanDefinitions(XmlBeanDefinitionReader.java:304)
	at org.springframework.beans.factory.support.AbstractBeanDefinitionReader.loadBeanDefinitions(AbstractBeanDefinitionReader.java:181)
	at org.springframework.beans.factory.support.AbstractBeanDefinitionReader.loadBeanDefinitions(AbstractBeanDefinitionReader.java:217)
	at org.springframework.beans.factory.support.AbstractBeanDefinitionReader.loadBeanDefinitions(AbstractBeanDefinitionReader.java:188)
	at org.springframework.web.context.support.XmlWebApplicationContext.loadBeanDefinitions(XmlWebApplicationContext.java:125)
	at org.springframework.web.context.support.XmlWebApplicationContext.loadBeanDefinitions(XmlWebApplicationContext.java:94)
	at org.springframework.context.support.AbstractRefreshableApplicationContext.refreshBeanFactory(AbstractRefreshableApplicationContext.java:129)
	at org.springframework.context.support.AbstractApplicationContext.obtainFreshBeanFactory(AbstractApplicationContext.java:608)
	at org.springframework.context.support.AbstractApplicationContext.refresh(AbstractApplicationContext.java:509)
	at org.springframework.web.servlet.FrameworkServlet.configureAndRefreshWebApplicationContext(FrameworkServlet.java:667)
	at org.springframework.web.servlet.FrameworkServlet.createWebApplicationContext(FrameworkServlet.java:633)
	at org.springframework.web.servlet.FrameworkServlet.createWebApplicationContext(FrameworkServlet.java:681)
	at org.springframework.web.servlet.FrameworkServlet.initWebApplicationContext(FrameworkServlet.java:552)
	at org.springframework.web.servlet.FrameworkServlet.initServletBean(FrameworkServlet.java:493)
	at org.springframework.web.servlet.HttpServletBean.init(HttpServletBean.java:136)
	at javax.servlet.GenericServlet.init(GenericServlet.java:244)
	at com.ibm.ws.webcontainer.servlet.ServletWrapper.init(ServletWrapper.java:332)
	at com.ibm.ws.webcontainer.servlet.ServletWrapper.loadOnStartupCheck(ServletWrapper.java:1428)
	at com.ibm.ws.webcontainer.webapp.WebApp.doLoadOnStartupActions(WebApp.java:1197)
	at com.ibm.ws.webcontainer.webapp.WebApp.commonInitializationFinally(WebApp.java:1165)
	at com.ibm.ws.webcontainer.webapp.WebApp.initialize(WebApp.java:1074)
	at com.ibm.ws.webcontainer.webapp.WebApp.initialize(WebApp.java:6562)
	at com.ibm.ws.webcontainer.osgi.DynamicVirtualHost.startWebApp(DynamicVirtualHost.java:468)
	at com.ibm.ws.webcontainer.osgi.DynamicVirtualHost.createRunnableHandler(DynamicVirtualHost.java:266)
	at com.ibm.ws.webcontainer.osgi.DynamicVirtualHost.createRunnableHandler(DynamicVirtualHost.java:331)
	at com.ibm.ws.http.internal.VirtualHostImpl.discriminate(VirtualHostImpl.java:251)
	at com.ibm.ws.http.dispatcher.internal.channel.HttpDispatcherLink.ready(HttpDispatcherLink.java:301)
	at com.ibm.ws.http.channel.internal.inbound.HttpInboundLink.handleDiscrimination(HttpInboundLink.java:471)
	at com.ibm.ws.http.channel.internal.inbound.HttpInboundLink.handleNewRequest(HttpInboundLink.java:405)
	at com.ibm.ws.http.channel.internal.inbound.HttpInboundLink.processRequest(HttpInboundLink.java:285)
	at com.ibm.ws.http.channel.internal.inbound.HttpInboundLink.ready(HttpInboundLink.java:256)
	at com.ibm.ws.tcpchannel.internal.NewConnectionInitialReadCallback.sendToDiscriminators(NewConnectionInitialReadCallback.java:174)
	at com.ibm.ws.tcpchannel.internal.NewConnectionInitialReadCallback.complete(NewConnectionInitialReadCallback.java:83)
	at com.ibm.ws.tcpchannel.internal.WorkQueueManager.requestComplete(WorkQueueManager.java:504)
	at com.ibm.ws.tcpchannel.internal.WorkQueueManager.attemptIO(WorkQueueManager.java:574)
	at com.ibm.ws.tcpchannel.internal.WorkQueueManager.workerRun(WorkQueueManager.java:929)
	at com.ibm.ws.tcpchannel.internal.WorkQueueManager$Worker.run(WorkQueueManager.java:1018)
	at java.util.concurrent.ThreadPoolExecutor.runWorker(Unknown Source)
	at java.util.concurrent.ThreadPoolExecutor$Worker.run(Unknown Source)
	at java.lang.Thread.run(Unknown Source)
Caused by: java.io.FileNotFoundException: Could not open ServletContext resource [/WEB-INF/mvc-dispatcher-servlet.xml]
	at org.springframework.web.context.support.ServletContextResource.getInputStream(ServletContextResource.java:141)
	at org.springframework.beans.factory.xml.XmlBeanDefinitionReader.loadBeanDefinitions(XmlBeanDefinitionReader.java:330)
	... 40 more

Dump of callerThis
Object type = com.ibm.ws.webcontainer.osgi.servlet.ServletWrapper
  serialVersionUID = 1
  _mo = class com.ibm.ws.managedobject.internal.ManagedObjectImpl@6bed6bb
    object = "<sensitive org.springframework.web.servlet.DispatcherServlet@3e15490c>"
    serialVersionUID = -5603642874755101089
    $$$tc$$$ = class com.ibm.websphere.ras.TraceComponent@752b6ba5
      strings[0] = "TraceComponent[com.ibm.ws.managedobject.internal.ManagedObjectImpl,class com.ibm.ws.managedobject.internal.ManagedObjectImpl,[],null,null]"
  serialVersionUID = -4479626085298397598
  notifyInvocationListeners = false
  UNINITIALIZED_STATE = -1
  AVAILABLE_STATE = 0
  UNAVAILABLE_STATE = 1
  UNAVAILABLE_PERMANENTLY_STATE = 2
  collabHelper = class com.ibm.ws.webcontainer.osgi.collaborator.CollaboratorHelperImpl@5937beda
    webAppInvCollabs = class java.util.Collections$UnmodifiableSet@7e492a10
      serialVersionUID = -9215047833775013803
      serialVersionUID = 1820017752578914078
      c = class java.util.concurrent.CopyOnWriteArraySet@3112758c
    securityDomainForApp = null
    logger = class com.ibm.ws.logging.internal.WsLogger@29f4cb22
      tc = class com.ibm.websphere.ras.TraceComponent@5ca1ec2d
      ivCachedResourceBundleName = null
      ivCachedResourceBundle = null
      ivComponent = null
      ivOrganization = null
      ivProduct = null
      ivMinimumLocalizationLevelIntValue = 625
      ivTC = class com.ibm.websphere.ras.TraceComponent@41d7754b
      loggerRegistrationComponent = class java.lang.ThreadLocal@7950c20b
      emptyHandlers = class java.util.logging.Handler[0]
      offValue = 2147483647
      SYSTEM_LOGGER_RB_NAME = "sun.util.logging.resources.logging"
      SYSTEM_BUNDLE = class java.util.logging.Logger$LoggerBundle@11c92ca5
      NO_RESOURCE_BUNDLE = class java.util.logging.Logger$LoggerBundle@4cedf4ea
      manager = class com.ibm.ws.kernel.boot.logging.WsLogManager@335227e6
      name = "com.ibm.ws.webcontainer.collaborator"
      handlers = class java.util.concurrent.CopyOnWriteArrayList@343ae752
      loggerBundle = class java.util.logging.Logger$LoggerBundle@648c44dc
      useParentHandlers = true
      filter = null
      anonymous = false
      catalog = class com.ibm.ws.webcontainer.resources.Messages_es@4538448
      catalogName = "com.ibm.ws.webcontainer.resources.Messages"
      catalogLocale = class java.util.Locale@53966178
      treeLock = class java.lang.Object@7b382d19
      parent = class com.ibm.ws.logging.internal.WsLogger@2e50be75
      kids = null
      levelObject = class java.util.logging.Level@179dda98
      levelValue = 800
      callersClassLoaderRef = class java.lang.ref.WeakReference@55c524c0
      isSystemLogger = false
      GLOBAL_LOGGER_NAME = "global"
      global = class java.util.logging.Logger@4d8a5fa2
      $assertionsDisabled = true
    staticDefaultSecurityCollaborator = class com.ibm.ws.webcontainer.collaborator.WebAppSecurityCollaborator@1481c88e
    logger = class com.ibm.ws.logging.internal.WsLogger@4e8c9f69
      tc = class com.ibm.websphere.ras.TraceComponent@5ca1ec2d
      ivCachedResourceBundleName = null
      ivCachedResourceBundle = null
      ivComponent = null
      ivOrganization = null
      ivProduct = null
      ivMinimumLocalizationLevelIntValue = 625
      ivTC = class com.ibm.websphere.ras.TraceComponent@bc13cd
      loggerRegistrationComponent = class java.lang.ThreadLocal@7950c20b
      emptyHandlers = class java.util.logging.Handler[0]
      offValue = 2147483647
      SYSTEM_LOGGER_RB_NAME = "sun.util.logging.resources.logging"
      SYSTEM_BUNDLE = class java.util.logging.Logger$LoggerBundle@11c92ca5
      NO_RESOURCE_BUNDLE = class java.util.logging.Logger$LoggerBundle@4cedf4ea
      manager = class com.ibm.ws.kernel.boot.logging.WsLogManager@335227e6
      name = "com.ibm.wsspi.webcontainer.collaborator"
      handlers = class java.util.concurrent.CopyOnWriteArrayList@501467f7
      loggerBundle = class java.util.logging.Logger$LoggerBundle@3273215d
      useParentHandlers = true
      filter = null
      anonymous = false
      catalog = class com.ibm.ws.webcontainer.resources.Messages_es@4538448
      catalogName = "com.ibm.ws.webcontainer.resources.Messages"
      catalogLocale = class java.util.Locale@53966178
      treeLock = class java.lang.Object@7b382d19
      parent = class java.util.logging.Logger@3c93422c
      kids = null
      levelObject = class java.util.logging.Level@179dda98
      levelValue = 800
      callersClassLoaderRef = class java.lang.ref.WeakReference@5b4c5ed
      isSystemLogger = false
      GLOBAL_LOGGER_NAME = "global"
      global = class java.util.logging.Logger@4d8a5fa2
      $assertionsDisabled = true
    CLASS_NAME = "com.ibm.wsspi.webcontainer.collaborator.CollaboratorHelper"
    webApp = class com.ibm.ws.webcontainer31.osgi.webapp.WebApp31@11ef692a
    securityCollaborator = class com.ibm.ws.webcontainer.collaborator.WebAppSecurityCollaborator@1481c88e
    nameSpaceCollaborator = class com.ibm.ws.webcontainer.osgi.collaborator.WebAppNameSpaceCollaboratorImpl@78bdd58b
    transactionCollaborator = class com.ibm.ws.webcontainer.collaborator.WebAppTransactionCollaborator@3d0cc7fa
    connectionCollaborator = class com.ibm.ws.webcontainer.collaborator.ConnectionCollaborator@16a19b7e
    allCollabEnum = class java.util.RegularEnumSet@412ee041
      serialVersionUID = 3411599620347842686
      elements = 511
      elementType = class java.lang.Class@7aad5b36
      universe = class com.ibm.wsspi.webcontainer.collaborator.CollaboratorInvocationEnum[9]
      ZERO_LENGTH_ENUM_ARRAY = class java.lang.Enum[0]
      MAX_ARRAY_SIZE = 2147483639
    servlet_23_or_greater = true
    DEFER_SERVLET_REQUEST_LISTENER_DESTROY_ON_ERROR = false
  nServicing = class java.util.concurrent.atomic.AtomicInteger@4831653e
    serialVersionUID = 6214790243416807050
    unsafe = class sun.misc.Unsafe@5bf19552
      theUnsafe = class sun.misc.Unsafe@5bf19552
      INVALID_FIELD_OFFSET = -1
      ARRAY_BOOLEAN_BASE_OFFSET = 16
      ARRAY_BYTE_BASE_OFFSET = 16
      ARRAY_SHORT_BASE_OFFSET = 16
      ARRAY_CHAR_BASE_OFFSET = 16
      ARRAY_INT_BASE_OFFSET = 16
      ARRAY_LONG_BASE_OFFSET = 16
      ARRAY_FLOAT_BASE_OFFSET = 16
      ARRAY_DOUBLE_BASE_OFFSET = 16
      ARRAY_OBJECT_BASE_OFFSET = 16
      ARRAY_BOOLEAN_INDEX_SCALE = 1
      ARRAY_BYTE_INDEX_SCALE = 1
      ARRAY_SHORT_INDEX_SCALE = 2
      ARRAY_CHAR_INDEX_SCALE = 2
      ARRAY_INT_INDEX_SCALE = 4
      ARRAY_LONG_INDEX_SCALE = 8
      ARRAY_FLOAT_INDEX_SCALE = 4
      ARRAY_DOUBLE_INDEX_SCALE = 8
      ARRAY_OBJECT_INDEX_SCALE = 4
      ADDRESS_SIZE = 8
    valueOffset = 12
    value = 0
    serialVersionUID = -8742448824652078965
  lastAccessTime = 1488993301116
  state = -1
  logger = class com.ibm.ws.logging.internal.WsLogger@5599cd6c
    tc = class com.ibm.websphere.ras.TraceComponent@5ca1ec2d
      strings[0] = "TraceComponent[com.ibm.ws.logging.internal.WsLogger,class com.ibm.ws.logging.internal.WsLogger,[logging],com.ibm.ws.logging.internal.resources.LoggingMessages,null]"
    ivCachedResourceBundleName = null
    ivCachedResourceBundle = null
    ivComponent = null
    ivOrganization = null
    ivProduct = null
    ivMinimumLocalizationLevelIntValue = 625
    ivTC = class com.ibm.websphere.ras.TraceComponent@5c811474
      strings[0] = "TraceComponent[com.ibm.ws.webcontainer.servlet,class com.ibm.wsspi.webcontainer.logging.LoggerFactory$1,[com.ibm.ws.webcontainer.servlet],null,null]"
    loggerRegistrationComponent = class java.lang.ThreadLocal@7950c20b
      threadLocalHashCode = -978983473
      nextHashCode = class java.util.concurrent.atomic.AtomicInteger@7fc9d3c4
      HASH_INCREMENT = 1640531527
    emptyHandlers = class java.util.logging.Handler[0]
    offValue = 2147483647
    SYSTEM_LOGGER_RB_NAME = "sun.util.logging.resources.logging"
    SYSTEM_BUNDLE = class java.util.logging.Logger$LoggerBundle@11c92ca5
      resourceBundleName = "sun.util.logging.resources.logging"
      userBundle = null
    NO_RESOURCE_BUNDLE = class java.util.logging.Logger$LoggerBundle@4cedf4ea
      resourceBundleName = null
      userBundle = null
    manager = class com.ibm.ws.kernel.boot.logging.WsLogManager@335227e6
      CLASS_NAME = "com.ibm.ws.kernel.boot.logging.WsLogManager"
      CONFIGURE_BY_SERVER_PROPERTY_NAME = "java.util.logging.configureByServer"
      CONFIGURE_BY_LOGGING_PROPERTIES_FILE = "java.util.logging.configureByLoggingPropertiesFile"
      configureByServer = true
      configureByLoggingProperties = false
      wsLogger = class java.lang.reflect.Constructor@3c84ddef
      resetEnabled = true
      manager = class com.ibm.ws.kernel.boot.logging.WsLogManager@335227e6
      props = class java.util.Properties@3706a82b
      defaultLevel = class java.util.logging.Level@179dda98
      listenerMap = class java.util.HashMap@2a9f46d0
      systemContext = class java.util.logging.LogManager$SystemLoggerContext@306e8dc9
      userContext = class java.util.logging.LogManager$LoggerContext@7e4c09da
      rootLogger = class java.util.logging.LogManager$RootLogger@7c09b1c8
      readPrimordialConfiguration = true
      initializedGlobalHandlers = true
      deathImminent = false
      initializedCalled = true
      initializationDone = true
      contextsMap = null
      loggerRefQueue = class java.lang.ref.ReferenceQueue@2c70d15f
      MAX_ITERATIONS = 400
      controlPermission = class java.util.logging.LoggingPermission@68b401dd
      loggingMXBean = null
      LOGGING_MXBEAN_NAME = "java.util.logging:type=Logging"
      $assertionsDisabled = true
    name = "com.ibm.ws.webcontainer.servlet"
    handlers = class java.util.concurrent.CopyOnWriteArrayList@a444843
      serialVersionUID = 8673264195747942595
      lock = class java.util.concurrent.locks.ReentrantLock@8589aa5
      array = class java.lang.Object[0]
      UNSAFE = class sun.misc.Unsafe@5bf19552
      lockOffset = 12
    loggerBundle = class java.util.logging.Logger$LoggerBundle@52b0f1aa
      resourceBundleName = "com.ibm.ws.webcontainer.resources.Messages"
      userBundle = null
    useParentHandlers = true
    filter = null
    anonymous = false
    catalog = class com.ibm.ws.webcontainer.resources.Messages_es@71d905b2
      resources = class [Ljava.lang.Object;[332]
      lookup = class java.util.HashMap@5cd7b0a6
      INITIAL_CACHE_SIZE = 32
      NONEXISTENT_BUNDLE = class java.util.ResourceBundle$1@b42d025
      cacheList = class java.util.concurrent.ConcurrentHashMap@18af0403
      referenceQueue = class java.lang.ref.ReferenceQueue@36fda459
      parent = class com.ibm.ws.webcontainer.resources.Messages@55a7786a
      locale = class java.util.Locale@227ac8a5
      name = "com.ibm.ws.webcontainer.resources.Messages"
      expired = false
      cacheKey = class java.util.ResourceBundle$CacheKey@44209337
      keySet = null
      providers = null
      $assertionsDisabled = true
    catalogName = "com.ibm.ws.webcontainer.resources.Messages"
    catalogLocale = class java.util.Locale@53966178
      LOCALECACHE = class java.util.Locale$Cache@696ae0ff
      ENGLISH = class java.util.Locale@3f48a18f
      FRENCH = class java.util.Locale@37277a8b
      GERMAN = class java.util.Locale@c2fa279
      ITALIAN = class java.util.Locale@32fcc61b
      JAPANESE = class java.util.Locale@48425d12
      KOREAN = class java.util.Locale@443d95b3
      CHINESE = class java.util.Locale@35f0cb27
      SIMPLIFIED_CHINESE = class java.util.Locale@61e80f9c
      TRADITIONAL_CHINESE = class java.util.Locale@3b98647e
      FRANCE = class java.util.Locale@13a0eeb3
      GERMANY = class java.util.Locale@203ab613
      ITALY = class java.util.Locale@18fc967
      JAPAN = class java.util.Locale@794ce6bc
      KOREA = class java.util.Locale@6d8d4a50
      CHINA = class java.util.Locale@61e80f9c
      PRC = class java.util.Locale@61e80f9c
      TAIWAN = class java.util.Locale@3b98647e
      UK = class java.util.Locale@18f2e3dc
      US = class java.util.Locale@6749c554
      CANADA = class java.util.Locale@792ea607
      CANADA_FRENCH = class java.util.Locale@7ef6acb8
      ROOT = class java.util.Locale@1db30424
      PRIVATE_USE_EXTENSION = x
      UNICODE_LOCALE_EXTENSION = u
      serialVersionUID = 9149081749638150636
      DISPLAY_LANGUAGE = 0
      DISPLAY_COUNTRY = 1
      DISPLAY_VARIANT = 2
      DISPLAY_SCRIPT = 3
      baseLocale = class sun.util.locale.BaseLocale@6a4fb5dc
      localeExtensions = null
      hashCodeValue = 96770468
      defaultLocale = class java.util.Locale@53966178
      defaultDisplayLocale = null
      defaultFormatLocale = class java.util.Locale@6749c554
      languageTag = "es-ES"
      serialPersistentFields = class java.io.ObjectStreamField[6]
      isoLanguages = null
      isoCountries = null
      $assertionsDisabled = true
    treeLock = class java.lang.Object@7b382d19
    parent = class com.ibm.ws.logging.internal.WsLogger@2e50be75
      tc = class com.ibm.websphere.ras.TraceComponent@5ca1ec2d
      ivCachedResourceBundleName = "com.ibm.ws.webcontainer.resources.Messages"
      ivCachedResourceBundle = class com.ibm.ws.webcontainer.resources.Messages_es@71d905b2
      ivComponent = null
      ivOrganization = null
      ivProduct = null
      ivMinimumLocalizationLevelIntValue = 625
      ivTC = class com.ibm.websphere.ras.TraceComponent@6bc86589
      loggerRegistrationComponent = class java.lang.ThreadLocal@7950c20b
      emptyHandlers = class java.util.logging.Handler[0]
      offValue = 2147483647
      SYSTEM_LOGGER_RB_NAME = "sun.util.logging.resources.logging"
      SYSTEM_BUNDLE = class java.util.logging.Logger$LoggerBundle@11c92ca5
      NO_RESOURCE_BUNDLE = class java.util.logging.Logger$LoggerBundle@4cedf4ea
      manager = class com.ibm.ws.kernel.boot.logging.WsLogManager@335227e6
      name = "com.ibm.ws.webcontainer"
      handlers = class java.util.concurrent.CopyOnWriteArrayList@76a33d66
      loggerBundle = class java.util.logging.Logger$LoggerBundle@1089ab70
      useParentHandlers = true
      filter = null
      anonymous = false
      catalog = class com.ibm.ws.webcontainer.resources.Messages_es@71d905b2
      catalogName = "com.ibm.ws.webcontainer.resources.Messages"
      catalogLocale = class java.util.Locale@53966178
      treeLock = class java.lang.Object@7b382d19
      parent = class java.util.logging.Logger@3c93422c
      kids = class java.util.ArrayList@5e88b42c
      levelObject = class java.util.logging.Level@179dda98
      levelValue = 800
      callersClassLoaderRef = class java.lang.ref.WeakReference@31afea96
      isSystemLogger = false
      GLOBAL_LOGGER_NAME = "global"
      global = class java.util.logging.Logger@4d8a5fa2
      $assertionsDisabled = true
    kids = null
    levelObject = class java.util.logging.Level@179dda98
      defaultBundle = "sun.util.logging.resources.logging"
      name = "INFO"
      value = 800
      resourceBundleName = "sun.util.logging.resources.logging"
      localizedLevelName = "INFORMACIÓN"
      cachedLocale = class java.util.Locale@53966178
      OFF = class java.util.logging.Level@62c45a5e
      SEVERE = class java.util.logging.Level@683af937
      WARNING = class java.util.logging.Level@482d4940
      INFO = class java.util.logging.Level@179dda98
      CONFIG = class java.util.logging.Level@5881f9ad
      FINE = class java.util.logging.Level@18d75e49
      FINER = class java.util.logging.Level@279bff25
      FINEST = class java.util.logging.Level@55ed5df
      ALL = class java.util.logging.Level@52c51848
      serialVersionUID = -8176160795706313070
    levelValue = 800
    callersClassLoaderRef = class java.lang.ref.WeakReference@7760e4b2
      referent = class org.eclipse.osgi.internal.loader.EquinoxClassLoader@76742a58
      queue = class java.lang.ref.ReferenceQueue$Null@5a4cacd6
      next = null
      discovered = null
      lock = class java.lang.ref.Reference$Lock@753e47ff
      pending = null
    isSystemLogger = false
    GLOBAL_LOGGER_NAME = "global"
    global = class java.util.logging.Logger@4d8a5fa2
      emptyHandlers = class java.util.logging.Handler[0]
      offValue = 2147483647
      SYSTEM_LOGGER_RB_NAME = "sun.util.logging.resources.logging"
      SYSTEM_BUNDLE = class java.util.logging.Logger$LoggerBundle@11c92ca5
      NO_RESOURCE_BUNDLE = class java.util.logging.Logger$LoggerBundle@4cedf4ea
      manager = class com.ibm.ws.kernel.boot.logging.WsLogManager@335227e6
      name = "global"
      handlers = class java.util.concurrent.CopyOnWriteArrayList@73e0befd
      loggerBundle = class java.util.logging.Logger$LoggerBundle@4cedf4ea
      useParentHandlers = true
      filter = null
      anonymous = false
      catalog = null
      catalogName = null
      catalogLocale = null
      treeLock = class java.lang.Object@7b382d19
      parent = class java.util.logging.Logger@3c93422c
      kids = null
      levelObject = null
      levelValue = 800
      callersClassLoaderRef = null
      isSystemLogger = true
      GLOBAL_LOGGER_NAME = "global"
      global = class java.util.logging.Logger@4d8a5fa2
      $assertionsDisabled = true
    $assertionsDisabled = true
  CLASS_NAME = "com.ibm.ws.webcontainer.servlet.ServletWrapper"
  nls = class com.ibm.ejs.ras.TraceNLS@19eb7797
    resolver = class com.ibm.ws.logging.internal.TraceNLSResolver@24fa263f
      tc = class com.ibm.websphere.ras.TraceComponent@1edf1c96
      DEBUG_TRACE_NLS_PROPERTY = "com.ibm.ejs.ras.debugTraceNLSResolver"
      debugTraceNLSResolver = false
      makeNoise = false
      nullKey = "null"
      svNullBundleName = "Resource Bundle name is null, key = {0}"
      svBundleNotLoaded = "Unable to load ResourceBundle {0}"
      svNullKeyMessage = "Null key passed while using ResourceBundle {0}"
      svMalformedMessage = "No message text associated with key {0} in bundle {1}"
    finder = null
    ivBundleName = "com.ibm.ws.webcontainer.resources.Messages"
    caller = class java.lang.Class@29ccae56
      ANNOTATION = 8192
      ENUM = 16384
      SYNTHETIC = 4096
      cachedConstructor = null
      newInstanceCallerCache = null
      name = null
      allPermDomain = class java.security.ProtectionDomain@59203f06
      useCaches = true
      reflectionData = class java.lang.ref.SoftReference@544dcf28
      classRedefinedCount = 0
      genericInfo = null
      serialVersionUID = 3206093459760846163
      serialPersistentFields = class java.io.ObjectStreamField[0]
      reflectionFactory = class sun.reflect.ReflectionFactory@447e7806
      initted = true
      enumConstants = null
      enumConstantDirectory = null
      annotationData = class java.lang.Class$AnnotationData@1f952a75
      annotationType = null
      classValueMap = null
  servletConfig = class com.ibm.ws.webcontainer.servlet.ServletConfig@7dcedb1e
    logger = class com.ibm.ws.logging.internal.WsLogger@5599cd6c
    CLASS_NAME = "com.ibm.ws.webcontainer.servlet.ServletConfig"
    nls = class com.ibm.ejs.ras.TraceNLS@3f431dc5
      resolver = class com.ibm.ws.logging.internal.TraceNLSResolver@24fa263f
      finder = null
      ivBundleName = "com.ibm.ws.webcontainer.resources.Messages"
      caller = class java.lang.Class@6a1f4742
    liberty_nls = class com.ibm.ejs.ras.TraceNLS@ad98c98
      resolver = class com.ibm.ws.logging.internal.TraceNLSResolver@24fa263f
      finder = null
      ivBundleName = "com.ibm.ws.webcontainer.resources.LShimMessages"
      caller = class java.lang.Class@6a1f4742
    enabled = true
    servletName = "mvc-dispatcher"
    className = "org.springframework.web.servlet.DispatcherServlet"
    mappings = class java.util.ArrayList@aa7c94e
      serialVersionUID = 8683452581122892189
      DEFAULT_CAPACITY = 10
      EMPTY_ELEMENTDATA = class java.lang.Object[0]
      DEFAULTCAPACITY_EMPTY_ELEMENTDATA = class java.lang.Object[0]
      elementData = class java.lang.Object[10]
      size = 3
      MAX_ARRAY_SIZE = 2147483639
      modCount = 3
      MAX_ARRAY_SIZE = 2147483639
    startUpWeight = 1
    DEFAULT_STARTUP = -1
    isCachingEnabled = true
    isStatisticsEnabled = true
    isInternal = false
    metaData = class com.ibm.ws.webcontainer.osgi.metadata.WebComponentMetaDataImpl@1a92aa0f
      j2eeName = class com.ibm.ws.container.service.metadata.internal.J2EENameImpl@6e03ccbb
      webModuleMetaData = class com.ibm.ws.webcontainer.osgi.metadata.WebModuleMetaDataImpl@3d395ca9
      mBeanServiceReg = null
      tc = class com.ibm.websphere.ras.TraceComponent@12d37e6d
      NUM_STATIC_SLOTS = 4
      ID_UNINITIALIZED = -1
      id = 2
      metaDataInterface = class java.lang.Class@2b84afc5
      staticSlots = class java.lang.Object[4]
      dynamicSlots = null
    singleThreadModelServlet = false
    isJsp = false
    webAppConfig = class com.ibm.ws.webcontainer.osgi.webapp.WebAppConfiguration@8f119b5
    servletWrapper = class com.ibm.ws.webcontainer.osgi.servlet.ServletWrapper@160d1bb7
    servletClass = null
    servlet = null
    addedToLoadOnStartup = true
    previousWeight = null
    multipartConfig = null
    multipartConfigBaseLocation = null
    runAsRole = null
    servletSecurityElement = null
    declareRolesAnnotation = null
    logger = class com.ibm.ws.logging.internal.WsLogger@5599cd6c
    CLASS_NAME = "com.ibm.ws.webcontainer.servlet.TargetConfig"
    initParams = null
    fileName = null
    displayName = null
    name = "mvc-dispatcher"
    description = null
    smallIcon = null
    largeIcon = null
    context = class com.ibm.ws.webcontainer31.facade.ServletContextFacade31@20a04c06
    className = null
    asyncSupported = false
    _id = "ServletGeneratedId1"
    _attributes = null
    serialVersionUID = 7511545662945734886
    $$$tc$$$ = class com.ibm.websphere.ras.TraceComponent@4fc62415
      strings[0] = "TraceComponent[com.ibm.ws.container.BaseConfiguration,class com.ibm.ws.container.BaseConfiguration,[],null,null]"
  context = class com.ibm.ws.webcontainer31.osgi.webapp.WebApp31@11ef692a
    tc = class com.ibm.websphere.ras.TraceComponent@7e101c17
      strings[0] = "TraceComponent[com.ibm.ws.webcontainer31.osgi.webapp.WebApp31,class com.ibm.ws.webcontainer31.osgi.webapp.WebApp31,[webcontainer],com.ibm.ws.webcontainer31.resources.Messages,null]"
    CLASS_NAME = "com.ibm.ws.webcontainer31.osgi.webapp.WebApp31"
    servlet31NLS = class com.ibm.ejs.ras.TraceNLS@3fff7a68
      resolver = class com.ibm.ws.logging.internal.TraceNLSResolver@24fa263f
      finder = null
      ivBundleName = "com.ibm.ws.webcontainer31.resources.Messages"
      caller = class java.lang.Class@335f4086
    validListenerClasses = class java.lang.Class[7]
      validListenerClasses[0] = class java.lang.Class@443e5daa
      validListenerClasses[1] = class java.lang.Class@6666ab93
      validListenerClasses[2] = class java.lang.Class@5ce81cf8
      validListenerClasses[3] = class java.lang.Class@6a184392
      validListenerClasses[4] = class java.lang.Class@5cfd8076
      validListenerClasses[5] = class java.lang.Class@f949249
      validListenerClasses[6] = class java.lang.Class@1307509f
    wsocServHandler = null
    tc = class com.ibm.websphere.ras.TraceComponent@6c32755f
      strings[0] = "TraceComponent[com.ibm.ws.webcontainer.osgi.webapp.WebApp,class com.ibm.ws.webcontainer.osgi.webapp.WebApp,[webcontainer],com.ibm.ws.webcontainer.resources.LShimMessages,null]"
    CLASS_NAME = "com.ibm.ws.webcontainer.osgi.webapp.WebApp"
    metaDataService = class com.ibm.ws.container.service.metadata.internal.MetaDataServiceImpl@66ebf703
      applicationMetaDataManager = class com.ibm.ws.container.service.metadata.internal.ApplicationMetaDataManager@30f92d4f
      moduleMetaDataManager = class com.ibm.ws.container.service.metadata.internal.ModuleMetaDataManager@4321cf78
      componentMetaDataManager = class com.ibm.ws.container.service.metadata.internal.ComponentMetaDataManager@68f37788
      methodMetaDataManager = class com.ibm.ws.container.service.metadata.internal.MethodMetaDataManager@4b4b5cd6
      appModuleNameToModuleContainer = class java.util.concurrent.ConcurrentHashMap@32a183a5
      jeeNameToComponentMetaData = class java.util.concurrent.ConcurrentHashMap@7fb6c086
      deferredMetaDataFactories = class com.ibm.wsspi.kernel.service.utils.ConcurrentServiceReferenceSet@c8aa7cf
      deferredMetaDataInitializers = class com.ibm.wsspi.kernel.service.utils.ConcurrentServiceReferenceMap@1db6f764
      serialVersionUID = -2494605732980966097
      $$$tc$$$ = class com.ibm.websphere.ras.TraceComponent@51942c0
    namespacePopulated = false
    referenceContext = class com.ibm.ws.injectionengine.osgi.internal.OSGiReferenceContextImpl@db66ef1
      scopeData = class com.ibm.ws.injectionengine.osgi.internal.OSGiInjectionScopeData@343c1cae
      serialVersionUID = 521511923892134915
      $$$tc$$$ = class com.ibm.websphere.ras.TraceComponent@4c8375e0
      CLASS_NAME = "com.ibm.ws.injectionengine.ReferenceContextImpl"
      tc = class com.ibm.ejs.ras.TraceComponent@1e9b91dc
      ivInjectionEngine = class com.ibm.ws.injectionengine.osgi.internal.OSGiInjectionEngineImpl@65a3f5a8
      ivProviders = class java.util.ArrayList@546b6b97
      ivComponentJavaContext = null
      ivComponentNameSpace = null
      ivJavaColonCompEnvMap = class java.util.LinkedHashMap@3d469ed6
      ivEjbContext10 = class java.util.Properties@3437d85b
      ivResourceRefConfigList = null
      isAlreadyProcessed = true
      ivProcessFailure = null
      ivInjectionTargetMap = class java.util.concurrent.ConcurrentHashMap@4ec375c0
      ivDeclaredInjectionTargets = class java.util.HashMap@41fb985c
      ivProcessedInjectionClasses = class java.util.HashSet@48420e9b
      ivProcessedInjectionBindings = class java.util.ArrayList@42bdf2c8
      ivAnyProcessDynamic = false
      ivCheckAppConfig = false
    j2eeNameFactory = class com.ibm.ws.container.service.metadata.internal.J2EENameFactoryImpl@2283fd8c
      serialVersionUID = 3486344295038028821
      $$$tc$$$ = class com.ibm.websphere.ras.TraceComponent@66bff042
    moduleLoader = class com.ibm.ws.classloading.internal.AppClassLoader@1d44a9b6
    webAppConfig = class com.ibm.ws.webcontainer.osgi.webapp.WebAppConfiguration@8f119b5
      webModuleMetaData = class com.ibm.ws.webcontainer.osgi.metadata.WebModuleMetaDataImpl@3d395ca9
      webComponentMetaData = class com.ibm.ws.webcontainer.osgi.metadata.WebComponentMetaDataImpl@379a4b78
      dVirtualHost = class com.ibm.ws.webcontainer.osgi.DynamicVirtualHost@27bc82ad
      orderedLibPaths = class java.util.Collections$UnmodifiableRandomAccessList@4514919e
      bundleHeaders = null
      cdiEnabled = false
      CLASS_NAME = "com.ibm.ws.webcontainer.webapp.WebAppConfiguration"
      logger = class com.ibm.ws.logging.internal.WsLogger@643ec8ed
      tc = class com.ibm.websphere.ras.TraceComponent@a2b4a25
      nls = class com.ibm.ejs.ras.TraceNLS@171631cf
      version = 31
      contextRoot = "/SpringTest"
      sessionTimeout = 0
      moduleSessionTimeoutSet = false
      moduleSessionTrackingModeSet = false
      sessionCookieConfig = class com.ibm.ws.session.SessionCookieConfigImpl@60bdfb90
      hasProgrammaticCookieConfig = false
      sessionDefaultTrackingModeSet = class java.util.RegularEnumSet@519bd74
      sessionManagerConfig = class com.ibm.ws.session.SessionManagerConfig@14147b7b
      displayName = "Spring2Project"
      description = null
      reloadInterval = 0
      distributable = false
      denyUncoveredHttpMethods = false
      reloadingEnabled = false
      serveServletsByClassnameEnabled = null
      defaultErrorPage = null
      additionalClassPath = null
      fileServingEnabled = null
      directoryBrowsingEnabled = null
      autoRequestEncoding = false
      autoResponseEncoding = false
      autoLoadFilters = false
      requestListeners = null
      requestAttributeListeners = null
      sessionListeners = null
      localeMap = null
      moduleName = "SpringTest"
      j2eeModuleName = "SpringTest.war"
      moduleId = null
      isSyncToThreadEnabled = false
      encodeDispatchedRequestURI = false
      isSystemApp = false
      ardEnabled = false
      ardDispatchType = null
      listeners = class java.util.ArrayList@322ab87f
      welcomeFileList = class java.util.ArrayList@3dc4a4d1
      servletMappings = class java.util.HashMap@75fe5c00
      lastIndexBeforeDeclaredFilters = 0
      filterMappings = class java.util.ArrayList@42063e67
      servletInfo = class java.util.HashMap@25889f18
      filterInfo = class java.util.HashMap@3df25554
      mimeMappings = class java.util.HashMap@3a6b00b6
      mimeFilters = null
      isMimeFilteringEnabled = false
      theWebGroup = null
      jspAttributes = class java.util.HashMap@49edf49a
      fileServingAttributes = class java.util.HashMap@28fcd2e0
      invokerAttributes = class java.util.HashMap@78b7a5e
      contextParams = class java.util.HashMap@6587a4a9
      virtualHost = "default_host"
      exceptionErrorPages = class java.util.HashMap@43e8c5a7
      codeErrorPages = class java.util.HashMap@d4d74e8
      tagLibList = null
      precompileJsps = false
      webApp = class com.ibm.ws.webcontainer31.osgi.webapp.WebApp31@11ef692a
      virtualHostList = class java.util.Collections$EmptyList@5148b695
      appStartupWeight = 0
      moduleStartupWeight = 0
      metaDataComplete = false
      classesToScan = class java.util.ArrayList@9b2e2f9
      uriFilterMappingInfos = null
      servletFilterMappingInfos = null
      dynamicServletRegistrationMap = null
      applicationName = "SpringTest"
      libBinPathList = class java.util.ArrayList@c72cb95
      webXmlDefinedListeners = class java.util.HashSet@6a7e04c7
      allRefs = class java.util.EnumMap@7e16eb03
      allRefBindings = class java.util.EnumMap@60ad7b12
      envEntryValues = class java.util.HashMap@7a992af1
      resourceRefConfigList = null
      disallowAllFileServingProp = null
      disallowServeServletsByClassnameProp = null
      disableStaticMappingCache = false
      jspCachedLocations = class java.util.HashMap@605b5159
      primedSTSHeader = "NoValue"
      _id = "WebAppGeneratedId1"
      _attributes = null
      serialVersionUID = 7511545662945734886
      $$$tc$$$ = class com.ibm.websphere.ras.TraceComponent@4fc62415
    extensionProcessingDisabled = false
    managedObjectService = class com.ibm.ws.managedobject.internal.ManagedObjectServiceImpl@69213038
      serialVersionUID = 2287241231190391755
      $$$tc$$$ = class com.ibm.websphere.ras.TraceComponent@1a25a569
    GenPluginCfgMB = null
    internalServletMetaData = interface com.ibm.wsspi.webcontainer.metadata.WebComponentMetaData[2]
      internalServletMetaData[0] = null
      internalServletMetaData[1] = null
    loginProcessor = null
    logoutProcessor = null
    collabHelper = class com.ibm.ws.webcontainer.osgi.collaborator.CollaboratorHelperImpl@5937beda
    envObject = class com.ibm.ws.util.WSThreadLocal@65f065bf
      tc = class com.ibm.ejs.ras.TraceComponent@1a351427
      count = 4
      index = 1
      SUSPECTED_MISUSAGE_THRESHOLD = 200
      threadLocalHashCode = 596801571
      nextHashCode = class java.util.concurrent.atomic.AtomicInteger@7fc9d3c4
      HASH_INCREMENT = 1640531527
    orderedLibPaths = class java.util.Collections$UnmodifiableRandomAccessList@4514919e
      serialVersionUID = -2542308836966382001
      serialVersionUID = -283967356065247728
      list = class java.util.ArrayList@165365b2
      serialVersionUID = 1820017752578914078
      c = class java.util.ArrayList@165365b2
    perm = class com.ibm.websphere.security.WebSphereRuntimePermission@2fd0a7c2
      serialVersionUID = -3306242789188168337
      $$$tc$$$ = class com.ibm.websphere.ras.TraceComponent@3294148a
      serialVersionUID = 6279438298436773498
      wildcard = false
      path = "accessServletContext"
      exitVM = false
      serialVersionUID = -5636570222231596674
      name = "accessServletContext"
    WELCOME_FILE_LIST = "com.ibm.ws.webcontainer.config.WelcomeFileList"
    DIR_BROWSING_MAPPING = "__dirBrowsing__1488993298611"
    FILTER_PROXY_MAPPING = "/__filterProxy__1488993298611"
    logger = class com.ibm.ws.logging.internal.WsLogger@643ec8ed
      tc = class com.ibm.websphere.ras.TraceComponent@5ca1ec2d
      ivCachedResourceBundleName = "com.ibm.ws.webcontainer.resources.Messages"
      ivCachedResourceBundle = class com.ibm.ws.webcontainer.resources.Messages_es@71d905b2
      ivComponent = null
      ivOrganization = null
      ivProduct = null
      ivMinimumLocalizationLevelIntValue = 625
      ivTC = class com.ibm.websphere.ras.TraceComponent@23ac98c7
      loggerRegistrationComponent = class java.lang.ThreadLocal@7950c20b
      emptyHandlers = class java.util.logging.Handler[0]
      offValue = 2147483647
      SYSTEM_LOGGER_RB_NAME = "sun.util.logging.resources.logging"
      SYSTEM_BUNDLE = class java.util.logging.Logger$LoggerBundle@11c92ca5
      NO_RESOURCE_BUNDLE = class java.util.logging.Logger$LoggerBundle@4cedf4ea
      manager = class com.ibm.ws.kernel.boot.logging.WsLogManager@335227e6
      name = "com.ibm.ws.webcontainer.webapp"
      handlers = class java.util.concurrent.CopyOnWriteArrayList@14f893ca
      loggerBundle = class java.util.logging.Logger$LoggerBundle@66a0d3e6
      useParentHandlers = true
      filter = null
      anonymous = false
      catalog = class com.ibm.ws.webcontainer.resources.Messages_es@71d905b2
      catalogName = "com.ibm.ws.webcontainer.resources.Messages"
      catalogLocale = class java.util.Locale@53966178
      treeLock = class java.lang.Object@7b382d19
      parent = class com.ibm.ws.logging.internal.WsLogger@2e50be75
      kids = null
      levelObject = class java.util.logging.Level@179dda98
      levelValue = 800
      callersClassLoaderRef = class java.lang.ref.WeakReference@33bc4f65
      isSystemLogger = false
      GLOBAL_LOGGER_NAME = "global"
      global = class java.util.logging.Logger@4d8a5fa2
      $assertionsDisabled = true
    CLASS_NAME = "com.ibm.ws.webcontainer.webapp.WebApp"
    loader = class com.ibm.ws.classloading.internal.ThreadContextClassLoader@446cb1c8
    facade = class com.ibm.ws.webcontainer31.facade.ServletContextFacade31@20a04c06
    features = class java.util.ArrayList@2059448
      serialVersionUID = 8683452581122892189
      DEFAULT_CAPACITY = 10
      EMPTY_ELEMENTDATA = class java.lang.Object[0]
      DEFAULTCAPACITY_EMPTY_ELEMENTDATA = class java.lang.Object[0]
      elementData = class java.lang.Object[0]
      size = 0
      MAX_ARRAY_SIZE = 2147483639
      modCount = 0
      MAX_ARRAY_SIZE = 2147483639
    applicationName = "SpringTest"
    config = class com.ibm.ws.webcontainer.osgi.webapp.WebAppConfiguration@8f119b5
    securityEnabledForApp = null
    webExtensionProcessor = class com.ibm.ws.webcontainer.osgi.extension.WebExtensionProcessor@63fc6df7
      webApp = class com.ibm.ws.webcontainer31.osgi.webapp.WebApp31@11ef692a
      extensionContext = class com.ibm.ws.webcontainer31.osgi.webapp.WebApp31@11ef692a
    production = true
    isServlet23 = true
    contextPath = "/SpringTest"
    internalServletList = class [Ljava.lang.String;[2]
      internalServletList[0] = class java.lang.String[2]
      internalServletList[1] = class java.lang.String[2]
    BY_NAME_ONLY = "/_1488993298612_/"
    filterManager = null
    documentRoot = null
    SERVLET_API_VERSION = "Servlet 2.5"
    disableServletAuditLogging = 0
    serverInfo = "IBM WebSphere Liberty/16.0.0.4"
    sessionCtx = class com.ibm.ws.webcontainer31.session.impl.HttpSessionContext31Impl@5b53e897
      methodClassName = "HttpSessionContextImpl"
      _smc = class com.ibm.ws.session.SessionManagerConfig@14147b7b
      sessionStoreService = null
      _sap = class com.ibm.ws.session.SessionApplicationParameters@274f45cc
      _coreHttpSessionManager = class com.ibm.ws.session.SessionManager@393ad668
      _coreHttpAppSessionManager = null
      _sam = class com.ibm.ws.webcontainer.session.impl.SessionAffinityManagerImpl@7d93f6b9
      isSIPApplication = false
      sessionAttributeListener = false
      sessionListener = false
      mHttpSessionAttributeListeners = class java.util.ArrayList@3db782c0
      mHttpSessionListeners = class java.util.ArrayList@608bc19f
      mHttpSessionIdListeners = class java.util.ArrayList@fedd270
      mHttpSessionAttributeListenersJ2eeNames = class java.util.ArrayList@6d29db0a
      mHttpSessionListenersJ2eeNames = class java.util.ArrayList@6c09f5ed
      mHttpSessionIdListenersJ2eeNames = class java.util.ArrayList@52b056ca
      mLocalHost = null
      _refCount = 1
      currentThreadSacHashtable = null
      methodClassName = "SessionContext"
      ANONYMOUS_USER = "anonymous"
      wasHttpSessionObserver = class com.ibm.ws.session.WasHttpSessionObserver@332f60be
      wasHttpSessionAttributeObserver = null
      _invalidator = class com.ibm.ws.session.SessionInvalidatorWithThreadPool@10fd1c5a
      _storer = class com.ibm.ws.session.EOSSessionStorer@33f82535
      wasHttpAppSessionObserver = null
      mHttpAppSessionListeners = null
      cmvcInfo = "CMVC Version 1.9 6/24/07 11:12:24"
      _loggedVersion = true
      CREATE_CORE_SESSION_MANAGER = 0
      GET_REQUESTED_SESSION_ID = 1
      GET_IHTTP_SESSION = 2
      SESSION_PRE_INVOKE = 3
      SESSION_POST_INVOKE = 4
      STOP = 5
      STOP_LISTENERS = 6
      IS_VALID = 7
      ENCODE_URL = 8
      SHOULD_ENCODE_URL = 9
      IS_PROTOCOL_SWITCH = 10
      GET_LOCAL_HOST = 11
      ADD_HTTP_SESSION_ATTRIBUTE_LISTENER = 12
      ADD_HTTP_SESSION_LISTENER = 13
      GET_SESSION_AFFINITY_CONTEXT = 14
      CHECK_SECURITY = 15
      INVALIDATE = 16
      CHECK_SESSSIONID_IS_RIGHT_LENGTH = 17
      LOCK_SESSION = 18
      UNLOCK_SESSION = 19
      ADD_HTTP_SESSION_ID_LISTENER = 20
      methodNames = class java.lang.String[21]
    eventSource = class com.ibm.ws.webcontainer.webapp.WebAppEventSource@25fc110f
    nls = class com.ibm.ejs.ras.TraceNLS@75da9061
      resolver = class com.ibm.ws.logging.internal.TraceNLSResolver@24fa263f
      finder = null
      ivBundleName = "com.ibm.ws.webcontainer.resources.Messages"
      caller = class java.lang.Class@27dd8f0a
    liberty_nls = class com.ibm.ejs.ras.TraceNLS@75c9d8f8
      resolver = class com.ibm.ws.logging.internal.TraceNLSResolver@24fa263f
      finder = null
      ivBundleName = "com.ibm.ws.webcontainer.resources.LShimMessages"
      caller = class java.lang.Class@27dd8f0a
    error_nls = class com.ibm.ejs.ras.TraceNLS@7dbee96c
      resolver = class com.ibm.ws.logging.internal.TraceNLSResolver@24fa263f
      finder = null
      ivBundleName = "com.ibm.ws.webcontainer.resources.ErrorPage"
      caller = class java.lang.Class@27dd8f0a
    sessionListeners = class java.util.ArrayList@396da11c
      serialVersionUID = 8683452581122892189
      DEFAULT_CAPACITY = 10
      EMPTY_ELEMENTDATA = class java.lang.Object[0]
      DEFAULTCAPACITY_EMPTY_ELEMENTDATA = class java.lang.Object[0]
      elementData = class java.lang.Object[0]
      size = 0
      MAX_ARRAY_SIZE = 2147483639
      modCount = 1
      MAX_ARRAY_SIZE = 2147483639
    sessionIdListeners = class java.util.ArrayList@189577c8
      serialVersionUID = 8683452581122892189
      DEFAULT_CAPACITY = 10
      EMPTY_ELEMENTDATA = class java.lang.Object[0]
      DEFAULTCAPACITY_EMPTY_ELEMENTDATA = class java.lang.Object[0]
      elementData = class java.lang.Object[0]
      size = 0
      MAX_ARRAY_SIZE = 2147483639
      modCount = 0
      MAX_ARRAY_SIZE = 2147483639
    sessionAttrListeners = class java.util.ArrayList@2320623a
      serialVersionUID = 8683452581122892189
      DEFAULT_CAPACITY = 10
      EMPTY_ELEMENTDATA = class java.lang.Object[0]
      DEFAULTCAPACITY_EMPTY_ELEMENTDATA = class java.lang.Object[0]
      elementData = class java.lang.Object[0]
      size = 0
      MAX_ARRAY_SIZE = 2147483639
      modCount = 1
      MAX_ARRAY_SIZE = 2147483639
    addedSessionListeners = class java.util.ArrayList@295f0abb
      serialVersionUID = 8683452581122892189
      DEFAULT_CAPACITY = 10
      EMPTY_ELEMENTDATA = class java.lang.Object[0]
      DEFAULTCAPACITY_EMPTY_ELEMENTDATA = class java.lang.Object[0]
      elementData = class java.lang.Object[0]
      size = 0
      MAX_ARRAY_SIZE = 2147483639
      modCount = 0
      MAX_ARRAY_SIZE = 2147483639
    addedSessionAttrListeners = class java.util.ArrayList@7dee2bcd
      serialVersionUID = 8683452581122892189
      DEFAULT_CAPACITY = 10
      EMPTY_ELEMENTDATA = class java.lang.Object[0]
      DEFAULTCAPACITY_EMPTY_ELEMENTDATA = class java.lang.Object[0]
      elementData = class java.lang.Object[0]
      size = 0
      MAX_ARRAY_SIZE = 2147483639
      modCount = 0
      MAX_ARRAY_SIZE = 2147483639
    servletContextListeners = class java.util.ArrayList@4e76288f
      serialVersionUID = 8683452581122892189
      DEFAULT_CAPACITY = 10
      EMPTY_ELEMENTDATA = class java.lang.Object[0]
      DEFAULTCAPACITY_EMPTY_ELEMENTDATA = class java.lang.Object[0]
      elementData = class java.lang.Object[10]
      size = 1
      MAX_ARRAY_SIZE = 2147483639
      modCount = 2
      MAX_ARRAY_SIZE = 2147483639
    servletContextLAttrListeners = class java.util.ArrayList@6ee7a2c9
      serialVersionUID = 8683452581122892189
      DEFAULT_CAPACITY = 10
      EMPTY_ELEMENTDATA = class java.lang.Object[0]
      DEFAULTCAPACITY_EMPTY_ELEMENTDATA = class java.lang.Object[0]
      elementData = class java.lang.Object[0]
      size = 0
      MAX_ARRAY_SIZE = 2147483639
      modCount = 1
      MAX_ARRAY_SIZE = 2147483639
    servletRequestListeners = class java.util.ArrayList@3f3c677c
      serialVersionUID = 8683452581122892189
      DEFAULT_CAPACITY = 10
      EMPTY_ELEMENTDATA = class java.lang.Object[0]
      DEFAULTCAPACITY_EMPTY_ELEMENTDATA = class java.lang.Object[0]
      elementData = class java.lang.Object[0]
      size = 0
      MAX_ARRAY_SIZE = 2147483639
      modCount = 1
      MAX_ARRAY_SIZE = 2147483639
    servletRequestLAttrListeners = class java.util.ArrayList@33009315
      serialVersionUID = 8683452581122892189
      DEFAULT_CAPACITY = 10
      EMPTY_ELEMENTDATA = class java.lang.Object[0]
      DEFAULTCAPACITY_EMPTY_ELEMENTDATA = class java.lang.Object[0]
      elementData = class java.lang.Object[0]
      size = 0
      MAX_ARRAY_SIZE = 2147483639
      modCount = 1
      MAX_ARRAY_SIZE = 2147483639
    prependSlashToResource = false
    destroyed = false
    webAppNameSpaceCollab = class com.ibm.ws.webcontainer.osgi.collaborator.WebAppNameSpaceCollaboratorImpl@78bdd58b
    txCollab = class com.ibm.ws.webcontainer.collaborator.WebAppTransactionCollaborator@3d0cc7fa
    sessionActivationListeners = class java.util.ArrayList@4ccde7aa
      serialVersionUID = 8683452581122892189
      DEFAULT_CAPACITY = 10
      EMPTY_ELEMENTDATA = class java.lang.Object[0]
      DEFAULTCAPACITY_EMPTY_ELEMENTDATA = class java.lang.Object[0]
      elementData = class java.lang.Object[0]
      size = 0
      MAX_ARRAY_SIZE = 2147483639
      modCount = 1
      MAX_ARRAY_SIZE = 2147483639
    sessionBindingListeners = class java.util.ArrayList@1feff510
      serialVersionUID = 8683452581122892189
      DEFAULT_CAPACITY = 10
      EMPTY_ELEMENTDATA = class java.lang.Object[0]
      DEFAULTCAPACITY_EMPTY_ELEMENTDATA = class java.lang.Object[0]
      elementData = class java.lang.Object[0]
      size = 0
      MAX_ARRAY_SIZE = 2147483639
      modCount = 1
      MAX_ARRAY_SIZE = 2147483639
    scratchdir = null
    jspClassLoaderLimit = 0
    jspClassLoaderExclusionList = null
    jspClassLoadersMap = null
    jspClassLoaderLimitTrackIF = false
    defaultExtProc = null
    directoryBrowsingServlet = null
    cdiContexts = class java.util.concurrent.ConcurrentHashMap@43346616
      serialVersionUID = 7249069246763182397
      MAXIMUM_CAPACITY = 1073741824
      DEFAULT_CAPACITY = 16
      MAX_ARRAY_SIZE = 2147483639
      DEFAULT_CONCURRENCY_LEVEL = 16
      LOAD_FACTOR = 0.75
      TREEIFY_THRESHOLD = 8
      UNTREEIFY_THRESHOLD = 6
      MIN_TREEIFY_CAPACITY = 64
      MIN_TRANSFER_STRIDE = 16
      RESIZE_STAMP_BITS = 16
      MAX_RESIZERS = 65535
      RESIZE_STAMP_SHIFT = 16
      MOVED = -1
      TREEBIN = -2
      RESERVED = -3
      HASH_BITS = 2147483647
      NCPU = 8
      serialPersistentFields = class java.io.ObjectStreamField[3]
      table = null
      nextTable = null
      baseCount = 0
      sizeCtl = 0
      transferIndex = 0
      cellsBusy = 0
      counterCells = null
      keySet = null
      values = null
      entrySet = null
      U = class sun.misc.Unsafe@5bf19552
      SIZECTL = 20
      TRANSFERINDEX = 32
      BASECOUNT = 24
      CELLSBUSY = 36
      CELLVALUE = 144
      ABASE = 16
      ASHIFT = 2
      keySet = null
      values = null
    moduleConfig = class com.ibm.ws.webcontainer.osgi.container.DeployedModule@741bcd5e
      tc = class com.ibm.websphere.ras.TraceComponent@4fb91789
      loader = class com.ibm.ws.classloading.internal.ThreadContextClassLoader@446cb1c8
      webApp = class com.ibm.ws.webcontainer31.osgi.webapp.WebApp31@11ef692a
      webAppConfig = class com.ibm.ws.webcontainer.osgi.webapp.WebAppConfiguration@8f119b5
      contextRootAdded = null
      properContextRoot = "/SpringTest"
      mappingContextRoot = "/SpringTest/*"
      serialVersionUID = -2104814060051592457
      $$$tc$$$ = class com.ibm.websphere.ras.TraceComponent@34f0d4d7
    extensionFactories = class java.util.ArrayList@57c894c0
      serialVersionUID = 8683452581122892189
      DEFAULT_CAPACITY = 10
      EMPTY_ELEMENTDATA = class java.lang.Object[0]
      DEFAULTCAPACITY_EMPTY_ELEMENTDATA = class java.lang.Object[0]
      elementData = class java.lang.Object[10]
      size = 1
      MAX_ARRAY_SIZE = 2147483639
      modCount = 1
      MAX_ARRAY_SIZE = 2147483639
    initialized = false
    lock = class com.ibm.ws.webcontainer.webapp.WebApp$1@376fbc5c
      this$0 = class com.ibm.ws.webcontainer31.osgi.webapp.WebApp31@11ef692a
    afterServletContextCreated = false
    redirectContextRoot = false
    errorExceptionTypeFirst = false
    initFilterBeforeServletInit = false
    sortedServletConfigs = class java.util.ArrayList@578b6871
      serialVersionUID = 8683452581122892189
      DEFAULT_CAPACITY = 10
      EMPTY_ELEMENTDATA = class java.lang.Object[0]
      DEFAULTCAPACITY_EMPTY_ELEMENTDATA = class java.lang.Object[0]
      elementData = class java.lang.Object[10]
      size = 1
      MAX_ARRAY_SIZE = 2147483639
      modCount = 1
      MAX_ARRAY_SIZE = 2147483639
    effectiveMajorVersion = 3
    effectiveMinorVersion = 1
    canAddServletContextListener = true
    withinContextInitOfProgAddListener = false
    lastProgAddListenerInitialized = "com.ibm.ws.jsp.runtime.ContextListener"
    webInfLibClassloader = null
    metaInfCache = class com.ibm.ws.webcontainer.webapp.WebApp$2@7dd03ee3
      this$0 = class com.ibm.ws.webcontainer31.osgi.webapp.WebApp31@11ef692a
      serialVersionUID = 3801124242820219131
      head = null
      tail = null
      accessOrder = true
      serialVersionUID = 362498820763181265
      DEFAULT_INITIAL_CAPACITY = 16
      MAXIMUM_CAPACITY = 1073741824
      DEFAULT_LOAD_FACTOR = 0.75
      TREEIFY_THRESHOLD = 8
      UNTREEIFY_THRESHOLD = 6
      MIN_TREEIFY_CAPACITY = 64
      table = null
      entrySet = null
      size = 0
      modCount = 0
      threshold = 32
      loadFactor = 1.0
      keySet = null
      values = null
    useMetaInfCache = true
    SUN_CONFIGURE_LISTENER_CLASSNAME = "com.sun.faces.config.ConfigureListener"
    MYFACES_LIFECYCLE_LISTENER_CLASSNAME = "org.apache.myfaces.webapp.StartupServletContextListener"
    JSF_IMPL_ENABLED_PARAM = "com.ibm.ws.jsf.JSF_IMPL_ENABLED"
    JSF_IMPL_ENABLED_CUSTOM = "Custom"
    JSF_IMPL_ENABLED_NONE = "None"
    staticDocRoot = class com.ibm.ws.webcontainer.util.DocumentRootUtils@6e2ddb0d
      logger = class com.ibm.ws.logging.internal.WsLogger@3b861078
      CLASS_NAME = "com.ibm.ws.webcontainer.util.DocumentRootUtils"
      useContentLength = false
      matchedFile = null
      matchedZipFile = null
      matchedEntry = null
      matchedURL = null
      edrRoot = null
      pfedrRoot = null
      ctxt = class com.ibm.ws.webcontainer31.osgi.webapp.WebApp31@11ef692a
      baseDir = null
      edr = null
      pfedr = null
      metaInfRes = null
      searchpfEDR = false
      searchEDR = false
      searchMetaInfRes = true
      matchFromEDR = false
      matchFromMetaInfRes = false
      matchIsADirectory = false
      appConfig = class com.ibm.ws.webcontainer.osgi.webapp.WebAppConfiguration@8f119b5
      attributeType = "staticFile"
      STATIC_FILE = "staticFile"
      JSP = "jsp"
      PFEDR = "preFragmentExtendedDocumentRoot"
      EDR = "extendedDocumentRoot"
    jspDocRoot = class com.ibm.ws.webcontainer.util.DocumentRootUtils@24ea07c8
      logger = class com.ibm.ws.logging.internal.WsLogger@3b861078
      CLASS_NAME = "com.ibm.ws.webcontainer.util.DocumentRootUtils"
      useContentLength = false
      matchedFile = null
      matchedZipFile = null
      matchedEntry = null
      matchedURL = null
      edrRoot = null
      pfedrRoot = null
      ctxt = class com.ibm.ws.webcontainer31.osgi.webapp.WebApp31@11ef692a
      baseDir = null
      edr = null
      pfedr = null
      metaInfRes = null
      searchpfEDR = false
      searchEDR = false
      searchMetaInfRes = true
      matchFromEDR = false
      matchFromMetaInfRes = false
      matchIsADirectory = false
      appConfig = class com.ibm.ws.webcontainer.osgi.webapp.WebAppConfiguration@8f119b5
      attributeType = "jsp"
      STATIC_FILE = "staticFile"
      JSP = "jsp"
      PFEDR = "preFragmentExtendedDocumentRoot"
      EDR = "extendedDocumentRoot"
    container = class com.ibm.ws.adaptable.module.internal.AdaptableContainerImpl@1ba8778e
      root = class com.ibm.ws.adaptable.module.internal.AdaptableContainerImpl@1ba8778e
      rootOverlay = class com.ibm.ws.artifact.overlay.internal.DirectoryBasedOverlayContainerImpl@4a84a862
      factoryHolder = class com.ibm.ws.adaptable.module.internal.AdaptableModuleFactoryImpl@51364cca
      delegate = class com.ibm.ws.artifact.overlay.internal.DirectoryBasedOverlayContainerImpl@4a84a862
      notifier = class com.ibm.ws.adaptable.module.internal.NotifierImpl@1f03e720
      serialVersionUID = -5621513278641113667
      $$$tc$$$ = class com.ibm.websphere.ras.TraceComponent@33f50016
    metaInfResourceFinder = class com.ibm.ws.webcontainer.util.MetaInfResourceFinder@28ae2bc4
      jarResourceContainers = class java.util.ArrayList@3cbb61f4
      container = class com.ibm.ws.adaptable.module.internal.AdaptableContainerImpl@1ba8778e
    postConstructMethods = class com.ibm.ws.webcontainer.webapp.WebApp$AnnotatedMethods@54f53f14
      annotationClass = class java.lang.Class@300a41e1
      noOpClassNames = class java.util.HashSet@28e3f26c
      annotatedMethodNames = class java.util.concurrent.ConcurrentHashMap@547c2094
      EMPTY_METHODS = class java.lang.reflect.Method[0]
    preDestroyMethods = class com.ibm.ws.webcontainer.webapp.WebApp$AnnotatedMethods@54006334
      annotationClass = class java.lang.Class@5b515c6
      noOpClassNames = class java.util.HashSet@cffa27b
      annotatedMethodNames = class java.util.concurrent.ConcurrentHashMap@1ee5ab73
      EMPTY_METHODS = class java.lang.reflect.Method[0]
    OBJ_EMPTY = class java.lang.Object[0]
    CLASS_EMPTY = class java.lang.Class[0]
    DEFAULT_JSP_EXTENSIONS = class java.util.ArrayList@20a0ea3b
      serialVersionUID = 8683452581122892189
      DEFAULT_CAPACITY = 10
      EMPTY_ELEMENTDATA = class java.lang.Object[0]
      DEFAULTCAPACITY_EMPTY_ELEMENTDATA = class java.lang.Object[0]
      elementData = class java.lang.Object[10]
      size = 4
      MAX_ARRAY_SIZE = 2147483639
      modCount = 4
      MAX_ARRAY_SIZE = 2147483639
    DEFER_SERVLET_REQUEST_LISTENER_DESTROY_ON_ERROR = false
    DO_ACCEPT_PARTIAL = true
    DO_NOT_ACCEPT_PARTIAL = false
    DO_ACCEPT_EXCLUDED = true
    DO_NOT_ACCEPT_EXCLUDED = false
    commands = class java.util.ArrayList@4f9985a
      serialVersionUID = 8683452581122892189
      DEFAULT_CAPACITY = 10
      EMPTY_ELEMENTDATA = class java.lang.Object[0]
      DEFAULTCAPACITY_EMPTY_ELEMENTDATA = class java.lang.Object[0]
      elementData = class java.lang.Object[3]
      size = 0
      MAX_ARRAY_SIZE = 2147483639
      modCount = 0
      MAX_ARRAY_SIZE = 2147483639
    requestMapper = class com.ibm.wsspi.webcontainer.util.URIMapper@53374232
      matcher = class com.ibm.wsspi.webcontainer.util.URIMatcher@664da7a
    parent = class com.ibm.ws.webcontainer.osgi.webapp.WebGroup@74619b5d
      tc = class com.ibm.websphere.ras.TraceComponent@2c3727d9
      logger = class com.ibm.ws.logging.internal.WsLogger@643ec8ed
      CLASS_NAME = "com.ibm.ws.webcontainer.webapp.WebGroup"
      sessUrlRewritePrefix = ";jsessionid="
      qMark = "?"
      config = class com.ibm.ws.webcontainer.osgi.webapp.WebGroupConfiguration@2d53c05e
      webApp = class com.ibm.ws.webcontainer31.osgi.webapp.WebApp31@11ef692a
      commands = class java.util.ArrayList@1ada33ba
      requestMapper = null
      parent = class com.ibm.ws.webcontainer.osgi.DynamicVirtualHost@27bc82ad
      name = "/SpringTest/*"
      isAlive = true
      subElements = class java.util.HashMap@302751df
      attributes = null
      config = null
      serialVersionUID = -8271459000149267764
      $$$tc$$$ = class com.ibm.websphere.ras.TraceComponent@22baab19
    name = "SpringTest"
    isAlive = true
    subElements = null
    attributes = class java.util.Collections$SynchronizedMap@d054d98
      serialVersionUID = 1978198479659022715
      m = class java.util.HashMap@20c89172
      mutex = class java.util.Collections$SynchronizedMap@d054d98
      keySet = null
      entrySet = null
      values = null
    config = null
    serialVersionUID = -8271459000149267764
    $$$tc$$$ = class com.ibm.websphere.ras.TraceComponent@22baab19
      strings[0] = "TraceComponent[com.ibm.ws.container.AbstractContainer,class com.ibm.ws.container.AbstractContainer,[],null,null]"
  target = class org.springframework.web.servlet.DispatcherServlet@3e15490c
    MULTIPART_RESOLVER_BEAN_NAME = "multipartResolver"
    LOCALE_RESOLVER_BEAN_NAME = "localeResolver"
    THEME_RESOLVER_BEAN_NAME = "themeResolver"
    HANDLER_MAPPING_BEAN_NAME = "handlerMapping"
    HANDLER_ADAPTER_BEAN_NAME = "handlerAdapter"
    HANDLER_EXCEPTION_RESOLVER_BEAN_NAME = "handlerExceptionResolver"
    REQUEST_TO_VIEW_NAME_TRANSLATOR_BEAN_NAME = "viewNameTranslator"
    VIEW_RESOLVER_BEAN_NAME = "viewResolver"
    FLASH_MAP_MANAGER_BEAN_NAME = "flashMapManager"
    WEB_APPLICATION_CONTEXT_ATTRIBUTE = "org.springframework.web.servlet.DispatcherServlet.CONTEXT"
    LOCALE_RESOLVER_ATTRIBUTE = "org.springframework.web.servlet.DispatcherServlet.LOCALE_RESOLVER"
    THEME_RESOLVER_ATTRIBUTE = "org.springframework.web.servlet.DispatcherServlet.THEME_RESOLVER"
    THEME_SOURCE_ATTRIBUTE = "org.springframework.web.servlet.DispatcherServlet.THEME_SOURCE"
    INPUT_FLASH_MAP_ATTRIBUTE = "org.springframework.web.servlet.DispatcherServlet.INPUT_FLASH_MAP"
    OUTPUT_FLASH_MAP_ATTRIBUTE = "org.springframework.web.servlet.DispatcherServlet.OUTPUT_FLASH_MAP"
    FLASH_MAP_MANAGER_ATTRIBUTE = "org.springframework.web.servlet.DispatcherServlet.FLASH_MAP_MANAGER"
    EXCEPTION_ATTRIBUTE = "org.springframework.web.servlet.DispatcherServlet.EXCEPTION"
    PAGE_NOT_FOUND_LOG_CATEGORY = "org.springframework.web.servlet.PageNotFound"
    DEFAULT_STRATEGIES_PATH = "DispatcherServlet.properties"
    pageNotFoundLogger = class org.apache.commons.logging.impl.Jdk14Logger@70efab0f
      logger = class com.ibm.ws.logging.internal.WsLogger@3626595d
      name = "org.springframework.web.servlet.PageNotFound"
    defaultStrategies = class java.util.Properties@187cf11
      serialVersionUID = 4112578634029874840
      defaults = null
      hexDigit = {0123456789ABCDEF} /* array length = 16*/
      table = class java.util.Hashtable$Entry[11]
      count = 8
      threshold = 8
      loadFactor = 0.75
      modCount = 8
      serialVersionUID = 1421746759512286392
      MAX_ARRAY_SIZE = 2147483639
      keySet = null
      entrySet = null
      values = null
      KEYS = 0
      VALUES = 1
      ENTRIES = 2
    detectAllHandlerMappings = true
    detectAllHandlerAdapters = true
    detectAllHandlerExceptionResolvers = true
    detectAllViewResolvers = true
    throwExceptionIfNoHandlerFound = false
    cleanupAfterInclude = true
    multipartResolver = null
    localeResolver = null
    themeResolver = null
    handlerMappings = null
    handlerAdapters = null
    handlerExceptionResolvers = null
    viewNameTranslator = null
    flashMapManager = null
    viewResolvers = null
    DEFAULT_NAMESPACE_SUFFIX = "-servlet"
    DEFAULT_CONTEXT_CLASS = class java.lang.Class@bde20bf
      ANNOTATION = 8192
      ENUM = 16384
      SYNTHETIC = 4096
      cachedConstructor = null
      newInstanceCallerCache = null
      name = "org.springframework.web.context.support.XmlWebApplicationContext"
      allPermDomain = class java.security.ProtectionDomain@59203f06
      useCaches = true
      reflectionData = class java.lang.ref.SoftReference@15156df5
      classRedefinedCount = 0
      genericInfo = null
      serialVersionUID = 3206093459760846163
      serialPersistentFields = class java.io.ObjectStreamField[0]
      reflectionFactory = class sun.reflect.ReflectionFactory@447e7806
      initted = true
      enumConstants = null
      enumConstantDirectory = null
      annotationData = null
      annotationType = null
      classValueMap = null
    SERVLET_CONTEXT_PREFIX = "org.springframework.web.servlet.FrameworkServlet.CONTEXT."
    INIT_PARAM_DELIMITERS = ",; 	
"
    responseGetStatusAvailable = true
    contextAttribute = null
    contextClass = class java.lang.Class@bde20bf
    contextId = null
    namespace = null
    contextConfigLocation = null
    contextInitializers = class java.util.ArrayList@587ac858
      serialVersionUID = 8683452581122892189
      DEFAULT_CAPACITY = 10
      EMPTY_ELEMENTDATA = class java.lang.Object[0]
      DEFAULTCAPACITY_EMPTY_ELEMENTDATA = class java.lang.Object[0]
      elementData = class java.lang.Object[0]
      size = 0
      MAX_ARRAY_SIZE = 2147483639
      modCount = 0
      MAX_ARRAY_SIZE = 2147483639
    contextInitializerClasses = null
    publishContext = true
    publishEvents = true
    threadContextInheritable = false
    dispatchOptionsRequest = false
    dispatchTraceRequest = false
    webApplicationContext = null
    webApplicationContextInjected = false
    refreshEventReceived = false
    logger = class org.apache.commons.logging.impl.Jdk14Logger@55c0b78b
      logger = class com.ibm.ws.logging.internal.WsLogger@1785e22a
      name = "org.springframework.web.servlet.DispatcherServlet"
    requiredProperties = class java.util.HashSet@6a001565
      serialVersionUID = -5024744406713321676
      map = class java.util.HashMap@66419f61
      PRESENT = class java.lang.Object@23ea7742
      MAX_ARRAY_SIZE = 2147483639
    environment = class org.springframework.web.context.support.StandardServletEnvironment@10210b42
      SERVLET_CONTEXT_PROPERTY_SOURCE_NAME = "servletContextInitParams"
      SERVLET_CONFIG_PROPERTY_SOURCE_NAME = "servletConfigInitParams"
      JNDI_PROPERTY_SOURCE_NAME = "jndiProperties"
      SYSTEM_ENVIRONMENT_PROPERTY_SOURCE_NAME = "systemEnvironment"
      SYSTEM_PROPERTIES_PROPERTY_SOURCE_NAME = "systemProperties"
      IGNORE_GETENV_PROPERTY_NAME = "spring.getenv.ignore"
      ACTIVE_PROFILES_PROPERTY_NAME = "spring.profiles.active"
      DEFAULT_PROFILES_PROPERTY_NAME = "spring.profiles.default"
      RESERVED_DEFAULT_PROFILE_NAME = "default"
      logger = class org.apache.commons.logging.impl.Jdk14Logger@d66fa25
      activeProfiles = class java.util.LinkedHashSet@4b737152
      defaultProfiles = class java.util.LinkedHashSet@2dfd1271
      propertySources = class org.springframework.core.env.MutablePropertySources@ce5e574
      propertyResolver = class org.springframework.core.env.PropertySourcesPropertyResolver@3668811f
    METHOD_DELETE = "DELETE"
    METHOD_HEAD = "HEAD"
    METHOD_GET = "GET"
    METHOD_OPTIONS = "OPTIONS"
    METHOD_POST = "POST"
    METHOD_PUT = "PUT"
    METHOD_TRACE = "TRACE"
    HEADER_IFMODSINCE = "If-Modified-Since"
    HEADER_LASTMOD = "Last-Modified"
    LSTRING_FILE = "javax.servlet.http.LocalStrings"
    lStrings = class java.util.PropertyResourceBundle@1e173916
      lookup = class java.util.HashMap@3e91b108
      INITIAL_CACHE_SIZE = 32
      NONEXISTENT_BUNDLE = class java.util.ResourceBundle$1@b42d025
      cacheList = class java.util.concurrent.ConcurrentHashMap@18af0403
      referenceQueue = class java.lang.ref.ReferenceQueue@36fda459
      parent = class java.util.PropertyResourceBundle@5777fdd1
      locale = class java.util.Locale@227ac8a5
      name = "javax.servlet.http.LocalStrings"
      expired = false
      cacheKey = class java.util.ResourceBundle$CacheKey@29f41942
      keySet = null
      providers = null
      $assertionsDisabled = true
    LSTRING_FILE = "javax.servlet.LocalStrings"
    lStrings = class java.util.PropertyResourceBundle@12120a0d
    config = class com.ibm.ws.webcontainer.servlet.ServletConfig@7dcedb1e
  cacheWrappers = null
  targetLoader = class com.ibm.ws.classloading.internal.ThreadContextClassLoader@446cb1c8
    tc = class com.ibm.websphere.ras.TraceComponent@359593b0
      strings[0] = "TraceComponent[com.ibm.ws.classloading.internal.ThreadContextClassLoader,class com.ibm.ws.classloading.internal.ThreadContextClassLoader,[ClassLoadingService],com.ibm.ws.classloading.internal.resources.ClassLoadingServiceMessages,null]"
    bundle = class java.util.concurrent.atomic.AtomicReference@4046384a
      serialVersionUID = -1848883965231344442
      unsafe = class sun.misc.Unsafe@5bf19552
      valueOffset = 12
      value = class org.eclipse.osgi.internal.framework.EquinoxBundle@4dfed53c
    key = "WebModule:SpringTest#SpringTest.war"
    refCount = class java.util.concurrent.atomic.AtomicInteger@62248c38
      serialVersionUID = 6214790243416807050
      unsafe = class sun.misc.Unsafe@5bf19552
      valueOffset = 12
      value = 1
      serialVersionUID = -8742448824652078965
    appLoader = class com.ibm.ws.classloading.internal.AppClassLoader@1d44a9b6
      tc = class com.ibm.websphere.ras.TraceComponent@5ecc5dc8
      PARENT_FIRST_SEARCH_ORDER = class java.util.Collections$UnmodifiableRandomAccessList@3322c385
      CLASS_LOADING_TRACE_PREFIX = "com.ibm.ws.class.load."
      DEFAULT_PACKAGE = "default.package"
      perPackageClassLoadingTraceComponents = class java.util.concurrent.ConcurrentHashMap@19851f52
      config = class com.ibm.ws.classloading.internal.ClassLoaderConfigurationImpl@1d2ba5bd
      privateLibraries = null
      delegateLoaders = class com.ibm.ws.classloading.internal.util.CompositeIterable@a5d0291
      nativeLibraryFiles = class java.util.ArrayList@2f46d6b4
      transformers = class java.util.ArrayList@1e882381
      apiAccess = class com.ibm.ws.classloading.internal.GatewayClassLoader@4ff3319
      generator = class com.ibm.ws.classloading.internal.ClassGeneratorManager@5e4e7ba0
      protectionDomains = class java.util.concurrent.ConcurrentHashMap@3ce5b372
      parent = class com.ibm.ws.classloading.internal.GatewayClassLoader@4ff3319
      serialVersionUID = -2240525179349384666
      tc = class com.ibm.websphere.ras.TraceComponent@393439d3
      EMPTY_URL_ARRAY = class java.net.URL[0]
      smartClassPath = class com.ibm.ws.classloading.internal.ContainerClassLoader$SmartClassPathImpl@7a448a27
      nativeLibraryContainers = class java.util.ArrayList@57fa6db4
      redefiner = class com.ibm.ws.classloading.internal.util.ClassRedefiner@46153a1a
      mapCreationQueue = class java.util.concurrent.Executors$FinalizableDelegatedExecutorService@1acf65b5
      serialVersionUID = 7249739282446266343
      serialVersionUID = -7411549862368381758
      $$$tc$$$ = class com.ibm.websphere.ras.TraceComponent@7cb366d
      serialVersionUID = -4868702105808481416
      $$$tc$$$ = class com.ibm.websphere.ras.TraceComponent@77c01b36
      serialVersionUID = 2596921220292114344
      $$$tc$$$ = class com.ibm.websphere.ras.TraceComponent@ada968f
      initialized = true
      pdcache = class java.util.HashMap@40979390
      debug = null
      parent = class com.ibm.ws.classloading.internal.GatewayClassLoader@4ff3319
      parallelLockMap = null
      package2certs = class java.util.Hashtable@2f3da472
      nocerts = class java.security.cert.Certificate[0]
      classes = class java.util.Vector@4ebe9eed
      defaultDomain = class java.security.ProtectionDomain@2c53014a
      domains = class java.util.HashSet@50240c43
      packages = class java.util.HashMap@12783c01
      scl = class sun.misc.Launcher$AppClassLoader@18b4aac2
      sclSet = true
      loadedLibraryNames = class java.util.Vector@560eff3a
      systemNativeLibraries = class java.util.Vector@363e557e
      nativeLibraries = class java.util.Vector@280b9155
      nativeLibraryContext = class java.util.Stack@698814ef
      usr_paths = class java.lang.String[41]
      sys_paths = class java.lang.String[1]
      assertionLock = class com.ibm.ws.classloading.internal.AppClassLoader@1d44a9b6
      defaultAssertionStatus = false
      packageAssertionStatus = null
      classAssertionStatus = null
    serialVersionUID = 7093379526360135425
    followOnClassLoaders = class java.util.ArrayList@cec71cc
      serialVersionUID = 8683452581122892189
      DEFAULT_CAPACITY = 10
      EMPTY_ELEMENTDATA = class java.lang.Object[0]
      DEFAULTCAPACITY_EMPTY_ELEMENTDATA = class java.lang.Object[0]
      elementData = class java.lang.Object[10]
      size = 1
      MAX_ARRAY_SIZE = 2147483639
      modCount = 1
      MAX_ARRAY_SIZE = 2147483639
    serialVersionUID = -5107316606107305512
    $$$tc$$$ = class com.ibm.websphere.ras.TraceComponent@14f5fa7
      strings[0] = "TraceComponent[com.ibm.ws.classloading.internal.UnifiedClassLoader,class com.ibm.ws.classloading.internal.UnifiedClassLoader,[ClassLoadingService],com.ibm.ws.classloading.internal.resources.ClassLoadingServiceMessages,null]"
    serialVersionUID = -4868702105808481416
    $$$tc$$$ = class com.ibm.websphere.ras.TraceComponent@77c01b36
      strings[0] = "TraceComponent[com.ibm.ws.classloading.internal.LibertyLoader,class com.ibm.ws.classloading.internal.LibertyLoader,[ClassLoadingService],com.ibm.ws.classloading.internal.resources.ClassLoadingServiceMessages,null]"
    serialVersionUID = 2596921220292114344
    $$$tc$$$ = class com.ibm.websphere.ras.TraceComponent@ada968f
      strings[0] = "TraceComponent[com.ibm.ws.classloading.LibertyClassLoader,class com.ibm.ws.classloading.LibertyClassLoader,[ClassLoadingService],com.ibm.ws.classloading.internal.resources.ClassLoadingServiceMessages,null]"
    initialized = true
    pdcache = class java.util.HashMap@6bf13b06
      serialVersionUID = 362498820763181265
      DEFAULT_INITIAL_CAPACITY = 16
      MAXIMUM_CAPACITY = 1073741824
      DEFAULT_LOAD_FACTOR = 0.75
      TREEIFY_THRESHOLD = 8
      UNTREEIFY_THRESHOLD = 6
      MIN_TREEIFY_CAPACITY = 64
      table = null
      entrySet = null
      size = 0
      modCount = 0
      threshold = 16
      loadFactor = 0.75
      keySet = null
      values = null
    debug = null
    parent = class com.ibm.ws.classloading.internal.GatewayClassLoader@6a80e614
      config = class com.ibm.ws.classloading.internal.GatewayConfigurationImpl@18d1f5a6
      wiringMonitor = class com.ibm.ws.classloading.internal.GatewayClassLoader$1@6d87701
      bundle = class org.eclipse.osgi.internal.framework.EquinoxBundle@4dfed53c
      wiring = class org.eclipse.osgi.container.ModuleWiring@495b17bf
      bundleLoader = class org.eclipse.osgi.internal.loader.EquinoxClassLoader@442895d3
      resourceProviders = class com.ibm.ws.classloading.internal.CompositeResourceProvider@53432435
      serialVersionUID = -4256474098847905153
      $$$tc$$$ = class com.ibm.websphere.ras.TraceComponent@6826be73
      parent = class sun.misc.Launcher$AppClassLoader@18b4aac2
      parallelLockMap = null
      package2certs = class java.util.Hashtable@16663123
      nocerts = class java.security.cert.Certificate[0]
      classes = class java.util.Vector@7113abf
      defaultDomain = class java.security.ProtectionDomain@797a183
      domains = class java.util.HashSet@4dbf5fc8
      packages = class java.util.HashMap@6a778075
      scl = class sun.misc.Launcher$AppClassLoader@18b4aac2
      sclSet = true
      loadedLibraryNames = class java.util.Vector@560eff3a
      systemNativeLibraries = class java.util.Vector@363e557e
      nativeLibraries = class java.util.Vector@64bd9b46
      nativeLibraryContext = class java.util.Stack@698814ef
      usr_paths = class java.lang.String[41]
      sys_paths = class java.lang.String[1]
      assertionLock = class com.ibm.ws.classloading.internal.GatewayClassLoader@6a80e614
      defaultAssertionStatus = false
      packageAssertionStatus = null
      classAssertionStatus = null
    parallelLockMap = null
    package2certs = class java.util.Hashtable@4fc55a5
      table = class java.util.Hashtable$Entry[11]
      count = 0
      threshold = 8
      loadFactor = 0.75
      modCount = 0
      serialVersionUID = 1421746759512286392
      MAX_ARRAY_SIZE = 2147483639
      keySet = null
      entrySet = null
      values = null
      KEYS = 0
      VALUES = 1
      ENTRIES = 2
    nocerts = class java.security.cert.Certificate[0]
    classes = class java.util.Vector@35b7bb4d
      elementData = class java.lang.Object[10]
      elementCount = 0
      capacityIncrement = 0
      serialVersionUID = -2767605614048989439
      MAX_ARRAY_SIZE = 2147483639
      modCount = 0
      MAX_ARRAY_SIZE = 2147483639
    defaultDomain = class java.security.ProtectionDomain@5a9748e5
      codesource = class java.security.CodeSource@381d8b09
      classloader = class com.ibm.ws.classloading.internal.ThreadContextClassLoader@446cb1c8
      principals = interface java.security.Principal[0]
      permissions = null
      hasAllPerm = false
      staticPermissions = false
      key = class java.security.ProtectionDomain$Key@5697c048
      debug = null
    domains = class java.util.HashSet@38dc61ba
      serialVersionUID = -5024744406713321676
      map = class java.util.HashMap@7f80e
      PRESENT = class java.lang.Object@23ea7742
      MAX_ARRAY_SIZE = 2147483639
    packages = class java.util.HashMap@5eeb4a79
      serialVersionUID = 362498820763181265
      DEFAULT_INITIAL_CAPACITY = 16
      MAXIMUM_CAPACITY = 1073741824
      DEFAULT_LOAD_FACTOR = 0.75
      TREEIFY_THRESHOLD = 8
      UNTREEIFY_THRESHOLD = 6
      MIN_TREEIFY_CAPACITY = 64
      table = null
      entrySet = null
      size = 0
      modCount = 0
      threshold = 0
      loadFactor = 0.75
      keySet = null
      values = null
    scl = class sun.misc.Launcher$AppClassLoader@18b4aac2
      ucp = class sun.misc.URLClassPath@16ee4886
      $assertionsDisabled = true
      ucp = class sun.misc.URLClassPath@16ee4886
      acc = class java.security.AccessControlContext@3d7bf653
      closeables = class java.util.WeakHashMap@69ea7736
      initialized = true
      pdcache = class java.util.HashMap@1177fc3
      debug = null
      parent = class sun.misc.Launcher$ExtClassLoader@1a07afbf
      parallelLockMap = class java.util.concurrent.ConcurrentHashMap@65d9bd1f
      package2certs = class java.util.concurrent.ConcurrentHashMap@7f20699
      nocerts = class java.security.cert.Certificate[0]
      classes = class java.util.Vector@3d1b9296
      defaultDomain = class java.security.ProtectionDomain@7c80b91
      domains = class java.util.Collections$SynchronizedSet@2fd16f32
      packages = class java.util.HashMap@3880729f
      scl = class sun.misc.Launcher$AppClassLoader@18b4aac2
      sclSet = true
      loadedLibraryNames = class java.util.Vector@560eff3a
      systemNativeLibraries = class java.util.Vector@363e557e
      nativeLibraries = class java.util.Vector@596ed83b
      nativeLibraryContext = class java.util.Stack@698814ef
      usr_paths = class java.lang.String[41]
      sys_paths = class java.lang.String[1]
      assertionLock = class java.lang.Object@1e3dc404
      defaultAssertionStatus = false
      packageAssertionStatus = null
      classAssertionStatus = null
    sclSet = true
    loadedLibraryNames = class java.util.Vector@560eff3a
      elementData = class java.lang.Object[10]
      elementCount = 5
      capacityIncrement = 0
      serialVersionUID = -2767605614048989439
      MAX_ARRAY_SIZE = 2147483639
      modCount = 5
      MAX_ARRAY_SIZE = 2147483639
    systemNativeLibraries = class java.util.Vector@363e557e
      elementData = class java.lang.Object[10]
      elementCount = 5
      capacityIncrement = 0
      serialVersionUID = -2767605614048989439
      MAX_ARRAY_SIZE = 2147483639
      modCount = 5
      MAX_ARRAY_SIZE = 2147483639
    nativeLibraries = class java.util.Vector@6d3433b2
      elementData = class java.lang.Object[10]
      elementCount = 0
      capacityIncrement = 0
      serialVersionUID = -2767605614048989439
      MAX_ARRAY_SIZE = 2147483639
      modCount = 0
      MAX_ARRAY_SIZE = 2147483639
    nativeLibraryContext = class java.util.Stack@698814ef
      serialVersionUID = 1224463164541339165
      elementData = class java.lang.Object[10]
      elementCount = 0
      capacityIncrement = 0
      serialVersionUID = -2767605614048989439
      MAX_ARRAY_SIZE = 2147483639
      modCount = 10
      MAX_ARRAY_SIZE = 2147483639
    usr_paths = class java.lang.String[41]
      usr_paths[0] = "C:\Program Files\Java\jre1.8.0_112\bin"
      usr_paths[1] = "C:\WINDOWS\Sun\Java\bin"
      usr_paths[2] = "C:\WINDOWS\system32"
      usr_paths[3] = "C:\WINDOWS"
      usr_paths[4] = "C:/Program Files/Java/jre1.8.0_112/bin/server"
      usr_paths[5] = "C:/Program Files/Java/jre1.8.0_112/bin"
      usr_paths[6] = "C:/Program Files/Java/jre1.8.0_112/lib/amd64"
      usr_paths[7] = "C:\Program Files\Oculus\Support\oculus-runtime"
      usr_paths[8] = "C:\ProgramData\Oracle\Java\javapath"
      usr_paths[9] = "C:\Program Files (x86)\Intel\iCLS Client\"
      usr_paths[10] = "C:\Program Files\Intel\iCLS Client\"
      usr_paths[11] = "C:\Windows\system32"
      usr_paths[12] = "C:\Windows"
      usr_paths[13] = "C:\Windows\System32\Wbem"
      usr_paths[14] = "C:\Windows\System32\WindowsPowerShell\v1.0\"
      usr_paths[15] = "C:\Program Files (x86)\Common Files\lenovo\easyplussdk\bin"
      usr_paths[16] = "C:\Program Files (x86)\NVIDIA Corporation\PhysX\Common"
      usr_paths[17] = "C:\Program Files (x86)\Intel\Intel(R) Management Engine Components\DAL"
      usr_paths[18] = "C:\Program Files\Intel\Intel(R) Management Engine Components\DAL"
      usr_paths[19] = "C:\Program Files (x86)\Intel\Intel(R) Management Engine Components\IPT"
      usr_paths[20] = "C:\Program Files\Intel\Intel(R) Management Engine Components\IPT"
      usr_paths[21] = "C:\Program Files\Intel\WiFi\bin\"
      usr_paths[22] = "C:\Program Files\Common Files\Intel\WirelessCommon\"
      usr_paths[23] = "C:\Program Files (x86)\Windows Kits\8.1\Windows Performance Toolkit\"
      usr_paths[24] = "C:\Program Files (x86)\GtkSharp\2.12\bin"
      usr_paths[25] = "C:\Program Files\Java\jdk1.8.0_102\bin"
      usr_paths[26] = "C:\Program Files (x86)\Skype\Phone\"
      usr_paths[27] = "C:\WINDOWS\system32"
      usr_paths[28] = "C:\WINDOWS"
      usr_paths[29] = "C:\WINDOWS\System32\Wbem"
      usr_paths[30] = "C:\WINDOWS\System32\WindowsPowerShell\v1.0\"
      usr_paths[31] = "C:\OpenSSL-Win64\bin"
      usr_paths[32] = "C:\Servers\Node\"
      usr_paths[33] = "C:\Program Files (x86)\PuTTY\"
      usr_paths[34] = "C:\Program Files (x86)\Brackets\command"
      usr_paths[35] = "C:\Program Files\MongoDB\Server\3.4\bin"
      usr_paths[36] = "C:\Users\Joe\AppData\Local\Microsoft\WindowsApps"
      usr_paths[37] = "C:\Users\Joe\AppData\Roaming\npm"
      usr_paths[38] = "C:\Servers\WebsphereSDK\eclipse"
      usr_paths[39] = "."
      usr_paths[40] = "."
    sys_paths = class java.lang.String[1]
      sys_paths[0] = "C:\Program Files\Java\jre1.8.0_112\bin"
    assertionLock = class com.ibm.ws.classloading.internal.ThreadContextClassLoader@446cb1c8
    defaultAssertionStatus = false
    packageAssertionStatus = null
    classAssertionStatus = null
  evtSource = class com.ibm.ws.webcontainer.webapp.WebAppEventSource@25fc110f
    _invocationListeners = class com.ibm.ws.webcontainer.util.EventListeners@40f7957b
      EMPTY_LISTENERS = interface java.util.EventListener[0]
      logger = class com.ibm.ws.logging.internal.WsLogger@3b861078
      CLASS_NAME = "com.ibm.ws.webcontainer.util.EventListeners"
      listeners = interface java.util.EventListener[0]
    _servletListeners = class com.ibm.ws.webcontainer.util.EventListeners@3c9ed181
      EMPTY_LISTENERS = interface java.util.EventListener[0]
      logger = class com.ibm.ws.logging.internal.WsLogger@3b861078
      CLASS_NAME = "com.ibm.ws.webcontainer.util.EventListeners"
      listeners = interface java.util.EventListener[0]
    _errorListeners = class com.ibm.ws.webcontainer.util.EventListeners@59a68cdf
      EMPTY_LISTENERS = interface java.util.EventListener[0]
      logger = class com.ibm.ws.logging.internal.WsLogger@3b861078
      CLASS_NAME = "com.ibm.ws.webcontainer.util.EventListeners"
      listeners = interface java.util.EventListener[0]
    _applicationListeners = class com.ibm.ws.webcontainer.util.EventListeners@4265db3e
      EMPTY_LISTENERS = interface java.util.EventListener[0]
      logger = class com.ibm.ws.logging.internal.WsLogger@3b861078
      CLASS_NAME = "com.ibm.ws.webcontainer.util.EventListeners"
      listeners = interface java.util.EventListener[0]
    _filterInvocationListeners = class com.ibm.ws.webcontainer.util.EventListeners@3e45d244
      EMPTY_LISTENERS = interface java.util.EventListener[0]
      logger = class com.ibm.ws.logging.internal.WsLogger@3b861078
      CLASS_NAME = "com.ibm.ws.webcontainer.util.EventListeners"
      listeners = interface java.util.EventListener[0]
    _filterListeners = class com.ibm.ws.webcontainer.util.EventListeners@741d0ed4
      EMPTY_LISTENERS = interface java.util.EventListener[0]
      logger = class com.ibm.ws.logging.internal.WsLogger@3b861078
      CLASS_NAME = "com.ibm.ws.webcontainer.util.EventListeners"
      listeners = interface java.util.EventListener[0]
    _filterErrorListeners = class com.ibm.ws.webcontainer.util.EventListeners@1930a4fc
      EMPTY_LISTENERS = interface java.util.EventListener[0]
      logger = class com.ibm.ws.logging.internal.WsLogger@3b861078
      CLASS_NAME = "com.ibm.ws.webcontainer.util.EventListeners"
      listeners = interface java.util.EventListener[0]
  event = class com.ibm.websphere.servlet.event.ServletEvent@67e98de8
    serialVersionUID = 3906650803920713522
    _servletName = "mvc-dispatcher"
    _servletClassName = "org.springframework.web.servlet.DispatcherServlet"
    $$$tc$$$ = class com.ibm.websphere.ras.TraceComponent@6c404776
      strings[0] = "TraceComponent[com.ibm.websphere.servlet.event.ServletEvent,class com.ibm.websphere.servlet.event.ServletEvent,[],null,null]"
    serialVersionUID = 3546927969739289392
    _context = class com.ibm.ws.webcontainer31.facade.ServletContextFacade31@20a04c06
      context = class com.ibm.ws.webcontainer31.osgi.webapp.WebApp31@11ef692a
    _servletNames = class com.ibm.ws.webcontainer.util.EmptyEnumeration@38803991
      serialVersionUID = 3546642126931963953
      _instance = class com.ibm.ws.webcontainer.util.EmptyEnumeration@38803991
    $$$tc$$$ = class com.ibm.websphere.ras.TraceComponent@70076e76
      strings[0] = "TraceComponent[com.ibm.websphere.servlet.event.ApplicationEvent,class com.ibm.websphere.servlet.event.ApplicationEvent,[],null,null]"
    serialVersionUID = 5516075349620653480
    source = class com.ibm.ws.webcontainer.osgi.servlet.ServletWrapper@160d1bb7
  unavailableMessage = null
  unavailableUntil = -1
  isSTM = false
  internalServlet = false
  webAppInvocationCollaborators = null
  platformHelper = class com.ibm.ws.webcontainer.PlatformHelper@6c74bc20
  webAppNameSpaceCollab = class com.ibm.ws.webcontainer.osgi.collaborator.WebAppNameSpaceCollaboratorImpl@78bdd58b
    cmdai = class com.ibm.ws.threadContext.ComponentMetaDataAccessorImpl@1f32ac22
      tc = class com.ibm.websphere.ras.TraceComponent@6d735c16
      cmdai = class com.ibm.ws.threadContext.ComponentMetaDataAccessorImpl@1f32ac22
      threadContext = class com.ibm.ws.threadContext.ThreadContextImpl@200b59f7
      defaultCMD = null
  txCollab = class com.ibm.ws.webcontainer.collaborator.WebAppTransactionCollaborator@3d0cc7fa
    logger = class com.ibm.ws.logging.internal.WsLogger@29f4cb22
    CLASS_NAME = "com.ibm.ws.webcontainer.collaborator.WebAppTransactionCollaborator"
  connCollab = class com.ibm.ws.webcontainer.collaborator.ConnectionCollaborator@16a19b7e
  suppressServletExceptionLogging = false
  throwExceptionEnum = class java.util.RegularEnumSet@5f7da036
    serialVersionUID = 3411599620347842686
    elements = 256
    elementType = class java.lang.Class@7aad5b36
      ANNOTATION = 8192
      ENUM = 16384
      SYNTHETIC = 4096
      cachedConstructor = null
      newInstanceCallerCache = null
      name = "com.ibm.wsspi.webcontainer.collaborator.CollaboratorInvocationEnum"
      allPermDomain = class java.security.ProtectionDomain@59203f06
      useCaches = true
      reflectionData = class java.lang.ref.SoftReference@be54c9d
      classRedefinedCount = 0
      genericInfo = null
      serialVersionUID = 3206093459760846163
      serialPersistentFields = class java.io.ObjectStreamField[0]
      reflectionFactory = class sun.reflect.ReflectionFactory@447e7806
      initted = true
      enumConstants = class com.ibm.wsspi.webcontainer.collaborator.CollaboratorInvocationEnum[9]
      enumConstantDirectory = null
      annotationData = null
      annotationType = null
      classValueMap = null
    universe = class com.ibm.wsspi.webcontainer.collaborator.CollaboratorInvocationEnum[9]
      universe[0] = class com.ibm.wsspi.webcontainer.collaborator.CollaboratorInvocationEnum@3ab1800e
      universe[1] = class com.ibm.wsspi.webcontainer.collaborator.CollaboratorInvocationEnum@19e094d
      universe[2] = class com.ibm.wsspi.webcontainer.collaborator.CollaboratorInvocationEnum@2e1eb645
      universe[3] = class com.ibm.wsspi.webcontainer.collaborator.CollaboratorInvocationEnum@5e735a66
      universe[4] = class com.ibm.wsspi.webcontainer.collaborator.CollaboratorInvocationEnum@68f40056
      universe[5] = class com.ibm.wsspi.webcontainer.collaborator.CollaboratorInvocationEnum@1951a864
      universe[6] = class com.ibm.wsspi.webcontainer.collaborator.CollaboratorInvocationEnum@42a68995
      universe[7] = class com.ibm.wsspi.webcontainer.collaborator.CollaboratorInvocationEnum@6425bcd
      universe[8] = class com.ibm.wsspi.webcontainer.collaborator.CollaboratorInvocationEnum@4efc0de3
    ZERO_LENGTH_ENUM_ARRAY = class java.lang.Enum[0]
    MAX_ARRAY_SIZE = 2147483639
  discernUnavailableServlet = false
  reInitServletonInitUnavailableException = true
  destroyServletonServiceUnavailableException = false
  servlet23 = true
  PARAMS_HEAD_TRACE = class java.lang.Class[2]
    PARAMS_HEAD_TRACE[0] = class java.lang.Class@6f14e8fd
      ANNOTATION = 8192
      ENUM = 16384
      SYNTHETIC = 4096
      cachedConstructor = null
      newInstanceCallerCache = null
      name = null
      allPermDomain = class java.security.ProtectionDomain@59203f06
      useCaches = true
      reflectionData = null
      classRedefinedCount = 0
      genericInfo = null
      serialVersionUID = 3206093459760846163
      serialPersistentFields = class java.io.ObjectStreamField[0]
      reflectionFactory = class sun.reflect.ReflectionFactory@447e7806
      initted = true
      enumConstants = null
      enumConstantDirectory = null
      annotationData = null
      annotationType = null
      classValueMap = null
    PARAMS_HEAD_TRACE[1] = class java.lang.Class@60ef3ed9
      ANNOTATION = 8192
      ENUM = 16384
      SYNTHETIC = 4096
      cachedConstructor = null
      newInstanceCallerCache = null
      name = null
      allPermDomain = class java.security.ProtectionDomain@59203f06
      useCaches = true
      reflectionData = class java.lang.ref.SoftReference@69485bcc
      classRedefinedCount = 0
      genericInfo = null
      serialVersionUID = 3206093459760846163
      serialPersistentFields = class java.io.ObjectStreamField[0]
      reflectionFactory = class sun.reflect.ReflectionFactory@447e7806
      initted = true
      enumConstants = null
      enumConstantDirectory = null
      annotationData = null
      annotationType = null
      classValueMap = null
  defaultHeadMethodInUse = false
  defaultTraceMethodInUse = false
  checkedForDefaultMethods = null
  defaultTraceRequestBehavior = false
  defaultHeadRequestBehavior = false
  useOriginalRequestState = false
  warningStatusSet = false
  LSTRING_FILE = "javax.servlet.LocalStrings"
  lStrings = class java.util.PropertyResourceBundle@12120a0d
    lookup = class java.util.HashMap@804df10
      serialVersionUID = 362498820763181265
      DEFAULT_INITIAL_CAPACITY = 16
      MAXIMUM_CAPACITY = 1073741824
      DEFAULT_LOAD_FACTOR = 0.75
      TREEIFY_THRESHOLD = 8
      UNTREEIFY_THRESHOLD = 6
      MIN_TREEIFY_CAPACITY = 64
      table = class java.util.HashMap$Node[8]
      entrySet = null
      size = 4
      modCount = 4
      threshold = 6
      loadFactor = 0.75
      keySet = null
      values = null
    INITIAL_CACHE_SIZE = 32
    NONEXISTENT_BUNDLE = class java.util.ResourceBundle$1@b42d025
      INITIAL_CACHE_SIZE = 32
      NONEXISTENT_BUNDLE = class java.util.ResourceBundle$1@b42d025
      cacheList = class java.util.concurrent.ConcurrentHashMap@18af0403
      referenceQueue = class java.lang.ref.ReferenceQueue@36fda459
      parent = null
      locale = null
      name = null
      expired = false
      cacheKey = class java.util.ResourceBundle$CacheKey@579db47b
      keySet = null
      providers = null
      $assertionsDisabled = true
    cacheList = class java.util.concurrent.ConcurrentHashMap@18af0403
      serialVersionUID = 7249069246763182397
      MAXIMUM_CAPACITY = 1073741824
      DEFAULT_CAPACITY = 16
      MAX_ARRAY_SIZE = 2147483639
      DEFAULT_CONCURRENCY_LEVEL = 16
      LOAD_FACTOR = 0.75
      TREEIFY_THRESHOLD = 8
      UNTREEIFY_THRESHOLD = 6
      MIN_TREEIFY_CAPACITY = 64
      MIN_TRANSFER_STRIDE = 16
      RESIZE_STAMP_BITS = 16
      MAX_RESIZERS = 65535
      RESIZE_STAMP_SHIFT = 16
      MOVED = -1
      TREEBIN = -2
      RESERVED = -3
      HASH_BITS = 2147483647
      NCPU = 8
      serialPersistentFields = class java.io.ObjectStreamField[3]
      table = class java.util.concurrent.ConcurrentHashMap$Node[128]
      nextTable = null
      baseCount = 79
      sizeCtl = 96
      transferIndex = 0
      cellsBusy = 0
      counterCells = null
      keySet = null
      values = null
      entrySet = null
      U = class sun.misc.Unsafe@5bf19552
      SIZECTL = 20
      TRANSFERINDEX = 32
      BASECOUNT = 24
      CELLSBUSY = 36
      CELLVALUE = 144
      ABASE = 16
      ASHIFT = 2
      keySet = null
      values = null
    referenceQueue = class java.lang.ref.ReferenceQueue@36fda459
      NULL = class java.lang.ref.ReferenceQueue$Null@5a4cacd6
      ENQUEUED = class java.lang.ref.ReferenceQueue$Null@3682183e
      lock = class java.lang.ref.ReferenceQueue$Lock@77e80f53
      head = null
      queueLength = 0
      $assertionsDisabled = true
    parent = null
    locale = class java.util.Locale@1db30424
      LOCALECACHE = class java.util.Locale$Cache@696ae0ff
      ENGLISH = class java.util.Locale@3f48a18f
      FRENCH = class java.util.Locale@37277a8b
      GERMAN = class java.util.Locale@c2fa279
      ITALIAN = class java.util.Locale@32fcc61b
      JAPANESE = class java.util.Locale@48425d12
      KOREAN = class java.util.Locale@443d95b3
      CHINESE = class java.util.Locale@35f0cb27
      SIMPLIFIED_CHINESE = class java.util.Locale@61e80f9c
      TRADITIONAL_CHINESE = class java.util.Locale@3b98647e
      FRANCE = class java.util.Locale@13a0eeb3
      GERMANY = class java.util.Locale@203ab613
      ITALY = class java.util.Locale@18fc967
      JAPAN = class java.util.Locale@794ce6bc
      KOREA = class java.util.Locale@6d8d4a50
      CHINA = class java.util.Locale@61e80f9c
      PRC = class java.util.Locale@61e80f9c
      TAIWAN = class java.util.Locale@3b98647e
      UK = class java.util.Locale@18f2e3dc
      US = class java.util.Locale@6749c554
      CANADA = class java.util.Locale@792ea607
      CANADA_FRENCH = class java.util.Locale@7ef6acb8
      ROOT = class java.util.Locale@1db30424
      PRIVATE_USE_EXTENSION = x
      UNICODE_LOCALE_EXTENSION = u
      serialVersionUID = 9149081749638150636
      DISPLAY_LANGUAGE = 0
      DISPLAY_COUNTRY = 1
      DISPLAY_VARIANT = 2
      DISPLAY_SCRIPT = 3
      baseLocale = class sun.util.locale.BaseLocale@71155cb9
      localeExtensions = null
      hashCodeValue = 0
      defaultLocale = class java.util.Locale@53966178
      defaultDisplayLocale = null
      defaultFormatLocale = class java.util.Locale@6749c554
      languageTag = null
      serialPersistentFields = class java.io.ObjectStreamField[6]
      isoLanguages = null
      isoCountries = null
      $assertionsDisabled = true
    name = "javax.servlet.LocalStrings"
    expired = false
    cacheKey = class java.util.ResourceBundle$CacheKey@ed3c4f
      name = "javax.servlet.LocalStrings"
      locale = class java.util.Locale@1db30424
      loaderRef = class java.util.ResourceBundle$LoaderReference@17cf6dac
      format = "java.properties"
      loadTime = 0
      expirationTime = -2
      cause = null
      hashCodeCache = -322148914
    keySet = null
    providers = null
    $assertionsDisabled = true
  config = null

