------Start of DE processing------ = [3/8/17 8:57:45:554 CST]
Exception = java.lang.ClassNotFoundException
Source = com.ibm.ws.webcontainer.servlet.ServletWrapper.loadServlet
probeid = 208
Stack Dump = java.lang.ClassNotFoundException: mo.joe.lab.MainHandlerServlet
	at com.ibm.ws.classloading.internal.UnifiedClassLoader.findClass(UnifiedClassLoader.java:120)
	at java.lang.ClassLoader.loadClass(Unknown Source)
	at com.ibm.ws.classloading.internal.UnifiedClassLoader.loadClass0(UnifiedClassLoader.java:108)
	at com.ibm.ws.classloading.internal.UnifiedClassLoader$Delegation.loadClass(UnifiedClassLoader.java:79)
	at com.ibm.ws.classloading.internal.UnifiedClassLoader.loadClass(UnifiedClassLoader.java:103)
	at com.ibm.ws.classloading.internal.ThreadContextClassLoader.loadClass(ThreadContextClassLoader.java:112)
	at java.lang.ClassLoader.loadClass(Unknown Source)
	at com.ibm.ws.webcontainer.servlet.ServletWrapper$1.run(ServletWrapper.java:1569)
	at java.security.AccessController.doPrivileged(Native Method)
	at com.ibm.ws.webcontainer.servlet.ServletWrapper.loadServlet(ServletWrapper.java:1538)
	at com.ibm.ws.webcontainer.servlet.ServletWrapper.loadOnStartupCheck(ServletWrapper.java:1416)
	at com.ibm.ws.webcontainer.webapp.WebApp.doLoadOnStartupActions(WebApp.java:1197)
	at com.ibm.ws.webcontainer.webapp.WebApp.commonInitializationFinally(WebApp.java:1165)
	at com.ibm.ws.webcontainer.webapp.WebApp.initialize(WebApp.java:1074)
	at com.ibm.ws.webcontainer.webapp.WebApp.initialize(WebApp.java:6562)
	at com.ibm.ws.webcontainer.osgi.DynamicVirtualHost.startWebApp(DynamicVirtualHost.java:468)
	at com.ibm.ws.webcontainer.osgi.DynamicVirtualHost.createRunnableHandler(DynamicVirtualHost.java:266)
	at com.ibm.ws.webcontainer.osgi.DynamicVirtualHost.createRunnableHandler(DynamicVirtualHost.java:331)
	at com.ibm.ws.http.internal.VirtualHostImpl.discriminate(VirtualHostImpl.java:251)
	at com.ibm.ws.http.dispatcher.internal.channel.HttpDispatcherLink.ready(HttpDispatcherLink.java:301)
	at com.ibm.ws.http.channel.internal.inbound.HttpInboundLink.handleDiscrimination(HttpInboundLink.java:471)
	at com.ibm.ws.http.channel.internal.inbound.HttpInboundLink.handleNewRequest(HttpInboundLink.java:405)
	at com.ibm.ws.http.channel.internal.inbound.HttpInboundLink.processRequest(HttpInboundLink.java:285)
	at com.ibm.ws.http.channel.internal.inbound.HttpInboundLink.ready(HttpInboundLink.java:256)
	at com.ibm.ws.tcpchannel.internal.NewConnectionInitialReadCallback.sendToDiscriminators(NewConnectionInitialReadCallback.java:174)
	at com.ibm.ws.tcpchannel.internal.NewConnectionInitialReadCallback.complete(NewConnectionInitialReadCallback.java:83)
	at com.ibm.ws.tcpchannel.internal.WorkQueueManager.requestComplete(WorkQueueManager.java:504)
	at com.ibm.ws.tcpchannel.internal.WorkQueueManager.attemptIO(WorkQueueManager.java:574)
	at com.ibm.ws.tcpchannel.internal.WorkQueueManager.workerRun(WorkQueueManager.java:929)
	at com.ibm.ws.tcpchannel.internal.WorkQueueManager$Worker.run(WorkQueueManager.java:1018)
	at java.util.concurrent.ThreadPoolExecutor.runWorker(Unknown Source)
	at java.util.concurrent.ThreadPoolExecutor$Worker.run(Unknown Source)
	at java.lang.Thread.run(Unknown Source)

Dump of callerThis
Object type = com.ibm.ws.webcontainer.servlet.ServletWrapper$1
  val$className = "mo.joe.lab.MainHandlerServlet"
  val$servletClass = null
  val$loader = class com.ibm.ws.classloading.internal.ThreadContextClassLoader@779fe624
    tc = class com.ibm.websphere.ras.TraceComponent@61eeaad9
      strings[0] = "TraceComponent[com.ibm.ws.classloading.internal.ThreadContextClassLoader,class com.ibm.ws.classloading.internal.ThreadContextClassLoader,[ClassLoadingService],com.ibm.ws.classloading.internal.resources.ClassLoadingServiceMessages,null]"
    bundle = class java.util.concurrent.atomic.AtomicReference@2bc4c1b6
      serialVersionUID = -1848883965231344442
      unsafe = class sun.misc.Unsafe@3c8e793b
      valueOffset = 12
      value = class org.eclipse.osgi.internal.framework.EquinoxBundle@60a27d84
    key = "WebModule:WebsphereInstallTest#WebsphereInstallTest.war"
    refCount = class java.util.concurrent.atomic.AtomicInteger@6adb8898
      serialVersionUID = 6214790243416807050
      unsafe = class sun.misc.Unsafe@3c8e793b
      valueOffset = 12
      value = 1
      serialVersionUID = -8742448824652078965
    appLoader = class com.ibm.ws.classloading.internal.AppClassLoader@3e6209de
      tc = class com.ibm.websphere.ras.TraceComponent@127ed8d3
      PARENT_FIRST_SEARCH_ORDER = class java.util.Collections$UnmodifiableRandomAccessList@43b9494d
      CLASS_LOADING_TRACE_PREFIX = "com.ibm.ws.class.load."
      DEFAULT_PACKAGE = "default.package"
      perPackageClassLoadingTraceComponents = class java.util.concurrent.ConcurrentHashMap@1dd78bf6
      config = class com.ibm.ws.classloading.internal.ClassLoaderConfigurationImpl@7dd59bf5
      privateLibraries = null
      delegateLoaders = class com.ibm.ws.classloading.internal.util.CompositeIterable@afc1050
      nativeLibraryFiles = class java.util.ArrayList@c3a7805
      transformers = class java.util.ArrayList@2d13da4f
      apiAccess = class com.ibm.ws.classloading.internal.GatewayClassLoader@1bfbbc27
      generator = class com.ibm.ws.classloading.internal.ClassGeneratorManager@39bef873
      protectionDomains = class java.util.concurrent.ConcurrentHashMap@7cc8e62b
      parent = class com.ibm.ws.classloading.internal.GatewayClassLoader@1bfbbc27
      serialVersionUID = -2240525179349384666
      tc = class com.ibm.websphere.ras.TraceComponent@6934d887
      EMPTY_URL_ARRAY = class java.net.URL[0]
      smartClassPath = class com.ibm.ws.classloading.internal.ContainerClassLoader$SmartClassPathImpl@165c1772
      nativeLibraryContainers = class java.util.ArrayList@49f9bfec
      redefiner = class com.ibm.ws.classloading.internal.util.ClassRedefiner@6f49e629
      mapCreationQueue = class java.util.concurrent.Executors$FinalizableDelegatedExecutorService@575a518b
      serialVersionUID = 7249739282446266343
      serialVersionUID = -7411549862368381758
      $$$tc$$$ = class com.ibm.websphere.ras.TraceComponent@3605567b
      serialVersionUID = -4868702105808481416
      $$$tc$$$ = class com.ibm.websphere.ras.TraceComponent@5dcd0241
      serialVersionUID = 2596921220292114344
      $$$tc$$$ = class com.ibm.websphere.ras.TraceComponent@9a81aa6
      initialized = true
      pdcache = class java.util.HashMap@7a8bd53e
      debug = null
      parent = class com.ibm.ws.classloading.internal.GatewayClassLoader@1bfbbc27
      parallelLockMap = null
      package2certs = class java.util.Hashtable@41c98dfa
      nocerts = class java.security.cert.Certificate[0]
      classes = class java.util.Vector@37d8e536
      defaultDomain = class java.security.ProtectionDomain@335a2afe
      domains = class java.util.HashSet@17dc2b8e
      packages = class java.util.HashMap@1a77c2d2
      scl = class sun.misc.Launcher$AppClassLoader@18b4aac2
      sclSet = true
      loadedLibraryNames = class java.util.Vector@18ac1c8c
      systemNativeLibraries = class java.util.Vector@18cbee01
      nativeLibraries = class java.util.Vector@6af675ff
      nativeLibraryContext = class java.util.Stack@661b6ad2
      usr_paths = class java.lang.String[41]
      sys_paths = class java.lang.String[1]
      assertionLock = class com.ibm.ws.classloading.internal.AppClassLoader@3e6209de
      defaultAssertionStatus = false
      packageAssertionStatus = null
      classAssertionStatus = null
    serialVersionUID = 7093379526360135425
    followOnClassLoaders = class java.util.ArrayList@a6d9d7f
      serialVersionUID = 8683452581122892189
      DEFAULT_CAPACITY = 10
      EMPTY_ELEMENTDATA = class java.lang.Object[0]
      DEFAULTCAPACITY_EMPTY_ELEMENTDATA = class java.lang.Object[0]
      elementData = class java.lang.Object[10]
      size = 1
      MAX_ARRAY_SIZE = 2147483639
      modCount = 1
      MAX_ARRAY_SIZE = 2147483639
    serialVersionUID = -5107316606107305512
    $$$tc$$$ = class com.ibm.websphere.ras.TraceComponent@6b3667e2
      strings[0] = "TraceComponent[com.ibm.ws.classloading.internal.UnifiedClassLoader,class com.ibm.ws.classloading.internal.UnifiedClassLoader,[ClassLoadingService],com.ibm.ws.classloading.internal.resources.ClassLoadingServiceMessages,null]"
    serialVersionUID = -4868702105808481416
    $$$tc$$$ = class com.ibm.websphere.ras.TraceComponent@5dcd0241
      strings[0] = "TraceComponent[com.ibm.ws.classloading.internal.LibertyLoader,class com.ibm.ws.classloading.internal.LibertyLoader,[ClassLoadingService],com.ibm.ws.classloading.internal.resources.ClassLoadingServiceMessages,null]"
    serialVersionUID = 2596921220292114344
    $$$tc$$$ = class com.ibm.websphere.ras.TraceComponent@9a81aa6
      strings[0] = "TraceComponent[com.ibm.ws.classloading.LibertyClassLoader,class com.ibm.ws.classloading.LibertyClassLoader,[ClassLoadingService],com.ibm.ws.classloading.internal.resources.ClassLoadingServiceMessages,null]"
    initialized = true
    pdcache = class java.util.HashMap@7a924f5
      serialVersionUID = 362498820763181265
      DEFAULT_INITIAL_CAPACITY = 16
      MAXIMUM_CAPACITY = 1073741824
      DEFAULT_LOAD_FACTOR = 0.75
      TREEIFY_THRESHOLD = 8
      UNTREEIFY_THRESHOLD = 6
      MIN_TREEIFY_CAPACITY = 64
      table = null
      entrySet = null
      size = 0
      modCount = 0
      threshold = 16
      loadFactor = 0.75
      keySet = null
      values = null
    debug = null
    parent = class com.ibm.ws.classloading.internal.GatewayClassLoader@786cf6b2
      config = class com.ibm.ws.classloading.internal.GatewayConfigurationImpl@dbcd273
      wiringMonitor = class com.ibm.ws.classloading.internal.GatewayClassLoader$1@144812b4
      bundle = class org.eclipse.osgi.internal.framework.EquinoxBundle@60a27d84
      wiring = class org.eclipse.osgi.container.ModuleWiring@2dbcb1bb
      bundleLoader = class org.eclipse.osgi.internal.loader.EquinoxClassLoader@5e8ce3e4
      resourceProviders = class com.ibm.ws.classloading.internal.CompositeResourceProvider@378ebc12
      serialVersionUID = -4256474098847905153
      $$$tc$$$ = class com.ibm.websphere.ras.TraceComponent@7bdd2aa5
      parent = class sun.misc.Launcher$AppClassLoader@18b4aac2
      parallelLockMap = null
      package2certs = class java.util.Hashtable@35c89d0c
      nocerts = class java.security.cert.Certificate[0]
      classes = class java.util.Vector@61c1e4b3
      defaultDomain = class java.security.ProtectionDomain@29b8b059
      domains = class java.util.HashSet@1092e549
      packages = class java.util.HashMap@61432aaa
      scl = class sun.misc.Launcher$AppClassLoader@18b4aac2
      sclSet = true
      loadedLibraryNames = class java.util.Vector@18ac1c8c
      systemNativeLibraries = class java.util.Vector@18cbee01
      nativeLibraries = class java.util.Vector@fc9be4d
      nativeLibraryContext = class java.util.Stack@661b6ad2
      usr_paths = class java.lang.String[41]
      sys_paths = class java.lang.String[1]
      assertionLock = class com.ibm.ws.classloading.internal.GatewayClassLoader@786cf6b2
      defaultAssertionStatus = false
      packageAssertionStatus = null
      classAssertionStatus = null
    parallelLockMap = null
    package2certs = class java.util.Hashtable@3180f3d0
      table = class java.util.Hashtable$Entry[11]
      count = 0
      threshold = 8
      loadFactor = 0.75
      modCount = 0
      serialVersionUID = 1421746759512286392
      MAX_ARRAY_SIZE = 2147483639
      keySet = null
      entrySet = null
      values = null
      KEYS = 0
      VALUES = 1
      ENTRIES = 2
    nocerts = class java.security.cert.Certificate[0]
    classes = class java.util.Vector@1ec6094
      elementData = class java.lang.Object[10]
      elementCount = 0
      capacityIncrement = 0
      serialVersionUID = -2767605614048989439
      MAX_ARRAY_SIZE = 2147483639
      modCount = 0
      MAX_ARRAY_SIZE = 2147483639
    defaultDomain = class java.security.ProtectionDomain@670c83b3
      codesource = class java.security.CodeSource@7eef6553
      classloader = class com.ibm.ws.classloading.internal.ThreadContextClassLoader@779fe624
      principals = interface java.security.Principal[0]
      permissions = null
      hasAllPerm = false
      staticPermissions = false
      key = class java.security.ProtectionDomain$Key@5aaa590e
      debug = null
    domains = class java.util.HashSet@29cc8d2b
      serialVersionUID = -5024744406713321676
      map = class java.util.HashMap@21bbbb7f
      PRESENT = class java.lang.Object@2dd2f267
      MAX_ARRAY_SIZE = 2147483639
    packages = class java.util.HashMap@1f64e5b1
      serialVersionUID = 362498820763181265
      DEFAULT_INITIAL_CAPACITY = 16
      MAXIMUM_CAPACITY = 1073741824
      DEFAULT_LOAD_FACTOR = 0.75
      TREEIFY_THRESHOLD = 8
      UNTREEIFY_THRESHOLD = 6
      MIN_TREEIFY_CAPACITY = 64
      table = null
      entrySet = null
      size = 0
      modCount = 0
      threshold = 0
      loadFactor = 0.75
      keySet = null
      values = null
    scl = class sun.misc.Launcher$AppClassLoader@18b4aac2
      ucp = class sun.misc.URLClassPath@2d5bab8a
      $assertionsDisabled = true
      ucp = class sun.misc.URLClassPath@2d5bab8a
      acc = class java.security.AccessControlContext@2647400d
      closeables = class java.util.WeakHashMap@7d0c17b8
      initialized = true
      pdcache = class java.util.HashMap@413af692
      debug = null
      parent = class sun.misc.Launcher$ExtClassLoader@6ff67537
      parallelLockMap = class java.util.concurrent.ConcurrentHashMap@31cd02c4
      package2certs = class java.util.concurrent.ConcurrentHashMap@2d167bd8
      nocerts = class java.security.cert.Certificate[0]
      classes = class java.util.Vector@303a1815
      defaultDomain = class java.security.ProtectionDomain@2622e6e6
      domains = class java.util.Collections$SynchronizedSet@7f201bc4
      packages = class java.util.HashMap@61767743
      scl = class sun.misc.Launcher$AppClassLoader@18b4aac2
      sclSet = true
      loadedLibraryNames = class java.util.Vector@18ac1c8c
      systemNativeLibraries = class java.util.Vector@18cbee01
      nativeLibraries = class java.util.Vector@1ec31c8
      nativeLibraryContext = class java.util.Stack@661b6ad2
      usr_paths = class java.lang.String[41]
      sys_paths = class java.lang.String[1]
      assertionLock = class java.lang.Object@30c8f2c5
      defaultAssertionStatus = false
      packageAssertionStatus = null
      classAssertionStatus = null
    sclSet = true
    loadedLibraryNames = class java.util.Vector@18ac1c8c
      elementData = class java.lang.Object[10]
      elementCount = 5
      capacityIncrement = 0
      serialVersionUID = -2767605614048989439
      MAX_ARRAY_SIZE = 2147483639
      modCount = 5
      MAX_ARRAY_SIZE = 2147483639
    systemNativeLibraries = class java.util.Vector@18cbee01
      elementData = class java.lang.Object[10]
      elementCount = 5
      capacityIncrement = 0
      serialVersionUID = -2767605614048989439
      MAX_ARRAY_SIZE = 2147483639
      modCount = 5
      MAX_ARRAY_SIZE = 2147483639
    nativeLibraries = class java.util.Vector@7deede09
      elementData = class java.lang.Object[10]
      elementCount = 0
      capacityIncrement = 0
      serialVersionUID = -2767605614048989439
      MAX_ARRAY_SIZE = 2147483639
      modCount = 0
      MAX_ARRAY_SIZE = 2147483639
    nativeLibraryContext = class java.util.Stack@661b6ad2
      serialVersionUID = 1224463164541339165
      elementData = class java.lang.Object[10]
      elementCount = 0
      capacityIncrement = 0
      serialVersionUID = -2767605614048989439
      MAX_ARRAY_SIZE = 2147483639
      modCount = 10
      MAX_ARRAY_SIZE = 2147483639
    usr_paths = class java.lang.String[41]
      usr_paths[0] = "C:\Program Files\Java\jre1.8.0_112\bin"
      usr_paths[1] = "C:\WINDOWS\Sun\Java\bin"
      usr_paths[2] = "C:\WINDOWS\system32"
      usr_paths[3] = "C:\WINDOWS"
      usr_paths[4] = "C:/Program Files/Java/jre1.8.0_112/bin/server"
      usr_paths[5] = "C:/Program Files/Java/jre1.8.0_112/bin"
      usr_paths[6] = "C:/Program Files/Java/jre1.8.0_112/lib/amd64"
      usr_paths[7] = "C:\Program Files\Oculus\Support\oculus-runtime"
      usr_paths[8] = "C:\ProgramData\Oracle\Java\javapath"
      usr_paths[9] = "C:\Program Files (x86)\Intel\iCLS Client\"
      usr_paths[10] = "C:\Program Files\Intel\iCLS Client\"
      usr_paths[11] = "C:\Windows\system32"
      usr_paths[12] = "C:\Windows"
      usr_paths[13] = "C:\Windows\System32\Wbem"
      usr_paths[14] = "C:\Windows\System32\WindowsPowerShell\v1.0\"
      usr_paths[15] = "C:\Program Files (x86)\Common Files\lenovo\easyplussdk\bin"
      usr_paths[16] = "C:\Program Files (x86)\NVIDIA Corporation\PhysX\Common"
      usr_paths[17] = "C:\Program Files (x86)\Intel\Intel(R) Management Engine Components\DAL"
      usr_paths[18] = "C:\Program Files\Intel\Intel(R) Management Engine Components\DAL"
      usr_paths[19] = "C:\Program Files (x86)\Intel\Intel(R) Management Engine Components\IPT"
      usr_paths[20] = "C:\Program Files\Intel\Intel(R) Management Engine Components\IPT"
      usr_paths[21] = "C:\Program Files\Intel\WiFi\bin\"
      usr_paths[22] = "C:\Program Files\Common Files\Intel\WirelessCommon\"
      usr_paths[23] = "C:\Program Files (x86)\Windows Kits\8.1\Windows Performance Toolkit\"
      usr_paths[24] = "C:\Program Files (x86)\GtkSharp\2.12\bin"
      usr_paths[25] = "C:\Program Files\Java\jdk1.8.0_102\bin"
      usr_paths[26] = "C:\Program Files (x86)\Skype\Phone\"
      usr_paths[27] = "C:\WINDOWS\system32"
      usr_paths[28] = "C:\WINDOWS"
      usr_paths[29] = "C:\WINDOWS\System32\Wbem"
      usr_paths[30] = "C:\WINDOWS\System32\WindowsPowerShell\v1.0\"
      usr_paths[31] = "C:\OpenSSL-Win64\bin"
      usr_paths[32] = "C:\Servers\Node\"
      usr_paths[33] = "C:\Program Files (x86)\PuTTY\"
      usr_paths[34] = "C:\Program Files (x86)\Brackets\command"
      usr_paths[35] = "C:\Program Files\MongoDB\Server\3.4\bin"
      usr_paths[36] = "C:\Users\Joe\AppData\Local\Microsoft\WindowsApps"
      usr_paths[37] = "C:\Users\Joe\AppData\Roaming\npm"
      usr_paths[38] = "C:\Servers\WebsphereSDK\eclipse"
      usr_paths[39] = "."
      usr_paths[40] = "."
    sys_paths = class java.lang.String[1]
      sys_paths[0] = "C:\Program Files\Java\jre1.8.0_112\bin"
    assertionLock = class com.ibm.ws.classloading.internal.ThreadContextClassLoader@779fe624
    defaultAssertionStatus = false
    packageAssertionStatus = null
    classAssertionStatus = null
  val$servletName = "MainServlet"
  this$0 = class com.ibm.ws.webcontainer.osgi.servlet.ServletWrapper@71d918aa
    serialVersionUID = 1
    _mo = null
    serialVersionUID = -4479626085298397598
    notifyInvocationListeners = false
    UNINITIALIZED_STATE = -1
    AVAILABLE_STATE = 0
    UNAVAILABLE_STATE = 1
    UNAVAILABLE_PERMANENTLY_STATE = 2
    collabHelper = class com.ibm.ws.webcontainer.osgi.collaborator.CollaboratorHelperImpl@29738c69
      webAppInvCollabs = class java.util.Collections$UnmodifiableSet@7d5e5e81
      securityDomainForApp = null
      logger = class com.ibm.ws.logging.internal.WsLogger@404f97b4
      staticDefaultSecurityCollaborator = class com.ibm.ws.webcontainer.collaborator.WebAppSecurityCollaborator@3a4ce92a
      logger = class com.ibm.ws.logging.internal.WsLogger@6caaacfa
      CLASS_NAME = "com.ibm.wsspi.webcontainer.collaborator.CollaboratorHelper"
      webApp = class com.ibm.ws.webcontainer31.osgi.webapp.WebApp31@31d12493
      securityCollaborator = null
      nameSpaceCollaborator = class com.ibm.ws.webcontainer.osgi.collaborator.WebAppNameSpaceCollaboratorImpl@4572a3d1
      transactionCollaborator = class com.ibm.ws.webcontainer.collaborator.WebAppTransactionCollaborator@fc1e7a2
      connectionCollaborator = class com.ibm.ws.webcontainer.collaborator.ConnectionCollaborator@5e90a073
      allCollabEnum = class java.util.RegularEnumSet@506464ec
      servlet_23_or_greater = true
      DEFER_SERVLET_REQUEST_LISTENER_DESTROY_ON_ERROR = false
    nServicing = class java.util.concurrent.atomic.AtomicInteger@6a47530c
      serialVersionUID = 6214790243416807050
      unsafe = class sun.misc.Unsafe@3c8e793b
      valueOffset = 12
      value = 0
      serialVersionUID = -8742448824652078965
    lastAccessTime = 1488985065549
    state = -1
    logger = class com.ibm.ws.logging.internal.WsLogger@6b364c3c
      tc = class com.ibm.websphere.ras.TraceComponent@4252e5d7
      ivCachedResourceBundleName = "com.ibm.ws.webcontainer.resources.Messages"
      ivCachedResourceBundle = class com.ibm.ws.webcontainer.resources.Messages_es@29577f23
      ivComponent = null
      ivOrganization = null
      ivProduct = null
      ivMinimumLocalizationLevelIntValue = 625
      ivTC = class com.ibm.websphere.ras.TraceComponent@5b95b2ae
      loggerRegistrationComponent = class java.lang.ThreadLocal@36fcef00
      emptyHandlers = class java.util.logging.Handler[0]
      offValue = 2147483647
      SYSTEM_LOGGER_RB_NAME = "sun.util.logging.resources.logging"
      SYSTEM_BUNDLE = class java.util.logging.Logger$LoggerBundle@31c9b481
      NO_RESOURCE_BUNDLE = class java.util.logging.Logger$LoggerBundle@23756bfc
      manager = class com.ibm.ws.kernel.boot.logging.WsLogManager@72a0147d
      name = "com.ibm.ws.webcontainer.servlet"
      handlers = class java.util.concurrent.CopyOnWriteArrayList@7940be73
      loggerBundle = class java.util.logging.Logger$LoggerBundle@362f3c84
      useParentHandlers = true
      filter = null
      anonymous = false
      catalog = class com.ibm.ws.webcontainer.resources.Messages_es@29577f23
      catalogName = "com.ibm.ws.webcontainer.resources.Messages"
      catalogLocale = class java.util.Locale@4b3d0697
      treeLock = class java.lang.Object@39ccf071
      parent = class com.ibm.ws.logging.internal.WsLogger@5f4646d
      kids = null
      levelObject = class java.util.logging.Level@68b346d0
      levelValue = 800
      callersClassLoaderRef = class java.lang.ref.WeakReference@31835fe0
      isSystemLogger = false
      GLOBAL_LOGGER_NAME = "global"
      global = class java.util.logging.Logger@140c9aa0
      $assertionsDisabled = true
    CLASS_NAME = "com.ibm.ws.webcontainer.servlet.ServletWrapper"
    nls = class com.ibm.ejs.ras.TraceNLS@79d675e8
      resolver = class com.ibm.ws.logging.internal.TraceNLSResolver@7326b6ba
      finder = null
      ivBundleName = "com.ibm.ws.webcontainer.resources.Messages"
      caller = class java.lang.Class@39c576e4
    servletConfig = class com.ibm.ws.webcontainer.servlet.ServletConfig@4c73ae7f
      logger = class com.ibm.ws.logging.internal.WsLogger@6b364c3c
      CLASS_NAME = "com.ibm.ws.webcontainer.servlet.ServletConfig"
      nls = class com.ibm.ejs.ras.TraceNLS@29d94d7b
      liberty_nls = class com.ibm.ejs.ras.TraceNLS@68494bd6
      enabled = true
      servletName = "MainServlet"
      className = "mo.joe.lab.MainHandlerServlet"
      mappings = class java.util.ArrayList@1b6b0730
      startUpWeight = 1
      DEFAULT_STARTUP = -1
      isCachingEnabled = true
      isStatisticsEnabled = true
      isInternal = false
      metaData = class com.ibm.ws.webcontainer.osgi.metadata.WebComponentMetaDataImpl@650e4c67
      singleThreadModelServlet = false
      isJsp = false
      webAppConfig = class com.ibm.ws.webcontainer.osgi.webapp.WebAppConfiguration@299924e1
      servletWrapper = class com.ibm.ws.webcontainer.osgi.servlet.ServletWrapper@71d918aa
      servletClass = null
      servlet = null
      addedToLoadOnStartup = true
      previousWeight = null
      multipartConfig = null
      multipartConfigBaseLocation = null
      runAsRole = null
      servletSecurityElement = null
      declareRolesAnnotation = null
      logger = class com.ibm.ws.logging.internal.WsLogger@6b364c3c
      CLASS_NAME = "com.ibm.ws.webcontainer.servlet.TargetConfig"
      initParams = null
      fileName = null
      displayName = null
      name = "MainServlet"
      description = null
      smallIcon = null
      largeIcon = null
      context = class com.ibm.ws.webcontainer31.facade.ServletContextFacade31@5c0cb181
      className = null
      asyncSupported = false
      _id = "ServletGeneratedId1"
      _attributes = null
      serialVersionUID = 7511545662945734886
      $$$tc$$$ = class com.ibm.websphere.ras.TraceComponent@51d72319
    context = class com.ibm.ws.webcontainer31.osgi.webapp.WebApp31@31d12493
      tc = class com.ibm.websphere.ras.TraceComponent@4d0d67d9
      CLASS_NAME = "com.ibm.ws.webcontainer31.osgi.webapp.WebApp31"
      servlet31NLS = class com.ibm.ejs.ras.TraceNLS@701f60
      validListenerClasses = class java.lang.Class[7]
      wsocServHandler = null
      tc = class com.ibm.websphere.ras.TraceComponent@168182a9
      CLASS_NAME = "com.ibm.ws.webcontainer.osgi.webapp.WebApp"
      metaDataService = class com.ibm.ws.container.service.metadata.internal.MetaDataServiceImpl@1f2ee523
      namespacePopulated = false
      referenceContext = class com.ibm.ws.injectionengine.osgi.internal.OSGiReferenceContextImpl@5229fcef
      j2eeNameFactory = class com.ibm.ws.container.service.metadata.internal.J2EENameFactoryImpl@3f71000b
      moduleLoader = class com.ibm.ws.classloading.internal.AppClassLoader@3e6209de
      webAppConfig = class com.ibm.ws.webcontainer.osgi.webapp.WebAppConfiguration@299924e1
      extensionProcessingDisabled = false
      managedObjectService = class com.ibm.ws.managedobject.internal.ManagedObjectServiceImpl@2912a5ad
      GenPluginCfgMB = null
      internalServletMetaData = interface com.ibm.wsspi.webcontainer.metadata.WebComponentMetaData[2]
      loginProcessor = null
      logoutProcessor = null
      collabHelper = class com.ibm.ws.webcontainer.osgi.collaborator.CollaboratorHelperImpl@29738c69
      envObject = class com.ibm.ws.util.WSThreadLocal@380ab021
      orderedLibPaths = class java.util.Collections$UnmodifiableRandomAccessList@54b2178b
      perm = class com.ibm.websphere.security.WebSphereRuntimePermission@6ef62ac5
      WELCOME_FILE_LIST = "com.ibm.ws.webcontainer.config.WelcomeFileList"
      DIR_BROWSING_MAPPING = "__dirBrowsing__1488984283647"
      FILTER_PROXY_MAPPING = "/__filterProxy__1488984283647"
      logger = class com.ibm.ws.logging.internal.WsLogger@31ea8425
      CLASS_NAME = "com.ibm.ws.webcontainer.webapp.WebApp"
      loader = class com.ibm.ws.classloading.internal.ThreadContextClassLoader@779fe624
      facade = class com.ibm.ws.webcontainer31.facade.ServletContextFacade31@5c0cb181
      features = class java.util.ArrayList@18c6fbc4
      applicationName = "WebsphereInstallTest"
      config = class com.ibm.ws.webcontainer.osgi.webapp.WebAppConfiguration@299924e1
      securityEnabledForApp = null
      webExtensionProcessor = class com.ibm.ws.webcontainer.osgi.extension.WebExtensionProcessor@47b94a1b
      production = true
      isServlet23 = true
      contextPath = "/WebsphereInstallTest"
      internalServletList = class [Ljava.lang.String;[2]
      BY_NAME_ONLY = "/_1488985053956_/"
      filterManager = null
      documentRoot = null
      SERVLET_API_VERSION = "Servlet 2.5"
      disableServletAuditLogging = -1
      serverInfo = "IBM WebSphere Liberty/16.0.0.4"
      sessionCtx = class com.ibm.ws.webcontainer31.session.impl.HttpSessionContext31Impl@1bae181f
      eventSource = class com.ibm.ws.webcontainer.webapp.WebAppEventSource@1c7c5bce
      nls = class com.ibm.ejs.ras.TraceNLS@3419d875
      liberty_nls = class com.ibm.ejs.ras.TraceNLS@397db57f
      error_nls = class com.ibm.ejs.ras.TraceNLS@22da8338
      sessionListeners = class java.util.ArrayList@49df199c
      sessionIdListeners = class java.util.ArrayList@337faaa2
      sessionAttrListeners = class java.util.ArrayList@677d27ff
      addedSessionListeners = class java.util.ArrayList@11c8ab6b
      addedSessionAttrListeners = class java.util.ArrayList@20ea4337
      servletContextListeners = class java.util.ArrayList@6e8ed732
      servletContextLAttrListeners = class java.util.ArrayList@604247c3
      servletRequestListeners = class java.util.ArrayList@34853b53
      servletRequestLAttrListeners = class java.util.ArrayList@4604250f
      prependSlashToResource = false
      destroyed = false
      webAppNameSpaceCollab = class com.ibm.ws.webcontainer.osgi.collaborator.WebAppNameSpaceCollaboratorImpl@4572a3d1
      txCollab = class com.ibm.ws.webcontainer.collaborator.WebAppTransactionCollaborator@fc1e7a2
      sessionActivationListeners = class java.util.ArrayList@5e2b4dba
      sessionBindingListeners = class java.util.ArrayList@2ca575e3
      scratchdir = null
      jspClassLoaderLimit = 0
      jspClassLoaderExclusionList = null
      jspClassLoadersMap = null
      jspClassLoaderLimitTrackIF = false
      defaultExtProc = null
      directoryBrowsingServlet = null
      cdiContexts = class java.util.concurrent.ConcurrentHashMap@31678c87
      moduleConfig = class com.ibm.ws.webcontainer.osgi.container.DeployedModule@56acebf9
      extensionFactories = class java.util.ArrayList@457f2f46
      initialized = false
      lock = class com.ibm.ws.webcontainer.webapp.WebApp$1@526e3a0b
      afterServletContextCreated = false
      redirectContextRoot = false
      errorExceptionTypeFirst = false
      initFilterBeforeServletInit = false
      sortedServletConfigs = class java.util.ArrayList@556347c8
      effectiveMajorVersion = 3
      effectiveMinorVersion = 1
      canAddServletContextListener = true
      withinContextInitOfProgAddListener = false
      lastProgAddListenerInitialized = "com.ibm.ws.jsp.runtime.ContextListener"
      webInfLibClassloader = null
      metaInfCache = class com.ibm.ws.webcontainer.webapp.WebApp$2@58edea57
      useMetaInfCache = true
      SUN_CONFIGURE_LISTENER_CLASSNAME = "com.sun.faces.config.ConfigureListener"
      MYFACES_LIFECYCLE_LISTENER_CLASSNAME = "org.apache.myfaces.webapp.StartupServletContextListener"
      JSF_IMPL_ENABLED_PARAM = "com.ibm.ws.jsf.JSF_IMPL_ENABLED"
      JSF_IMPL_ENABLED_CUSTOM = "Custom"
      JSF_IMPL_ENABLED_NONE = "None"
      staticDocRoot = class com.ibm.ws.webcontainer.util.DocumentRootUtils@692f3190
      jspDocRoot = class com.ibm.ws.webcontainer.util.DocumentRootUtils@4a32e0dc
      container = class com.ibm.ws.adaptable.module.internal.AdaptableContainerImpl@686356ce
      metaInfResourceFinder = class com.ibm.ws.webcontainer.util.MetaInfResourceFinder@5a0a355
      postConstructMethods = class com.ibm.ws.webcontainer.webapp.WebApp$AnnotatedMethods@32284ee4
      preDestroyMethods = class com.ibm.ws.webcontainer.webapp.WebApp$AnnotatedMethods@229b5a80
      OBJ_EMPTY = class java.lang.Object[0]
      CLASS_EMPTY = class java.lang.Class[0]
      DEFAULT_JSP_EXTENSIONS = class java.util.ArrayList@7ff26a0f
      DEFER_SERVLET_REQUEST_LISTENER_DESTROY_ON_ERROR = false
      DO_ACCEPT_PARTIAL = true
      DO_NOT_ACCEPT_PARTIAL = false
      DO_ACCEPT_EXCLUDED = true
      DO_NOT_ACCEPT_EXCLUDED = false
      commands = class java.util.ArrayList@7f48d4af
      requestMapper = class com.ibm.wsspi.webcontainer.util.URIMapper@f67eacc
      parent = class com.ibm.ws.webcontainer.osgi.webapp.WebGroup@77d0fefa
      name = "WebsphereInstallTest"
      isAlive = true
      subElements = null
      attributes = class java.util.Collections$SynchronizedMap@1b9e501d
      config = null
      serialVersionUID = -8271459000149267764
      $$$tc$$$ = class com.ibm.websphere.ras.TraceComponent@58596d3b
    target = null
    cacheWrappers = null
    targetLoader = class com.ibm.ws.classloading.internal.ThreadContextClassLoader@779fe624
    evtSource = class com.ibm.ws.webcontainer.webapp.WebAppEventSource@1c7c5bce
      _invocationListeners = class com.ibm.ws.webcontainer.util.EventListeners@12ead915
      _servletListeners = class com.ibm.ws.webcontainer.util.EventListeners@3ac9b545
      _errorListeners = class com.ibm.ws.webcontainer.util.EventListeners@30be531b
      _applicationListeners = class com.ibm.ws.webcontainer.util.EventListeners@217b861e
      _filterInvocationListeners = class com.ibm.ws.webcontainer.util.EventListeners@651dd155
      _filterListeners = class com.ibm.ws.webcontainer.util.EventListeners@1209232e
      _filterErrorListeners = class com.ibm.ws.webcontainer.util.EventListeners@50ed8cff
    event = null
    unavailableMessage = null
    unavailableUntil = -1
    isSTM = false
    internalServlet = false
    webAppInvocationCollaborators = null
    platformHelper = class com.ibm.ws.webcontainer.PlatformHelper@72d00605
    webAppNameSpaceCollab = class com.ibm.ws.webcontainer.osgi.collaborator.WebAppNameSpaceCollaboratorImpl@4572a3d1
      cmdai = class com.ibm.ws.threadContext.ComponentMetaDataAccessorImpl@1cce8456
    txCollab = class com.ibm.ws.webcontainer.collaborator.WebAppTransactionCollaborator@fc1e7a2
      logger = class com.ibm.ws.logging.internal.WsLogger@404f97b4
      CLASS_NAME = "com.ibm.ws.webcontainer.collaborator.WebAppTransactionCollaborator"
    connCollab = class com.ibm.ws.webcontainer.collaborator.ConnectionCollaborator@5e90a073
    suppressServletExceptionLogging = false
    throwExceptionEnum = class java.util.RegularEnumSet@20cc3244
      serialVersionUID = 3411599620347842686
      elements = 256
      elementType = class java.lang.Class@fcb64bd
      universe = class com.ibm.wsspi.webcontainer.collaborator.CollaboratorInvocationEnum[9]
      ZERO_LENGTH_ENUM_ARRAY = class java.lang.Enum[0]
      MAX_ARRAY_SIZE = 2147483639
    discernUnavailableServlet = false
    reInitServletonInitUnavailableException = true
    destroyServletonServiceUnavailableException = false
    servlet23 = true
    PARAMS_HEAD_TRACE = class java.lang.Class[2]
      PARAMS_HEAD_TRACE[0] = class java.lang.Class@6d3b8924
      PARAMS_HEAD_TRACE[1] = class java.lang.Class@68d3eaa0
    defaultHeadMethodInUse = false
    defaultTraceMethodInUse = false
    checkedForDefaultMethods = null
    defaultTraceRequestBehavior = false
    defaultHeadRequestBehavior = false
    useOriginalRequestState = false
    warningStatusSet = false
    LSTRING_FILE = "javax.servlet.LocalStrings"
    lStrings = class java.util.PropertyResourceBundle@700c64fc
      lookup = class java.util.HashMap@28d96191
      INITIAL_CACHE_SIZE = 32
      NONEXISTENT_BUNDLE = class java.util.ResourceBundle$1@66f1ec23
      cacheList = class java.util.concurrent.ConcurrentHashMap@34100a37
      referenceQueue = class java.lang.ref.ReferenceQueue@57a630cd
      parent = null
      locale = class java.util.Locale@29202568
      name = "javax.servlet.LocalStrings"
      expired = false
      cacheKey = class java.util.ResourceBundle$CacheKey@4059449b
      keySet = null
      providers = null
      $assertionsDisabled = true
    config = null

