------Start of DE processing------ = [3/17/17 21:29:33:389 CST]
Exception = org.springframework.beans.factory.BeanCreationException
Source = com.ibm.ws.webcontainer.servlet.ServletWrapper.init
probeid = 181
Stack Dump = org.springframework.beans.factory.BeanCreationException: Error creating bean with name 'org.springframework.web.servlet.mvc.annotation.DefaultAnnotationHandlerMapping': Initialization of bean failed; nested exception is java.lang.IllegalStateException: Cannot map handler 'Main' to URL path [/welcome]: There is already handler of type [class mx.org.joe.web.MainHandler] mapped.
	at org.springframework.beans.factory.support.AbstractAutowireCapableBeanFactory.doCreateBean(AbstractAutowireCapableBeanFactory.java:553)
	at org.springframework.beans.factory.support.AbstractAutowireCapableBeanFactory.createBean(AbstractAutowireCapableBeanFactory.java:482)
	at org.springframework.beans.factory.support.AbstractAutowireCapableBeanFactory.createBean(AbstractAutowireCapableBeanFactory.java:291)
	at org.springframework.web.servlet.DispatcherServlet.createDefaultStrategy(DispatcherServlet.java:849)
	at org.springframework.web.servlet.DispatcherServlet.getDefaultStrategies(DispatcherServlet.java:818)
	at org.springframework.web.servlet.DispatcherServlet.initHandlerMappings(DispatcherServlet.java:588)
	at org.springframework.web.servlet.DispatcherServlet.initStrategies(DispatcherServlet.java:482)
	at org.springframework.web.servlet.DispatcherServlet.onRefresh(DispatcherServlet.java:471)
	at org.springframework.web.servlet.FrameworkServlet.onApplicationEvent(FrameworkServlet.java:805)
	at org.springframework.web.servlet.FrameworkServlet$ContextRefreshListener.onApplicationEvent(FrameworkServlet.java:1121)
	at org.springframework.web.servlet.FrameworkServlet$ContextRefreshListener.onApplicationEvent(FrameworkServlet.java:1117)
	at org.springframework.context.event.GenericApplicationListenerAdapter.onApplicationEvent(GenericApplicationListenerAdapter.java:56)
	at org.springframework.context.event.SourceFilteringListener.onApplicationEventInternal(SourceFilteringListener.java:107)
	at org.springframework.context.event.SourceFilteringListener.onApplicationEvent(SourceFilteringListener.java:71)
	at org.springframework.context.event.SimpleApplicationEventMulticaster.invokeListener(SimpleApplicationEventMulticaster.java:163)
	at org.springframework.context.event.SimpleApplicationEventMulticaster.multicastEvent(SimpleApplicationEventMulticaster.java:136)
	at org.springframework.context.support.AbstractApplicationContext.publishEvent(AbstractApplicationContext.java:380)
	at org.springframework.context.support.AbstractApplicationContext.publishEvent(AbstractApplicationContext.java:334)
	at org.springframework.context.support.AbstractApplicationContext.finishRefresh(AbstractApplicationContext.java:854)
	at org.springframework.context.support.AbstractApplicationContext.refresh(AbstractApplicationContext.java:540)
	at org.springframework.web.servlet.FrameworkServlet.configureAndRefreshWebApplicationContext(FrameworkServlet.java:667)
	at org.springframework.web.servlet.FrameworkServlet.createWebApplicationContext(FrameworkServlet.java:633)
	at org.springframework.web.servlet.FrameworkServlet.createWebApplicationContext(FrameworkServlet.java:681)
	at org.springframework.web.servlet.FrameworkServlet.initWebApplicationContext(FrameworkServlet.java:552)
	at org.springframework.web.servlet.FrameworkServlet.initServletBean(FrameworkServlet.java:493)
	at org.springframework.web.servlet.HttpServletBean.init(HttpServletBean.java:136)
	at javax.servlet.GenericServlet.init(GenericServlet.java:244)
	at com.ibm.ws.webcontainer.servlet.ServletWrapper.init(ServletWrapper.java:332)
	at com.ibm.ws.webcontainer.servlet.ServletWrapper.loadOnStartupCheck(ServletWrapper.java:1428)
	at com.ibm.ws.webcontainer.webapp.WebApp.doLoadOnStartupActions(WebApp.java:1197)
	at com.ibm.ws.webcontainer.webapp.WebApp.commonInitializationFinally(WebApp.java:1165)
	at com.ibm.ws.webcontainer.webapp.WebApp.initialize(WebApp.java:1074)
	at com.ibm.ws.webcontainer.webapp.WebApp.initialize(WebApp.java:6562)
	at com.ibm.ws.webcontainer.osgi.DynamicVirtualHost.startWebApp(DynamicVirtualHost.java:468)
	at com.ibm.ws.webcontainer.osgi.DynamicVirtualHost.createRunnableHandler(DynamicVirtualHost.java:266)
	at com.ibm.ws.webcontainer.osgi.DynamicVirtualHost.createRunnableHandler(DynamicVirtualHost.java:331)
	at com.ibm.ws.http.internal.VirtualHostImpl.discriminate(VirtualHostImpl.java:251)
	at com.ibm.ws.http.dispatcher.internal.channel.HttpDispatcherLink.ready(HttpDispatcherLink.java:301)
	at com.ibm.ws.http.channel.internal.inbound.HttpInboundLink.handleDiscrimination(HttpInboundLink.java:471)
	at com.ibm.ws.http.channel.internal.inbound.HttpInboundLink.handleNewRequest(HttpInboundLink.java:405)
	at com.ibm.ws.http.channel.internal.inbound.HttpInboundLink.processRequest(HttpInboundLink.java:285)
	at com.ibm.ws.http.channel.internal.inbound.HttpInboundLink.ready(HttpInboundLink.java:256)
	at com.ibm.ws.tcpchannel.internal.NewConnectionInitialReadCallback.sendToDiscriminators(NewConnectionInitialReadCallback.java:174)
	at com.ibm.ws.tcpchannel.internal.NewConnectionInitialReadCallback.complete(NewConnectionInitialReadCallback.java:83)
	at com.ibm.ws.tcpchannel.internal.WorkQueueManager.requestComplete(WorkQueueManager.java:504)
	at com.ibm.ws.tcpchannel.internal.WorkQueueManager.attemptIO(WorkQueueManager.java:574)
	at com.ibm.ws.tcpchannel.internal.WorkQueueManager.workerRun(WorkQueueManager.java:929)
	at com.ibm.ws.tcpchannel.internal.WorkQueueManager$Worker.run(WorkQueueManager.java:1018)
	at java.util.concurrent.ThreadPoolExecutor.runWorker(Unknown Source)
	at java.util.concurrent.ThreadPoolExecutor$Worker.run(Unknown Source)
	at java.lang.Thread.run(Unknown Source)
Caused by: java.lang.IllegalStateException: Cannot map handler 'Main' to URL path [/welcome]: There is already handler of type [class mx.org.joe.web.MainHandler] mapped.
	at org.springframework.web.servlet.handler.AbstractUrlHandlerMapping.registerHandler(AbstractUrlHandlerMapping.java:322)
	at org.springframework.web.servlet.handler.AbstractUrlHandlerMapping.registerHandler(AbstractUrlHandlerMapping.java:292)
	at org.springframework.web.servlet.handler.AbstractDetectingUrlHandlerMapping.detectHandlers(AbstractDetectingUrlHandlerMapping.java:82)
	at org.springframework.web.servlet.handler.AbstractDetectingUrlHandlerMapping.initApplicationContext(AbstractDetectingUrlHandlerMapping.java:58)
	at org.springframework.context.support.ApplicationObjectSupport.initApplicationContext(ApplicationObjectSupport.java:120)
	at org.springframework.web.context.support.WebApplicationObjectSupport.initApplicationContext(WebApplicationObjectSupport.java:76)
	at org.springframework.context.support.ApplicationObjectSupport.setApplicationContext(ApplicationObjectSupport.java:74)
	at org.springframework.context.support.ApplicationContextAwareProcessor.invokeAwareInterfaces(ApplicationContextAwareProcessor.java:119)
	at org.springframework.context.support.ApplicationContextAwareProcessor.postProcessBeforeInitialization(ApplicationContextAwareProcessor.java:94)
	at org.springframework.beans.factory.support.AbstractAutowireCapableBeanFactory.applyBeanPostProcessorsBeforeInitialization(AbstractAutowireCapableBeanFactory.java:408)
	at org.springframework.beans.factory.support.AbstractAutowireCapableBeanFactory.initializeBean(AbstractAutowireCapableBeanFactory.java:1570)
	at org.springframework.beans.factory.support.AbstractAutowireCapableBeanFactory.doCreateBean(AbstractAutowireCapableBeanFactory.java:545)
	... 50 more

Dump of callerThis
Object type = com.ibm.ws.webcontainer.osgi.servlet.ServletWrapper
  serialVersionUID = 1
  _mo = class com.ibm.ws.managedobject.internal.ManagedObjectImpl@5ccf1a9a
    object = "<sensitive org.springframework.web.servlet.DispatcherServlet@5ee814ea>"
    serialVersionUID = -5603642874755101089
    $$$tc$$$ = class com.ibm.websphere.ras.TraceComponent@39c48be8
      strings[0] = "TraceComponent[com.ibm.ws.managedobject.internal.ManagedObjectImpl,class com.ibm.ws.managedobject.internal.ManagedObjectImpl,[],null,null]"
  serialVersionUID = -4479626085298397598
  notifyInvocationListeners = false
  UNINITIALIZED_STATE = -1
  AVAILABLE_STATE = 0
  UNAVAILABLE_STATE = 1
  UNAVAILABLE_PERMANENTLY_STATE = 2
  collabHelper = class com.ibm.ws.webcontainer.osgi.collaborator.CollaboratorHelperImpl@6efd63c1
    webAppInvCollabs = class java.util.Collections$UnmodifiableSet@60ec69c9
      serialVersionUID = -9215047833775013803
      serialVersionUID = 1820017752578914078
      c = class java.util.concurrent.CopyOnWriteArraySet@56c47c8d
    securityDomainForApp = null
    logger = class com.ibm.ws.logging.internal.WsLogger@67b39962
    staticDefaultSecurityCollaborator = class com.ibm.ws.webcontainer.collaborator.WebAppSecurityCollaborator@6a62850f
    logger = class com.ibm.ws.logging.internal.WsLogger@66b767a
      tc = class com.ibm.websphere.ras.TraceComponent@4252e5d7
      ivCachedResourceBundleName = null
      ivCachedResourceBundle = null
      ivComponent = null
      ivOrganization = null
      ivProduct = null
      ivMinimumLocalizationLevelIntValue = 625
      ivTC = class com.ibm.websphere.ras.TraceComponent@2c459bad
      loggerRegistrationComponent = class java.lang.ThreadLocal@53eb38ce
      emptyHandlers = class java.util.logging.Handler[0]
      offValue = 2147483647
      SYSTEM_LOGGER_RB_NAME = "sun.util.logging.resources.logging"
      SYSTEM_BUNDLE = class java.util.logging.Logger$LoggerBundle@3721ce58
      NO_RESOURCE_BUNDLE = class java.util.logging.Logger$LoggerBundle@22478542
      manager = class com.ibm.ws.kernel.boot.logging.WsLogManager@6b6a1847
      name = "com.ibm.wsspi.webcontainer.collaborator"
      handlers = class java.util.concurrent.CopyOnWriteArrayList@3360f958
      loggerBundle = class java.util.logging.Logger$LoggerBundle@51fc0203
      useParentHandlers = true
      filter = null
      anonymous = false
      catalog = class com.ibm.ws.webcontainer.resources.Messages_es@2a0fae68
      catalogName = "com.ibm.ws.webcontainer.resources.Messages"
      catalogLocale = class java.util.Locale@7d4752ad
      treeLock = class java.lang.Object@778595a9
      parent = class com.ibm.ws.logging.internal.WsLogger@7d2020ee
      kids = null
      levelObject = class java.util.logging.Level@76e91fa8
      levelValue = 800
      callersClassLoaderRef = class java.lang.ref.WeakReference@644c81ef
      isSystemLogger = false
      GLOBAL_LOGGER_NAME = "global"
      global = class java.util.logging.Logger@10651448
      $assertionsDisabled = true
    CLASS_NAME = "com.ibm.wsspi.webcontainer.collaborator.CollaboratorHelper"
    webApp = class com.ibm.ws.webcontainer31.osgi.webapp.WebApp31@2ac4547e
    securityCollaborator = class com.ibm.ws.webcontainer.collaborator.WebAppSecurityCollaborator@6a62850f
    nameSpaceCollaborator = class com.ibm.ws.webcontainer.osgi.collaborator.WebAppNameSpaceCollaboratorImpl@3a1506a3
    transactionCollaborator = class com.ibm.ws.webcontainer.collaborator.WebAppTransactionCollaborator@24440a4f
    connectionCollaborator = class com.ibm.ws.webcontainer.collaborator.ConnectionCollaborator@bd94325
    allCollabEnum = class java.util.RegularEnumSet@2efad54c
      serialVersionUID = 3411599620347842686
      elements = 511
      elementType = class java.lang.Class@21b246f8
      universe = class com.ibm.wsspi.webcontainer.collaborator.CollaboratorInvocationEnum[9]
      ZERO_LENGTH_ENUM_ARRAY = class java.lang.Enum[0]
      MAX_ARRAY_SIZE = 2147483639
    servlet_23_or_greater = true
    DEFER_SERVLET_REQUEST_LISTENER_DESTROY_ON_ERROR = false
  nServicing = class java.util.concurrent.atomic.AtomicInteger@1656759a
    serialVersionUID = 6214790243416807050
    unsafe = class sun.misc.Unsafe@2eb4c22a
      theUnsafe = class sun.misc.Unsafe@2eb4c22a
      INVALID_FIELD_OFFSET = -1
      ARRAY_BOOLEAN_BASE_OFFSET = 16
      ARRAY_BYTE_BASE_OFFSET = 16
      ARRAY_SHORT_BASE_OFFSET = 16
      ARRAY_CHAR_BASE_OFFSET = 16
      ARRAY_INT_BASE_OFFSET = 16
      ARRAY_LONG_BASE_OFFSET = 16
      ARRAY_FLOAT_BASE_OFFSET = 16
      ARRAY_DOUBLE_BASE_OFFSET = 16
      ARRAY_OBJECT_BASE_OFFSET = 16
      ARRAY_BOOLEAN_INDEX_SCALE = 1
      ARRAY_BYTE_INDEX_SCALE = 1
      ARRAY_SHORT_INDEX_SCALE = 2
      ARRAY_CHAR_INDEX_SCALE = 2
      ARRAY_INT_INDEX_SCALE = 4
      ARRAY_LONG_INDEX_SCALE = 8
      ARRAY_FLOAT_INDEX_SCALE = 4
      ARRAY_DOUBLE_INDEX_SCALE = 8
      ARRAY_OBJECT_INDEX_SCALE = 4
      ADDRESS_SIZE = 8
    valueOffset = 12
    value = 0
    serialVersionUID = -8742448824652078965
  lastAccessTime = 1489807772274
  state = -1
  logger = class com.ibm.ws.logging.internal.WsLogger@ec4714e
    tc = class com.ibm.websphere.ras.TraceComponent@4252e5d7
      strings[0] = "TraceComponent[com.ibm.ws.logging.internal.WsLogger,class com.ibm.ws.logging.internal.WsLogger,[logging],com.ibm.ws.logging.internal.resources.LoggingMessages,null]"
    ivCachedResourceBundleName = "com.ibm.ws.webcontainer.resources.Messages"
    ivCachedResourceBundle = class com.ibm.ws.webcontainer.resources.Messages_es@4654c200
      resources = class [Ljava.lang.Object;[332]
      lookup = class java.util.HashMap@44df54c5
      INITIAL_CACHE_SIZE = 32
      NONEXISTENT_BUNDLE = class java.util.ResourceBundle$1@1d73b1af
      cacheList = class java.util.concurrent.ConcurrentHashMap@25a76636
      referenceQueue = class java.lang.ref.ReferenceQueue@79658a4d
      parent = class com.ibm.ws.webcontainer.resources.Messages@4a9a57e6
      locale = class java.util.Locale@248c5986
      name = "com.ibm.ws.webcontainer.resources.Messages"
      expired = false
      cacheKey = class java.util.ResourceBundle$CacheKey@3ec267af
      keySet = null
      providers = null
      $assertionsDisabled = true
    ivComponent = null
    ivOrganization = null
    ivProduct = null
    ivMinimumLocalizationLevelIntValue = 625
    ivTC = class com.ibm.websphere.ras.TraceComponent@5da44508
      strings[0] = "TraceComponent[com.ibm.ws.webcontainer.servlet,class com.ibm.wsspi.webcontainer.logging.LoggerFactory$1,[com.ibm.ws.webcontainer.servlet],null,null]"
    loggerRegistrationComponent = class java.lang.ThreadLocal@53eb38ce
      threadLocalHashCode = -1992887715
      nextHashCode = class java.util.concurrent.atomic.AtomicInteger@6d6f67f1
      HASH_INCREMENT = 1640531527
    emptyHandlers = class java.util.logging.Handler[0]
    offValue = 2147483647
    SYSTEM_LOGGER_RB_NAME = "sun.util.logging.resources.logging"
    SYSTEM_BUNDLE = class java.util.logging.Logger$LoggerBundle@3721ce58
      resourceBundleName = "sun.util.logging.resources.logging"
      userBundle = null
    NO_RESOURCE_BUNDLE = class java.util.logging.Logger$LoggerBundle@22478542
      resourceBundleName = null
      userBundle = null
    manager = class com.ibm.ws.kernel.boot.logging.WsLogManager@6b6a1847
      CLASS_NAME = "com.ibm.ws.kernel.boot.logging.WsLogManager"
      CONFIGURE_BY_SERVER_PROPERTY_NAME = "java.util.logging.configureByServer"
      CONFIGURE_BY_LOGGING_PROPERTIES_FILE = "java.util.logging.configureByLoggingPropertiesFile"
      configureByServer = true
      configureByLoggingProperties = false
      wsLogger = class java.lang.reflect.Constructor@3e5af6a6
      resetEnabled = true
      manager = class com.ibm.ws.kernel.boot.logging.WsLogManager@6b6a1847
      props = class java.util.Properties@201b454b
      defaultLevel = class java.util.logging.Level@76e91fa8
      listenerMap = class java.util.HashMap@341c2374
      systemContext = class java.util.logging.LogManager$SystemLoggerContext@5d9a1c97
      userContext = class java.util.logging.LogManager$LoggerContext@6c4b6e1
      rootLogger = class java.util.logging.LogManager$RootLogger@7c0f8a6f
      readPrimordialConfiguration = true
      initializedGlobalHandlers = true
      deathImminent = false
      initializedCalled = true
      initializationDone = true
      contextsMap = null
      loggerRefQueue = class java.lang.ref.ReferenceQueue@295d0119
      MAX_ITERATIONS = 400
      controlPermission = class java.util.logging.LoggingPermission@242ede01
      loggingMXBean = null
      LOGGING_MXBEAN_NAME = "java.util.logging:type=Logging"
      $assertionsDisabled = true
    name = "com.ibm.ws.webcontainer.servlet"
    handlers = class java.util.concurrent.CopyOnWriteArrayList@61cd60ac
      serialVersionUID = 8673264195747942595
      lock = class java.util.concurrent.locks.ReentrantLock@16062883
      array = class java.lang.Object[0]
      UNSAFE = class sun.misc.Unsafe@2eb4c22a
      lockOffset = 12
    loggerBundle = class java.util.logging.Logger$LoggerBundle@58a731c3
      resourceBundleName = "com.ibm.ws.webcontainer.resources.Messages"
      userBundle = null
    useParentHandlers = true
    filter = null
    anonymous = false
    catalog = class com.ibm.ws.webcontainer.resources.Messages_es@4654c200
    catalogName = "com.ibm.ws.webcontainer.resources.Messages"
    catalogLocale = class java.util.Locale@7d4752ad
      LOCALECACHE = class java.util.Locale$Cache@8575ce
      ENGLISH = class java.util.Locale@18b8275f
      FRENCH = class java.util.Locale@5e3e1da7
      GERMAN = class java.util.Locale@736cf6d0
      ITALIAN = class java.util.Locale@58ecc676
      JAPANESE = class java.util.Locale@13790eb
      KOREAN = class java.util.Locale@2f4a664f
      CHINESE = class java.util.Locale@3b04df00
      SIMPLIFIED_CHINESE = class java.util.Locale@5e57160
      TRADITIONAL_CHINESE = class java.util.Locale@38e809ff
      FRANCE = class java.util.Locale@446c78b3
      GERMANY = class java.util.Locale@598d53e1
      ITALY = class java.util.Locale@77cd47c1
      JAPAN = class java.util.Locale@f921f36
      KOREA = class java.util.Locale@281c4797
      CHINA = class java.util.Locale@5e57160
      PRC = class java.util.Locale@5e57160
      TAIWAN = class java.util.Locale@38e809ff
      UK = class java.util.Locale@1b3d1b2e
      US = class java.util.Locale@6d3b4c7
      CANADA = class java.util.Locale@19a76084
      CANADA_FRENCH = class java.util.Locale@53cdacd8
      ROOT = class java.util.Locale@187f8a29
      PRIVATE_USE_EXTENSION = x
      UNICODE_LOCALE_EXTENSION = u
      serialVersionUID = 9149081749638150636
      DISPLAY_LANGUAGE = 0
      DISPLAY_COUNTRY = 1
      DISPLAY_VARIANT = 2
      DISPLAY_SCRIPT = 3
      baseLocale = class sun.util.locale.BaseLocale@53d38e83
      localeExtensions = null
      hashCodeValue = 96770468
      defaultLocale = class java.util.Locale@7d4752ad
      defaultDisplayLocale = null
      defaultFormatLocale = class java.util.Locale@6d3b4c7
      languageTag = "es-ES"
      serialPersistentFields = class java.io.ObjectStreamField[6]
      isoLanguages = null
      isoCountries = null
      $assertionsDisabled = true
    treeLock = class java.lang.Object@778595a9
    parent = class com.ibm.ws.logging.internal.WsLogger@16cd9bb3
      tc = class com.ibm.websphere.ras.TraceComponent@4252e5d7
      ivCachedResourceBundleName = "com.ibm.ws.webcontainer.resources.Messages"
      ivCachedResourceBundle = class com.ibm.ws.webcontainer.resources.Messages_es@4654c200
      ivComponent = null
      ivOrganization = null
      ivProduct = null
      ivMinimumLocalizationLevelIntValue = 625
      ivTC = class com.ibm.websphere.ras.TraceComponent@753c6fd
      loggerRegistrationComponent = class java.lang.ThreadLocal@53eb38ce
      emptyHandlers = class java.util.logging.Handler[0]
      offValue = 2147483647
      SYSTEM_LOGGER_RB_NAME = "sun.util.logging.resources.logging"
      SYSTEM_BUNDLE = class java.util.logging.Logger$LoggerBundle@3721ce58
      NO_RESOURCE_BUNDLE = class java.util.logging.Logger$LoggerBundle@22478542
      manager = class com.ibm.ws.kernel.boot.logging.WsLogManager@6b6a1847
      name = "com.ibm.ws.webcontainer"
      handlers = class java.util.concurrent.CopyOnWriteArrayList@41e8454a
      loggerBundle = class java.util.logging.Logger$LoggerBundle@d59f830
      useParentHandlers = true
      filter = null
      anonymous = false
      catalog = class com.ibm.ws.webcontainer.resources.Messages_es@4654c200
      catalogName = "com.ibm.ws.webcontainer.resources.Messages"
      catalogLocale = class java.util.Locale@7d4752ad
      treeLock = class java.lang.Object@778595a9
      parent = class java.util.logging.Logger@50d20894
      kids = class java.util.ArrayList@4428975d
      levelObject = class java.util.logging.Level@76e91fa8
      levelValue = 800
      callersClassLoaderRef = class java.lang.ref.WeakReference@1699c47c
      isSystemLogger = false
      GLOBAL_LOGGER_NAME = "global"
      global = class java.util.logging.Logger@10651448
      $assertionsDisabled = true
    kids = null
    levelObject = class java.util.logging.Level@76e91fa8
      defaultBundle = "sun.util.logging.resources.logging"
      name = "INFO"
      value = 800
      resourceBundleName = "sun.util.logging.resources.logging"
      localizedLevelName = "INFORMACIÓN"
      cachedLocale = class java.util.Locale@7d4752ad
      OFF = class java.util.logging.Level@66c8c6cd
      SEVERE = class java.util.logging.Level@424a69f5
      WARNING = class java.util.logging.Level@3bf0f99e
      INFO = class java.util.logging.Level@76e91fa8
      CONFIG = class java.util.logging.Level@7ea285b5
      FINE = class java.util.logging.Level@5efcca02
      FINER = class java.util.logging.Level@4fe805e9
      FINEST = class java.util.logging.Level@73683983
      ALL = class java.util.logging.Level@190d8576
      serialVersionUID = -8176160795706313070
    levelValue = 800
    callersClassLoaderRef = class java.lang.ref.WeakReference@317cf9e2
      referent = class org.eclipse.osgi.internal.loader.EquinoxClassLoader@a69eb
      queue = class java.lang.ref.ReferenceQueue$Null@158e60fc
      next = null
      discovered = null
      lock = class java.lang.ref.Reference$Lock@41bd7e2e
      pending = null
    isSystemLogger = false
    GLOBAL_LOGGER_NAME = "global"
    global = class java.util.logging.Logger@10651448
      emptyHandlers = class java.util.logging.Handler[0]
      offValue = 2147483647
      SYSTEM_LOGGER_RB_NAME = "sun.util.logging.resources.logging"
      SYSTEM_BUNDLE = class java.util.logging.Logger$LoggerBundle@3721ce58
      NO_RESOURCE_BUNDLE = class java.util.logging.Logger$LoggerBundle@22478542
      manager = class com.ibm.ws.kernel.boot.logging.WsLogManager@6b6a1847
      name = "global"
      handlers = class java.util.concurrent.CopyOnWriteArrayList@7fe17db
      loggerBundle = class java.util.logging.Logger$LoggerBundle@22478542
      useParentHandlers = true
      filter = null
      anonymous = false
      catalog = null
      catalogName = null
      catalogLocale = null
      treeLock = class java.lang.Object@778595a9
      parent = class java.util.logging.Logger@50d20894
      kids = null
      levelObject = null
      levelValue = 800
      callersClassLoaderRef = null
      isSystemLogger = true
      GLOBAL_LOGGER_NAME = "global"
      global = class java.util.logging.Logger@10651448
      $assertionsDisabled = true
    $assertionsDisabled = true
  CLASS_NAME = "com.ibm.ws.webcontainer.servlet.ServletWrapper"
  nls = class com.ibm.ejs.ras.TraceNLS@6821922e
    resolver = class com.ibm.ws.logging.internal.TraceNLSResolver@2bd9af44
      tc = class com.ibm.websphere.ras.TraceComponent@1edf1c96
      DEBUG_TRACE_NLS_PROPERTY = "com.ibm.ejs.ras.debugTraceNLSResolver"
      debugTraceNLSResolver = false
      makeNoise = false
      nullKey = "null"
      svNullBundleName = "Resource Bundle name is null, key = {0}"
      svBundleNotLoaded = "Unable to load ResourceBundle {0}"
      svNullKeyMessage = "Null key passed while using ResourceBundle {0}"
      svMalformedMessage = "No message text associated with key {0} in bundle {1}"
    finder = null
    ivBundleName = "com.ibm.ws.webcontainer.resources.Messages"
    caller = class java.lang.Class@2f492959
      ANNOTATION = 8192
      ENUM = 16384
      SYNTHETIC = 4096
      cachedConstructor = null
      newInstanceCallerCache = null
      name = null
      allPermDomain = class java.security.ProtectionDomain@255f53e6
      useCaches = true
      reflectionData = class java.lang.ref.SoftReference@247bfe7a
      classRedefinedCount = 0
      genericInfo = null
      serialVersionUID = 3206093459760846163
      serialPersistentFields = class java.io.ObjectStreamField[0]
      reflectionFactory = class sun.reflect.ReflectionFactory@17d9aab3
      initted = true
      enumConstants = null
      enumConstantDirectory = null
      annotationData = class java.lang.Class$AnnotationData@48464c39
      annotationType = null
      classValueMap = null
  servletConfig = class com.ibm.ws.webcontainer.servlet.ServletConfig@7a57daf0
    logger = class com.ibm.ws.logging.internal.WsLogger@ec4714e
    CLASS_NAME = "com.ibm.ws.webcontainer.servlet.ServletConfig"
    nls = class com.ibm.ejs.ras.TraceNLS@35ab931b
      resolver = class com.ibm.ws.logging.internal.TraceNLSResolver@2bd9af44
      finder = null
      ivBundleName = "com.ibm.ws.webcontainer.resources.Messages"
      caller = class java.lang.Class@d96055e
    liberty_nls = class com.ibm.ejs.ras.TraceNLS@1da2ead3
      resolver = class com.ibm.ws.logging.internal.TraceNLSResolver@2bd9af44
      finder = null
      ivBundleName = "com.ibm.ws.webcontainer.resources.LShimMessages"
      caller = class java.lang.Class@d96055e
    enabled = true
    servletName = "mvc-dispatcher"
    className = "org.springframework.web.servlet.DispatcherServlet"
    mappings = class java.util.ArrayList@18a46786
      serialVersionUID = 8683452581122892189
      DEFAULT_CAPACITY = 10
      EMPTY_ELEMENTDATA = class java.lang.Object[0]
      DEFAULTCAPACITY_EMPTY_ELEMENTDATA = class java.lang.Object[0]
      elementData = class java.lang.Object[10]
      size = 5
      MAX_ARRAY_SIZE = 2147483639
      modCount = 5
      MAX_ARRAY_SIZE = 2147483639
    startUpWeight = 1
    DEFAULT_STARTUP = -1
    isCachingEnabled = true
    isStatisticsEnabled = true
    isInternal = false
    metaData = class com.ibm.ws.webcontainer.osgi.metadata.WebComponentMetaDataImpl@76175037
      j2eeName = class com.ibm.ws.container.service.metadata.internal.J2EENameImpl@485d3880
      webModuleMetaData = class com.ibm.ws.webcontainer.osgi.metadata.WebModuleMetaDataImpl@7ad6bb0d
      mBeanServiceReg = null
      tc = class com.ibm.websphere.ras.TraceComponent@7313a429
      NUM_STATIC_SLOTS = 4
      ID_UNINITIALIZED = -1
      id = 2
      metaDataInterface = class java.lang.Class@72ff816d
      staticSlots = class java.lang.Object[4]
      dynamicSlots = null
    singleThreadModelServlet = false
    isJsp = false
    webAppConfig = class com.ibm.ws.webcontainer.osgi.webapp.WebAppConfiguration@599ac8a
      webModuleMetaData = class com.ibm.ws.webcontainer.osgi.metadata.WebModuleMetaDataImpl@7ad6bb0d
      webComponentMetaData = class com.ibm.ws.webcontainer.osgi.metadata.WebComponentMetaDataImpl@35fcbb2f
      dVirtualHost = class com.ibm.ws.webcontainer.osgi.DynamicVirtualHost@29312ed5
      orderedLibPaths = class java.util.Collections$UnmodifiableRandomAccessList@4925cc0
      bundleHeaders = null
      cdiEnabled = false
      CLASS_NAME = "com.ibm.ws.webcontainer.webapp.WebAppConfiguration"
      logger = class com.ibm.ws.logging.internal.WsLogger@773a37e3
      tc = class com.ibm.websphere.ras.TraceComponent@558cc249
      nls = class com.ibm.ejs.ras.TraceNLS@70ab9231
      version = 31
      contextRoot = "/SpringTest"
      sessionTimeout = 0
      moduleSessionTimeoutSet = false
      moduleSessionTrackingModeSet = false
      sessionCookieConfig = class com.ibm.ws.session.SessionCookieConfigImpl@3dbc4628
      hasProgrammaticCookieConfig = false
      sessionDefaultTrackingModeSet = class java.util.RegularEnumSet@41672621
      sessionManagerConfig = class com.ibm.ws.session.SessionManagerConfig@e26f3d3
      displayName = "Spring2Project"
      description = null
      reloadInterval = 0
      distributable = false
      denyUncoveredHttpMethods = false
      reloadingEnabled = false
      serveServletsByClassnameEnabled = null
      defaultErrorPage = null
      additionalClassPath = null
      fileServingEnabled = null
      directoryBrowsingEnabled = null
      autoRequestEncoding = false
      autoResponseEncoding = false
      autoLoadFilters = false
      requestListeners = null
      requestAttributeListeners = null
      sessionListeners = null
      localeMap = null
      moduleName = "SpringTest"
      j2eeModuleName = "SpringTest.war"
      moduleId = null
      isSyncToThreadEnabled = false
      encodeDispatchedRequestURI = false
      isSystemApp = false
      ardEnabled = false
      ardDispatchType = null
      listeners = class java.util.ArrayList@5ed314fb
      welcomeFileList = class java.util.ArrayList@101840f
      servletMappings = class java.util.HashMap@792fec20
      lastIndexBeforeDeclaredFilters = 0
      filterMappings = class java.util.ArrayList@40ae20bd
      servletInfo = class java.util.HashMap@69c809f
      filterInfo = class java.util.HashMap@b304dbf
      mimeMappings = class java.util.HashMap@df8ee15
      mimeFilters = null
      isMimeFilteringEnabled = false
      theWebGroup = null
      jspAttributes = class java.util.HashMap@3ce29cdf
      fileServingAttributes = class java.util.HashMap@5e187ba4
      invokerAttributes = class java.util.HashMap@57cc986d
      contextParams = class java.util.HashMap@1d0e4cc7
      virtualHost = "default_host"
      exceptionErrorPages = class java.util.HashMap@35223fdd
      codeErrorPages = class java.util.HashMap@287ab786
      tagLibList = null
      precompileJsps = false
      webApp = class com.ibm.ws.webcontainer31.osgi.webapp.WebApp31@2ac4547e
      virtualHostList = class java.util.Collections$EmptyList@5039ff22
      appStartupWeight = 0
      moduleStartupWeight = 0
      metaDataComplete = false
      classesToScan = class java.util.ArrayList@1bc64d14
      uriFilterMappingInfos = null
      servletFilterMappingInfos = null
      dynamicServletRegistrationMap = null
      applicationName = "SpringTest"
      libBinPathList = null
      webXmlDefinedListeners = class java.util.HashSet@744142df
      allRefs = class java.util.EnumMap@5039475d
      allRefBindings = class java.util.EnumMap@2d021c5b
      envEntryValues = class java.util.HashMap@4055a02
      resourceRefConfigList = null
      disallowAllFileServingProp = "false"
      disallowServeServletsByClassnameProp = "true"
      disableStaticMappingCache = false
      jspCachedLocations = class java.util.HashMap@7a2ca7e7
      primedSTSHeader = "NoValue"
      _id = "WebAppGeneratedId2"
      _attributes = null
      serialVersionUID = 7511545662945734886
      $$$tc$$$ = class com.ibm.websphere.ras.TraceComponent@5bcf002c
    servletWrapper = class com.ibm.ws.webcontainer.osgi.servlet.ServletWrapper@3eea40e0
    servletClass = null
    servlet = null
    addedToLoadOnStartup = true
    previousWeight = null
    multipartConfig = null
    multipartConfigBaseLocation = null
    runAsRole = null
    servletSecurityElement = null
    declareRolesAnnotation = null
    logger = class com.ibm.ws.logging.internal.WsLogger@ec4714e
    CLASS_NAME = "com.ibm.ws.webcontainer.servlet.TargetConfig"
    initParams = class java.util.HashMap@4c06aadc
      serialVersionUID = 362498820763181265
      DEFAULT_INITIAL_CAPACITY = 16
      MAXIMUM_CAPACITY = 1073741824
      DEFAULT_LOAD_FACTOR = 0.75
      TREEIFY_THRESHOLD = 8
      UNTREEIFY_THRESHOLD = 6
      MIN_TREEIFY_CAPACITY = 64
      table = class java.util.HashMap$Node[16]
      entrySet = null
      size = 1
      modCount = 1
      threshold = 12
      loadFactor = 0.75
      keySet = class java.util.HashMap$KeySet@704483b
      values = null
    fileName = null
    displayName = null
    name = "mvc-dispatcher"
    description = null
    smallIcon = null
    largeIcon = null
    context = class com.ibm.ws.webcontainer31.facade.ServletContextFacade31@7697e825
    className = null
    asyncSupported = false
    _id = "ServletGeneratedId1"
    _attributes = null
    serialVersionUID = 7511545662945734886
    $$$tc$$$ = class com.ibm.websphere.ras.TraceComponent@5bcf002c
      strings[0] = "TraceComponent[com.ibm.ws.container.BaseConfiguration,class com.ibm.ws.container.BaseConfiguration,[],null,null]"
  context = class com.ibm.ws.webcontainer31.osgi.webapp.WebApp31@2ac4547e
    tc = class com.ibm.websphere.ras.TraceComponent@45a73cb9
      strings[0] = "TraceComponent[com.ibm.ws.webcontainer31.osgi.webapp.WebApp31,class com.ibm.ws.webcontainer31.osgi.webapp.WebApp31,[webcontainer],com.ibm.ws.webcontainer31.resources.Messages,null]"
    CLASS_NAME = "com.ibm.ws.webcontainer31.osgi.webapp.WebApp31"
    servlet31NLS = class com.ibm.ejs.ras.TraceNLS@5101a8dd
      resolver = class com.ibm.ws.logging.internal.TraceNLSResolver@2bd9af44
      finder = null
      ivBundleName = "com.ibm.ws.webcontainer31.resources.Messages"
      caller = class java.lang.Class@31007121
    validListenerClasses = class java.lang.Class[7]
      validListenerClasses[0] = class java.lang.Class@8190e4
      validListenerClasses[1] = class java.lang.Class@537615d9
      validListenerClasses[2] = class java.lang.Class@26e6ec53
      validListenerClasses[3] = class java.lang.Class@79fb491b
      validListenerClasses[4] = class java.lang.Class@7571f070
      validListenerClasses[5] = class java.lang.Class@164aebda
      validListenerClasses[6] = class java.lang.Class@7df1934
    wsocServHandler = null
    tc = class com.ibm.websphere.ras.TraceComponent@61abe05
      strings[0] = "TraceComponent[com.ibm.ws.webcontainer.osgi.webapp.WebApp,class com.ibm.ws.webcontainer.osgi.webapp.WebApp,[webcontainer],com.ibm.ws.webcontainer.resources.LShimMessages,null]"
    CLASS_NAME = "com.ibm.ws.webcontainer.osgi.webapp.WebApp"
    metaDataService = class com.ibm.ws.container.service.metadata.internal.MetaDataServiceImpl@19c85397
      applicationMetaDataManager = class com.ibm.ws.container.service.metadata.internal.ApplicationMetaDataManager@2e36a810
      moduleMetaDataManager = class com.ibm.ws.container.service.metadata.internal.ModuleMetaDataManager@154068ef
      componentMetaDataManager = class com.ibm.ws.container.service.metadata.internal.ComponentMetaDataManager@42d325fd
      methodMetaDataManager = class com.ibm.ws.container.service.metadata.internal.MethodMetaDataManager@31016647
      appModuleNameToModuleContainer = class java.util.concurrent.ConcurrentHashMap@2aec2e5f
      jeeNameToComponentMetaData = class java.util.concurrent.ConcurrentHashMap@3c7d3cfd
      deferredMetaDataFactories = class com.ibm.wsspi.kernel.service.utils.ConcurrentServiceReferenceSet@675a1a42
      deferredMetaDataInitializers = class com.ibm.wsspi.kernel.service.utils.ConcurrentServiceReferenceMap@5dd37bb0
      serialVersionUID = -2494605732980966097
      $$$tc$$$ = class com.ibm.websphere.ras.TraceComponent@5fbd2591
    namespacePopulated = false
    referenceContext = class com.ibm.ws.injectionengine.osgi.internal.OSGiReferenceContextImpl@4b90f089
      scopeData = class com.ibm.ws.injectionengine.osgi.internal.OSGiInjectionScopeData@7b37b635
      serialVersionUID = 521511923892134915
      $$$tc$$$ = class com.ibm.websphere.ras.TraceComponent@75150686
      CLASS_NAME = "com.ibm.ws.injectionengine.ReferenceContextImpl"
      tc = class com.ibm.ejs.ras.TraceComponent@2b3043fe
      ivInjectionEngine = class com.ibm.ws.injectionengine.osgi.internal.OSGiInjectionEngineImpl@55a5bf77
      ivProviders = class java.util.ArrayList@60351450
      ivComponentJavaContext = null
      ivComponentNameSpace = null
      ivJavaColonCompEnvMap = class java.util.LinkedHashMap@5de82cc9
      ivEjbContext10 = class java.util.Properties@7393a83c
      ivResourceRefConfigList = null
      isAlreadyProcessed = true
      ivProcessFailure = null
      ivInjectionTargetMap = class java.util.concurrent.ConcurrentHashMap@6c1f2a36
      ivDeclaredInjectionTargets = class java.util.HashMap@24c03471
      ivProcessedInjectionClasses = class java.util.HashSet@38d2ca44
      ivProcessedInjectionBindings = class java.util.ArrayList@56ee572a
      ivAnyProcessDynamic = false
      ivCheckAppConfig = false
    j2eeNameFactory = class com.ibm.ws.container.service.metadata.internal.J2EENameFactoryImpl@45d35733
      serialVersionUID = 3486344295038028821
      $$$tc$$$ = class com.ibm.websphere.ras.TraceComponent@419acacf
    moduleLoader = class com.ibm.ws.classloading.internal.AppClassLoader@3ee80c54
      tc = class com.ibm.websphere.ras.TraceComponent@3dec7b3d
      PARENT_FIRST_SEARCH_ORDER = class java.util.Collections$UnmodifiableRandomAccessList@43c9746a
      CLASS_LOADING_TRACE_PREFIX = "com.ibm.ws.class.load."
      DEFAULT_PACKAGE = "default.package"
      perPackageClassLoadingTraceComponents = class java.util.concurrent.ConcurrentHashMap@255056be
      config = class com.ibm.ws.classloading.internal.ClassLoaderConfigurationImpl@37d01bce
      privateLibraries = null
      delegateLoaders = class com.ibm.ws.classloading.internal.util.CompositeIterable@42fa38bb
      nativeLibraryFiles = class java.util.ArrayList@765f571e
      transformers = class java.util.ArrayList@511d0acd
      apiAccess = class com.ibm.ws.classloading.internal.GatewayClassLoader@5bae143c
      generator = class com.ibm.ws.classloading.internal.ClassGeneratorManager@1c2ee061
      protectionDomains = class java.util.concurrent.ConcurrentHashMap@6624654b
      parent = class com.ibm.ws.classloading.internal.GatewayClassLoader@5bae143c
      serialVersionUID = -2240525179349384666
      tc = class com.ibm.websphere.ras.TraceComponent@2309d7bc
      EMPTY_URL_ARRAY = class java.net.URL[0]
      smartClassPath = class com.ibm.ws.classloading.internal.ContainerClassLoader$SmartClassPathImpl@7588b6d4
      nativeLibraryContainers = class java.util.ArrayList@7963e8dc
      redefiner = class com.ibm.ws.classloading.internal.util.ClassRedefiner@11b2a7b0
      mapCreationQueue = class java.util.concurrent.Executors$FinalizableDelegatedExecutorService@1bc8d5b5
      serialVersionUID = 7249739282446266343
      serialVersionUID = -7411549862368381758
      $$$tc$$$ = class com.ibm.websphere.ras.TraceComponent@10df74
      serialVersionUID = -4868702105808481416
      $$$tc$$$ = class com.ibm.websphere.ras.TraceComponent@5ea217e3
      serialVersionUID = 2596921220292114344
      $$$tc$$$ = class com.ibm.websphere.ras.TraceComponent@7dc636d6
      initialized = true
      pdcache = class java.util.HashMap@4091de5f
      debug = null
      parent = class com.ibm.ws.classloading.internal.GatewayClassLoader@5bae143c
      parallelLockMap = null
      package2certs = class java.util.Hashtable@5dae53b
      nocerts = class java.security.cert.Certificate[0]
      classes = class java.util.Vector@3554cd42
      defaultDomain = class java.security.ProtectionDomain@5397f63c
      domains = class java.util.HashSet@1d3ab937
      packages = class java.util.HashMap@4f1b6496
      scl = class sun.misc.Launcher$AppClassLoader@18b4aac2
      sclSet = true
      loadedLibraryNames = class java.util.Vector@9df7798
      systemNativeLibraries = class java.util.Vector@266638f0
      nativeLibraries = class java.util.Vector@5c368eea
      nativeLibraryContext = class java.util.Stack@35b63f02
      usr_paths = class java.lang.String[41]
      sys_paths = class java.lang.String[1]
      assertionLock = class com.ibm.ws.classloading.internal.AppClassLoader@3ee80c54
      defaultAssertionStatus = false
      packageAssertionStatus = null
      classAssertionStatus = null
    webAppConfig = class com.ibm.ws.webcontainer.osgi.webapp.WebAppConfiguration@599ac8a
    extensionProcessingDisabled = false
    managedObjectService = class com.ibm.ws.managedobject.internal.ManagedObjectServiceImpl@bdb5ff5
      serialVersionUID = 2287241231190391755
      $$$tc$$$ = class com.ibm.websphere.ras.TraceComponent@1af849da
    GenPluginCfgMB = null
    internalServletMetaData = interface com.ibm.wsspi.webcontainer.metadata.WebComponentMetaData[2]
      internalServletMetaData[0] = null
      internalServletMetaData[1] = null
    loginProcessor = null
    logoutProcessor = null
    collabHelper = class com.ibm.ws.webcontainer.osgi.collaborator.CollaboratorHelperImpl@6efd63c1
    envObject = class com.ibm.ws.util.WSThreadLocal@7a1542e0
      tc = class com.ibm.ejs.ras.TraceComponent@b20a3a1
      count = 5
      index = 1
      SUSPECTED_MISUSAGE_THRESHOLD = 200
      threadLocalHashCode = 596801571
      nextHashCode = class java.util.concurrent.atomic.AtomicInteger@6d6f67f1
      HASH_INCREMENT = 1640531527
    orderedLibPaths = class java.util.Collections$UnmodifiableRandomAccessList@4925cc0
      serialVersionUID = -2542308836966382001
      serialVersionUID = -283967356065247728
      list = class java.util.ArrayList@36672030
      serialVersionUID = 1820017752578914078
      c = class java.util.ArrayList@36672030
    perm = class com.ibm.websphere.security.WebSphereRuntimePermission@67967191
      serialVersionUID = -3306242789188168337
      $$$tc$$$ = class com.ibm.websphere.ras.TraceComponent@145ae483
      serialVersionUID = 6279438298436773498
      wildcard = false
      path = "accessServletContext"
      exitVM = false
      serialVersionUID = -5636570222231596674
      name = "accessServletContext"
    WELCOME_FILE_LIST = "com.ibm.ws.webcontainer.config.WelcomeFileList"
    DIR_BROWSING_MAPPING = "__dirBrowsing__1489807569504"
    FILTER_PROXY_MAPPING = "/__filterProxy__1489807569504"
    logger = class com.ibm.ws.logging.internal.WsLogger@773a37e3
      tc = class com.ibm.websphere.ras.TraceComponent@4252e5d7
      ivCachedResourceBundleName = "com.ibm.ws.webcontainer.resources.Messages"
      ivCachedResourceBundle = class com.ibm.ws.webcontainer.resources.Messages_es@4654c200
      ivComponent = null
      ivOrganization = null
      ivProduct = null
      ivMinimumLocalizationLevelIntValue = 625
      ivTC = class com.ibm.websphere.ras.TraceComponent@647def35
      loggerRegistrationComponent = class java.lang.ThreadLocal@53eb38ce
      emptyHandlers = class java.util.logging.Handler[0]
      offValue = 2147483647
      SYSTEM_LOGGER_RB_NAME = "sun.util.logging.resources.logging"
      SYSTEM_BUNDLE = class java.util.logging.Logger$LoggerBundle@3721ce58
      NO_RESOURCE_BUNDLE = class java.util.logging.Logger$LoggerBundle@22478542
      manager = class com.ibm.ws.kernel.boot.logging.WsLogManager@6b6a1847
      name = "com.ibm.ws.webcontainer.webapp"
      handlers = class java.util.concurrent.CopyOnWriteArrayList@552fbbff
      loggerBundle = class java.util.logging.Logger$LoggerBundle@6c419335
      useParentHandlers = true
      filter = null
      anonymous = false
      catalog = class com.ibm.ws.webcontainer.resources.Messages_es@4654c200
      catalogName = "com.ibm.ws.webcontainer.resources.Messages"
      catalogLocale = class java.util.Locale@7d4752ad
      treeLock = class java.lang.Object@778595a9
      parent = class com.ibm.ws.logging.internal.WsLogger@16cd9bb3
      kids = null
      levelObject = class java.util.logging.Level@76e91fa8
      levelValue = 800
      callersClassLoaderRef = class java.lang.ref.WeakReference@482874d9
      isSystemLogger = false
      GLOBAL_LOGGER_NAME = "global"
      global = class java.util.logging.Logger@10651448
      $assertionsDisabled = true
    CLASS_NAME = "com.ibm.ws.webcontainer.webapp.WebApp"
    loader = class com.ibm.ws.classloading.internal.ThreadContextClassLoader@703bef
    facade = class com.ibm.ws.webcontainer31.facade.ServletContextFacade31@7697e825
    features = class java.util.ArrayList@2a29af74
      serialVersionUID = 8683452581122892189
      DEFAULT_CAPACITY = 10
      EMPTY_ELEMENTDATA = class java.lang.Object[0]
      DEFAULTCAPACITY_EMPTY_ELEMENTDATA = class java.lang.Object[0]
      elementData = class java.lang.Object[0]
      size = 0
      MAX_ARRAY_SIZE = 2147483639
      modCount = 0
      MAX_ARRAY_SIZE = 2147483639
    applicationName = "SpringTest"
    config = class com.ibm.ws.webcontainer.osgi.webapp.WebAppConfiguration@599ac8a
    securityEnabledForApp = null
    webExtensionProcessor = class com.ibm.ws.webcontainer.osgi.extension.WebExtensionProcessor@4495a9d9
      webApp = class com.ibm.ws.webcontainer31.osgi.webapp.WebApp31@2ac4547e
      extensionContext = class com.ibm.ws.webcontainer31.osgi.webapp.WebApp31@2ac4547e
    production = true
    isServlet23 = true
    contextPath = "/SpringTest"
    internalServletList = class [Ljava.lang.String;[2]
      internalServletList[0] = class java.lang.String[2]
      internalServletList[1] = class java.lang.String[2]
    BY_NAME_ONLY = "/_1489807760400_/"
    filterManager = null
    documentRoot = null
    SERVLET_API_VERSION = "Servlet 2.5"
    disableServletAuditLogging = 0
    serverInfo = "IBM WebSphere Liberty/16.0.0.4"
    sessionCtx = class com.ibm.ws.webcontainer31.session.impl.HttpSessionContext31Impl@328ab05e
      methodClassName = "HttpSessionContextImpl"
      _smc = class com.ibm.ws.session.SessionManagerConfig@e26f3d3
      sessionStoreService = null
      _sap = class com.ibm.ws.session.SessionApplicationParameters@6ceca525
      _coreHttpSessionManager = class com.ibm.ws.session.SessionManager@445378c
      _coreHttpAppSessionManager = null
      _sam = class com.ibm.ws.webcontainer.session.impl.SessionAffinityManagerImpl@5146f4c7
      isSIPApplication = false
      sessionAttributeListener = false
      sessionListener = false
      mHttpSessionAttributeListeners = class java.util.ArrayList@13480ba9
      mHttpSessionListeners = class java.util.ArrayList@1a844168
      mHttpSessionIdListeners = class java.util.ArrayList@37d0ece3
      mHttpSessionAttributeListenersJ2eeNames = class java.util.ArrayList@51d6d612
      mHttpSessionListenersJ2eeNames = class java.util.ArrayList@2908ac2
      mHttpSessionIdListenersJ2eeNames = class java.util.ArrayList@3a2704f9
      mLocalHost = null
      _refCount = 1
      currentThreadSacHashtable = null
      methodClassName = "SessionContext"
      ANONYMOUS_USER = "anonymous"
      wasHttpSessionObserver = class com.ibm.ws.session.WasHttpSessionObserver@aa040aa
      wasHttpSessionAttributeObserver = null
      _invalidator = class com.ibm.ws.session.SessionInvalidatorWithThreadPool@6d2161aa
      _storer = class com.ibm.ws.session.EOSSessionStorer@6b612056
      wasHttpAppSessionObserver = null
      mHttpAppSessionListeners = null
      cmvcInfo = "CMVC Version 1.9 6/24/07 11:12:24"
      _loggedVersion = true
      CREATE_CORE_SESSION_MANAGER = 0
      GET_REQUESTED_SESSION_ID = 1
      GET_IHTTP_SESSION = 2
      SESSION_PRE_INVOKE = 3
      SESSION_POST_INVOKE = 4
      STOP = 5
      STOP_LISTENERS = 6
      IS_VALID = 7
      ENCODE_URL = 8
      SHOULD_ENCODE_URL = 9
      IS_PROTOCOL_SWITCH = 10
      GET_LOCAL_HOST = 11
      ADD_HTTP_SESSION_ATTRIBUTE_LISTENER = 12
      ADD_HTTP_SESSION_LISTENER = 13
      GET_SESSION_AFFINITY_CONTEXT = 14
      CHECK_SECURITY = 15
      INVALIDATE = 16
      CHECK_SESSSIONID_IS_RIGHT_LENGTH = 17
      LOCK_SESSION = 18
      UNLOCK_SESSION = 19
      ADD_HTTP_SESSION_ID_LISTENER = 20
      methodNames = class java.lang.String[21]
    eventSource = class com.ibm.ws.webcontainer.webapp.WebAppEventSource@5b8e979d
    nls = class com.ibm.ejs.ras.TraceNLS@6d3a612
      resolver = class com.ibm.ws.logging.internal.TraceNLSResolver@2bd9af44
      finder = null
      ivBundleName = "com.ibm.ws.webcontainer.resources.Messages"
      caller = class java.lang.Class@4e0bc6f6
    liberty_nls = class com.ibm.ejs.ras.TraceNLS@6aecf04f
      resolver = class com.ibm.ws.logging.internal.TraceNLSResolver@2bd9af44
      finder = null
      ivBundleName = "com.ibm.ws.webcontainer.resources.LShimMessages"
      caller = class java.lang.Class@4e0bc6f6
    error_nls = class com.ibm.ejs.ras.TraceNLS@2535273b
      resolver = class com.ibm.ws.logging.internal.TraceNLSResolver@2bd9af44
      finder = null
      ivBundleName = "com.ibm.ws.webcontainer.resources.ErrorPage"
      caller = class java.lang.Class@4e0bc6f6
    sessionListeners = class java.util.ArrayList@55bffb74
      serialVersionUID = 8683452581122892189
      DEFAULT_CAPACITY = 10
      EMPTY_ELEMENTDATA = class java.lang.Object[0]
      DEFAULTCAPACITY_EMPTY_ELEMENTDATA = class java.lang.Object[0]
      elementData = class java.lang.Object[0]
      size = 0
      MAX_ARRAY_SIZE = 2147483639
      modCount = 1
      MAX_ARRAY_SIZE = 2147483639
    sessionIdListeners = class java.util.ArrayList@3c8d5b7b
      serialVersionUID = 8683452581122892189
      DEFAULT_CAPACITY = 10
      EMPTY_ELEMENTDATA = class java.lang.Object[0]
      DEFAULTCAPACITY_EMPTY_ELEMENTDATA = class java.lang.Object[0]
      elementData = class java.lang.Object[0]
      size = 0
      MAX_ARRAY_SIZE = 2147483639
      modCount = 0
      MAX_ARRAY_SIZE = 2147483639
    sessionAttrListeners = class java.util.ArrayList@5c673241
      serialVersionUID = 8683452581122892189
      DEFAULT_CAPACITY = 10
      EMPTY_ELEMENTDATA = class java.lang.Object[0]
      DEFAULTCAPACITY_EMPTY_ELEMENTDATA = class java.lang.Object[0]
      elementData = class java.lang.Object[0]
      size = 0
      MAX_ARRAY_SIZE = 2147483639
      modCount = 1
      MAX_ARRAY_SIZE = 2147483639
    addedSessionListeners = class java.util.ArrayList@3b8871d3
      serialVersionUID = 8683452581122892189
      DEFAULT_CAPACITY = 10
      EMPTY_ELEMENTDATA = class java.lang.Object[0]
      DEFAULTCAPACITY_EMPTY_ELEMENTDATA = class java.lang.Object[0]
      elementData = class java.lang.Object[0]
      size = 0
      MAX_ARRAY_SIZE = 2147483639
      modCount = 0
      MAX_ARRAY_SIZE = 2147483639
    addedSessionAttrListeners = class java.util.ArrayList@11c6598d
      serialVersionUID = 8683452581122892189
      DEFAULT_CAPACITY = 10
      EMPTY_ELEMENTDATA = class java.lang.Object[0]
      DEFAULTCAPACITY_EMPTY_ELEMENTDATA = class java.lang.Object[0]
      elementData = class java.lang.Object[0]
      size = 0
      MAX_ARRAY_SIZE = 2147483639
      modCount = 0
      MAX_ARRAY_SIZE = 2147483639
    servletContextListeners = class java.util.ArrayList@47c69e4d
      serialVersionUID = 8683452581122892189
      DEFAULT_CAPACITY = 10
      EMPTY_ELEMENTDATA = class java.lang.Object[0]
      DEFAULTCAPACITY_EMPTY_ELEMENTDATA = class java.lang.Object[0]
      elementData = class java.lang.Object[10]
      size = 1
      MAX_ARRAY_SIZE = 2147483639
      modCount = 2
      MAX_ARRAY_SIZE = 2147483639
    servletContextLAttrListeners = class java.util.ArrayList@225649ce
      serialVersionUID = 8683452581122892189
      DEFAULT_CAPACITY = 10
      EMPTY_ELEMENTDATA = class java.lang.Object[0]
      DEFAULTCAPACITY_EMPTY_ELEMENTDATA = class java.lang.Object[0]
      elementData = class java.lang.Object[0]
      size = 0
      MAX_ARRAY_SIZE = 2147483639
      modCount = 1
      MAX_ARRAY_SIZE = 2147483639
    servletRequestListeners = class java.util.ArrayList@5aa8b2be
      serialVersionUID = 8683452581122892189
      DEFAULT_CAPACITY = 10
      EMPTY_ELEMENTDATA = class java.lang.Object[0]
      DEFAULTCAPACITY_EMPTY_ELEMENTDATA = class java.lang.Object[0]
      elementData = class java.lang.Object[0]
      size = 0
      MAX_ARRAY_SIZE = 2147483639
      modCount = 1
      MAX_ARRAY_SIZE = 2147483639
    servletRequestLAttrListeners = class java.util.ArrayList@79018257
      serialVersionUID = 8683452581122892189
      DEFAULT_CAPACITY = 10
      EMPTY_ELEMENTDATA = class java.lang.Object[0]
      DEFAULTCAPACITY_EMPTY_ELEMENTDATA = class java.lang.Object[0]
      elementData = class java.lang.Object[0]
      size = 0
      MAX_ARRAY_SIZE = 2147483639
      modCount = 1
      MAX_ARRAY_SIZE = 2147483639
    prependSlashToResource = false
    destroyed = false
    webAppNameSpaceCollab = class com.ibm.ws.webcontainer.osgi.collaborator.WebAppNameSpaceCollaboratorImpl@3a1506a3
    txCollab = class com.ibm.ws.webcontainer.collaborator.WebAppTransactionCollaborator@24440a4f
    sessionActivationListeners = class java.util.ArrayList@ac65fcc
      serialVersionUID = 8683452581122892189
      DEFAULT_CAPACITY = 10
      EMPTY_ELEMENTDATA = class java.lang.Object[0]
      DEFAULTCAPACITY_EMPTY_ELEMENTDATA = class java.lang.Object[0]
      elementData = class java.lang.Object[0]
      size = 0
      MAX_ARRAY_SIZE = 2147483639
      modCount = 1
      MAX_ARRAY_SIZE = 2147483639
    sessionBindingListeners = class java.util.ArrayList@1ace7f63
      serialVersionUID = 8683452581122892189
      DEFAULT_CAPACITY = 10
      EMPTY_ELEMENTDATA = class java.lang.Object[0]
      DEFAULTCAPACITY_EMPTY_ELEMENTDATA = class java.lang.Object[0]
      elementData = class java.lang.Object[0]
      size = 0
      MAX_ARRAY_SIZE = 2147483639
      modCount = 1
      MAX_ARRAY_SIZE = 2147483639
    scratchdir = null
    jspClassLoaderLimit = 0
    jspClassLoaderExclusionList = null
    jspClassLoadersMap = null
    jspClassLoaderLimitTrackIF = false
    defaultExtProc = null
    directoryBrowsingServlet = null
    cdiContexts = class java.util.concurrent.ConcurrentHashMap@5ec03c6
      serialVersionUID = 7249069246763182397
      MAXIMUM_CAPACITY = 1073741824
      DEFAULT_CAPACITY = 16
      MAX_ARRAY_SIZE = 2147483639
      DEFAULT_CONCURRENCY_LEVEL = 16
      LOAD_FACTOR = 0.75
      TREEIFY_THRESHOLD = 8
      UNTREEIFY_THRESHOLD = 6
      MIN_TREEIFY_CAPACITY = 64
      MIN_TRANSFER_STRIDE = 16
      RESIZE_STAMP_BITS = 16
      MAX_RESIZERS = 65535
      RESIZE_STAMP_SHIFT = 16
      MOVED = -1
      TREEBIN = -2
      RESERVED = -3
      HASH_BITS = 2147483647
      NCPU = 8
      serialPersistentFields = class java.io.ObjectStreamField[3]
      table = null
      nextTable = null
      baseCount = 0
      sizeCtl = 0
      transferIndex = 0
      cellsBusy = 0
      counterCells = null
      keySet = null
      values = null
      entrySet = null
      U = class sun.misc.Unsafe@2eb4c22a
      SIZECTL = 20
      TRANSFERINDEX = 32
      BASECOUNT = 24
      CELLSBUSY = 36
      CELLVALUE = 144
      ABASE = 16
      ASHIFT = 2
      keySet = null
      values = null
    moduleConfig = class com.ibm.ws.webcontainer.osgi.container.DeployedModule@700a2a16
      tc = class com.ibm.websphere.ras.TraceComponent@49dd32ae
      loader = class com.ibm.ws.classloading.internal.ThreadContextClassLoader@703bef
      webApp = class com.ibm.ws.webcontainer31.osgi.webapp.WebApp31@2ac4547e
      webAppConfig = class com.ibm.ws.webcontainer.osgi.webapp.WebAppConfiguration@599ac8a
      contextRootAdded = null
      properContextRoot = "/SpringTest"
      mappingContextRoot = "/SpringTest/*"
      serialVersionUID = -2104814060051592457
      $$$tc$$$ = class com.ibm.websphere.ras.TraceComponent@cc9084e
    extensionFactories = class java.util.ArrayList@4beea1e9
      serialVersionUID = 8683452581122892189
      DEFAULT_CAPACITY = 10
      EMPTY_ELEMENTDATA = class java.lang.Object[0]
      DEFAULTCAPACITY_EMPTY_ELEMENTDATA = class java.lang.Object[0]
      elementData = class java.lang.Object[10]
      size = 1
      MAX_ARRAY_SIZE = 2147483639
      modCount = 1
      MAX_ARRAY_SIZE = 2147483639
    initialized = false
    lock = class com.ibm.ws.webcontainer.webapp.WebApp$1@480a33e4
      this$0 = class com.ibm.ws.webcontainer31.osgi.webapp.WebApp31@2ac4547e
    afterServletContextCreated = false
    redirectContextRoot = false
    errorExceptionTypeFirst = false
    initFilterBeforeServletInit = false
    sortedServletConfigs = class java.util.ArrayList@215678e1
      serialVersionUID = 8683452581122892189
      DEFAULT_CAPACITY = 10
      EMPTY_ELEMENTDATA = class java.lang.Object[0]
      DEFAULTCAPACITY_EMPTY_ELEMENTDATA = class java.lang.Object[0]
      elementData = class java.lang.Object[10]
      size = 1
      MAX_ARRAY_SIZE = 2147483639
      modCount = 1
      MAX_ARRAY_SIZE = 2147483639
    effectiveMajorVersion = 3
    effectiveMinorVersion = 1
    canAddServletContextListener = true
    withinContextInitOfProgAddListener = false
    lastProgAddListenerInitialized = "com.ibm.ws.jsp.runtime.ContextListener"
    webInfLibClassloader = null
    metaInfCache = class com.ibm.ws.webcontainer.webapp.WebApp$2@44c1ad3e
      this$0 = class com.ibm.ws.webcontainer31.osgi.webapp.WebApp31@2ac4547e
      serialVersionUID = 3801124242820219131
      head = null
      tail = null
      accessOrder = true
      serialVersionUID = 362498820763181265
      DEFAULT_INITIAL_CAPACITY = 16
      MAXIMUM_CAPACITY = 1073741824
      DEFAULT_LOAD_FACTOR = 0.75
      TREEIFY_THRESHOLD = 8
      UNTREEIFY_THRESHOLD = 6
      MIN_TREEIFY_CAPACITY = 64
      table = null
      entrySet = null
      size = 0
      modCount = 0
      threshold = 32
      loadFactor = 1.0
      keySet = null
      values = null
    useMetaInfCache = true
    SUN_CONFIGURE_LISTENER_CLASSNAME = "com.sun.faces.config.ConfigureListener"
    MYFACES_LIFECYCLE_LISTENER_CLASSNAME = "org.apache.myfaces.webapp.StartupServletContextListener"
    JSF_IMPL_ENABLED_PARAM = "com.ibm.ws.jsf.JSF_IMPL_ENABLED"
    JSF_IMPL_ENABLED_CUSTOM = "Custom"
    JSF_IMPL_ENABLED_NONE = "None"
    staticDocRoot = class com.ibm.ws.webcontainer.util.DocumentRootUtils@653a752a
      logger = class com.ibm.ws.logging.internal.WsLogger@960b477
      CLASS_NAME = "com.ibm.ws.webcontainer.util.DocumentRootUtils"
      useContentLength = false
      matchedFile = null
      matchedZipFile = null
      matchedEntry = null
      matchedURL = null
      edrRoot = null
      pfedrRoot = null
      ctxt = class com.ibm.ws.webcontainer31.osgi.webapp.WebApp31@2ac4547e
      baseDir = null
      edr = null
      pfedr = null
      metaInfRes = null
      searchpfEDR = true
      searchEDR = true
      searchMetaInfRes = true
      matchFromEDR = false
      matchFromMetaInfRes = false
      matchIsADirectory = false
      appConfig = class com.ibm.ws.webcontainer.osgi.webapp.WebAppConfiguration@599ac8a
      attributeType = "staticFile"
      STATIC_FILE = "staticFile"
      JSP = "jsp"
      PFEDR = "preFragmentExtendedDocumentRoot"
      EDR = "extendedDocumentRoot"
    jspDocRoot = class com.ibm.ws.webcontainer.util.DocumentRootUtils@7c36ff7a
      logger = class com.ibm.ws.logging.internal.WsLogger@960b477
      CLASS_NAME = "com.ibm.ws.webcontainer.util.DocumentRootUtils"
      useContentLength = false
      matchedFile = null
      matchedZipFile = null
      matchedEntry = null
      matchedURL = null
      edrRoot = null
      pfedrRoot = null
      ctxt = class com.ibm.ws.webcontainer31.osgi.webapp.WebApp31@2ac4547e
      baseDir = null
      edr = null
      pfedr = null
      metaInfRes = null
      searchpfEDR = true
      searchEDR = true
      searchMetaInfRes = true
      matchFromEDR = false
      matchFromMetaInfRes = false
      matchIsADirectory = false
      appConfig = class com.ibm.ws.webcontainer.osgi.webapp.WebAppConfiguration@599ac8a
      attributeType = "jsp"
      STATIC_FILE = "staticFile"
      JSP = "jsp"
      PFEDR = "preFragmentExtendedDocumentRoot"
      EDR = "extendedDocumentRoot"
    container = class com.ibm.ws.adaptable.module.internal.AdaptableContainerImpl@2638e218
      root = class com.ibm.ws.adaptable.module.internal.AdaptableContainerImpl@2638e218
      rootOverlay = class com.ibm.ws.artifact.overlay.internal.DirectoryBasedOverlayContainerImpl@3be4229
      factoryHolder = class com.ibm.ws.adaptable.module.internal.AdaptableModuleFactoryImpl@61de3c8
      delegate = class com.ibm.ws.artifact.overlay.internal.DirectoryBasedOverlayContainerImpl@3be4229
      notifier = class com.ibm.ws.adaptable.module.internal.NotifierImpl@7fc698e0
      serialVersionUID = -5621513278641113667
      $$$tc$$$ = class com.ibm.websphere.ras.TraceComponent@68ff420e
    metaInfResourceFinder = class com.ibm.ws.webcontainer.util.MetaInfResourceFinder@6eb5016d
      jarResourceContainers = class java.util.ArrayList@6963e10f
      container = class com.ibm.ws.adaptable.module.internal.AdaptableContainerImpl@2638e218
    postConstructMethods = class com.ibm.ws.webcontainer.webapp.WebApp$AnnotatedMethods@27d4e9d8
      annotationClass = class java.lang.Class@359539f7
      noOpClassNames = class java.util.HashSet@40d8e532
      annotatedMethodNames = class java.util.concurrent.ConcurrentHashMap@40b1ea82
      EMPTY_METHODS = class java.lang.reflect.Method[0]
    preDestroyMethods = class com.ibm.ws.webcontainer.webapp.WebApp$AnnotatedMethods@11f15b2d
      annotationClass = class java.lang.Class@51e9c937
      noOpClassNames = class java.util.HashSet@1318452b
      annotatedMethodNames = class java.util.concurrent.ConcurrentHashMap@9c440
      EMPTY_METHODS = class java.lang.reflect.Method[0]
    OBJ_EMPTY = class java.lang.Object[0]
    CLASS_EMPTY = class java.lang.Class[0]
    DEFAULT_JSP_EXTENSIONS = class java.util.ArrayList@4ad7479e
      serialVersionUID = 8683452581122892189
      DEFAULT_CAPACITY = 10
      EMPTY_ELEMENTDATA = class java.lang.Object[0]
      DEFAULTCAPACITY_EMPTY_ELEMENTDATA = class java.lang.Object[0]
      elementData = class java.lang.Object[10]
      size = 4
      MAX_ARRAY_SIZE = 2147483639
      modCount = 4
      MAX_ARRAY_SIZE = 2147483639
    DEFER_SERVLET_REQUEST_LISTENER_DESTROY_ON_ERROR = false
    DO_ACCEPT_PARTIAL = true
    DO_NOT_ACCEPT_PARTIAL = false
    DO_ACCEPT_EXCLUDED = true
    DO_NOT_ACCEPT_EXCLUDED = false
    commands = class java.util.ArrayList@5a77ab46
      serialVersionUID = 8683452581122892189
      DEFAULT_CAPACITY = 10
      EMPTY_ELEMENTDATA = class java.lang.Object[0]
      DEFAULTCAPACITY_EMPTY_ELEMENTDATA = class java.lang.Object[0]
      elementData = class java.lang.Object[3]
      size = 0
      MAX_ARRAY_SIZE = 2147483639
      modCount = 0
      MAX_ARRAY_SIZE = 2147483639
    requestMapper = class com.ibm.wsspi.webcontainer.util.URIMapper@1c8f670c
      matcher = class com.ibm.wsspi.webcontainer.util.URIMatcher@37f1d7b9
    parent = class com.ibm.ws.webcontainer.osgi.webapp.WebGroup@1c95c76c
      tc = class com.ibm.websphere.ras.TraceComponent@738ff01f
      logger = class com.ibm.ws.logging.internal.WsLogger@773a37e3
      CLASS_NAME = "com.ibm.ws.webcontainer.webapp.WebGroup"
      sessUrlRewritePrefix = ";jsessionid="
      qMark = "?"
      config = class com.ibm.ws.webcontainer.osgi.webapp.WebGroupConfiguration@4fce7fa6
      webApp = class com.ibm.ws.webcontainer31.osgi.webapp.WebApp31@2ac4547e
      commands = class java.util.ArrayList@731f71a2
      requestMapper = null
      parent = class com.ibm.ws.webcontainer.osgi.DynamicVirtualHost@29312ed5
      name = "/SpringTest/*"
      isAlive = true
      subElements = class java.util.HashMap@7fbab541
      attributes = null
      config = null
      serialVersionUID = -8271459000149267764
      $$$tc$$$ = class com.ibm.websphere.ras.TraceComponent@69294df9
    name = "SpringTest"
    isAlive = true
    subElements = null
    attributes = class java.util.Collections$SynchronizedMap@7a6dfe0
      serialVersionUID = 1978198479659022715
      m = class java.util.HashMap@6e16870c
      mutex = class java.util.Collections$SynchronizedMap@7a6dfe0
      keySet = null
      entrySet = class java.util.Collections$SynchronizedSet@32667e23
      values = null
    config = null
    serialVersionUID = -8271459000149267764
    $$$tc$$$ = class com.ibm.websphere.ras.TraceComponent@69294df9
      strings[0] = "TraceComponent[com.ibm.ws.container.AbstractContainer,class com.ibm.ws.container.AbstractContainer,[],null,null]"
  target = class org.springframework.web.servlet.DispatcherServlet@5ee814ea
    MULTIPART_RESOLVER_BEAN_NAME = "multipartResolver"
    LOCALE_RESOLVER_BEAN_NAME = "localeResolver"
    THEME_RESOLVER_BEAN_NAME = "themeResolver"
    HANDLER_MAPPING_BEAN_NAME = "handlerMapping"
    HANDLER_ADAPTER_BEAN_NAME = "handlerAdapter"
    HANDLER_EXCEPTION_RESOLVER_BEAN_NAME = "handlerExceptionResolver"
    REQUEST_TO_VIEW_NAME_TRANSLATOR_BEAN_NAME = "viewNameTranslator"
    VIEW_RESOLVER_BEAN_NAME = "viewResolver"
    FLASH_MAP_MANAGER_BEAN_NAME = "flashMapManager"
    WEB_APPLICATION_CONTEXT_ATTRIBUTE = "org.springframework.web.servlet.DispatcherServlet.CONTEXT"
    LOCALE_RESOLVER_ATTRIBUTE = "org.springframework.web.servlet.DispatcherServlet.LOCALE_RESOLVER"
    THEME_RESOLVER_ATTRIBUTE = "org.springframework.web.servlet.DispatcherServlet.THEME_RESOLVER"
    THEME_SOURCE_ATTRIBUTE = "org.springframework.web.servlet.DispatcherServlet.THEME_SOURCE"
    INPUT_FLASH_MAP_ATTRIBUTE = "org.springframework.web.servlet.DispatcherServlet.INPUT_FLASH_MAP"
    OUTPUT_FLASH_MAP_ATTRIBUTE = "org.springframework.web.servlet.DispatcherServlet.OUTPUT_FLASH_MAP"
    FLASH_MAP_MANAGER_ATTRIBUTE = "org.springframework.web.servlet.DispatcherServlet.FLASH_MAP_MANAGER"
    EXCEPTION_ATTRIBUTE = "org.springframework.web.servlet.DispatcherServlet.EXCEPTION"
    PAGE_NOT_FOUND_LOG_CATEGORY = "org.springframework.web.servlet.PageNotFound"
    DEFAULT_STRATEGIES_PATH = "DispatcherServlet.properties"
    pageNotFoundLogger = class org.apache.commons.logging.impl.Jdk14Logger@7b6656c6
      logger = class com.ibm.ws.logging.internal.WsLogger@6bf0dd87
      name = "org.springframework.web.servlet.PageNotFound"
    defaultStrategies = class java.util.Properties@69d46717
      serialVersionUID = 4112578634029874840
      defaults = null
      hexDigit = {0123456789ABCDEF} /* array length = 16*/
      table = class java.util.Hashtable$Entry[11]
      count = 8
      threshold = 8
      loadFactor = 0.75
      modCount = 8
      serialVersionUID = 1421746759512286392
      MAX_ARRAY_SIZE = 2147483639
      keySet = null
      entrySet = null
      values = null
      KEYS = 0
      VALUES = 1
      ENTRIES = 2
    detectAllHandlerMappings = true
    detectAllHandlerAdapters = true
    detectAllHandlerExceptionResolvers = true
    detectAllViewResolvers = true
    throwExceptionIfNoHandlerFound = false
    cleanupAfterInclude = true
    multipartResolver = null
    localeResolver = class org.springframework.web.servlet.i18n.AcceptHeaderLocaleResolver@6dc61e10
    themeResolver = class org.springframework.web.servlet.theme.FixedThemeResolver@2c47a8e6
      ORIGINAL_DEFAULT_THEME_NAME = "theme"
      defaultThemeName = "theme"
    handlerMappings = null
    handlerAdapters = null
    handlerExceptionResolvers = null
    viewNameTranslator = null
    flashMapManager = null
    viewResolvers = null
    DEFAULT_NAMESPACE_SUFFIX = "-servlet"
    DEFAULT_CONTEXT_CLASS = class java.lang.Class@73a34f6a
      ANNOTATION = 8192
      ENUM = 16384
      SYNTHETIC = 4096
      cachedConstructor = null
      newInstanceCallerCache = null
      name = "org.springframework.web.context.support.XmlWebApplicationContext"
      allPermDomain = class java.security.ProtectionDomain@255f53e6
      useCaches = true
      reflectionData = class java.lang.ref.SoftReference@7847516f
      classRedefinedCount = 0
      genericInfo = null
      serialVersionUID = 3206093459760846163
      serialPersistentFields = class java.io.ObjectStreamField[0]
      reflectionFactory = class sun.reflect.ReflectionFactory@17d9aab3
      initted = true
      enumConstants = null
      enumConstantDirectory = null
      annotationData = null
      annotationType = null
      classValueMap = null
    SERVLET_CONTEXT_PREFIX = "org.springframework.web.servlet.FrameworkServlet.CONTEXT."
    INIT_PARAM_DELIMITERS = ",; 	
"
    responseGetStatusAvailable = true
    contextAttribute = null
    contextClass = class java.lang.Class@73a34f6a
    contextId = null
    namespace = null
    contextConfigLocation = "/WEB-INF/springMvc.xml"
    contextInitializers = class java.util.ArrayList@65de0bce
      serialVersionUID = 8683452581122892189
      DEFAULT_CAPACITY = 10
      EMPTY_ELEMENTDATA = class java.lang.Object[0]
      DEFAULTCAPACITY_EMPTY_ELEMENTDATA = class java.lang.Object[0]
      elementData = class java.lang.Object[0]
      size = 0
      MAX_ARRAY_SIZE = 2147483639
      modCount = 0
      MAX_ARRAY_SIZE = 2147483639
    contextInitializerClasses = null
    publishContext = true
    publishEvents = true
    threadContextInheritable = false
    dispatchOptionsRequest = false
    dispatchTraceRequest = false
    webApplicationContext = null
    webApplicationContextInjected = false
    refreshEventReceived = true
    logger = class org.apache.commons.logging.impl.Jdk14Logger@2f7824bd
      logger = class com.ibm.ws.logging.internal.WsLogger@7a2a9b9
      name = "org.springframework.web.servlet.DispatcherServlet"
    requiredProperties = class java.util.HashSet@729399dc
      serialVersionUID = -5024744406713321676
      map = class java.util.HashMap@6c93f449
      PRESENT = class java.lang.Object@1cbbbec2
      MAX_ARRAY_SIZE = 2147483639
    environment = class org.springframework.web.context.support.StandardServletEnvironment@63020ff0
      SERVLET_CONTEXT_PROPERTY_SOURCE_NAME = "servletContextInitParams"
      SERVLET_CONFIG_PROPERTY_SOURCE_NAME = "servletConfigInitParams"
      JNDI_PROPERTY_SOURCE_NAME = "jndiProperties"
      SYSTEM_ENVIRONMENT_PROPERTY_SOURCE_NAME = "systemEnvironment"
      SYSTEM_PROPERTIES_PROPERTY_SOURCE_NAME = "systemProperties"
      IGNORE_GETENV_PROPERTY_NAME = "spring.getenv.ignore"
      ACTIVE_PROFILES_PROPERTY_NAME = "spring.profiles.active"
      DEFAULT_PROFILES_PROPERTY_NAME = "spring.profiles.default"
      RESERVED_DEFAULT_PROFILE_NAME = "default"
      logger = class org.apache.commons.logging.impl.Jdk14Logger@25e901ea
      activeProfiles = class java.util.LinkedHashSet@6d7c1b09
      defaultProfiles = class java.util.LinkedHashSet@3c1c2a90
      propertySources = class org.springframework.core.env.MutablePropertySources@72f9d297
      propertyResolver = class org.springframework.core.env.PropertySourcesPropertyResolver@1f726b73
    METHOD_DELETE = "DELETE"
    METHOD_HEAD = "HEAD"
    METHOD_GET = "GET"
    METHOD_OPTIONS = "OPTIONS"
    METHOD_POST = "POST"
    METHOD_PUT = "PUT"
    METHOD_TRACE = "TRACE"
    HEADER_IFMODSINCE = "If-Modified-Since"
    HEADER_LASTMOD = "Last-Modified"
    LSTRING_FILE = "javax.servlet.http.LocalStrings"
    lStrings = class java.util.PropertyResourceBundle@58ede84e
      lookup = class java.util.HashMap@1bc30fb5
      INITIAL_CACHE_SIZE = 32
      NONEXISTENT_BUNDLE = class java.util.ResourceBundle$1@1d73b1af
      cacheList = class java.util.concurrent.ConcurrentHashMap@25a76636
      referenceQueue = class java.lang.ref.ReferenceQueue@79658a4d
      parent = class java.util.PropertyResourceBundle@41a0d2bd
      locale = class java.util.Locale@248c5986
      name = "javax.servlet.http.LocalStrings"
      expired = false
      cacheKey = class java.util.ResourceBundle$CacheKey@54edecc
      keySet = null
      providers = null
      $assertionsDisabled = true
    LSTRING_FILE = "javax.servlet.LocalStrings"
    lStrings = class java.util.PropertyResourceBundle@457c83f4
    config = class com.ibm.ws.webcontainer.servlet.ServletConfig@7a57daf0
  cacheWrappers = null
  targetLoader = class com.ibm.ws.classloading.internal.ThreadContextClassLoader@703bef
    tc = class com.ibm.websphere.ras.TraceComponent@159e645b
      strings[0] = "TraceComponent[com.ibm.ws.classloading.internal.ThreadContextClassLoader,class com.ibm.ws.classloading.internal.ThreadContextClassLoader,[ClassLoadingService],com.ibm.ws.classloading.internal.resources.ClassLoadingServiceMessages,null]"
    bundle = class java.util.concurrent.atomic.AtomicReference@7bcd5df
      serialVersionUID = -1848883965231344442
      unsafe = class sun.misc.Unsafe@2eb4c22a
      valueOffset = 12
      value = class org.eclipse.osgi.internal.framework.EquinoxBundle@4d6de3d0
    key = "WebModule:SpringTest#SpringTest.war"
    refCount = class java.util.concurrent.atomic.AtomicInteger@35a0cce3
      serialVersionUID = 6214790243416807050
      unsafe = class sun.misc.Unsafe@2eb4c22a
      valueOffset = 12
      value = 1
      serialVersionUID = -8742448824652078965
    appLoader = class com.ibm.ws.classloading.internal.AppClassLoader@3ee80c54
    serialVersionUID = 7093379526360135425
    followOnClassLoaders = class java.util.ArrayList@4c84c68
      serialVersionUID = 8683452581122892189
      DEFAULT_CAPACITY = 10
      EMPTY_ELEMENTDATA = class java.lang.Object[0]
      DEFAULTCAPACITY_EMPTY_ELEMENTDATA = class java.lang.Object[0]
      elementData = class java.lang.Object[10]
      size = 1
      MAX_ARRAY_SIZE = 2147483639
      modCount = 1
      MAX_ARRAY_SIZE = 2147483639
    serialVersionUID = -5107316606107305512
    $$$tc$$$ = class com.ibm.websphere.ras.TraceComponent@6e457293
      strings[0] = "TraceComponent[com.ibm.ws.classloading.internal.UnifiedClassLoader,class com.ibm.ws.classloading.internal.UnifiedClassLoader,[ClassLoadingService],com.ibm.ws.classloading.internal.resources.ClassLoadingServiceMessages,null]"
    serialVersionUID = -4868702105808481416
    $$$tc$$$ = class com.ibm.websphere.ras.TraceComponent@5ea217e3
      strings[0] = "TraceComponent[com.ibm.ws.classloading.internal.LibertyLoader,class com.ibm.ws.classloading.internal.LibertyLoader,[ClassLoadingService],com.ibm.ws.classloading.internal.resources.ClassLoadingServiceMessages,null]"
    serialVersionUID = 2596921220292114344
    $$$tc$$$ = class com.ibm.websphere.ras.TraceComponent@7dc636d6
      strings[0] = "TraceComponent[com.ibm.ws.classloading.LibertyClassLoader,class com.ibm.ws.classloading.LibertyClassLoader,[ClassLoadingService],com.ibm.ws.classloading.internal.resources.ClassLoadingServiceMessages,null]"
    initialized = true
    pdcache = class java.util.HashMap@769cf19
      serialVersionUID = 362498820763181265
      DEFAULT_INITIAL_CAPACITY = 16
      MAXIMUM_CAPACITY = 1073741824
      DEFAULT_LOAD_FACTOR = 0.75
      TREEIFY_THRESHOLD = 8
      UNTREEIFY_THRESHOLD = 6
      MIN_TREEIFY_CAPACITY = 64
      table = null
      entrySet = null
      size = 0
      modCount = 0
      threshold = 16
      loadFactor = 0.75
      keySet = null
      values = null
    debug = null
    parent = class com.ibm.ws.classloading.internal.GatewayClassLoader@989b0b5
      config = class com.ibm.ws.classloading.internal.GatewayConfigurationImpl@50004687
      wiringMonitor = class com.ibm.ws.classloading.internal.GatewayClassLoader$1@1871d8c2
      bundle = class org.eclipse.osgi.internal.framework.EquinoxBundle@4d6de3d0
      wiring = class org.eclipse.osgi.container.ModuleWiring@5cff2ee7
      bundleLoader = class org.eclipse.osgi.internal.loader.EquinoxClassLoader@267ad6e1
      resourceProviders = class com.ibm.ws.classloading.internal.CompositeResourceProvider@3743ece7
      serialVersionUID = -4256474098847905153
      $$$tc$$$ = class com.ibm.websphere.ras.TraceComponent@4c57d18d
      parent = class sun.misc.Launcher$AppClassLoader@18b4aac2
      parallelLockMap = null
      package2certs = class java.util.Hashtable@749c98d7
      nocerts = class java.security.cert.Certificate[0]
      classes = class java.util.Vector@623df94e
      defaultDomain = class java.security.ProtectionDomain@47907bf8
      domains = class java.util.HashSet@37ad7035
      packages = class java.util.HashMap@27e70c37
      scl = class sun.misc.Launcher$AppClassLoader@18b4aac2
      sclSet = true
      loadedLibraryNames = class java.util.Vector@9df7798
      systemNativeLibraries = class java.util.Vector@266638f0
      nativeLibraries = class java.util.Vector@2a1d760c
      nativeLibraryContext = class java.util.Stack@35b63f02
      usr_paths = class java.lang.String[41]
      sys_paths = class java.lang.String[1]
      assertionLock = class com.ibm.ws.classloading.internal.GatewayClassLoader@989b0b5
      defaultAssertionStatus = false
      packageAssertionStatus = null
      classAssertionStatus = null
    parallelLockMap = null
    package2certs = class java.util.Hashtable@661af006
      table = class java.util.Hashtable$Entry[11]
      count = 1
      threshold = 8
      loadFactor = 0.75
      modCount = 1
      serialVersionUID = 1421746759512286392
      MAX_ARRAY_SIZE = 2147483639
      keySet = null
      entrySet = null
      values = null
      KEYS = 0
      VALUES = 1
      ENTRIES = 2
    nocerts = class java.security.cert.Certificate[0]
    classes = class java.util.Vector@55eeeff2
      elementData = class java.lang.Object[10]
      elementCount = 1
      capacityIncrement = 0
      serialVersionUID = -2767605614048989439
      MAX_ARRAY_SIZE = 2147483639
      modCount = 1
      MAX_ARRAY_SIZE = 2147483639
    defaultDomain = class java.security.ProtectionDomain@1303422b
      codesource = class java.security.CodeSource@7bd67df8
      classloader = class com.ibm.ws.classloading.internal.ThreadContextClassLoader@703bef
      principals = interface java.security.Principal[0]
      permissions = null
      hasAllPerm = false
      staticPermissions = false
      key = class java.security.ProtectionDomain$Key@54b20f04
      debug = null
    domains = class java.util.HashSet@5a5b5655
      serialVersionUID = -5024744406713321676
      map = class java.util.HashMap@2b946b8b
      PRESENT = class java.lang.Object@1cbbbec2
      MAX_ARRAY_SIZE = 2147483639
    packages = class java.util.HashMap@6b7007d8
      serialVersionUID = 362498820763181265
      DEFAULT_INITIAL_CAPACITY = 16
      MAXIMUM_CAPACITY = 1073741824
      DEFAULT_LOAD_FACTOR = 0.75
      TREEIFY_THRESHOLD = 8
      UNTREEIFY_THRESHOLD = 6
      MIN_TREEIFY_CAPACITY = 64
      table = null
      entrySet = null
      size = 0
      modCount = 0
      threshold = 0
      loadFactor = 0.75
      keySet = null
      values = null
    scl = class sun.misc.Launcher$AppClassLoader@18b4aac2
      ucp = class sun.misc.URLClassPath@289fa0bf
      $assertionsDisabled = true
      ucp = class sun.misc.URLClassPath@289fa0bf
      acc = class java.security.AccessControlContext@3bbcd39a
      closeables = class java.util.WeakHashMap@6caa8d36
      initialized = true
      pdcache = class java.util.HashMap@49b155e3
      debug = null
      parent = class sun.misc.Launcher$ExtClassLoader@684cc408
      parallelLockMap = class java.util.concurrent.ConcurrentHashMap@1c7e8e32
      package2certs = class java.util.concurrent.ConcurrentHashMap@4183be24
      nocerts = class java.security.cert.Certificate[0]
      classes = class java.util.Vector@7978481f
      defaultDomain = class java.security.ProtectionDomain@3a25149e
      domains = class java.util.Collections$SynchronizedSet@524202f6
      packages = class java.util.HashMap@e6ce404
      scl = class sun.misc.Launcher$AppClassLoader@18b4aac2
      sclSet = true
      loadedLibraryNames = class java.util.Vector@9df7798
      systemNativeLibraries = class java.util.Vector@266638f0
      nativeLibraries = class java.util.Vector@35ef6d66
      nativeLibraryContext = class java.util.Stack@35b63f02
      usr_paths = class java.lang.String[41]
      sys_paths = class java.lang.String[1]
      assertionLock = class java.lang.Object@277c1ea1
      defaultAssertionStatus = false
      packageAssertionStatus = null
      classAssertionStatus = null
    sclSet = true
    loadedLibraryNames = class java.util.Vector@9df7798
      elementData = class java.lang.Object[10]
      elementCount = 5
      capacityIncrement = 0
      serialVersionUID = -2767605614048989439
      MAX_ARRAY_SIZE = 2147483639
      modCount = 5
      MAX_ARRAY_SIZE = 2147483639
    systemNativeLibraries = class java.util.Vector@266638f0
      elementData = class java.lang.Object[10]
      elementCount = 5
      capacityIncrement = 0
      serialVersionUID = -2767605614048989439
      MAX_ARRAY_SIZE = 2147483639
      modCount = 5
      MAX_ARRAY_SIZE = 2147483639
    nativeLibraries = class java.util.Vector@49c3f43b
      elementData = class java.lang.Object[10]
      elementCount = 0
      capacityIncrement = 0
      serialVersionUID = -2767605614048989439
      MAX_ARRAY_SIZE = 2147483639
      modCount = 0
      MAX_ARRAY_SIZE = 2147483639
    nativeLibraryContext = class java.util.Stack@35b63f02
      serialVersionUID = 1224463164541339165
      elementData = class java.lang.Object[10]
      elementCount = 0
      capacityIncrement = 0
      serialVersionUID = -2767605614048989439
      MAX_ARRAY_SIZE = 2147483639
      modCount = 10
      MAX_ARRAY_SIZE = 2147483639
    usr_paths = class java.lang.String[41]
      usr_paths[0] = "C:\Program Files\Java\jre1.8.0_112\bin"
      usr_paths[1] = "C:\WINDOWS\Sun\Java\bin"
      usr_paths[2] = "C:\WINDOWS\system32"
      usr_paths[3] = "C:\WINDOWS"
      usr_paths[4] = "C:/Program Files/Java/jre1.8.0_112/bin/server"
      usr_paths[5] = "C:/Program Files/Java/jre1.8.0_112/bin"
      usr_paths[6] = "C:/Program Files/Java/jre1.8.0_112/lib/amd64"
      usr_paths[7] = "C:\Program Files\Oculus\Support\oculus-runtime"
      usr_paths[8] = "C:\ProgramData\Oracle\Java\javapath"
      usr_paths[9] = "C:\Program Files (x86)\Intel\iCLS Client\"
      usr_paths[10] = "C:\Program Files\Intel\iCLS Client\"
      usr_paths[11] = "C:\Windows\system32"
      usr_paths[12] = "C:\Windows"
      usr_paths[13] = "C:\Windows\System32\Wbem"
      usr_paths[14] = "C:\Windows\System32\WindowsPowerShell\v1.0\"
      usr_paths[15] = "C:\Program Files (x86)\Common Files\lenovo\easyplussdk\bin"
      usr_paths[16] = "C:\Program Files (x86)\NVIDIA Corporation\PhysX\Common"
      usr_paths[17] = "C:\Program Files (x86)\Intel\Intel(R) Management Engine Components\DAL"
      usr_paths[18] = "C:\Program Files\Intel\Intel(R) Management Engine Components\DAL"
      usr_paths[19] = "C:\Program Files (x86)\Intel\Intel(R) Management Engine Components\IPT"
      usr_paths[20] = "C:\Program Files\Intel\Intel(R) Management Engine Components\IPT"
      usr_paths[21] = "C:\Program Files\Intel\WiFi\bin\"
      usr_paths[22] = "C:\Program Files\Common Files\Intel\WirelessCommon\"
      usr_paths[23] = "C:\Program Files (x86)\Windows Kits\8.1\Windows Performance Toolkit\"
      usr_paths[24] = "C:\Program Files (x86)\GtkSharp\2.12\bin"
      usr_paths[25] = "C:\Program Files\Java\jdk1.8.0_102\bin"
      usr_paths[26] = "C:\Program Files (x86)\Skype\Phone\"
      usr_paths[27] = "C:\WINDOWS\system32"
      usr_paths[28] = "C:\WINDOWS"
      usr_paths[29] = "C:\WINDOWS\System32\Wbem"
      usr_paths[30] = "C:\WINDOWS\System32\WindowsPowerShell\v1.0\"
      usr_paths[31] = "C:\OpenSSL-Win64\bin"
      usr_paths[32] = "C:\Servers\Node\"
      usr_paths[33] = "C:\Program Files (x86)\PuTTY\"
      usr_paths[34] = "C:\Program Files (x86)\Brackets\command"
      usr_paths[35] = "C:\Program Files\MongoDB\Server\3.4\bin"
      usr_paths[36] = "C:\Users\Joe\AppData\Local\Microsoft\WindowsApps"
      usr_paths[37] = "C:\Users\Joe\AppData\Roaming\npm"
      usr_paths[38] = "C:\Servers\WebsphereSDK\eclipse"
      usr_paths[39] = "."
      usr_paths[40] = "."
    sys_paths = class java.lang.String[1]
      sys_paths[0] = "C:\Program Files\Java\jre1.8.0_112\bin"
    assertionLock = class com.ibm.ws.classloading.internal.ThreadContextClassLoader@703bef
    defaultAssertionStatus = false
    packageAssertionStatus = null
    classAssertionStatus = null
  evtSource = class com.ibm.ws.webcontainer.webapp.WebAppEventSource@5b8e979d
    _invocationListeners = class com.ibm.ws.webcontainer.util.EventListeners@77257c8d
      EMPTY_LISTENERS = interface java.util.EventListener[0]
      logger = class com.ibm.ws.logging.internal.WsLogger@960b477
      CLASS_NAME = "com.ibm.ws.webcontainer.util.EventListeners"
      listeners = interface java.util.EventListener[0]
    _servletListeners = class com.ibm.ws.webcontainer.util.EventListeners@3b7f0cb6
      EMPTY_LISTENERS = interface java.util.EventListener[0]
      logger = class com.ibm.ws.logging.internal.WsLogger@960b477
      CLASS_NAME = "com.ibm.ws.webcontainer.util.EventListeners"
      listeners = interface java.util.EventListener[0]
    _errorListeners = class com.ibm.ws.webcontainer.util.EventListeners@73ca1aaf
      EMPTY_LISTENERS = interface java.util.EventListener[0]
      logger = class com.ibm.ws.logging.internal.WsLogger@960b477
      CLASS_NAME = "com.ibm.ws.webcontainer.util.EventListeners"
      listeners = interface java.util.EventListener[0]
    _applicationListeners = class com.ibm.ws.webcontainer.util.EventListeners@a631e40
      EMPTY_LISTENERS = interface java.util.EventListener[0]
      logger = class com.ibm.ws.logging.internal.WsLogger@960b477
      CLASS_NAME = "com.ibm.ws.webcontainer.util.EventListeners"
      listeners = interface java.util.EventListener[0]
    _filterInvocationListeners = class com.ibm.ws.webcontainer.util.EventListeners@56feca95
      EMPTY_LISTENERS = interface java.util.EventListener[0]
      logger = class com.ibm.ws.logging.internal.WsLogger@960b477
      CLASS_NAME = "com.ibm.ws.webcontainer.util.EventListeners"
      listeners = interface java.util.EventListener[0]
    _filterListeners = class com.ibm.ws.webcontainer.util.EventListeners@15a76640
      EMPTY_LISTENERS = interface java.util.EventListener[0]
      logger = class com.ibm.ws.logging.internal.WsLogger@960b477
      CLASS_NAME = "com.ibm.ws.webcontainer.util.EventListeners"
      listeners = interface java.util.EventListener[0]
    _filterErrorListeners = class com.ibm.ws.webcontainer.util.EventListeners@361b1939
      EMPTY_LISTENERS = interface java.util.EventListener[0]
      logger = class com.ibm.ws.logging.internal.WsLogger@960b477
      CLASS_NAME = "com.ibm.ws.webcontainer.util.EventListeners"
      listeners = interface java.util.EventListener[0]
  event = class com.ibm.websphere.servlet.event.ServletEvent@7ed1d3d3
    serialVersionUID = 3906650803920713522
    _servletName = "mvc-dispatcher"
    _servletClassName = "org.springframework.web.servlet.DispatcherServlet"
    $$$tc$$$ = class com.ibm.websphere.ras.TraceComponent@19af915c
      strings[0] = "TraceComponent[com.ibm.websphere.servlet.event.ServletEvent,class com.ibm.websphere.servlet.event.ServletEvent,[],null,null]"
    serialVersionUID = 3546927969739289392
    _context = class com.ibm.ws.webcontainer31.facade.ServletContextFacade31@7697e825
      context = class com.ibm.ws.webcontainer31.osgi.webapp.WebApp31@2ac4547e
    _servletNames = class com.ibm.ws.webcontainer.util.EmptyEnumeration@1e73433b
      serialVersionUID = 3546642126931963953
      _instance = class com.ibm.ws.webcontainer.util.EmptyEnumeration@1e73433b
    $$$tc$$$ = class com.ibm.websphere.ras.TraceComponent@24eb61b6
      strings[0] = "TraceComponent[com.ibm.websphere.servlet.event.ApplicationEvent,class com.ibm.websphere.servlet.event.ApplicationEvent,[],null,null]"
    serialVersionUID = 5516075349620653480
    source = class com.ibm.ws.webcontainer.osgi.servlet.ServletWrapper@3eea40e0
  unavailableMessage = null
  unavailableUntil = -1
  isSTM = false
  internalServlet = false
  webAppInvocationCollaborators = null
  platformHelper = class com.ibm.ws.webcontainer.PlatformHelper@63ea57af
  webAppNameSpaceCollab = class com.ibm.ws.webcontainer.osgi.collaborator.WebAppNameSpaceCollaboratorImpl@3a1506a3
    cmdai = class com.ibm.ws.threadContext.ComponentMetaDataAccessorImpl@2dab71bd
      tc = class com.ibm.websphere.ras.TraceComponent@593d83bb
      cmdai = class com.ibm.ws.threadContext.ComponentMetaDataAccessorImpl@2dab71bd
      threadContext = class com.ibm.ws.threadContext.ThreadContextImpl@42eccd20
      defaultCMD = null
  txCollab = class com.ibm.ws.webcontainer.collaborator.WebAppTransactionCollaborator@24440a4f
    logger = class com.ibm.ws.logging.internal.WsLogger@67b39962
      tc = class com.ibm.websphere.ras.TraceComponent@4252e5d7
      ivCachedResourceBundleName = null
      ivCachedResourceBundle = null
      ivComponent = null
      ivOrganization = null
      ivProduct = null
      ivMinimumLocalizationLevelIntValue = 625
      ivTC = class com.ibm.websphere.ras.TraceComponent@6e17122a
      loggerRegistrationComponent = class java.lang.ThreadLocal@53eb38ce
      emptyHandlers = class java.util.logging.Handler[0]
      offValue = 2147483647
      SYSTEM_LOGGER_RB_NAME = "sun.util.logging.resources.logging"
      SYSTEM_BUNDLE = class java.util.logging.Logger$LoggerBundle@3721ce58
      NO_RESOURCE_BUNDLE = class java.util.logging.Logger$LoggerBundle@22478542
      manager = class com.ibm.ws.kernel.boot.logging.WsLogManager@6b6a1847
      name = "com.ibm.ws.webcontainer.collaborator"
      handlers = class java.util.concurrent.CopyOnWriteArrayList@24cf3b45
      loggerBundle = class java.util.logging.Logger$LoggerBundle@5e47addc
      useParentHandlers = true
      filter = null
      anonymous = false
      catalog = class com.ibm.ws.webcontainer.resources.Messages_es@2a0fae68
      catalogName = "com.ibm.ws.webcontainer.resources.Messages"
      catalogLocale = class java.util.Locale@7d4752ad
      treeLock = class java.lang.Object@778595a9
      parent = class com.ibm.ws.logging.internal.WsLogger@16cd9bb3
      kids = null
      levelObject = class java.util.logging.Level@76e91fa8
      levelValue = 800
      callersClassLoaderRef = class java.lang.ref.WeakReference@1f1299f5
      isSystemLogger = false
      GLOBAL_LOGGER_NAME = "global"
      global = class java.util.logging.Logger@10651448
      $assertionsDisabled = true
    CLASS_NAME = "com.ibm.ws.webcontainer.collaborator.WebAppTransactionCollaborator"
  connCollab = class com.ibm.ws.webcontainer.collaborator.ConnectionCollaborator@bd94325
  suppressServletExceptionLogging = false
  throwExceptionEnum = class java.util.RegularEnumSet@4f376ffa
    serialVersionUID = 3411599620347842686
    elements = 256
    elementType = class java.lang.Class@21b246f8
      ANNOTATION = 8192
      ENUM = 16384
      SYNTHETIC = 4096
      cachedConstructor = null
      newInstanceCallerCache = null
      name = "com.ibm.wsspi.webcontainer.collaborator.CollaboratorInvocationEnum"
      allPermDomain = class java.security.ProtectionDomain@255f53e6
      useCaches = true
      reflectionData = class java.lang.ref.SoftReference@4fdb6025
      classRedefinedCount = 0
      genericInfo = null
      serialVersionUID = 3206093459760846163
      serialPersistentFields = class java.io.ObjectStreamField[0]
      reflectionFactory = class sun.reflect.ReflectionFactory@17d9aab3
      initted = true
      enumConstants = class com.ibm.wsspi.webcontainer.collaborator.CollaboratorInvocationEnum[9]
      enumConstantDirectory = null
      annotationData = class java.lang.Class$AnnotationData@2dff4aec
      annotationType = null
      classValueMap = null
    universe = class com.ibm.wsspi.webcontainer.collaborator.CollaboratorInvocationEnum[9]
      universe[0] = class com.ibm.wsspi.webcontainer.collaborator.CollaboratorInvocationEnum@77094c5f
      universe[1] = class com.ibm.wsspi.webcontainer.collaborator.CollaboratorInvocationEnum@5dbc31f0
      universe[2] = class com.ibm.wsspi.webcontainer.collaborator.CollaboratorInvocationEnum@2fe8325
      universe[3] = class com.ibm.wsspi.webcontainer.collaborator.CollaboratorInvocationEnum@2e713fef
      universe[4] = class com.ibm.wsspi.webcontainer.collaborator.CollaboratorInvocationEnum@1327f5ca
      universe[5] = class com.ibm.wsspi.webcontainer.collaborator.CollaboratorInvocationEnum@2f2865ef
      universe[6] = class com.ibm.wsspi.webcontainer.collaborator.CollaboratorInvocationEnum@59393c84
      universe[7] = class com.ibm.wsspi.webcontainer.collaborator.CollaboratorInvocationEnum@7e90fe0b
      universe[8] = class com.ibm.wsspi.webcontainer.collaborator.CollaboratorInvocationEnum@52b5ddb6
    ZERO_LENGTH_ENUM_ARRAY = class java.lang.Enum[0]
    MAX_ARRAY_SIZE = 2147483639
  discernUnavailableServlet = false
  reInitServletonInitUnavailableException = true
  destroyServletonServiceUnavailableException = false
  servlet23 = true
  PARAMS_HEAD_TRACE = class java.lang.Class[2]
    PARAMS_HEAD_TRACE[0] = class java.lang.Class@6e8dfed
      ANNOTATION = 8192
      ENUM = 16384
      SYNTHETIC = 4096
      cachedConstructor = null
      newInstanceCallerCache = null
      name = "javax.servlet.http.HttpServletRequest"
      allPermDomain = class java.security.ProtectionDomain@255f53e6
      useCaches = true
      reflectionData = null
      classRedefinedCount = 0
      genericInfo = null
      serialVersionUID = 3206093459760846163
      serialPersistentFields = class java.io.ObjectStreamField[0]
      reflectionFactory = class sun.reflect.ReflectionFactory@17d9aab3
      initted = true
      enumConstants = null
      enumConstantDirectory = null
      annotationData = null
      annotationType = null
      classValueMap = null
    PARAMS_HEAD_TRACE[1] = class java.lang.Class@45a70613
      ANNOTATION = 8192
      ENUM = 16384
      SYNTHETIC = 4096
      cachedConstructor = null
      newInstanceCallerCache = null
      name = "javax.servlet.http.HttpServletResponse"
      allPermDomain = class java.security.ProtectionDomain@255f53e6
      useCaches = true
      reflectionData = class java.lang.ref.SoftReference@5a6273e5
      classRedefinedCount = 0
      genericInfo = null
      serialVersionUID = 3206093459760846163
      serialPersistentFields = class java.io.ObjectStreamField[0]
      reflectionFactory = class sun.reflect.ReflectionFactory@17d9aab3
      initted = true
      enumConstants = null
      enumConstantDirectory = null
      annotationData = null
      annotationType = null
      classValueMap = null
  defaultHeadMethodInUse = false
  defaultTraceMethodInUse = false
  checkedForDefaultMethods = null
  defaultTraceRequestBehavior = false
  defaultHeadRequestBehavior = false
  useOriginalRequestState = false
  warningStatusSet = false
  LSTRING_FILE = "javax.servlet.LocalStrings"
  lStrings = class java.util.PropertyResourceBundle@457c83f4
    lookup = class java.util.HashMap@5eb2ea9
      serialVersionUID = 362498820763181265
      DEFAULT_INITIAL_CAPACITY = 16
      MAXIMUM_CAPACITY = 1073741824
      DEFAULT_LOAD_FACTOR = 0.75
      TREEIFY_THRESHOLD = 8
      UNTREEIFY_THRESHOLD = 6
      MIN_TREEIFY_CAPACITY = 64
      table = class java.util.HashMap$Node[8]
      entrySet = null
      size = 4
      modCount = 4
      threshold = 6
      loadFactor = 0.75
      keySet = null
      values = null
    INITIAL_CACHE_SIZE = 32
    NONEXISTENT_BUNDLE = class java.util.ResourceBundle$1@1d73b1af
      INITIAL_CACHE_SIZE = 32
      NONEXISTENT_BUNDLE = class java.util.ResourceBundle$1@1d73b1af
      cacheList = class java.util.concurrent.ConcurrentHashMap@25a76636
      referenceQueue = class java.lang.ref.ReferenceQueue@79658a4d
      parent = null
      locale = null
      name = null
      expired = false
      cacheKey = class java.util.ResourceBundle$CacheKey@6505ab1d
      keySet = null
      providers = null
      $assertionsDisabled = true
    cacheList = class java.util.concurrent.ConcurrentHashMap@25a76636
      serialVersionUID = 7249069246763182397
      MAXIMUM_CAPACITY = 1073741824
      DEFAULT_CAPACITY = 16
      MAX_ARRAY_SIZE = 2147483639
      DEFAULT_CONCURRENCY_LEVEL = 16
      LOAD_FACTOR = 0.75
      TREEIFY_THRESHOLD = 8
      UNTREEIFY_THRESHOLD = 6
      MIN_TREEIFY_CAPACITY = 64
      MIN_TRANSFER_STRIDE = 16
      RESIZE_STAMP_BITS = 16
      MAX_RESIZERS = 65535
      RESIZE_STAMP_SHIFT = 16
      MOVED = -1
      TREEBIN = -2
      RESERVED = -3
      HASH_BITS = 2147483647
      NCPU = 8
      serialPersistentFields = class java.io.ObjectStreamField[3]
      table = class java.util.concurrent.ConcurrentHashMap$Node[128]
      nextTable = null
      baseCount = 85
      sizeCtl = 96
      transferIndex = 0
      cellsBusy = 0
      counterCells = null
      keySet = null
      values = null
      entrySet = null
      U = class sun.misc.Unsafe@2eb4c22a
      SIZECTL = 20
      TRANSFERINDEX = 32
      BASECOUNT = 24
      CELLSBUSY = 36
      CELLVALUE = 144
      ABASE = 16
      ASHIFT = 2
      keySet = null
      values = null
    referenceQueue = class java.lang.ref.ReferenceQueue@79658a4d
      NULL = class java.lang.ref.ReferenceQueue$Null@158e60fc
      ENQUEUED = class java.lang.ref.ReferenceQueue$Null@2d491376
      lock = class java.lang.ref.ReferenceQueue$Lock@3b8fa9c1
      head = null
      queueLength = 0
      $assertionsDisabled = true
    parent = null
    locale = class java.util.Locale@187f8a29
      LOCALECACHE = class java.util.Locale$Cache@8575ce
      ENGLISH = class java.util.Locale@18b8275f
      FRENCH = class java.util.Locale@5e3e1da7
      GERMAN = class java.util.Locale@736cf6d0
      ITALIAN = class java.util.Locale@58ecc676
      JAPANESE = class java.util.Locale@13790eb
      KOREAN = class java.util.Locale@2f4a664f
      CHINESE = class java.util.Locale@3b04df00
      SIMPLIFIED_CHINESE = class java.util.Locale@5e57160
      TRADITIONAL_CHINESE = class java.util.Locale@38e809ff
      FRANCE = class java.util.Locale@446c78b3
      GERMANY = class java.util.Locale@598d53e1
      ITALY = class java.util.Locale@77cd47c1
      JAPAN = class java.util.Locale@f921f36
      KOREA = class java.util.Locale@281c4797
      CHINA = class java.util.Locale@5e57160
      PRC = class java.util.Locale@5e57160
      TAIWAN = class java.util.Locale@38e809ff
      UK = class java.util.Locale@1b3d1b2e
      US = class java.util.Locale@6d3b4c7
      CANADA = class java.util.Locale@19a76084
      CANADA_FRENCH = class java.util.Locale@53cdacd8
      ROOT = class java.util.Locale@187f8a29
      PRIVATE_USE_EXTENSION = x
      UNICODE_LOCALE_EXTENSION = u
      serialVersionUID = 9149081749638150636
      DISPLAY_LANGUAGE = 0
      DISPLAY_COUNTRY = 1
      DISPLAY_VARIANT = 2
      DISPLAY_SCRIPT = 3
      baseLocale = class sun.util.locale.BaseLocale@205a39e4
      localeExtensions = null
      hashCodeValue = 0
      defaultLocale = class java.util.Locale@7d4752ad
      defaultDisplayLocale = null
      defaultFormatLocale = class java.util.Locale@6d3b4c7
      languageTag = null
      serialPersistentFields = class java.io.ObjectStreamField[6]
      isoLanguages = null
      isoCountries = null
      $assertionsDisabled = true
    name = "javax.servlet.LocalStrings"
    expired = false
    cacheKey = class java.util.ResourceBundle$CacheKey@1801be40
      name = "javax.servlet.LocalStrings"
      locale = class java.util.Locale@187f8a29
      loaderRef = class java.util.ResourceBundle$LoaderReference@3d589379
      format = "java.properties"
      loadTime = 0
      expirationTime = -2
      cause = null
      hashCodeCache = -1790332744
    keySet = null
    providers = null
    $assertionsDisabled = true
  config = null

